<?xml version="1.0" encoding="utf-8" standalone="no"?>
<mule xmlns="http://www.mulesoft.org/schema/mule/core" 
xmlns:jms="http://www.mulesoft.org/schema/mule/jms"
	xmlns:json="http://www.mulesoft.org/schema/mule/json" 
	xmlns:management="http://www.mulesoft.org/schema/mule/management"
	xmlns:mulexml="http://www.mulesoft.org/schema/mule/xml" 
	xmlns:rest="http://www.mulesoft.org/schema/mule/rest"
	xmlns:scripting="http://www.mulesoft.org/schema/mule/scripting"
	xmlns:spring="http://www.springframework.org/schema/beans" 
	xmlns:xsi="http://www.w3.org/2001/XMLSchema-instance"
	xsi:schemaLocation="
	   http://www.springframework.org/schema/beans    http://www.springframework.org/schema/beans/spring-beans-current.xsd
	   http://www.mulesoft.org/schema/mule/core       http://www.mulesoft.org/schema/mule/core/current/mule.xsd
	   http://www.mulesoft.org/schema/mule/jms        http://www.mulesoft.org/schema/mule/jms/current/mule-jms.xsd
	   http://www.mulesoft.org/schema/mule/management http://www.mulesoft.org/schema/mule/management/current/mule-management.xsd
	   http://www.mulesoft.org/schema/mule/json       http://www.mulesoft.org/schema/mule/json/current/mule-json.xsd
	   http://www.mulesoft.org/schema/mule/scripting  http://www.mulesoft.org/schema/mule/scripting/current/mule-scripting.xsd
	   http://www.mulesoft.org/schema/mule/rest       http://www.mulesoft.org/schema/mule/rest/current/mule-rest.xsd
	   http://www.mulesoft.org/schema/mule/xml        http://www.mulesoft.org/schema/mule/xml/current/mule-xml.xsd  ">

	<spring:beans profile="default">
		<!-- Connectors et al that are specific for different environment specific 
			config-files (local unit-test, integration-test or production environments) -->
		<spring:import resource="classpath:soitoolkit-mule-jms-connector-activemq-external.xml" />
		<spring:import resource="classpath:soitoolkit-mule-ftp-connector-external.xml"/>
	</spring:beans>

	<spring:beans profile="soitoolkit-integrationtests">
		<mule>
			<!-- Allow integration tests to register dynamic listeners by specifying dynamic="true" -->
			<notifications dynamic="true">
				<notification event="ENDPOINT-MESSAGE" />
				<notification event="COMPONENT-MESSAGE" />
			</notifications>
		</mule>
	</spring:beans>

	<spring:beans profile="soitoolkit-teststubs">
		<!-- Load all teststub services -->
		<spring:import resource="classpath:teststub-services/*-teststub-service.xml" />
	</spring:beans>

	<spring:beans>
		<spring:import resource="classpath:soitoolkit-mule-http-connector.xml" />
	</spring:beans>
</mule>