<?xml version="1.0" encoding="utf-8" standalone="no"?>
<mule xmlns="http://www.mulesoft.org/schema/mule/core" xmlns:jms="http://www.mulesoft.org/schema/mule/jms" xmlns:json="http://www.mulesoft.org/schema/mule/json" xmlns:management="http://www.mulesoft.org/schema/mule/management" xmlns:mulexml="http://www.mulesoft.org/schema/mule/xml" xmlns:rest-router="http://www.mulesoft.org/schema/mule/rest-router" xmlns:scripting="http://www.mulesoft.org/schema/mule/scripting" xmlns:spring="http://www.springframework.org/schema/beans" xmlns:xsi="http://www.w3.org/2001/XMLSchema-instance" xsi:schemaLocation="   http://www.springframework.org/schema/beans    http://www.springframework.org/schema/beans/spring-beans-current.xsd   http://www.mulesoft.org/schema/mule/core       http://www.mulesoft.org/schema/mule/core/current/mule.xsd   http://www.mulesoft.org/schema/mule/jms        http://www.mulesoft.org/schema/mule/jms/current/mule-jms.xsd   http://www.mulesoft.org/schema/mule/management http://www.mulesoft.org/schema/mule/management/current/mule-management.xsd   http://www.mulesoft.org/schema/mule/json       http://www.mulesoft.org/schema/mule/json/current/mule-json.xsd   http://www.mulesoft.org/schema/mule/scripting  http://www.mulesoft.org/schema/mule/scripting/current/mule-scripting.xsd   http://www.mulesoft.org/schema/mule/rest-router       http://www.mulesoft.org/schema/mule/rest-router/current/mule-rest-router.xsd   http://www.mulesoft.org/schema/mule/xml        http://www.mulesoft.org/schema/mule/xml/current/mule-xml.xsd  ">

</mule>
