<?xml version="1.0" encoding="UTF-8" standalone="no"?>
<mule xmlns="http://www.mulesoft.org/schema/mule/core" xmlns:spring="http://www.springframework.org/schema/beans" xmlns:xsi="http://www.w3.org/2001/XMLSchema-instance" xsi:schemaLocation="   http://www.springframework.org/schema/beans http://www.springframework.org/schema/beans/spring-beans-3.0.xsd   http://www.mulesoft.org/schema/mule/core    http://www.mulesoft.org/schema/mule/core/current/mule.xsd  ">

    <custom-transformer name="objToStr" class="org.soitoolkit.commons.mule.core.ObjectToStringTransformer"/>

</mule>
