<?xml version="1.0" encoding="UTF-8" standalone="no"?>
<mule xmlns="http://www.mulesoft.org/schema/mule/core" xmlns:spring="http://www.springframework.org/schema/beans" xmlns:xsi="http://www.w3.org/2001/XMLSchema-instance" xsi:schemaLocation="   http://www.springframework.org/schema/beans http://www.springframework.org/schema/beans/spring-beans-3.1.xsd   http://www.mulesoft.org/schema/mule/core    http://www.mulesoft.org/schema/mule/core/current/mule.xsd  ">

    <spring:beans>
        <!-- Connectors et al that are specific for different environment specific config-files (local unit-test, integration-test or production environments) -->

        <!-- TODO: Add import of environment specific configuration files here as required -->
        
        <!-- Import the JMS-provider used in production here, embedded JMS providers used for integration tests are loaded by the *IntegratIonTest.java classes directly -->  
        <spring:import resource="classpath:soitoolkit-mule-jms-connector-activemq-external.xml"/>

        <!-- Import the JDBC datasource used in production here, embedded JDBC datasources used for integration tests are loaded by the *IntegratIonTest.java classes directly -->  
        <spring:import resource="classpath:soitoolkit-mule-jdbc-datasource.xml"/>


        <!-- Import the SFTP-connector used in production here, embedded SFTP-connector used for integration tests are loaded by the *IntegratIonTest.java classes directly -->
        <spring:import resource="classpath:soitoolkit-mule-sftp-connector-external.xml"/>

        <spring:import resource="classpath:soitoolkit-mule-jms-xa-connector-activemq-external.xml"/>
  </spring:beans>

</mule>
