<?xml version="1.0" encoding="UTF-8" ?>
<testsuite failures="1" time="287.026" errors="0" skipped="0" tests="1" name="org.soitoolkit.tools.generator.RequestResponseServiceGeneratorTest">
  <properties>
    <property name="java.runtime.name" value="Java(TM) SE Runtime Environment"/>
    <property name="sun.boot.library.path" value="/System/Library/Java/JavaVirtualMachines/1.6.0.jdk/Contents/Libraries"/>
    <property name="java.vm.version" value="19.1-b02-334"/>
    <property name="awt.nativeDoubleBuffering" value="true"/>
    <property name="gopherProxySet" value="false"/>
    <property name="mrj.build" value="10M3326"/>
    <property name="java.vm.vendor" value="Apple Inc."/>
    <property name="java.vendor.url" value="http://www.apple.com/"/>
    <property name="path.separator" value=":"/>
    <property name="java.vm.name" value="Java HotSpot(TM) 64-Bit Server VM"/>
    <property name="file.encoding.pkg" value="sun.io"/>
    <property name="user.country" value="SE"/>
    <property name="sun.java.launcher" value="SUN_STANDARD"/>
    <property name="sun.os.patch.level" value="unknown"/>
    <property name="java.vm.specification.name" value="Java Virtual Machine Specification"/>
    <property name="user.dir" value="/Users/magnuslarsson/Documents/projects/soi-toolkit/svn/trunk/tools/soitoolkit-generator/soitoolkit-generator"/>
    <property name="java.runtime.version" value="1.6.0_24-b07-334-10M3326"/>
    <property name="java.awt.graphicsenv" value="apple.awt.CGraphicsEnvironment"/>
    <property name="basedir" value="/Users/magnuslarsson/Documents/projects/soi-toolkit/svn/trunk/tools/soitoolkit-generator/soitoolkit-generator"/>
    <property name="java.endorsed.dirs" value="/System/Library/Java/JavaVirtualMachines/1.6.0.jdk/Contents/Home/lib/endorsed"/>
    <property name="os.arch" value="x86_64"/>
    <property name="surefire.real.class.path" value="/var/folders/Vc/VcARgQLKFW0UOiq2x1qxQU+++TI/-Tmp-/surefirebooter2261718811950299674.jar"/>
    <property name="java.io.tmpdir" value="/var/folders/Vc/VcARgQLKFW0UOiq2x1qxQU+++TI/-Tmp-/"/>
    <property name="line.separator" value="
"/>
    <property name="java.vm.specification.vendor" value="Sun Microsystems Inc."/>
    <property name="os.name" value="Mac OS X"/>
    <property name="sun.jnu.encoding" value="MacRoman"/>
    <property name="java.library.path" value=".:/Library/Java/Extensions:/System/Library/Java/Extensions:/usr/lib/java"/>
    <property name="surefire.test.class.path" value="/Users/magnuslarsson/Documents/projects/soi-toolkit/svn/trunk/tools/soitoolkit-generator/soitoolkit-generator/target/test-classes:/Users/magnuslarsson/Documents/projects/soi-toolkit/svn/trunk/tools/soitoolkit-generator/soitoolkit-generator/target/classes:/Users/magnuslarsson/.m2/repository/org/codehaus/groovy/groovy-all/1.7.2/groovy-all-1.7.2.jar:/Users/magnuslarsson/.m2/repository/junit/junit/4.8.1/junit-4.8.1.jar:"/>
    <property name="java.specification.name" value="Java Platform API Specification"/>
    <property name="java.class.version" value="50.0"/>
    <property name="sun.management.compiler" value="HotSpot 64-Bit Server Compiler"/>
    <property name="os.version" value="10.6.7"/>
    <property name="http.nonProxyHosts" value="local|*.local|169.254/16|*.169.254/16"/>
    <property name="user.home" value="/Users/magnuslarsson"/>
    <property name="user.timezone" value="Europe/Stockholm"/>
    <property name="java.awt.printerjob" value="apple.awt.CPrinterJob"/>
    <property name="java.specification.version" value="1.6"/>
    <property name="file.encoding" value="MacRoman"/>
    <property name="user.name" value="magnuslarsson"/>
    <property name="java.class.path" value="/Users/magnuslarsson/Documents/projects/soi-toolkit/svn/trunk/tools/soitoolkit-generator/soitoolkit-generator/target/test-classes:/Users/magnuslarsson/Documents/projects/soi-toolkit/svn/trunk/tools/soitoolkit-generator/soitoolkit-generator/target/classes:/Users/magnuslarsson/.m2/repository/org/codehaus/groovy/groovy-all/1.7.2/groovy-all-1.7.2.jar:/Users/magnuslarsson/.m2/repository/junit/junit/4.8.1/junit-4.8.1.jar:"/>
    <property name="java.vm.specification.version" value="1.0"/>
    <property name="sun.arch.data.model" value="64"/>
    <property name="java.home" value="/System/Library/Java/JavaVirtualMachines/1.6.0.jdk/Contents/Home"/>
    <property name="java.specification.vendor" value="Sun Microsystems Inc."/>
    <property name="user.language" value="sv"/>
    <property name="awt.toolkit" value="apple.awt.CToolkit"/>
    <property name="java.vm.info" value="mixed mode"/>
    <property name="java.version" value="1.6.0_24"/>
    <property name="java.ext.dirs" value="/Library/Java/Extensions:/System/Library/Java/Extensions:/System/Library/Java/JavaVirtualMachines/1.6.0.jdk/Contents/Home/lib/ext"/>
    <property name="sun.boot.class.path" value="/System/Library/Java/JavaVirtualMachines/1.6.0.jdk/Contents/Classes/jsfd.jar:/System/Library/Java/JavaVirtualMachines/1.6.0.jdk/Contents/Classes/classes.jar:/System/Library/Frameworks/JavaVM.framework/Frameworks/JavaRuntimeSupport.framework/Resources/Java/JavaRuntimeSupport.jar:/System/Library/Java/JavaVirtualMachines/1.6.0.jdk/Contents/Classes/ui.jar:/System/Library/Java/JavaVirtualMachines/1.6.0.jdk/Contents/Classes/laf.jar:/System/Library/Java/JavaVirtualMachines/1.6.0.jdk/Contents/Classes/sunrsasign.jar:/System/Library/Java/JavaVirtualMachines/1.6.0.jdk/Contents/Classes/jsse.jar:/System/Library/Java/JavaVirtualMachines/1.6.0.jdk/Contents/Classes/jce.jar:/System/Library/Java/JavaVirtualMachines/1.6.0.jdk/Contents/Classes/charsets.jar"/>
    <property name="java.vendor" value="Apple Inc."/>
    <property name="localRepository" value="/Users/magnuslarsson/.m2/repository"/>
    <property name="file.separator" value="/"/>
    <property name="java.vendor.url.bug" value="http://bugreport.apple.com/"/>
    <property name="sun.cpu.endian" value="little"/>
    <property name="sun.io.unicode.encoding" value="UnicodeLittle"/>
    <property name="mrj.version" value="1060.1.6.0_24-334"/>
    <property name="socksNonProxyHosts" value="local|*.local|169.254/16|*.169.254/16"/>
    <property name="ftp.nonProxyHosts" value="local|*.local|169.254/16|*.169.254/16"/>
    <property name="sun.cpu.isalist" value=""/>
  </properties>
  <testcase time="287.022" classname="org.soitoolkit.tools.generator.RequestResponseServiceGeneratorTest" name="testRequestResponseServices310">
    <failure message="Missmatch in expected number of created files and folders expected:&lt;61&gt; but was:&lt;33&gt;" type="java.lang.AssertionError">java.lang.AssertionError: Missmatch in expected number of created files and folders expected:&lt;61&gt; but was:&lt;33&gt;
	at org.junit.Assert.fail(Assert.java:91)
	at org.junit.Assert.failNotEquals(Assert.java:645)
	at org.junit.Assert.assertEquals(Assert.java:126)
	at org.junit.Assert.assertEquals(Assert.java:470)
	at org.soitoolkit.tools.generator.RequestResponseServiceGeneratorTest.createEmptyIntegrationComponent(RequestResponseServiceGeneratorTest.java:119)
	at org.soitoolkit.tools.generator.RequestResponseServiceGeneratorTest.doTestRequestResponseServices(RequestResponseServiceGeneratorTest.java:92)
	at org.soitoolkit.tools.generator.RequestResponseServiceGeneratorTest.testRequestResponseServices310(RequestResponseServiceGeneratorTest.java:80)
	at sun.reflect.NativeMethodAccessorImpl.invoke0(Native Method)
	at sun.reflect.NativeMethodAccessorImpl.invoke(NativeMethodAccessorImpl.java:39)
	at sun.reflect.DelegatingMethodAccessorImpl.invoke(DelegatingMethodAccessorImpl.java:25)
	at java.lang.reflect.Method.invoke(Method.java:597)
	at org.junit.runners.model.FrameworkMethod$1.runReflectiveCall(FrameworkMethod.java:44)
	at org.junit.internal.runners.model.ReflectiveCallable.run(ReflectiveCallable.java:15)
	at org.junit.runners.model.FrameworkMethod.invokeExplosively(FrameworkMethod.java:41)
	at org.junit.internal.runners.statements.InvokeMethod.evaluate(InvokeMethod.java:20)
	at org.junit.internal.runners.statements.RunBefores.evaluate(RunBefores.java:28)
	at org.junit.internal.runners.statements.RunAfters.evaluate(RunAfters.java:31)
	at org.junit.runners.BlockJUnit4ClassRunner.runChild(BlockJUnit4ClassRunner.java:76)
	at org.junit.runners.BlockJUnit4ClassRunner.runChild(BlockJUnit4ClassRunner.java:50)
	at org.junit.runners.ParentRunner$3.run(ParentRunner.java:193)
	at org.junit.runners.ParentRunner$1.schedule(ParentRunner.java:52)
	at org.junit.runners.ParentRunner.runChildren(ParentRunner.java:191)
	at org.junit.runners.ParentRunner.access$000(ParentRunner.java:42)
	at org.junit.runners.ParentRunner$2.evaluate(ParentRunner.java:184)
	at org.junit.internal.runners.statements.RunBefores.evaluate(RunBefores.java:28)
	at org.junit.internal.runners.statements.RunAfters.evaluate(RunAfters.java:31)
	at org.junit.runners.ParentRunner.run(ParentRunner.java:236)
	at org.apache.maven.surefire.junit4.JUnit4TestSet.execute(JUnit4TestSet.java:59)
	at org.apache.maven.surefire.suite.AbstractDirectoryTestSuite.executeTestSet(AbstractDirectoryTestSuite.java:120)
	at org.apache.maven.surefire.suite.AbstractDirectoryTestSuite.execute(AbstractDirectoryTestSuite.java:103)
	at org.apache.maven.surefire.Surefire.run(Surefire.java:169)
	at sun.reflect.NativeMethodAccessorImpl.invoke0(Native Method)
	at sun.reflect.NativeMethodAccessorImpl.invoke(NativeMethodAccessorImpl.java:39)
	at sun.reflect.DelegatingMethodAccessorImpl.invoke(DelegatingMethodAccessorImpl.java:25)
	at java.lang.reflect.Method.invoke(Method.java:597)
	at org.apache.maven.surefire.booter.SurefireBooter.runSuitesInProcess(SurefireBooter.java:350)
	at org.apache.maven.surefire.booter.SurefireBooter.main(SurefireBooter.java:1021)
</failure>
    <system-out>INFO: Generate files from templateFolder: /templates/integrationComponent/newProject
INFO: Created directory: /Users/magnuslarsson/Documents/temp/_plugintests/jUnitTests/requestResponseSA310/branches
INFO: Created directory: /Users/magnuslarsson/Documents/temp/_plugintests/jUnitTests/requestResponseSA310/tags
INFO: Created directory: /Users/magnuslarsson/Documents/temp/_plugintests/jUnitTests/requestResponseSA310/trunk
INFO: Created file: /Users/magnuslarsson/Documents/temp/_plugintests/jUnitTests/requestResponseSA310/trunk/pom.xml, size: 1881
INFO: Created directory: /Users/magnuslarsson/Documents/temp/_plugintests/jUnitTests/requestResponseSA310/trunk/requestResponseSA310-services
INFO: Created file: /Users/magnuslarsson/Documents/temp/_plugintests/jUnitTests/requestResponseSA310/trunk/requestResponseSA310-services/pom.xml, size: 1802
INFO: Created directory: /Users/magnuslarsson/Documents/temp/_plugintests/jUnitTests/requestResponseSA310/trunk/requestResponseSA310-services/src/main/java/org/soitoolkit/tool/generator/requestresponsesa310
INFO: Created directory: /Users/magnuslarsson/Documents/temp/_plugintests/jUnitTests/requestResponseSA310/trunk/requestResponseSA310-services/src/main/resources
INFO: Created file: /Users/magnuslarsson/Documents/temp/_plugintests/jUnitTests/requestResponseSA310/trunk/requestResponseSA310-services/src/main/resources/requestResponseSA310-common.xml, size: 5106
INFO: Created file: /Users/magnuslarsson/Documents/temp/_plugintests/jUnitTests/requestResponseSA310/trunk/requestResponseSA310-services/src/main/resources/requestResponseSA310-config.xml, size: 986
INFO: Created directory: /Users/magnuslarsson/Documents/temp/_plugintests/jUnitTests/requestResponseSA310/trunk/requestResponseSA310-services/src/main/resources/services
INFO: Created directory: /Users/magnuslarsson/Documents/temp/_plugintests/jUnitTests/requestResponseSA310/trunk/requestResponseSA310-services/src/test/java/org/soitoolkit/tool/generator/requestresponsesa310
INFO: Created file: /Users/magnuslarsson/Documents/temp/_plugintests/jUnitTests/requestResponseSA310/trunk/requestResponseSA310-services/src/test/java/org/soitoolkit/tool/generator/requestresponsesa310/RequestResponseSA310MuleServer.java, size: 1443
INFO: Created directory: /Users/magnuslarsson/Documents/temp/_plugintests/jUnitTests/requestResponseSA310/trunk/requestResponseSA310-services/src/test/resources
INFO: Created file: /Users/magnuslarsson/Documents/temp/_plugintests/jUnitTests/requestResponseSA310/trunk/requestResponseSA310-services/src/test/resources/requestResponseSA310-teststubs-and-services-config.xml, size: 921
INFO: Created file: /Users/magnuslarsson/Documents/temp/_plugintests/jUnitTests/requestResponseSA310/trunk/requestResponseSA310-services/src/test/resources/requestResponseSA310-teststubs-only-config.xml, size: 853
INFO: Created directory: /Users/magnuslarsson/Documents/temp/_plugintests/jUnitTests/requestResponseSA310/trunk/requestResponseSA310-services/src/test/resources/testfiles
INFO: Created directory: /Users/magnuslarsson/Documents/temp/_plugintests/jUnitTests/requestResponseSA310/trunk/requestResponseSA310-services/src/test/resources/teststub-services
INFO: Created directory: /Users/magnuslarsson/Documents/temp/_plugintests/jUnitTests/requestResponseSA310/trunk/requestResponseSA310-services/src/environment
INFO: Created file: /Users/magnuslarsson/Documents/temp/_plugintests/jUnitTests/requestResponseSA310/trunk/requestResponseSA310-services/src/environment/log4j.dtd, size: 6718
INFO: Created file: /Users/magnuslarsson/Documents/temp/_plugintests/jUnitTests/requestResponseSA310/trunk/requestResponseSA310-services/src/environment/log4j.xml, size: 2120
INFO: Created file: /Users/magnuslarsson/Documents/temp/_plugintests/jUnitTests/requestResponseSA310/trunk/requestResponseSA310-services/src/environment/requestResponseSA310-security.properties, size: 58
INFO: Created file: /Users/magnuslarsson/Documents/temp/_plugintests/jUnitTests/requestResponseSA310/trunk/requestResponseSA310-services/src/environment/requestResponseSA310-config.properties, size: 577
INFO: Created directory: /Users/magnuslarsson/Documents/temp/_plugintests/jUnitTests/requestResponseSA310/trunk/requestResponseSA310-standalone
INFO: Created file: /Users/magnuslarsson/Documents/temp/_plugintests/jUnitTests/requestResponseSA310/trunk/requestResponseSA310-standalone/pom.xml, size: 1794
INFO: Created directory: /Users/magnuslarsson/Documents/temp/_plugintests/jUnitTests/requestResponseSA310/trunk/requestResponseSA310-standalone/src/main/app
INFO: Created file: /Users/magnuslarsson/Documents/temp/_plugintests/jUnitTests/requestResponseSA310/trunk/requestResponseSA310-standalone/src/main/app/mule-config.xml, size: 575
INFO: Created directory: /Users/magnuslarsson/Documents/temp/_plugintests/jUnitTests/requestResponseSA310/trunk/requestResponseSA310-teststub-standalone
INFO: Created file: /Users/magnuslarsson/Documents/temp/_plugintests/jUnitTests/requestResponseSA310/trunk/requestResponseSA310-teststub-standalone/pom.xml, size: 2063
INFO: Created directory: /Users/magnuslarsson/Documents/temp/_plugintests/jUnitTests/requestResponseSA310/trunk/requestResponseSA310-teststub-standalone/src/main/app
INFO: Created file: /Users/magnuslarsson/Documents/temp/_plugintests/jUnitTests/requestResponseSA310/trunk/requestResponseSA310-teststub-standalone/src/main/app/mule-config.xml, size: 591
INFO: Generate files from templateFolder: /requestResponseService
INFO: Created file: /Users/magnuslarsson/Documents/temp/_plugintests/jUnitTests/requestResponseSA310/trunk/requestResponseSA310-services/src/main/resources/services/soaphttpToSoaphttpUsingJava-service.xml, size: 3335
INFO: Created directory: /Users/magnuslarsson/Documents/temp/_plugintests/jUnitTests/requestResponseSA310/trunk/requestResponseSA310-services/src/main/java/org/soitoolkit/tool/generator/requestresponsesa310/soaphttptosoaphttpusingjava
INFO: Created file: /Users/magnuslarsson/Documents/temp/_plugintests/jUnitTests/requestResponseSA310/trunk/requestResponseSA310-services/src/main/java/org/soitoolkit/tool/generator/requestresponsesa310/soaphttptosoaphttpusingjava/SoaphttpToSoaphttpUsingJavaRequestTransformer.java, size: 856
INFO: Created file: /Users/magnuslarsson/Documents/temp/_plugintests/jUnitTests/requestResponseSA310/trunk/requestResponseSA310-services/src/main/java/org/soitoolkit/tool/generator/requestresponsesa310/soaphttptosoaphttpusingjava/SoaphttpToSoaphttpUsingJavaResponseTransformer.java, size: 1044
INFO: Created file: /Users/magnuslarsson/Documents/temp/_plugintests/jUnitTests/requestResponseSA310/trunk/requestResponseSA310-services/src/test/resources/testfiles/soaphttpToSoaphttpUsingJava-request-input.xml, size: 133
INFO: Created file: /Users/magnuslarsson/Documents/temp/_plugintests/jUnitTests/requestResponseSA310/trunk/requestResponseSA310-services/src/test/resources/testfiles/soaphttpToSoaphttpUsingJava-request-expected-result.csv, size: 23
INFO: Created file: /Users/magnuslarsson/Documents/temp/_plugintests/jUnitTests/requestResponseSA310/trunk/requestResponseSA310-services/src/test/resources/testfiles/soaphttpToSoaphttpUsingJava-response-input.csv, size: 29
INFO: Created file: /Users/magnuslarsson/Documents/temp/_plugintests/jUnitTests/requestResponseSA310/trunk/requestResponseSA310-services/src/test/resources/testfiles/soaphttpToSoaphttpUsingJava-response-expected-result.xml, size: 174
INFO: Created file: /Users/magnuslarsson/Documents/temp/_plugintests/jUnitTests/requestResponseSA310/trunk/requestResponseSA310-services/src/test/resources/teststub-services/soaphttpToSoaphttpUsingJava-teststub-service.xml, size: 1157
INFO: Created directory: /Users/magnuslarsson/Documents/temp/_plugintests/jUnitTests/requestResponseSA310/trunk/requestResponseSA310-services/src/test/java/org/soitoolkit/tool/generator/requestresponsesa310/soaphttptosoaphttpusingjava
INFO: Created file: /Users/magnuslarsson/Documents/temp/_plugintests/jUnitTests/requestResponseSA310/trunk/requestResponseSA310-services/src/test/java/org/soitoolkit/tool/generator/requestresponsesa310/soaphttptosoaphttpusingjava/SoaphttpToSoaphttpUsingJavaIntegrationTest.java, size: 5045
INFO: Created file: /Users/magnuslarsson/Documents/temp/_plugintests/jUnitTests/requestResponseSA310/trunk/requestResponseSA310-services/src/test/java/org/soitoolkit/tool/generator/requestresponsesa310/soaphttptosoaphttpusingjava/SoaphttpToSoaphttpUsingJavaRequestTransformerTest.java, size: 1067
INFO: Created file: /Users/magnuslarsson/Documents/temp/_plugintests/jUnitTests/requestResponseSA310/trunk/requestResponseSA310-services/src/test/java/org/soitoolkit/tool/generator/requestresponsesa310/soaphttptosoaphttpusingjava/SoaphttpToSoaphttpUsingJavaResponseTransformerTest.java, size: 1260
INFO: Created file: /Users/magnuslarsson/Documents/temp/_plugintests/jUnitTests/requestResponseSA310/trunk/requestResponseSA310-services/src/test/java/org/soitoolkit/tool/generator/requestresponsesa310/soaphttptosoaphttpusingjava/SoaphttpToSoaphttpUsingJavaTestConsumer.java, size: 1812
INFO: Created file: /Users/magnuslarsson/Documents/temp/_plugintests/jUnitTests/requestResponseSA310/trunk/requestResponseSA310-services/src/test/java/org/soitoolkit/tool/generator/requestresponsesa310/soaphttptosoaphttpusingjava/SoaphttpToSoaphttpUsingJavaTestProducer.java, size: 1732
INFO: Generate files from templateFolder: /requestResponseService
INFO: Created file: /Users/magnuslarsson/Documents/temp/_plugintests/jUnitTests/requestResponseSA310/trunk/requestResponseSA310-services/src/main/resources/services/soaphttpToResthttpUsingJava-service.xml, size: 3515
INFO: Created directory: /Users/magnuslarsson/Documents/temp/_plugintests/jUnitTests/requestResponseSA310/trunk/requestResponseSA310-services/src/main/java/org/soitoolkit/tool/generator/requestresponsesa310/soaphttptoresthttpusingjava
INFO: Created file: /Users/magnuslarsson/Documents/temp/_plugintests/jUnitTests/requestResponseSA310/trunk/requestResponseSA310-services/src/main/java/org/soitoolkit/tool/generator/requestresponsesa310/soaphttptoresthttpusingjava/SoaphttpToResthttpUsingJavaRequestTransformer.java, size: 856
INFO: Created file: /Users/magnuslarsson/Documents/temp/_plugintests/jUnitTests/requestResponseSA310/trunk/requestResponseSA310-services/src/main/java/org/soitoolkit/tool/generator/requestresponsesa310/soaphttptoresthttpusingjava/SoaphttpToResthttpUsingJavaResponseTransformer.java, size: 1368
INFO: Created file: /Users/magnuslarsson/Documents/temp/_plugintests/jUnitTests/requestResponseSA310/trunk/requestResponseSA310-services/src/test/resources/testfiles/soaphttpToResthttpUsingJava-request-input.xml, size: 133
INFO: Created file: /Users/magnuslarsson/Documents/temp/_plugintests/jUnitTests/requestResponseSA310/trunk/requestResponseSA310-services/src/test/resources/testfiles/soaphttpToResthttpUsingJava-request-expected-result.csv, size: 23
INFO: Created file: /Users/magnuslarsson/Documents/temp/_plugintests/jUnitTests/requestResponseSA310/trunk/requestResponseSA310-services/src/test/resources/testfiles/soaphttpToResthttpUsingJava-response-input.rest, size: 15
INFO: Created file: /Users/magnuslarsson/Documents/temp/_plugintests/jUnitTests/requestResponseSA310/trunk/requestResponseSA310-services/src/test/resources/testfiles/soaphttpToResthttpUsingJava-response-expected-result.xml, size: 174
INFO: Created file: /Users/magnuslarsson/Documents/temp/_plugintests/jUnitTests/requestResponseSA310/trunk/requestResponseSA310-services/src/test/resources/teststub-services/soaphttpToResthttpUsingJava-teststub-service.xml, size: 1147
INFO: Created directory: /Users/magnuslarsson/Documents/temp/_plugintests/jUnitTests/requestResponseSA310/trunk/requestResponseSA310-services/src/test/java/org/soitoolkit/tool/generator/requestresponsesa310/soaphttptoresthttpusingjava
INFO: Created file: /Users/magnuslarsson/Documents/temp/_plugintests/jUnitTests/requestResponseSA310/trunk/requestResponseSA310-services/src/test/java/org/soitoolkit/tool/generator/requestresponsesa310/soaphttptoresthttpusingjava/SoaphttpToResthttpUsingJavaIntegrationTest.java, size: 5053
INFO: Created file: /Users/magnuslarsson/Documents/temp/_plugintests/jUnitTests/requestResponseSA310/trunk/requestResponseSA310-services/src/test/java/org/soitoolkit/tool/generator/requestresponsesa310/soaphttptoresthttpusingjava/SoaphttpToResthttpUsingJavaRequestTransformerTest.java, size: 1067
INFO: Created file: /Users/magnuslarsson/Documents/temp/_plugintests/jUnitTests/requestResponseSA310/trunk/requestResponseSA310-services/src/test/java/org/soitoolkit/tool/generator/requestresponsesa310/soaphttptoresthttpusingjava/SoaphttpToResthttpUsingJavaResponseTransformerTest.java, size: 1178
INFO: Created file: /Users/magnuslarsson/Documents/temp/_plugintests/jUnitTests/requestResponseSA310/trunk/requestResponseSA310-services/src/test/java/org/soitoolkit/tool/generator/requestresponsesa310/soaphttptoresthttpusingjava/SoaphttpToResthttpUsingJavaTestConsumer.java, size: 1812
INFO: Created file: /Users/magnuslarsson/Documents/temp/_plugintests/jUnitTests/requestResponseSA310/trunk/requestResponseSA310-services/src/test/java/org/soitoolkit/tool/generator/requestresponsesa310/soaphttptoresthttpusingjava/SoaphttpToResthttpUsingJavaTestProducer.java, size: 1488
INFO: Generate files from templateFolder: /requestResponseService
INFO: Created file: /Users/magnuslarsson/Documents/temp/_plugintests/jUnitTests/requestResponseSA310/trunk/requestResponseSA310-services/src/main/resources/services/soaphttpToJmsUsingJava-service.xml, size: 3441
INFO: Created directory: /Users/magnuslarsson/Documents/temp/_plugintests/jUnitTests/requestResponseSA310/trunk/requestResponseSA310-services/src/main/java/org/soitoolkit/tool/generator/requestresponsesa310/soaphttptojmsusingjava
INFO: Created file: /Users/magnuslarsson/Documents/temp/_plugintests/jUnitTests/requestResponseSA310/trunk/requestResponseSA310-services/src/main/java/org/soitoolkit/tool/generator/requestresponsesa310/soaphttptojmsusingjava/SoaphttpToJmsUsingJavaRequestTransformer.java, size: 937
INFO: Created file: /Users/magnuslarsson/Documents/temp/_plugintests/jUnitTests/requestResponseSA310/trunk/requestResponseSA310-services/src/main/java/org/soitoolkit/tool/generator/requestresponsesa310/soaphttptojmsusingjava/SoaphttpToJmsUsingJavaResponseTransformer.java, size: 1654
INFO: Created file: /Users/magnuslarsson/Documents/temp/_plugintests/jUnitTests/requestResponseSA310/trunk/requestResponseSA310-services/src/test/resources/testfiles/soaphttpToJmsUsingJava-request-input.xml, size: 133
INFO: Created file: /Users/magnuslarsson/Documents/temp/_plugintests/jUnitTests/requestResponseSA310/trunk/requestResponseSA310-services/src/test/resources/testfiles/soaphttpToJmsUsingJava-request-expected-result.csv, size: 23
INFO: Created file: /Users/magnuslarsson/Documents/temp/_plugintests/jUnitTests/requestResponseSA310/trunk/requestResponseSA310-services/src/test/resources/testfiles/soaphttpToJmsUsingJava-response-input.csv, size: 29
INFO: Created file: /Users/magnuslarsson/Documents/temp/_plugintests/jUnitTests/requestResponseSA310/trunk/requestResponseSA310-services/src/test/resources/testfiles/soaphttpToJmsUsingJava-response-expected-result.xml, size: 174
INFO: Created file: /Users/magnuslarsson/Documents/temp/_plugintests/jUnitTests/requestResponseSA310/trunk/requestResponseSA310-services/src/test/resources/testfiles/soaphttpToJmsUsingJava-fault-response-input.csv, size: 28
INFO: Created file: /Users/magnuslarsson/Documents/temp/_plugintests/jUnitTests/requestResponseSA310/trunk/requestResponseSA310-services/src/test/resources/testfiles/soaphttpToJmsUsingJava-fault-response-expected-result.xml, size: 215
INFO: Created file: /Users/magnuslarsson/Documents/temp/_plugintests/jUnitTests/requestResponseSA310/trunk/requestResponseSA310-services/src/test/resources/teststub-services/soaphttpToJmsUsingJava-teststub-service.xml, size: 1461
INFO: Created directory: /Users/magnuslarsson/Documents/temp/_plugintests/jUnitTests/requestResponseSA310/trunk/requestResponseSA310-services/src/test/java/org/soitoolkit/tool/generator/requestresponsesa310/soaphttptojmsusingjava
INFO: Created file: /Users/magnuslarsson/Documents/temp/_plugintests/jUnitTests/requestResponseSA310/trunk/requestResponseSA310-services/src/test/java/org/soitoolkit/tool/generator/requestresponsesa310/soaphttptojmsusingjava/SoaphttpToJmsUsingJavaIntegrationTest.java, size: 5296
INFO: Created file: /Users/magnuslarsson/Documents/temp/_plugintests/jUnitTests/requestResponseSA310/trunk/requestResponseSA310-services/src/test/java/org/soitoolkit/tool/generator/requestresponsesa310/soaphttptojmsusingjava/SoaphttpToJmsUsingJavaRequestTransformerTest.java, size: 974
INFO: Created file: /Users/magnuslarsson/Documents/temp/_plugintests/jUnitTests/requestResponseSA310/trunk/requestResponseSA310-services/src/test/java/org/soitoolkit/tool/generator/requestresponsesa310/soaphttptojmsusingjava/SoaphttpToJmsUsingJavaResponseTransformerTest.java, size: 1874
INFO: Created file: /Users/magnuslarsson/Documents/temp/_plugintests/jUnitTests/requestResponseSA310/trunk/requestResponseSA310-services/src/test/java/org/soitoolkit/tool/generator/requestresponsesa310/soaphttptojmsusingjava/SoaphttpToJmsUsingJavaTestConsumer.java, size: 1777
INFO: Created file: /Users/magnuslarsson/Documents/temp/_plugintests/jUnitTests/requestResponseSA310/trunk/requestResponseSA310-services/src/test/java/org/soitoolkit/tool/generator/requestresponsesa310/soaphttptojmsusingjava/SoaphttpToJmsUsingJavaTestProducer.java, size: 1878
[INFO] Scanning for projects...
[INFO] Reactor build order: 
[INFO]   requestResponseSA310
[INFO]   requestResponseSA310-services
[INFO]   requestResponseSA310-standalone
[INFO]   requestResponseSA310-teststub-standalone
[INFO] ------------------------------------------------------------------------
[INFO] Building requestResponseSA310
[INFO]    task-segment: [install]
[INFO] ------------------------------------------------------------------------
[INFO] [enforcer:enforce {execution: enforce-maven}]
[INFO] [properties:write-project-properties {execution: default}]
[INFO] [site:attach-descriptor {execution: default-attach-descriptor}]
[INFO] [jar:test-jar {execution: default}]
[WARNING] JAR will be empty - no content was marked for inclusion!
[INFO] Building jar: /Users/magnuslarsson/Documents/temp/_plugintests/jUnitTests/requestResponseSA310/trunk/target/requestResponseSA310-1.0-SNAPSHOT-tests.jar
[INFO] [source:jar-no-fork {execution: attach-sources}]
[INFO] [install:install {execution: default-install}]
[INFO] Installing /Users/magnuslarsson/Documents/temp/_plugintests/jUnitTests/requestResponseSA310/trunk/pom.xml to /Users/magnuslarsson/.m2/repository/org/soitoolkit/tool/generator/requestResponseSA310/1.0-SNAPSHOT/requestResponseSA310-1.0-SNAPSHOT.pom
[INFO] Installing /Users/magnuslarsson/Documents/temp/_plugintests/jUnitTests/requestResponseSA310/trunk/target/requestResponseSA310-1.0-SNAPSHOT-tests.jar to /Users/magnuslarsson/.m2/repository/org/soitoolkit/tool/generator/requestResponseSA310/1.0-SNAPSHOT/requestResponseSA310-1.0-SNAPSHOT-tests.jar
[INFO] ------------------------------------------------------------------------
[INFO] Building requestResponseSA310-services
[INFO]    task-segment: [install]
[INFO] ------------------------------------------------------------------------
[INFO] [enforcer:enforce {execution: enforce-maven}]
[INFO] [properties:write-project-properties {execution: default}]
[INFO] [resources:resources {execution: default-resources}]
[INFO] Using &apos;UTF-8&apos; encoding to copy filtered resources.
[INFO] Copying 5 resources
[INFO] [compiler:compile {execution: default-compile}]
[INFO] Compiling 6 source files to /Users/magnuslarsson/Documents/temp/_plugintests/jUnitTests/requestResponseSA310/trunk/requestResponseSA310-services/target/classes
[INFO] [resources:testResources {execution: default-testResources}]
[INFO] Using &apos;UTF-8&apos; encoding to copy filtered resources.
[INFO] Copying 19 resources
[INFO] Copying 4 resources
[INFO] [compiler:testCompile {execution: default-testCompile}]
[INFO] Compiling 16 source files to /Users/magnuslarsson/Documents/temp/_plugintests/jUnitTests/requestResponseSA310/trunk/requestResponseSA310-services/target/test-classes
[INFO] [surefire:test {execution: default-test}]
[INFO] Surefire report directory: /Users/magnuslarsson/Documents/temp/_plugintests/jUnitTests/requestResponseSA310/trunk/requestResponseSA310-services/target/surefire-reports

-------------------------------------------------------
 T E S T S
-------------------------------------------------------
Running org.soitoolkit.tool.generator.requestresponsesa310.soaphttptojmsusingjava.SoaphttpToJmsUsingJavaResponseTransformerTest
Tests run: 2, Failures: 0, Errors: 0, Skipped: 0, Time elapsed: 0.315 sec
Running org.soitoolkit.tool.generator.requestresponsesa310.soaphttptosoaphttpusingjava.SoaphttpToSoaphttpUsingJavaRequestTransformerTest
Tests run: 1, Failures: 0, Errors: 0, Skipped: 0, Time elapsed: 0.229 sec
Running org.soitoolkit.tool.generator.requestresponsesa310.soaphttptosoaphttpusingjava.SoaphttpToSoaphttpUsingJavaResponseTransformerTest
Tests run: 1, Failures: 0, Errors: 0, Skipped: 0, Time elapsed: 0.007 sec
Running org.soitoolkit.tool.generator.requestresponsesa310.soaphttptoresthttpusingjava.SoaphttpToResthttpUsingJavaRequestTransformerTest
Tests run: 1, Failures: 0, Errors: 0, Skipped: 0, Time elapsed: 0.012 sec
Running org.soitoolkit.tool.generator.requestresponsesa310.soaphttptojmsusingjava.SoaphttpToJmsUsingJavaRequestTransformerTest
Tests run: 1, Failures: 0, Errors: 0, Skipped: 0, Time elapsed: 0.051 sec
Running org.soitoolkit.tool.generator.requestresponsesa310.soaphttptojmsusingjava.SoaphttpToJmsUsingJavaIntegrationTest
2011-03-30 23:22:15,259 INFO  org.soitoolkit.tool.generator.requestresponsesa310.RequestResponseSA310MuleServer - URL: http://localhost:8081/requestResponseSA310/services/soaphttpToJmsUsingJava/v1
2011-03-30 23:22:15,286 INFO  org.soitoolkit.commons.mule.test.AbstractTestCase - Setting test timeout to (seconds): 120
2011-03-30 23:22:15,286 INFO  org.soitoolkit.commons.mule.test.AbstractTestCase - Setting test timeout to (seconds): 120
2011-03-30 23:22:15,286 INFO  org.soitoolkit.commons.mule.test.AbstractTestCase - Setting test timeout to (seconds): 120

================================================================================
= Testing: test_ok                                                             =
================================================================================
2011-03-30 23:22:15,709 INFO  org.springframework.beans.factory.xml.XmlBeanDefinitionReader - Loading XML bean definitions from URL [jar:file:/Users/magnuslarsson/.m2/repository/org/mule/modules/mule-module-spring-config/3.1.1/mule-module-spring-config-3.1.1.jar!/mule-spring-config.xml]
2011-03-30 23:22:15,934 INFO  org.springframework.beans.factory.xml.XmlBeanDefinitionReader - Loading XML bean definitions from URL [jar:file:/Users/magnuslarsson/.m2/repository/org/mule/modules/mule-module-spring-config/3.1.1/mule-module-spring-config-3.1.1.jar!/default-mule-config.xml]
2011-03-30 23:22:16,385 INFO  org.springframework.beans.factory.xml.XmlBeanDefinitionReader - Loading XML bean definitions from URL [jar:file:/Users/magnuslarsson/.m2/repository/org/soitoolkit/commons/components/soitoolkit-commons-mule/0.4.1-SNAPSHOT/soitoolkit-commons-mule-0.4.1-SNAPSHOT.jar!/soitoolkit-mule-jms-connector-activemq-embedded.xml]
2011-03-30 23:22:16,696 INFO  org.springframework.beans.factory.xml.XmlBeanDefinitionReader - Loading XML bean definitions from class path resource [soitoolkit-mule-jms-connector-commons.xml]
2011-03-30 23:22:17,127 INFO  org.springframework.beans.factory.xml.XmlBeanDefinitionReader - Loading XML bean definitions from URL [file:/Users/magnuslarsson/Documents/temp/_plugintests/jUnitTests/requestResponseSA310/trunk/requestResponseSA310-services/target/classes/requestResponseSA310-common.xml]
2011-03-30 23:22:17,276 INFO  org.springframework.beans.factory.xml.XmlBeanDefinitionReader - Loading XML bean definitions from URL [file:/Users/magnuslarsson/Documents/temp/_plugintests/jUnitTests/requestResponseSA310/trunk/requestResponseSA310-services/target/classes/services/soaphttpToJmsUsingJava-service.xml]
2011-03-30 23:22:17,423 INFO  org.springframework.beans.factory.xml.XmlBeanDefinitionReader - Loading XML bean definitions from URL [file:/Users/magnuslarsson/Documents/temp/_plugintests/jUnitTests/requestResponseSA310/trunk/requestResponseSA310-services/target/test-classes/teststub-services/soaphttpToJmsUsingJava-teststub-service.xml]
2011-03-30 23:22:17,618 INFO  org.springframework.core.io.support.PropertiesLoaderSupport - Loading properties file from class path resource [requestResponseSA310-security.properties]
2011-03-30 23:22:17,619 INFO  org.springframework.core.io.support.PropertiesLoaderSupport - Loading properties file from class path resource [requestResponseSA310-config.properties]
2011-03-30 23:22:17,619 INFO  org.springframework.core.io.support.PropertiesLoaderSupport - Loading properties file from URL [file:${app.home}/requestResponseSA310/config/requestResponseSA310-security.properties]
2011-03-30 23:22:17,620 WARN  org.springframework.core.io.support.PropertiesLoaderSupport - Could not load properties from URL [file:${app.home}/requestResponseSA310/config/requestResponseSA310-security.properties]: ${app.home}/requestResponseSA310/config/requestResponseSA310-security.properties (No such file or directory)
2011-03-30 23:22:17,620 INFO  org.springframework.core.io.support.PropertiesLoaderSupport - Loading properties file from URL [file:${app.home}/requestResponseSA310/config/requestResponseSA310-config.properties]
2011-03-30 23:22:17,622 WARN  org.springframework.core.io.support.PropertiesLoaderSupport - Could not load properties from URL [file:${app.home}/requestResponseSA310/config/requestResponseSA310-config.properties]: ${app.home}/requestResponseSA310/config/requestResponseSA310-config.properties (No such file or directory)
2011-03-30 23:22:19,006 INFO  org.mule.exception.AbstractExceptionListener - Initialising exception listener: org.soitoolkit.commons.mule.error.ServiceExceptionStrategy@7c04703c
2011-03-30 23:22:19,141 WARN  org.mule.context.notification.Configuration - The notification listener subscription &quot;ListenerSubscriptionPair [listener=ObjectToStringTransformer{this=3bd85e85, name=&apos;objToStr&apos;, ignoreBadInput=false, returnClass=SimpleDataType{type=java.lang.String, mimeType=&apos;text/plain&apos;}, sourceTypes=[SimpleDataType{type=java.lang.Object, mimeType=&apos;*/*&apos;}, SimpleDataType{type=[B, mimeType=&apos;*/*&apos;}, SimpleDataType{type=java.io.InputStream, mimeType=&apos;*/*&apos;}, SimpleDataType{type=org.mule.api.transport.OutputHandler, mimeType=&apos;*/*&apos;}]}, subscription=NULL]&quot; has already been registered
2011-03-30 23:22:19,142 WARN  org.mule.context.notification.Configuration - The notification listener subscription &quot;ListenerSubscriptionPair [listener=CreateSoapFaultIfExceptionTransformer{this=c1bb35b, name=&apos;createSoapFaultIfException&apos;, ignoreBadInput=false, returnClass=SimpleDataType{type=java.lang.Object, mimeType=&apos;*/*&apos;}, sourceTypes=[]}, subscription=NULL]&quot; has already been registered
2011-03-30 23:22:19,949 WARN  org.mule.context.notification.Configuration - The notification listener subscription &quot;ListenerSubscriptionPair [listener=JMSMessageToObject{this=397b6074, name=&apos;jmsToStr&apos;, ignoreBadInput=false, returnClass=SimpleDataType{type=java.lang.Object, mimeType=&apos;*/*&apos;}, sourceTypes=[SimpleDataType{type=javax.jms.Message, mimeType=&apos;*/*&apos;}, SimpleDataType{type=javax.jms.TextMessage, mimeType=&apos;*/*&apos;}, SimpleDataType{type=javax.jms.ObjectMessage, mimeType=&apos;*/*&apos;}, SimpleDataType{type=javax.jms.BytesMessage, mimeType=&apos;*/*&apos;}, SimpleDataType{type=javax.jms.MapMessage, mimeType=&apos;*/*&apos;}, SimpleDataType{type=javax.jms.StreamMessage, mimeType=&apos;*/*&apos;}]}, subscription=NULL]&quot; has already been registered
2011-03-30 23:22:19,953 WARN  org.mule.context.notification.Configuration - The notification listener subscription &quot;ListenerSubscriptionPair [listener=SoaphttpToJmsUsingJavaResponseTransformer{this=52f97d27, name=&apos;soaphttpToJmsUsingJavaResponseTransformer&apos;, ignoreBadInput=false, returnClass=SimpleDataType{type=java.lang.Object, mimeType=&apos;*/*&apos;}, sourceTypes=[]}, subscription=NULL]&quot; has already been registered
2011-03-30 23:22:20,234 WARN  org.mule.context.notification.Configuration - The notification listener subscription &quot;ListenerSubscriptionPair [listener=JMSMessageToObject{this=58cf17c3, name=&apos;jmsToStr&apos;, ignoreBadInput=false, returnClass=SimpleDataType{type=java.lang.Object, mimeType=&apos;*/*&apos;}, sourceTypes=[SimpleDataType{type=javax.jms.Message, mimeType=&apos;*/*&apos;}, SimpleDataType{type=javax.jms.TextMessage, mimeType=&apos;*/*&apos;}, SimpleDataType{type=javax.jms.ObjectMessage, mimeType=&apos;*/*&apos;}, SimpleDataType{type=javax.jms.BytesMessage, mimeType=&apos;*/*&apos;}, SimpleDataType{type=javax.jms.MapMessage, mimeType=&apos;*/*&apos;}, SimpleDataType{type=javax.jms.StreamMessage, mimeType=&apos;*/*&apos;}]}, subscription=NULL]&quot; has already been registered
2011-03-30 23:22:20,235 WARN  org.mule.context.notification.Configuration - The notification listener subscription &quot;ListenerSubscriptionPair [listener=ObjectToJMSMessageTransformer{this=16ff6348, name=&apos;strToJms&apos;, ignoreBadInput=false, returnClass=SimpleDataType{type=javax.jms.Message, mimeType=&apos;*/*&apos;}, sourceTypes=[]}, subscription=NULL]&quot; has already been registered
2011-03-30 23:22:20,298 INFO  org.mule.DefaultMuleContext    - 
**********************************************************************
* Mule ESB and Integration Platform                                  *
* Version: 3.1.1 Build: 21496                                        *
* MuleSoft, Inc.                                                     *
* For more information go to http://www.mulesoft.org                 *
*                                                                    *
* Server started: 2011-03-30 23:22                                   *
* Server ID: c8ea771e-5b13-11e0-9319-f91662328b86                    *
* JDK: 1.6.0_24 (mixed mode)                                         *
* OS encoding: MacRoman, Mule encoding: UTF-8                        *
* OS: Mac OS X (10.6.7, x86_64)                                      *
* Host: MagnusMac-2.local (10.0.1.2)                                 *
* Mode: Development                                                  *
*                                                                    *
* Agents Running:                                                    *
*   JMX Agent                                                        *
**********************************************************************
2011-03-30 23:22:20,310 INFO  org.soitoolkit.commons.mule.test.AbstractJmsTestUtil - Clearing messages on queues: REQUESTRESPONSESA310.SOAPHTTPTOJMSUSINGJAVA.REQUEST.QUEUE 
2011-03-30 23:22:20,414 INFO  org.soitoolkit.commons.mule.test.AbstractJmsTestUtil - Clearing messages on queues: REQUESTRESPONSESA310.SOAPHTTPTOJMSUSINGJAVA.RESPONSE.QUEUE 
2011-03-30 23:22:20,517 INFO  org.soitoolkit.commons.mule.test.AbstractJmsTestUtil - Clearing messages on queues: SOITOOLKIT.LOG.ERROR 
2011-03-30 23:22:21,325 INFO  org.soitoolkit.commons.mule.log.EventLogger - soi-toolkit.log
** logEvent-info.start ***********************************************************
IntegrationScenarioId=
ContractId=
LogMessage=req-in
ServiceImpl=soaphttpToJmsUsingJava-service
Host=10.0.1.2 (10.0.1.2)
ComponentId=c8ea771e-5b13-11e0-9319-f91662328b86
Endpoint=http://localhost:8081/requestResponseSA310/services/soaphttpToJmsUsingJava/v1
MessageId=cc5d07cb-5b13-11e0-9319-f91662328b86
BusinessCorrelationId=
BusinessContextId=
ExtraInfo=
Payload=
** logEvent-info.end *************************************************************
2011-03-30 23:22:21,340 WARN  org.mule.context.notification.Configuration - The notification listener subscription &quot;ListenerSubscriptionPair [listener=SoaphttpToJmsUsingJavaRequestTransformer{this=5e8518d4, name=&apos;soaphttpToJmsUsingJavaRequestTransformer&apos;, ignoreBadInput=false, returnClass=SimpleDataType{type=java.lang.Object, mimeType=&apos;*/*&apos;}, sourceTypes=[]}, subscription=NULL]&quot; has already been registered
2011-03-30 23:22:21,341 WARN  org.mule.context.notification.Configuration - The notification listener subscription &quot;ListenerSubscriptionPair [listener=ObjectToJMSMessageTransformer{this=742136c6, name=&apos;strToJms&apos;, ignoreBadInput=false, returnClass=SimpleDataType{type=javax.jms.Message, mimeType=&apos;*/*&apos;}, sourceTypes=[]}, subscription=NULL]&quot; has already been registered
2011-03-30 23:22:21,370 INFO  org.soitoolkit.commons.mule.log.EventLogger - soi-toolkit.log
** logEvent-info.start ***********************************************************
IntegrationScenarioId=
ContractId=
LogMessage=req-out
ServiceImpl=soaphttpToJmsUsingJava-service
Host=10.0.1.2 (10.0.1.2)
ComponentId=c8ea771e-5b13-11e0-9319-f91662328b86
Endpoint=jms://REQUESTRESPONSESA310.SOAPHTTPTOJMSUSINGJAVA.REQUEST.QUEUE
MessageId=cc5d07cb-5b13-11e0-9319-f91662328b86
BusinessCorrelationId=
BusinessContextId=
ExtraInfo=
Payload=
** logEvent-info.end *************************************************************
2011-03-30 23:22:21,447 INFO  org.soitoolkit.tool.generator.requestresponsesa310.soaphttptojmsusingjava.SoaphttpToJmsUsingJavaTestProducer - SoaphttpToJmsUsingJavaTestProducer received the request: msg-0001-req,1234567890
2011-03-30 23:22:21,464 INFO  org.soitoolkit.commons.mule.log.EventLogger - soi-toolkit.log
** logEvent-info.start ***********************************************************
IntegrationScenarioId=
ContractId=
LogMessage=resp-in
ServiceImpl=soaphttpToJmsUsingJava-service
Host=10.0.1.2 (10.0.1.2)
ComponentId=c8ea771e-5b13-11e0-9319-f91662328b86
Endpoint=jms://REQUESTRESPONSESA310.SOAPHTTPTOJMSUSINGJAVA.RESPONSE.QUEUE
MessageId=cc806e57-5b13-11e0-9319-f91662328b86
BusinessCorrelationId=
BusinessContextId=
ExtraInfo=
Payload=
** logEvent-info.end *************************************************************
2011-03-30 23:22:21,557 INFO  org.soitoolkit.commons.mule.log.EventLogger - soi-toolkit.log
** logEvent-info.start ***********************************************************
IntegrationScenarioId=
ContractId=
LogMessage=resp-out
ServiceImpl=soaphttpToJmsUsingJava-service
Host=10.0.1.2 (10.0.1.2)
ComponentId=c8ea771e-5b13-11e0-9319-f91662328b86
Endpoint=jms://REQUESTRESPONSESA310.SOAPHTTPTOJMSUSINGJAVA.RESPONSE.QUEUE
MessageId=cc806e57-5b13-11e0-9319-f91662328b86
BusinessCorrelationId=
BusinessContextId=
ExtraInfo=
Payload=
** logEvent-info.end *************************************************************

================================================================================
= Testing: test_fault_invalidInput                                             =
================================================================================
2011-03-30 23:22:21,627 INFO  org.soitoolkit.commons.mule.test.AbstractJmsTestUtil - Clearing messages on queues: REQUESTRESPONSESA310.SOAPHTTPTOJMSUSINGJAVA.REQUEST.QUEUE 
2011-03-30 23:22:21,739 INFO  org.soitoolkit.commons.mule.test.AbstractJmsTestUtil - Clearing messages on queues: REQUESTRESPONSESA310.SOAPHTTPTOJMSUSINGJAVA.RESPONSE.QUEUE 
2011-03-30 23:22:21,840 INFO  org.soitoolkit.commons.mule.test.AbstractJmsTestUtil - Clearing messages on queues: SOITOOLKIT.LOG.ERROR 
2011-03-30 23:22:21,955 INFO  org.soitoolkit.commons.mule.log.EventLogger - soi-toolkit.log
** logEvent-info.start ***********************************************************
IntegrationScenarioId=
ContractId=
LogMessage=req-in
ServiceImpl=soaphttpToJmsUsingJava-service
Host=10.0.1.2 (10.0.1.2)
ComponentId=c8ea771e-5b13-11e0-9319-f91662328b86
Endpoint=http://localhost:8081/requestResponseSA310/services/soaphttpToJmsUsingJava/v1
MessageId=cccba82c-5b13-11e0-9319-f91662328b86
BusinessCorrelationId=
BusinessContextId=
ExtraInfo=
Payload=
** logEvent-info.end *************************************************************
2011-03-30 23:22:21,963 INFO  org.soitoolkit.commons.mule.log.EventLogger - soi-toolkit.log
** logEvent-info.start ***********************************************************
IntegrationScenarioId=
ContractId=
LogMessage=req-out
ServiceImpl=soaphttpToJmsUsingJava-service
Host=10.0.1.2 (10.0.1.2)
ComponentId=c8ea771e-5b13-11e0-9319-f91662328b86
Endpoint=jms://REQUESTRESPONSESA310.SOAPHTTPTOJMSUSINGJAVA.REQUEST.QUEUE
MessageId=cccba82c-5b13-11e0-9319-f91662328b86
BusinessCorrelationId=
BusinessContextId=
ExtraInfo=
Payload=
** logEvent-info.end *************************************************************
2011-03-30 23:22:21,972 INFO  org.soitoolkit.tool.generator.requestresponsesa310.soaphttptojmsusingjava.SoaphttpToJmsUsingJavaTestProducer - SoaphttpToJmsUsingJavaTestProducer received the request: msg-0001-req,-1
2011-03-30 23:22:21,981 INFO  org.soitoolkit.commons.mule.log.EventLogger - soi-toolkit.log
** logEvent-info.start ***********************************************************
IntegrationScenarioId=
ContractId=
LogMessage=resp-in
ServiceImpl=soaphttpToJmsUsingJava-service
Host=10.0.1.2 (10.0.1.2)
ComponentId=c8ea771e-5b13-11e0-9319-f91662328b86
Endpoint=jms://REQUESTRESPONSESA310.SOAPHTTPTOJMSUSINGJAVA.RESPONSE.QUEUE
MessageId=cccf78c8-5b13-11e0-9319-f91662328b86
BusinessCorrelationId=
BusinessContextId=
ExtraInfo=
Payload=
** logEvent-info.end *************************************************************
2011-03-30 23:22:21,986 INFO  org.soitoolkit.commons.mule.log.EventLogger - soi-toolkit.log
** logEvent-info.start ***********************************************************
IntegrationScenarioId=
ContractId=
LogMessage=resp-out
ServiceImpl=soaphttpToJmsUsingJava-service
Host=10.0.1.2 (10.0.1.2)
ComponentId=c8ea771e-5b13-11e0-9319-f91662328b86
Endpoint=jms://REQUESTRESPONSESA310.SOAPHTTPTOJMSUSINGJAVA.RESPONSE.QUEUE
MessageId=cccf78c8-5b13-11e0-9319-f91662328b86
BusinessCorrelationId=
BusinessContextId=
ExtraInfo=
Payload=
** logEvent-info.end *************************************************************

================================================================================
= Testing: test_fault_timeout                                                  =
================================================================================
2011-03-30 23:22:22,015 INFO  org.soitoolkit.commons.mule.test.AbstractJmsTestUtil - Clearing messages on queues: REQUESTRESPONSESA310.SOAPHTTPTOJMSUSINGJAVA.REQUEST.QUEUE 
2011-03-30 23:22:22,116 INFO  org.soitoolkit.commons.mule.test.AbstractJmsTestUtil - Clearing messages on queues: REQUESTRESPONSESA310.SOAPHTTPTOJMSUSINGJAVA.RESPONSE.QUEUE 
2011-03-30 23:22:22,217 INFO  org.soitoolkit.commons.mule.test.AbstractJmsTestUtil - Clearing messages on queues: SOITOOLKIT.LOG.ERROR 
2011-03-30 23:22:22,333 INFO  org.soitoolkit.commons.mule.log.EventLogger - soi-toolkit.log
** logEvent-info.start ***********************************************************
IntegrationScenarioId=
ContractId=
LogMessage=req-in
ServiceImpl=soaphttpToJmsUsingJava-service
Host=10.0.1.2 (10.0.1.2)
ComponentId=c8ea771e-5b13-11e0-9319-f91662328b86
Endpoint=http://localhost:8081/requestResponseSA310/services/soaphttpToJmsUsingJava/v1
MessageId=cd052ecd-5b13-11e0-9319-f91662328b86
BusinessCorrelationId=
BusinessContextId=
ExtraInfo=
Payload=
** logEvent-info.end *************************************************************
2011-03-30 23:22:22,342 INFO  org.soitoolkit.commons.mule.log.EventLogger - soi-toolkit.log
** logEvent-info.start ***********************************************************
IntegrationScenarioId=
ContractId=
LogMessage=req-out
ServiceImpl=soaphttpToJmsUsingJava-service
Host=10.0.1.2 (10.0.1.2)
ComponentId=c8ea771e-5b13-11e0-9319-f91662328b86
Endpoint=jms://REQUESTRESPONSESA310.SOAPHTTPTOJMSUSINGJAVA.REQUEST.QUEUE
MessageId=cd052ecd-5b13-11e0-9319-f91662328b86
BusinessCorrelationId=
BusinessContextId=
ExtraInfo=
Payload=
** logEvent-info.end *************************************************************
2011-03-30 23:22:22,353 INFO  org.soitoolkit.tool.generator.requestresponsesa310.soaphttptojmsusingjava.SoaphttpToJmsUsingJavaTestProducer - SoaphttpToJmsUsingJavaTestProducer received the request: msg-0001-req,0
2011-03-30 23:22:30,355 WARN  org.apache.cxf.common.logging.LogUtils - Interceptor for {urn:org.soitoolkit.refapps.sd.sample.wsdl:v1}sampleService has thrown exception, unwinding now
org.apache.cxf.interceptor.Fault: Response timed out (8000ms) waiting for message response id &quot;cd052ecd-5b13-11e0-9319-f91662328b86&quot; or this action was interrupted. Failed to route event via endpoint: null. Message payload is of type: String
	at org.mule.module.cxf.MuleInvoker.invoke(MuleInvoker.java:85)
	at org.apache.cxf.interceptor.ServiceInvokerInterceptor$1.run(ServiceInvokerInterceptor.java:58)
	at java.util.concurrent.Executors$RunnableAdapter.call(Executors.java:441)
	at java.util.concurrent.FutureTask$Sync.innerRun(FutureTask.java:303)
	at java.util.concurrent.FutureTask.run(FutureTask.java:138)
	at org.apache.cxf.workqueue.SynchronousExecutor.execute(SynchronousExecutor.java:37)
	at org.apache.cxf.interceptor.ServiceInvokerInterceptor.handleMessage(ServiceInvokerInterceptor.java:106)
	at org.apache.cxf.phase.PhaseInterceptorChain.doIntercept(PhaseInterceptorChain.java:255)
	at org.apache.cxf.transport.ChainInitiationObserver.onMessage(ChainInitiationObserver.java:113)
	at org.mule.module.cxf.CxfInboundMessageProcessor.sendToDestination(CxfInboundMessageProcessor.java:288)
	at org.mule.module.cxf.CxfInboundMessageProcessor.process(CxfInboundMessageProcessor.java:129)
	at org.mule.module.cxf.config.FlowConfiguringMessageProcessor.process(FlowConfiguringMessageProcessor.java:50)
	at org.mule.processor.chain.DefaultMessageProcessorChain.doProcess(DefaultMessageProcessorChain.java:72)
	at org.mule.processor.chain.AbstractMessageProcessorChain.process(AbstractMessageProcessorChain.java:89)
	at org.mule.processor.AbstractInterceptingMessageProcessor.processNext(AbstractInterceptingMessageProcessor.java:81)
	at org.mule.processor.ExceptionHandlingMessageProcessor.process(ExceptionHandlingMessageProcessor.java:25)
	at org.mule.processor.chain.DefaultMessageProcessorChain.doProcess(DefaultMessageProcessorChain.java:72)
	at org.mule.processor.chain.AbstractMessageProcessorChain.process(AbstractMessageProcessorChain.java:89)
	at org.mule.processor.chain.InterceptingChainLifecycleWrapper.doProcess(InterceptingChainLifecycleWrapper.java:63)
	at org.mule.processor.chain.AbstractMessageProcessorChain.process(AbstractMessageProcessorChain.java:89)
	at org.mule.processor.chain.InterceptingChainLifecycleWrapper.process(InterceptingChainLifecycleWrapper.java:94)
	at org.mule.processor.chain.DefaultMessageProcessorChain.doProcess(DefaultMessageProcessorChain.java:72)
	at org.mule.processor.chain.AbstractMessageProcessorChain.process(AbstractMessageProcessorChain.java:89)
	at org.mule.processor.chain.InterceptingChainLifecycleWrapper.doProcess(InterceptingChainLifecycleWrapper.java:63)
	at org.mule.processor.chain.AbstractMessageProcessorChain.process(AbstractMessageProcessorChain.java:89)
	at org.mule.processor.chain.InterceptingChainLifecycleWrapper.process(InterceptingChainLifecycleWrapper.java:94)
	at org.mule.transport.AbstractMessageReceiver.routeMessage(AbstractMessageReceiver.java:185)
	at org.mule.transport.AbstractMessageReceiver.routeMessage(AbstractMessageReceiver.java:158)
	at org.mule.transport.AbstractMessageReceiver.routeMessage(AbstractMessageReceiver.java:145)
	at org.mule.transport.http.HttpMessageReceiver$HttpWorker.doRequest(HttpMessageReceiver.java:247)
	at org.mule.transport.http.HttpMessageReceiver$HttpWorker.processRequest(HttpMessageReceiver.java:206)
	at org.mule.transport.http.HttpMessageReceiver$HttpWorker.run(HttpMessageReceiver.java:164)
	at org.mule.work.WorkerContext.run(WorkerContext.java:309)
	at edu.emory.mathcs.backport.java.util.concurrent.ThreadPoolExecutor.runWorker(ThreadPoolExecutor.java:1061)
	at edu.emory.mathcs.backport.java.util.concurrent.ThreadPoolExecutor$Worker.run(ThreadPoolExecutor.java:575)
	at java.lang.Thread.run(Thread.java:680)
Caused by: org.mule.api.routing.ResponseTimeoutException: Response timed out (8000ms) waiting for message response id &quot;cd052ecd-5b13-11e0-9319-f91662328b86&quot; or this action was interrupted. Failed to route event via endpoint: null. Message payload is of type: String
	at org.mule.routing.requestreply.AbstractAsyncRequestReplyRequester.receiveAsyncReply(AbstractAsyncRequestReplyRequester.java:186)
	at org.mule.routing.requestreply.AbstractAsyncRequestReplyRequester.process(AbstractAsyncRequestReplyRequester.java:68)
	at org.mule.processor.AbstractInterceptingMessageProcessor.processNext(AbstractInterceptingMessageProcessor.java:81)
	at org.mule.service.processor.ServiceInternalMessageProcessor.process(ServiceInternalMessageProcessor.java:57)
	at org.mule.processor.AbstractInterceptingMessageProcessor.processNext(AbstractInterceptingMessageProcessor.java:81)
	at org.mule.processor.AsyncInterceptingMessageProcessor.process(AsyncInterceptingMessageProcessor.java:101)
	at org.mule.processor.chain.DefaultMessageProcessorChain.doProcess(DefaultMessageProcessorChain.java:72)
	at org.mule.processor.chain.AbstractMessageProcessorChain.process(AbstractMessageProcessorChain.java:89)
	at org.mule.processor.AbstractInterceptingMessageProcessor.processNext(AbstractInterceptingMessageProcessor.java:81)
	at org.mule.interceptor.AbstractEnvelopeInterceptor.process(AbstractEnvelopeInterceptor.java:55)
	at org.mule.processor.AbstractInterceptingMessageProcessor.processNext(AbstractInterceptingMessageProcessor.java:81)
	at org.mule.lifecycle.processor.ProcessIfStartedWaitIfSyncPausedMessageProcessor.process(ProcessIfStartedWaitIfSyncPausedMessageProcessor.java:56)
	at org.mule.processor.chain.DefaultMessageProcessorChain.doProcess(DefaultMessageProcessorChain.java:72)
	at org.mule.processor.chain.AbstractMessageProcessorChain.process(AbstractMessageProcessorChain.java:89)
	at org.mule.processor.chain.InterceptingChainLifecycleWrapper.doProcess(InterceptingChainLifecycleWrapper.java:63)
	at org.mule.processor.chain.AbstractMessageProcessorChain.process(AbstractMessageProcessorChain.java:89)
	at org.mule.processor.chain.InterceptingChainLifecycleWrapper.process(InterceptingChainLifecycleWrapper.java:94)
	at org.mule.service.AbstractService$7.process(AbstractService.java:425)
	at org.mule.processor.AbstractInterceptingMessageProcessor.processNext(AbstractInterceptingMessageProcessor.java:81)
	at org.mule.service.ServiceCompositeMessageSource$1.process(ServiceCompositeMessageSource.java:124)
	at org.mule.processor.AbstractInterceptingMessageProcessor.processNext(AbstractInterceptingMessageProcessor.java:81)
	at org.mule.processor.StopFurtherMessageProcessingMessageProcessor.process(StopFurtherMessageProcessingMessageProcessor.java:23)
	at org.mule.processor.chain.DefaultMessageProcessorChain.doProcess(DefaultMessageProcessorChain.java:72)
	at org.mule.processor.chain.AbstractMessageProcessorChain.process(AbstractMessageProcessorChain.java:89)
	at org.mule.processor.chain.InterceptingChainLifecycleWrapper.doProcess(InterceptingChainLifecycleWrapper.java:63)
	at org.mule.processor.chain.AbstractMessageProcessorChain.process(AbstractMessageProcessorChain.java:89)
	at org.mule.processor.chain.InterceptingChainLifecycleWrapper.process(InterceptingChainLifecycleWrapper.java:94)
	at org.mule.source.StartableCompositeMessageSource$InternalMessageProcessor.process(StartableCompositeMessageSource.java:219)
	at org.mule.processor.chain.DefaultMessageProcessorChain.doProcess(DefaultMessageProcessorChain.java:72)
	at org.mule.processor.chain.AbstractMessageProcessorChain.process(AbstractMessageProcessorChain.java:89)
	at org.mule.processor.AbstractInterceptingMessageProcessor.processNext(AbstractInterceptingMessageProcessor.java:81)
	at org.mule.module.cxf.CxfInboundMessageProcessor.processNext(CxfInboundMessageProcessor.java:328)
	at org.mule.module.cxf.MuleInvoker.invoke(MuleInvoker.java:80)
	... 35 more
2011-03-30 23:22:30,364 INFO  org.soitoolkit.commons.mule.log.EventLogger - soi-toolkit.log
** logEvent-info.start ***********************************************************
IntegrationScenarioId=
ContractId=
LogMessage=resp-out
ServiceImpl=soaphttpToJmsUsingJava-service
Host=10.0.1.2 (10.0.1.2)
ComponentId=c8ea771e-5b13-11e0-9319-f91662328b86
Endpoint=jms://REQUESTRESPONSESA310.SOAPHTTPTOJMSUSINGJAVA.REQUEST.QUEUE
MessageId=cd052ecd-5b13-11e0-9319-f91662328b86
BusinessCorrelationId=
BusinessContextId=
ExtraInfo=
Payload=
** logEvent-info.end *************************************************************
2011-03-30 23:22:31,361 INFO  org.soitoolkit.commons.mule.log.EventLogger - soi-toolkit.log
** logEvent-info.start ***********************************************************
IntegrationScenarioId=
ContractId=
LogMessage=resp-in
ServiceImpl=soaphttpToJmsUsingJava-service
Host=10.0.1.2 (10.0.1.2)
ComponentId=c8ea771e-5b13-11e0-9319-f91662328b86
Endpoint=jms://REQUESTRESPONSESA310.SOAPHTTPTOJMSUSINGJAVA.RESPONSE.QUEUE
MessageId=d266bf1a-5b13-11e0-9319-f91662328b86
BusinessCorrelationId=
BusinessContextId=
ExtraInfo=
Payload=
** logEvent-info.end *************************************************************
2011-03-30 23:22:32,799 INFO  org.mule.DefaultMuleContext    - 
**********************************************************************
* Mule Context shut down normally on: 2011-03-30 23:22               *
* Server was up for: 0 days, 0 hours, 0 mins, 13.736 sec             *
**********************************************************************
Tests run: 3, Failures: 0, Errors: 0, Skipped: 0, Time elapsed: 17.603 sec
Running org.soitoolkit.tool.generator.requestresponsesa310.soaphttptoresthttpusingjava.SoaphttpToResthttpUsingJavaIntegrationTest
2011-03-30 23:22:32,811 INFO  org.soitoolkit.tool.generator.requestresponsesa310.RequestResponseSA310MuleServer - URL: http://localhost:8081/requestResponseSA310/services/soaphttpToResthttpUsingJava/v1
2011-03-30 23:22:32,813 INFO  org.soitoolkit.commons.mule.test.AbstractTestCase - Setting test timeout to (seconds): 120
2011-03-30 23:22:32,813 INFO  org.soitoolkit.commons.mule.test.AbstractTestCase - Setting test timeout to (seconds): 120
2011-03-30 23:22:32,814 INFO  org.soitoolkit.commons.mule.test.AbstractTestCase - Setting test timeout to (seconds): 120

================================================================================
= Testing: test_ok                                                             =
================================================================================
2011-03-30 23:22:32,841 INFO  org.springframework.beans.factory.xml.XmlBeanDefinitionReader - Loading XML bean definitions from URL [jar:file:/Users/magnuslarsson/.m2/repository/org/mule/modules/mule-module-spring-config/3.1.1/mule-module-spring-config-3.1.1.jar!/mule-spring-config.xml]
2011-03-30 23:22:32,875 INFO  org.springframework.beans.factory.xml.XmlBeanDefinitionReader - Loading XML bean definitions from URL [jar:file:/Users/magnuslarsson/.m2/repository/org/mule/modules/mule-module-spring-config/3.1.1/mule-module-spring-config-3.1.1.jar!/default-mule-config.xml]
2011-03-30 23:22:33,059 INFO  org.springframework.beans.factory.xml.XmlBeanDefinitionReader - Loading XML bean definitions from URL [jar:file:/Users/magnuslarsson/.m2/repository/org/soitoolkit/commons/components/soitoolkit-commons-mule/0.4.1-SNAPSHOT/soitoolkit-commons-mule-0.4.1-SNAPSHOT.jar!/soitoolkit-mule-jms-connector-activemq-embedded.xml]
2011-03-30 23:22:33,241 INFO  org.springframework.beans.factory.xml.XmlBeanDefinitionReader - Loading XML bean definitions from class path resource [soitoolkit-mule-jms-connector-commons.xml]
2011-03-30 23:22:33,404 INFO  org.springframework.beans.factory.xml.XmlBeanDefinitionReader - Loading XML bean definitions from URL [file:/Users/magnuslarsson/Documents/temp/_plugintests/jUnitTests/requestResponseSA310/trunk/requestResponseSA310-services/target/classes/requestResponseSA310-common.xml]
2011-03-30 23:22:33,535 INFO  org.springframework.beans.factory.xml.XmlBeanDefinitionReader - Loading XML bean definitions from URL [file:/Users/magnuslarsson/Documents/temp/_plugintests/jUnitTests/requestResponseSA310/trunk/requestResponseSA310-services/target/classes/services/soaphttpToResthttpUsingJava-service.xml]
2011-03-30 23:22:33,896 INFO  org.springframework.beans.factory.xml.XmlBeanDefinitionReader - Loading XML bean definitions from URL [file:/Users/magnuslarsson/Documents/temp/_plugintests/jUnitTests/requestResponseSA310/trunk/requestResponseSA310-services/target/test-classes/teststub-services/soaphttpToResthttpUsingJava-teststub-service.xml]
2011-03-30 23:22:33,993 INFO  org.springframework.core.io.support.PropertiesLoaderSupport - Loading properties file from class path resource [requestResponseSA310-security.properties]
2011-03-30 23:22:33,994 INFO  org.springframework.core.io.support.PropertiesLoaderSupport - Loading properties file from class path resource [requestResponseSA310-config.properties]
2011-03-30 23:22:33,994 INFO  org.springframework.core.io.support.PropertiesLoaderSupport - Loading properties file from URL [file:${app.home}/requestResponseSA310/config/requestResponseSA310-security.properties]
2011-03-30 23:22:33,995 WARN  org.springframework.core.io.support.PropertiesLoaderSupport - Could not load properties from URL [file:${app.home}/requestResponseSA310/config/requestResponseSA310-security.properties]: ${app.home}/requestResponseSA310/config/requestResponseSA310-security.properties (No such file or directory)
2011-03-30 23:22:33,995 INFO  org.springframework.core.io.support.PropertiesLoaderSupport - Loading properties file from URL [file:${app.home}/requestResponseSA310/config/requestResponseSA310-config.properties]
2011-03-30 23:22:33,995 WARN  org.springframework.core.io.support.PropertiesLoaderSupport - Could not load properties from URL [file:${app.home}/requestResponseSA310/config/requestResponseSA310-config.properties]: ${app.home}/requestResponseSA310/config/requestResponseSA310-config.properties (No such file or directory)
2011-mar-30 23:22:34 com.sun.jersey.server.impl.application.WebApplicationImpl _initiate
INFO: Initiating Jersey application, version &apos;Jersey: 1.3 06/17/2010 04:53 PM&apos;
2011-03-30 23:22:35,610 INFO  org.mule.exception.AbstractExceptionListener - Initialising exception listener: org.soitoolkit.commons.mule.error.ServiceExceptionStrategy@71bb0662
2011-03-30 23:22:35,666 WARN  org.mule.context.notification.Configuration - The notification listener subscription &quot;ListenerSubscriptionPair [listener=ObjectToStringTransformer{this=39b3cc96, name=&apos;objToStr&apos;, ignoreBadInput=false, returnClass=SimpleDataType{type=java.lang.String, mimeType=&apos;text/plain&apos;}, sourceTypes=[SimpleDataType{type=java.lang.Object, mimeType=&apos;*/*&apos;}, SimpleDataType{type=[B, mimeType=&apos;*/*&apos;}, SimpleDataType{type=java.io.InputStream, mimeType=&apos;*/*&apos;}, SimpleDataType{type=org.mule.api.transport.OutputHandler, mimeType=&apos;*/*&apos;}]}, subscription=NULL]&quot; has already been registered
2011-03-30 23:22:35,668 WARN  org.mule.context.notification.Configuration - The notification listener subscription &quot;ListenerSubscriptionPair [listener=CreateSoapFaultIfExceptionTransformer{this=61202afe, name=&apos;createSoapFaultIfException&apos;, ignoreBadInput=false, returnClass=SimpleDataType{type=java.lang.Object, mimeType=&apos;*/*&apos;}, sourceTypes=[]}, subscription=NULL]&quot; has already been registered
2011-03-30 23:22:35,929 INFO  org.mule.DefaultMuleContext    - 
**********************************************************************
* Mule ESB and Integration Platform                                  *
* Version: 3.1.1 Build: 21496                                        *
* MuleSoft, Inc.                                                     *
* For more information go to http://www.mulesoft.org                 *
*                                                                    *
* Server started: 2011-03-30 23:22                                   *
* Server ID: d346e5ef-5b13-11e0-9319-f91662328b86                    *
* JDK: 1.6.0_24 (mixed mode)                                         *
* OS encoding: MacRoman, Mule encoding: UTF-8                        *
* OS: Mac OS X (10.6.7, x86_64)                                      *
* Host: MagnusMac-2.local (10.0.1.2)                                 *
* Mode: Development                                                  *
*                                                                    *
* Agents Running:                                                    *
*   JMX Agent                                                        *
**********************************************************************
2011-03-30 23:22:35,959 INFO  org.soitoolkit.commons.mule.test.AbstractJmsTestUtil - Clearing messages on queues: SOITOOLKIT.LOG.ERROR 
2011-03-30 23:22:36,356 INFO  org.soitoolkit.commons.mule.log.EventLogger - soi-toolkit.log
** logEvent-info.start ***********************************************************
IntegrationScenarioId=
ContractId=
LogMessage=req-in
ServiceImpl=soaphttpToResthttpUsingJava-service
Host=10.0.1.2 (10.0.1.2)
ComponentId=d346e5ef-5b13-11e0-9319-f91662328b86
Endpoint=http://localhost:8081/requestResponseSA310/services/soaphttpToResthttpUsingJava/v1
MessageId=d560292c-5b13-11e0-9319-f91662328b86
BusinessCorrelationId=
BusinessContextId=
ExtraInfo=
Payload=
** logEvent-info.end *************************************************************
2011-03-30 23:22:36,554 WARN  org.mule.context.notification.Configuration - The notification listener subscription &quot;ListenerSubscriptionPair [listener=SoaphttpToResthttpUsingJavaRequestTransformer{this=653f8d12, name=&apos;soaphttpToResthttpUsingJavaRequestTransformer&apos;, ignoreBadInput=false, returnClass=SimpleDataType{type=java.lang.Object, mimeType=&apos;*/*&apos;}, sourceTypes=[]}, subscription=NULL]&quot; has already been registered
2011-03-30 23:22:36,554 WARN  org.mule.context.notification.Configuration - The notification listener subscription &quot;ListenerSubscriptionPair [listener=ObjectToStringTransformer{this=70d5fcfe, name=&apos;objToStr&apos;, ignoreBadInput=false, returnClass=SimpleDataType{type=java.lang.String, mimeType=&apos;text/plain&apos;}, sourceTypes=[SimpleDataType{type=java.lang.Object, mimeType=&apos;*/*&apos;}, SimpleDataType{type=[B, mimeType=&apos;*/*&apos;}, SimpleDataType{type=java.io.InputStream, mimeType=&apos;*/*&apos;}, SimpleDataType{type=org.mule.api.transport.OutputHandler, mimeType=&apos;*/*&apos;}]}, subscription=NULL]&quot; has already been registered
2011-03-30 23:22:36,555 WARN  org.mule.context.notification.Configuration - The notification listener subscription &quot;ListenerSubscriptionPair [listener=SoaphttpToResthttpUsingJavaResponseTransformer{this=2a4df9a0, name=&apos;soaphttpToResthttpUsingJavaResponseTransformer&apos;, ignoreBadInput=false, returnClass=SimpleDataType{type=java.lang.Object, mimeType=&apos;*/*&apos;}, sourceTypes=[]}, subscription=NULL]&quot; has already been registered
2011-03-30 23:22:36,560 INFO  org.soitoolkit.commons.mule.log.EventLogger - soi-toolkit.log
** logEvent-info.start ***********************************************************
IntegrationScenarioId=
ContractId=
LogMessage=req-out
ServiceImpl=soaphttpToResthttpUsingJava-service
Host=10.0.1.2 (10.0.1.2)
ComponentId=d346e5ef-5b13-11e0-9319-f91662328b86
Endpoint=http://localhost:8082/requestResponseSA310/rest-teststub/sample/1234567890
MessageId=d560292c-5b13-11e0-9319-f91662328b86
BusinessCorrelationId=
BusinessContextId=
ExtraInfo=
Payload=
** logEvent-info.end *************************************************************
2011-03-30 23:22:36,740 INFO  org.soitoolkit.tool.generator.requestresponsesa310.soaphttptoresthttpusingjava.SoaphttpToResthttpUsingJavaTestProducer - SoaphttpToResthttpUsingJavaTestProducer received the request: 1234567890
2011-03-30 23:22:36,761 INFO  org.soitoolkit.commons.mule.log.EventLogger - soi-toolkit.log
** logEvent-info.start ***********************************************************
IntegrationScenarioId=
ContractId=
LogMessage=resp-in
ServiceImpl=soaphttpToResthttpUsingJava-service
Host=10.0.1.2 (10.0.1.2)
ComponentId=d346e5ef-5b13-11e0-9319-f91662328b86
Endpoint=http://localhost:8082/requestResponseSA310/rest-teststub/sample/1234567890
MessageId=d59e43a7-5b13-11e0-9319-f91662328b86
BusinessCorrelationId=
BusinessContextId=
ExtraInfo=
Payload=
** logEvent-info.end *************************************************************
2011-03-30 23:22:36,795 INFO  org.soitoolkit.commons.mule.log.EventLogger - soi-toolkit.log
** logEvent-info.start ***********************************************************
IntegrationScenarioId=
ContractId=
LogMessage=resp-out
ServiceImpl=soaphttpToResthttpUsingJava-service
Host=10.0.1.2 (10.0.1.2)
ComponentId=d346e5ef-5b13-11e0-9319-f91662328b86
Endpoint=http://localhost:8082/requestResponseSA310/rest-teststub/sample/1234567890
MessageId=d59e43a7-5b13-11e0-9319-f91662328b86
BusinessCorrelationId=
BusinessContextId=
ExtraInfo=
Payload=
** logEvent-info.end *************************************************************

================================================================================
= Testing: test_fault_invalidInput                                             =
================================================================================
2011-03-30 23:22:36,836 INFO  org.soitoolkit.commons.mule.test.AbstractJmsTestUtil - Clearing messages on queues: SOITOOLKIT.LOG.ERROR 
2011-03-30 23:22:36,960 INFO  org.soitoolkit.commons.mule.log.EventLogger - soi-toolkit.log
** logEvent-info.start ***********************************************************
IntegrationScenarioId=
ContractId=
LogMessage=req-in
ServiceImpl=soaphttpToResthttpUsingJava-service
Host=10.0.1.2 (10.0.1.2)
ComponentId=d346e5ef-5b13-11e0-9319-f91662328b86
Endpoint=http://localhost:8081/requestResponseSA310/services/soaphttpToResthttpUsingJava/v1
MessageId=d5bd3d59-5b13-11e0-9319-f91662328b86
BusinessCorrelationId=
BusinessContextId=
ExtraInfo=
Payload=
** logEvent-info.end *************************************************************
2011-03-30 23:22:36,968 INFO  org.soitoolkit.commons.mule.log.EventLogger - soi-toolkit.log
** logEvent-info.start ***********************************************************
IntegrationScenarioId=
ContractId=
LogMessage=req-out
ServiceImpl=soaphttpToResthttpUsingJava-service
Host=10.0.1.2 (10.0.1.2)
ComponentId=d346e5ef-5b13-11e0-9319-f91662328b86
Endpoint=http://localhost:8082/requestResponseSA310/rest-teststub/sample/-1
MessageId=d5bd3d59-5b13-11e0-9319-f91662328b86
BusinessCorrelationId=
BusinessContextId=
ExtraInfo=
Payload=
** logEvent-info.end *************************************************************
2011-03-30 23:22:36,975 INFO  org.soitoolkit.tool.generator.requestresponsesa310.soaphttptoresthttpusingjava.SoaphttpToResthttpUsingJavaTestProducer - SoaphttpToResthttpUsingJavaTestProducer received the request: -1
2011-mar-30 23:22:36 com.sun.jersey.spi.container.ContainerResponse mapMappableContainerException
ALLVARLIG: The RuntimeException could not be mapped to a response, re-throwing to the HTTP container
java.lang.RuntimeException: Invalid Id: -1
	at org.soitoolkit.tool.generator.requestresponsesa310.soaphttptoresthttpusingjava.SoaphttpToResthttpUsingJavaTestProducer.sample(SoaphttpToResthttpUsingJavaTestProducer.java:37)
	at sun.reflect.NativeMethodAccessorImpl.invoke0(Native Method)
	at sun.reflect.NativeMethodAccessorImpl.invoke(NativeMethodAccessorImpl.java:39)
	at sun.reflect.DelegatingMethodAccessorImpl.invoke(DelegatingMethodAccessorImpl.java:25)
	at java.lang.reflect.Method.invoke(Method.java:597)
	at com.sun.jersey.server.impl.model.method.dispatch.AbstractResourceMethodDispatchProvider$TypeOutInvoker._dispatch(AbstractResourceMethodDispatchProvider.java:165)
	at com.sun.jersey.server.impl.model.method.dispatch.ResourceJavaMethodDispatcher.dispatch(ResourceJavaMethodDispatcher.java:67)
	at com.sun.jersey.server.impl.uri.rules.HttpMethodRule.accept(HttpMethodRule.java:276)
	at com.sun.jersey.server.impl.uri.rules.RightHandPathRule.accept(RightHandPathRule.java:133)
	at com.sun.jersey.server.impl.uri.rules.ResourceClassRule.accept(ResourceClassRule.java:83)
	at com.sun.jersey.server.impl.uri.rules.RightHandPathRule.accept(RightHandPathRule.java:133)
	at com.sun.jersey.server.impl.uri.rules.RootResourceClassesRule.accept(RootResourceClassesRule.java:71)
	at com.sun.jersey.server.impl.application.WebApplicationImpl._handleRequest(WebApplicationImpl.java:1171)
	at com.sun.jersey.server.impl.application.WebApplicationImpl._handleRequest(WebApplicationImpl.java:1103)
	at com.sun.jersey.server.impl.application.WebApplicationImpl.handleRequest(WebApplicationImpl.java:1053)
	at org.mule.module.jersey.JerseyResourcesComponent.doInvoke(JerseyResourcesComponent.java:146)
	at org.mule.component.AbstractComponent.invokeInternal(AbstractComponent.java:120)
	at org.mule.component.AbstractComponent.access$000(AbstractComponent.java:56)
	at org.mule.component.AbstractComponent$1$1.process(AbstractComponent.java:234)
	at org.mule.processor.chain.DefaultMessageProcessorChain.doProcess(DefaultMessageProcessorChain.java:72)
	at org.mule.processor.chain.AbstractMessageProcessorChain.process(AbstractMessageProcessorChain.java:89)
	at org.mule.processor.chain.InterceptingChainLifecycleWrapper.doProcess(InterceptingChainLifecycleWrapper.java:63)
	at org.mule.processor.chain.AbstractMessageProcessorChain.process(AbstractMessageProcessorChain.java:89)
	at org.mule.processor.chain.InterceptingChainLifecycleWrapper.process(InterceptingChainLifecycleWrapper.java:94)
	at org.mule.component.AbstractComponent.process(AbstractComponent.java:154)
	at org.mule.processor.chain.DefaultMessageProcessorChain.doProcess(DefaultMessageProcessorChain.java:72)
	at org.mule.processor.chain.AbstractMessageProcessorChain.process(AbstractMessageProcessorChain.java:89)
	at org.mule.processor.AbstractInterceptingMessageProcessor.processNext(AbstractInterceptingMessageProcessor.java:81)
	at org.mule.interceptor.AbstractEnvelopeInterceptor.process(AbstractEnvelopeInterceptor.java:55)
	at org.mule.processor.AbstractInterceptingMessageProcessor.processNext(AbstractInterceptingMessageProcessor.java:81)
	at org.mule.interceptor.AbstractEnvelopeInterceptor.process(AbstractEnvelopeInterceptor.java:55)
	at org.mule.processor.chain.DefaultMessageProcessorChain.doProcess(DefaultMessageProcessorChain.java:72)
	at org.mule.processor.chain.AbstractMessageProcessorChain.process(AbstractMessageProcessorChain.java:89)
	at org.mule.processor.chain.InterceptingChainLifecycleWrapper.doProcess(InterceptingChainLifecycleWrapper.java:63)
	at org.mule.processor.chain.AbstractMessageProcessorChain.process(AbstractMessageProcessorChain.java:89)
	at org.mule.processor.chain.InterceptingChainLifecycleWrapper.process(InterceptingChainLifecycleWrapper.java:94)
	at org.mule.construct.AbstractFlowConstruct$1$1.process(AbstractFlowConstruct.java:107)
	at org.mule.processor.chain.DefaultMessageProcessorChain.doProcess(DefaultMessageProcessorChain.java:72)
	at org.mule.processor.chain.AbstractMessageProcessorChain.process(AbstractMessageProcessorChain.java:89)
	at org.mule.processor.AbstractInterceptingMessageProcessor.processNext(AbstractInterceptingMessageProcessor.java:81)
	at org.mule.processor.ExceptionHandlingMessageProcessor.process(ExceptionHandlingMessageProcessor.java:25)
	at org.mule.processor.chain.DefaultMessageProcessorChain.doProcess(DefaultMessageProcessorChain.java:72)
	at org.mule.processor.chain.AbstractMessageProcessorChain.process(AbstractMessageProcessorChain.java:89)
	at org.mule.processor.chain.InterceptingChainLifecycleWrapper.doProcess(InterceptingChainLifecycleWrapper.java:63)
	at org.mule.processor.chain.AbstractMessageProcessorChain.process(AbstractMessageProcessorChain.java:89)
	at org.mule.processor.chain.InterceptingChainLifecycleWrapper.process(InterceptingChainLifecycleWrapper.java:94)
	at org.mule.processor.chain.DefaultMessageProcessorChain.doProcess(DefaultMessageProcessorChain.java:72)
	at org.mule.processor.chain.AbstractMessageProcessorChain.process(AbstractMessageProcessorChain.java:89)
	at org.mule.processor.chain.InterceptingChainLifecycleWrapper.doProcess(InterceptingChainLifecycleWrapper.java:63)
	at org.mule.processor.chain.AbstractMessageProcessorChain.process(AbstractMessageProcessorChain.java:89)
	at org.mule.processor.chain.InterceptingChainLifecycleWrapper.process(InterceptingChainLifecycleWrapper.java:94)
	at org.mule.transport.AbstractMessageReceiver.routeMessage(AbstractMessageReceiver.java:185)
	at org.mule.transport.AbstractMessageReceiver.routeMessage(AbstractMessageReceiver.java:158)
	at org.mule.transport.AbstractMessageReceiver.routeMessage(AbstractMessageReceiver.java:145)
	at org.mule.transport.http.HttpMessageReceiver$HttpWorker.doRequest(HttpMessageReceiver.java:247)
	at org.mule.transport.http.HttpMessageReceiver$HttpWorker.processRequest(HttpMessageReceiver.java:206)
	at org.mule.transport.http.HttpMessageReceiver$HttpWorker.run(HttpMessageReceiver.java:164)
	at org.mule.work.WorkerContext.run(WorkerContext.java:309)
	at edu.emory.mathcs.backport.java.util.concurrent.ThreadPoolExecutor.runWorker(ThreadPoolExecutor.java:1061)
	at edu.emory.mathcs.backport.java.util.concurrent.ThreadPoolExecutor$Worker.run(ThreadPoolExecutor.java:575)
	at java.lang.Thread.run(Thread.java:680)
2011-03-30 23:22:36,983 ERROR org.mule.exception.AbstractExceptionListener - 
********************************************************************************
Message               : Failed to invoke JerseyResourcesComponent{soaphttpToResthttpUsingJava-teststub-service.commponent}. Component that caused exception is: JerseyResourcesComponent{soaphttpToResthttpUsingJava-teststub-service.commponent}. Message payload is of type: String
Code                  : MULE_ERROR--2
--------------------------------------------------------------------------------
Exception stack is:
1. Invalid Id: -1 (java.lang.RuntimeException)
  org.soitoolkit.tool.generator.requestresponsesa310.soaphttptoresthttpusingjava.SoaphttpToResthttpUsingJavaTestProducer:37 (null)
2. Failed to invoke JerseyResourcesComponent{soaphttpToResthttpUsingJava-teststub-service.commponent}. Component that caused exception is: JerseyResourcesComponent{soaphttpToResthttpUsingJava-teststub-service.commponent}. Message payload is of type: String (org.mule.component.ComponentException)
  org.mule.component.AbstractComponent:142 (http://www.mulesoft.org/docs/site/current3/apidocs/org/mule/component/ComponentException.html)
--------------------------------------------------------------------------------
Root Exception stack trace:
java.lang.RuntimeException: Invalid Id: -1
	at org.soitoolkit.tool.generator.requestresponsesa310.soaphttptoresthttpusingjava.SoaphttpToResthttpUsingJavaTestProducer.sample(SoaphttpToResthttpUsingJavaTestProducer.java:37)
	at sun.reflect.NativeMethodAccessorImpl.invoke0(Native Method)
	at sun.reflect.NativeMethodAccessorImpl.invoke(NativeMethodAccessorImpl.java:39)
    + 3 more (set debug level logging or &apos;-Dmule.verbose.exceptions=true&apos; for everything)
********************************************************************************

2011-03-30 23:22:36,990 WARN  org.apache.cxf.common.logging.LogUtils - Application {urn:org.soitoolkit.refapps.sd.sample.wsdl:v1}sampleService has thrown exception, unwinding now
org.apache.cxf.interceptor.Fault: Failed to route event via endpoint: org.mule.endpoint.DynamicOutboundEndpoint@2ed4f13a. Message payload is of type: GetMethod
	at org.mule.module.cxf.MuleInvoker.invoke(MuleInvoker.java:118)
	at org.apache.cxf.interceptor.ServiceInvokerInterceptor$1.run(ServiceInvokerInterceptor.java:58)
	at java.util.concurrent.Executors$RunnableAdapter.call(Executors.java:441)
	at java.util.concurrent.FutureTask$Sync.innerRun(FutureTask.java:303)
	at java.util.concurrent.FutureTask.run(FutureTask.java:138)
	at org.apache.cxf.workqueue.SynchronousExecutor.execute(SynchronousExecutor.java:37)
	at org.apache.cxf.interceptor.ServiceInvokerInterceptor.handleMessage(ServiceInvokerInterceptor.java:106)
	at org.apache.cxf.phase.PhaseInterceptorChain.doIntercept(PhaseInterceptorChain.java:255)
	at org.apache.cxf.transport.ChainInitiationObserver.onMessage(ChainInitiationObserver.java:113)
	at org.mule.module.cxf.CxfInboundMessageProcessor.sendToDestination(CxfInboundMessageProcessor.java:288)
	at org.mule.module.cxf.CxfInboundMessageProcessor.process(CxfInboundMessageProcessor.java:129)
	at org.mule.module.cxf.config.FlowConfiguringMessageProcessor.process(FlowConfiguringMessageProcessor.java:50)
	at org.mule.processor.chain.DefaultMessageProcessorChain.doProcess(DefaultMessageProcessorChain.java:72)
	at org.mule.processor.chain.AbstractMessageProcessorChain.process(AbstractMessageProcessorChain.java:89)
	at org.mule.processor.AbstractInterceptingMessageProcessor.processNext(AbstractInterceptingMessageProcessor.java:81)
	at org.mule.processor.ExceptionHandlingMessageProcessor.process(ExceptionHandlingMessageProcessor.java:25)
	at org.mule.processor.chain.DefaultMessageProcessorChain.doProcess(DefaultMessageProcessorChain.java:72)
	at org.mule.processor.chain.AbstractMessageProcessorChain.process(AbstractMessageProcessorChain.java:89)
	at org.mule.processor.chain.InterceptingChainLifecycleWrapper.doProcess(InterceptingChainLifecycleWrapper.java:63)
	at org.mule.processor.chain.AbstractMessageProcessorChain.process(AbstractMessageProcessorChain.java:89)
	at org.mule.processor.chain.InterceptingChainLifecycleWrapper.process(InterceptingChainLifecycleWrapper.java:94)
	at org.mule.processor.chain.DefaultMessageProcessorChain.doProcess(DefaultMessageProcessorChain.java:72)
	at org.mule.processor.chain.AbstractMessageProcessorChain.process(AbstractMessageProcessorChain.java:89)
	at org.mule.processor.chain.InterceptingChainLifecycleWrapper.doProcess(InterceptingChainLifecycleWrapper.java:63)
	at org.mule.processor.chain.AbstractMessageProcessorChain.process(AbstractMessageProcessorChain.java:89)
	at org.mule.processor.chain.InterceptingChainLifecycleWrapper.process(InterceptingChainLifecycleWrapper.java:94)
	at org.mule.transport.AbstractMessageReceiver.routeMessage(AbstractMessageReceiver.java:185)
	at org.mule.transport.AbstractMessageReceiver.routeMessage(AbstractMessageReceiver.java:158)
	at org.mule.transport.AbstractMessageReceiver.routeMessage(AbstractMessageReceiver.java:145)
	at org.mule.transport.http.HttpMessageReceiver$HttpWorker.doRequest(HttpMessageReceiver.java:247)
	at org.mule.transport.http.HttpMessageReceiver$HttpWorker.processRequest(HttpMessageReceiver.java:206)
	at org.mule.transport.http.HttpMessageReceiver$HttpWorker.run(HttpMessageReceiver.java:164)
	at org.mule.work.WorkerContext.run(WorkerContext.java:309)
	at edu.emory.mathcs.backport.java.util.concurrent.ThreadPoolExecutor.runWorker(ThreadPoolExecutor.java:1061)
	at edu.emory.mathcs.backport.java.util.concurrent.ThreadPoolExecutor$Worker.run(ThreadPoolExecutor.java:575)
	at java.lang.Thread.run(Thread.java:680)
Caused by: org.mule.api.transport.DispatchException: Failed to route event via endpoint: org.mule.endpoint.DynamicOutboundEndpoint@2ed4f13a. Message payload is of type: GetMethod
	at org.mule.transport.http.HttpClientMessageDispatcher.doSend(HttpClientMessageDispatcher.java:266)
	at org.mule.transport.AbstractMessageDispatcher.process(AbstractMessageDispatcher.java:80)
	at org.mule.transport.AbstractConnector$DispatcherMessageProcessor.process(AbstractConnector.java:2512)
	at org.mule.processor.chain.DefaultMessageProcessorChain.doProcess(DefaultMessageProcessorChain.java:72)
	at org.mule.processor.chain.AbstractMessageProcessorChain.process(AbstractMessageProcessorChain.java:89)
	at org.mule.processor.AbstractInterceptingMessageProcessor.processNext(AbstractInterceptingMessageProcessor.java:81)
	at org.mule.endpoint.outbound.OutboundResponsePropertiesMessageProcessor.process(OutboundResponsePropertiesMessageProcessor.java:39)
	at org.mule.processor.chain.DefaultMessageProcessorChain.doProcess(DefaultMessageProcessorChain.java:72)
	at org.mule.processor.chain.AbstractMessageProcessorChain.process(AbstractMessageProcessorChain.java:89)
	at org.mule.processor.AbstractInterceptingMessageProcessor.processNext(AbstractInterceptingMessageProcessor.java:81)
	at org.mule.processor.TransactionalInterceptingMessageProcessor$1.doInTransaction(TransactionalInterceptingMessageProcessor.java:49)
	at org.mule.processor.TransactionalInterceptingMessageProcessor$1.doInTransaction(TransactionalInterceptingMessageProcessor.java:46)
	at org.mule.transaction.TransactionTemplate.execute(TransactionTemplate.java:110)
	at org.mule.processor.TransactionalInterceptingMessageProcessor.process(TransactionalInterceptingMessageProcessor.java:55)
	at org.mule.processor.AbstractInterceptingMessageProcessor.processNext(AbstractInterceptingMessageProcessor.java:81)
	at org.mule.processor.AbstractFilteringMessageProcessor.process(AbstractFilteringMessageProcessor.java:41)
	at org.mule.processor.chain.DefaultMessageProcessorChain.doProcess(DefaultMessageProcessorChain.java:72)
	at org.mule.processor.chain.AbstractMessageProcessorChain.process(AbstractMessageProcessorChain.java:89)
	at org.mule.processor.chain.InterceptingChainLifecycleWrapper.doProcess(InterceptingChainLifecycleWrapper.java:63)
	at org.mule.processor.chain.AbstractMessageProcessorChain.process(AbstractMessageProcessorChain.java:89)
	at org.mule.processor.chain.InterceptingChainLifecycleWrapper.process(InterceptingChainLifecycleWrapper.java:94)
	at org.mule.processor.chain.DefaultMessageProcessorChain.doProcess(DefaultMessageProcessorChain.java:72)
	at org.mule.processor.chain.AbstractMessageProcessorChain.process(AbstractMessageProcessorChain.java:89)
	at org.mule.processor.chain.InterceptingChainLifecycleWrapper.doProcess(InterceptingChainLifecycleWrapper.java:63)
	at org.mule.processor.chain.AbstractMessageProcessorChain.process(AbstractMessageProcessorChain.java:89)
	at org.mule.processor.chain.InterceptingChainLifecycleWrapper.process(InterceptingChainLifecycleWrapper.java:94)
	at org.mule.endpoint.DefaultOutboundEndpoint.process(DefaultOutboundEndpoint.java:97)
	at org.mule.endpoint.DynamicURIOutboundEndpoint.process(DynamicURIOutboundEndpoint.java:267)
	at org.mule.endpoint.DynamicOutboundEndpoint.process(DynamicOutboundEndpoint.java:156)
	at org.mule.routing.outbound.AbstractOutboundRouter.sendRequestEvent(AbstractOutboundRouter.java:462)
	at org.mule.routing.outbound.AbstractOutboundRouter.sendRequest(AbstractOutboundRouter.java:168)
	at org.mule.routing.outbound.FilteringOutboundRouter.route(FilteringOutboundRouter.java:80)
	at org.mule.routing.outbound.OutboundPassThroughRouter.route(OutboundPassThroughRouter.java:71)
	at org.mule.routing.outbound.AbstractOutboundRouter$1.doInTransaction(AbstractOutboundRouter.java:103)
	at org.mule.routing.outbound.AbstractOutboundRouter$1.doInTransaction(AbstractOutboundRouter.java:100)
	at org.mule.transaction.TransactionTemplate.execute(TransactionTemplate.java:43)
	at org.mule.routing.outbound.AbstractOutboundRouter.process(AbstractOutboundRouter.java:108)
	at org.mule.routing.outbound.DefaultOutboundRouterCollection.process(DefaultOutboundRouterCollection.java:104)
	at org.mule.processor.chain.DefaultMessageProcessorChain.doProcess(DefaultMessageProcessorChain.java:72)
	at org.mule.processor.chain.AbstractMessageProcessorChain.process(AbstractMessageProcessorChain.java:89)
	at org.mule.processor.AbstractInterceptingMessageProcessor.processNext(AbstractInterceptingMessageProcessor.java:81)
	at org.mule.service.processor.ServiceOutboundMessageProcessor.process(ServiceOutboundMessageProcessor.java:71)
	at org.mule.processor.AbstractInterceptingMessageProcessor.processNext(AbstractInterceptingMessageProcessor.java:81)
	at org.mule.service.processor.ServiceInternalMessageProcessor.process(ServiceInternalMessageProcessor.java:57)
	at org.mule.processor.AbstractInterceptingMessageProcessor.processNext(AbstractInterceptingMessageProcessor.java:81)
	at org.mule.processor.AsyncInterceptingMessageProcessor.process(AsyncInterceptingMessageProcessor.java:101)
	at org.mule.processor.chain.DefaultMessageProcessorChain.doProcess(DefaultMessageProcessorChain.java:72)
	at org.mule.processor.chain.AbstractMessageProcessorChain.process(AbstractMessageProcessorChain.java:89)
	at org.mule.processor.AbstractInterceptingMessageProcessor.processNext(AbstractInterceptingMessageProcessor.java:81)
	at org.mule.interceptor.AbstractEnvelopeInterceptor.process(AbstractEnvelopeInterceptor.java:55)
	at org.mule.processor.AbstractInterceptingMessageProcessor.processNext(AbstractInterceptingMessageProcessor.java:81)
	at org.mule.lifecycle.processor.ProcessIfStartedWaitIfSyncPausedMessageProcessor.process(ProcessIfStartedWaitIfSyncPausedMessageProcessor.java:56)
	at org.mule.processor.chain.DefaultMessageProcessorChain.doProcess(DefaultMessageProcessorChain.java:72)
	at org.mule.processor.chain.AbstractMessageProcessorChain.process(AbstractMessageProcessorChain.java:89)
	at org.mule.processor.chain.InterceptingChainLifecycleWrapper.doProcess(InterceptingChainLifecycleWrapper.java:63)
	at org.mule.processor.chain.AbstractMessageProcessorChain.process(AbstractMessageProcessorChain.java:89)
	at org.mule.processor.chain.InterceptingChainLifecycleWrapper.process(InterceptingChainLifecycleWrapper.java:94)
	at org.mule.service.AbstractService$7.process(AbstractService.java:425)
	at org.mule.processor.AbstractInterceptingMessageProcessor.processNext(AbstractInterceptingMessageProcessor.java:81)
	at org.mule.service.ServiceCompositeMessageSource$1.process(ServiceCompositeMessageSource.java:124)
	at org.mule.processor.AbstractInterceptingMessageProcessor.processNext(AbstractInterceptingMessageProcessor.java:81)
	at org.mule.processor.StopFurtherMessageProcessingMessageProcessor.process(StopFurtherMessageProcessingMessageProcessor.java:23)
	at org.mule.processor.chain.DefaultMessageProcessorChain.doProcess(DefaultMessageProcessorChain.java:72)
	at org.mule.processor.chain.AbstractMessageProcessorChain.process(AbstractMessageProcessorChain.java:89)
	at org.mule.processor.chain.InterceptingChainLifecycleWrapper.doProcess(InterceptingChainLifecycleWrapper.java:63)
	at org.mule.processor.chain.AbstractMessageProcessorChain.process(AbstractMessageProcessorChain.java:89)
	at org.mule.processor.chain.InterceptingChainLifecycleWrapper.process(InterceptingChainLifecycleWrapper.java:94)
	at org.mule.source.StartableCompositeMessageSource$InternalMessageProcessor.process(StartableCompositeMessageSource.java:219)
	at org.mule.processor.chain.DefaultMessageProcessorChain.doProcess(DefaultMessageProcessorChain.java:72)
	at org.mule.processor.chain.AbstractMessageProcessorChain.process(AbstractMessageProcessorChain.java:89)
	at org.mule.processor.AbstractInterceptingMessageProcessor.processNext(AbstractInterceptingMessageProcessor.java:81)
	at org.mule.module.cxf.CxfInboundMessageProcessor.processNext(CxfInboundMessageProcessor.java:328)
	at org.mule.module.cxf.MuleInvoker.invoke(MuleInvoker.java:80)
	... 35 more
Caused by: org.mule.transport.http.HttpResponseException: Internal Server Error, code: 500
	at org.mule.transport.http.HttpClientMessageDispatcher.doSend(HttpClientMessageDispatcher.java:266)
	at org.mule.transport.AbstractMessageDispatcher.process(AbstractMessageDispatcher.java:80)
	at org.mule.transport.AbstractConnector$DispatcherMessageProcessor.process(AbstractConnector.java:2512)
	at org.mule.endpoint.outbound.OutboundResponsePropertiesMessageProcessor.process(OutboundResponsePropertiesMessageProcessor.java:39)
	at org.mule.processor.TransactionalInterceptingMessageProcessor$1.doInTransaction(TransactionalInterceptingMessageProcessor.java:49)
	at org.mule.processor.TransactionalInterceptingMessageProcessor$1.doInTransaction(TransactionalInterceptingMessageProcessor.java:46)
	at org.mule.transaction.TransactionTemplate.execute(TransactionTemplate.java:110)
	at org.mule.processor.TransactionalInterceptingMessageProcessor.process(TransactionalInterceptingMessageProcessor.java:55)
	at org.mule.processor.AbstractFilteringMessageProcessor.process(AbstractFilteringMessageProcessor.java:41)
	at org.mule.endpoint.DefaultOutboundEndpoint.process(DefaultOutboundEndpoint.java:97)
	at org.mule.endpoint.DynamicURIOutboundEndpoint.process(DynamicURIOutboundEndpoint.java:267)
	at org.mule.endpoint.DynamicOutboundEndpoint.process(DynamicOutboundEndpoint.java:156)
	at org.mule.routing.outbound.AbstractOutboundRouter.sendRequestEvent(AbstractOutboundRouter.java:462)
	at org.mule.routing.outbound.AbstractOutboundRouter.sendRequest(AbstractOutboundRouter.java:168)
	at org.mule.routing.outbound.FilteringOutboundRouter.route(FilteringOutboundRouter.java:80)
	at org.mule.routing.outbound.OutboundPassThroughRouter.route(OutboundPassThroughRouter.java:71)
	at org.mule.routing.outbound.AbstractOutboundRouter$1.doInTransaction(AbstractOutboundRouter.java:103)
	at org.mule.routing.outbound.AbstractOutboundRouter$1.doInTransaction(AbstractOutboundRouter.java:100)
	at org.mule.transaction.TransactionTemplate.execute(TransactionTemplate.java:43)
	at org.mule.routing.outbound.AbstractOutboundRouter.process(AbstractOutboundRouter.java:108)
	at org.mule.routing.outbound.DefaultOutboundRouterCollection.process(DefaultOutboundRouterCollection.java:104)
	at org.mule.service.processor.ServiceOutboundMessageProcessor.process(ServiceOutboundMessageProcessor.java:71)
	at org.mule.service.processor.ServiceInternalMessageProcessor.process(ServiceInternalMessageProcessor.java:57)
	at org.mule.processor.AsyncInterceptingMessageProcessor.process(AsyncInterceptingMessageProcessor.java:101)
	at org.mule.interceptor.AbstractEnvelopeInterceptor.process(AbstractEnvelopeInterceptor.java:55)
	at org.mule.lifecycle.processor.ProcessIfStartedWaitIfSyncPausedMessageProcessor.process(ProcessIfStartedWaitIfSyncPausedMessageProcessor.java:56)
	at org.mule.service.AbstractService$7.process(AbstractService.java:425)
	at org.mule.service.ServiceCompositeMessageSource$1.process(ServiceCompositeMessageSource.java:124)
	at org.mule.processor.StopFurtherMessageProcessingMessageProcessor.process(StopFurtherMessageProcessingMessageProcessor.java:23)
	at org.mule.source.StartableCompositeMessageSource$InternalMessageProcessor.process(StartableCompositeMessageSource.java:219)
	at org.mule.module.cxf.CxfInboundMessageProcessor.processNext(CxfInboundMessageProcessor.java:328)
	at org.mule.module.cxf.MuleInvoker.invoke(MuleInvoker.java:80)
	at org.apache.cxf.interceptor.ServiceInvokerInterceptor$1.run(ServiceInvokerInterceptor.java:58)
	at java.util.concurrent.Executors$RunnableAdapter.call(Executors.java:441)
	at java.util.concurrent.FutureTask$Sync.innerRun(FutureTask.java:303)
	at java.util.concurrent.FutureTask.run(FutureTask.java:138)
	at org.apache.cxf.workqueue.SynchronousExecutor.execute(SynchronousExecutor.java:37)
	at org.apache.cxf.interceptor.ServiceInvokerInterceptor.handleMessage(ServiceInvokerInterceptor.java:106)
	at org.apache.cxf.phase.PhaseInterceptorChain.doIntercept(PhaseInterceptorChain.java:255)
	at org.apache.cxf.transport.ChainInitiationObserver.onMessage(ChainInitiationObserver.java:113)
	at org.mule.module.cxf.CxfInboundMessageProcessor.sendToDestination(CxfInboundMessageProcessor.java:288)
	at org.mule.module.cxf.CxfInboundMessageProcessor.process(CxfInboundMessageProcessor.java:129)
	at org.mule.module.cxf.config.FlowConfiguringMessageProcessor.process(FlowConfiguringMessageProcessor.java:50)
	at org.mule.processor.ExceptionHandlingMessageProcessor.process(ExceptionHandlingMessageProcessor.java:25)
	... 10 more
2011-03-30 23:22:36,999 INFO  org.soitoolkit.commons.mule.log.EventLogger - soi-toolkit.log
** logEvent-info.start ***********************************************************
IntegrationScenarioId=
ContractId=
LogMessage=resp-out
ServiceImpl=soaphttpToResthttpUsingJava-service
Host=10.0.1.2 (10.0.1.2)
ComponentId=d346e5ef-5b13-11e0-9319-f91662328b86
Endpoint=http://localhost:8082/requestResponseSA310/rest-teststub/sample/-1
MessageId=d5c1f855-5b13-11e0-9319-f91662328b86
BusinessCorrelationId=
BusinessContextId=
ExtraInfo=
Payload=
** logEvent-info.end *************************************************************

================================================================================
= Testing: test_fault_timeout                                                  =
================================================================================
2011-03-30 23:22:37,016 INFO  org.soitoolkit.commons.mule.test.AbstractJmsTestUtil - Clearing messages on queues: SOITOOLKIT.LOG.ERROR 
2011-03-30 23:22:37,145 INFO  org.soitoolkit.commons.mule.log.EventLogger - soi-toolkit.log
** logEvent-info.start ***********************************************************
IntegrationScenarioId=
ContractId=
LogMessage=req-in
ServiceImpl=soaphttpToResthttpUsingJava-service
Host=10.0.1.2 (10.0.1.2)
ComponentId=d346e5ef-5b13-11e0-9319-f91662328b86
Endpoint=http://localhost:8081/requestResponseSA310/services/soaphttpToResthttpUsingJava/v1
MessageId=d5d88d97-5b13-11e0-9319-f91662328b86
BusinessCorrelationId=
BusinessContextId=
ExtraInfo=
Payload=
** logEvent-info.end *************************************************************
2011-03-30 23:22:37,157 INFO  org.soitoolkit.commons.mule.log.EventLogger - soi-toolkit.log
** logEvent-info.start ***********************************************************
IntegrationScenarioId=
ContractId=
LogMessage=req-out
ServiceImpl=soaphttpToResthttpUsingJava-service
Host=10.0.1.2 (10.0.1.2)
ComponentId=d346e5ef-5b13-11e0-9319-f91662328b86
Endpoint=http://localhost:8082/requestResponseSA310/rest-teststub/sample/0
MessageId=d5d88d97-5b13-11e0-9319-f91662328b86
BusinessCorrelationId=
BusinessContextId=
ExtraInfo=
Payload=
** logEvent-info.end *************************************************************
2011-03-30 23:22:37,167 INFO  org.soitoolkit.tool.generator.requestresponsesa310.soaphttptoresthttpusingjava.SoaphttpToResthttpUsingJavaTestProducer - SoaphttpToResthttpUsingJavaTestProducer received the request: 0
2011-03-30 23:22:45,163 WARN  org.apache.cxf.common.logging.LogUtils - Interceptor for {urn:org.soitoolkit.refapps.sd.sample.wsdl:v1}sampleService has thrown exception, unwinding now
org.apache.cxf.interceptor.Fault: Failed to route event via endpoint: org.mule.endpoint.DynamicOutboundEndpoint@2ed4f13a. Message payload is of type: GetMethod
	at org.mule.module.cxf.MuleInvoker.invoke(MuleInvoker.java:85)
	at org.apache.cxf.interceptor.ServiceInvokerInterceptor$1.run(ServiceInvokerInterceptor.java:58)
	at java.util.concurrent.Executors$RunnableAdapter.call(Executors.java:441)
	at java.util.concurrent.FutureTask$Sync.innerRun(FutureTask.java:303)
	at java.util.concurrent.FutureTask.run(FutureTask.java:138)
	at org.apache.cxf.workqueue.SynchronousExecutor.execute(SynchronousExecutor.java:37)
	at org.apache.cxf.interceptor.ServiceInvokerInterceptor.handleMessage(ServiceInvokerInterceptor.java:106)
	at org.apache.cxf.phase.PhaseInterceptorChain.doIntercept(PhaseInterceptorChain.java:255)
	at org.apache.cxf.transport.ChainInitiationObserver.onMessage(ChainInitiationObserver.java:113)
	at org.mule.module.cxf.CxfInboundMessageProcessor.sendToDestination(CxfInboundMessageProcessor.java:288)
	at org.mule.module.cxf.CxfInboundMessageProcessor.process(CxfInboundMessageProcessor.java:129)
	at org.mule.module.cxf.config.FlowConfiguringMessageProcessor.process(FlowConfiguringMessageProcessor.java:50)
	at org.mule.processor.chain.DefaultMessageProcessorChain.doProcess(DefaultMessageProcessorChain.java:72)
	at org.mule.processor.chain.AbstractMessageProcessorChain.process(AbstractMessageProcessorChain.java:89)
	at org.mule.processor.AbstractInterceptingMessageProcessor.processNext(AbstractInterceptingMessageProcessor.java:81)
	at org.mule.processor.ExceptionHandlingMessageProcessor.process(ExceptionHandlingMessageProcessor.java:25)
	at org.mule.processor.chain.DefaultMessageProcessorChain.doProcess(DefaultMessageProcessorChain.java:72)
	at org.mule.processor.chain.AbstractMessageProcessorChain.process(AbstractMessageProcessorChain.java:89)
	at org.mule.processor.chain.InterceptingChainLifecycleWrapper.doProcess(InterceptingChainLifecycleWrapper.java:63)
	at org.mule.processor.chain.AbstractMessageProcessorChain.process(AbstractMessageProcessorChain.java:89)
	at org.mule.processor.chain.InterceptingChainLifecycleWrapper.process(InterceptingChainLifecycleWrapper.java:94)
	at org.mule.processor.chain.DefaultMessageProcessorChain.doProcess(DefaultMessageProcessorChain.java:72)
	at org.mule.processor.chain.AbstractMessageProcessorChain.process(AbstractMessageProcessorChain.java:89)
	at org.mule.processor.chain.InterceptingChainLifecycleWrapper.doProcess(InterceptingChainLifecycleWrapper.java:63)
	at org.mule.processor.chain.AbstractMessageProcessorChain.process(AbstractMessageProcessorChain.java:89)
	at org.mule.processor.chain.InterceptingChainLifecycleWrapper.process(InterceptingChainLifecycleWrapper.java:94)
	at org.mule.transport.AbstractMessageReceiver.routeMessage(AbstractMessageReceiver.java:185)
	at org.mule.transport.AbstractMessageReceiver.routeMessage(AbstractMessageReceiver.java:158)
	at org.mule.transport.AbstractMessageReceiver.routeMessage(AbstractMessageReceiver.java:145)
	at org.mule.transport.http.HttpMessageReceiver$HttpWorker.doRequest(HttpMessageReceiver.java:247)
	at org.mule.transport.http.HttpMessageReceiver$HttpWorker.processRequest(HttpMessageReceiver.java:206)
	at org.mule.transport.http.HttpMessageReceiver$HttpWorker.run(HttpMessageReceiver.java:164)
	at org.mule.work.WorkerContext.run(WorkerContext.java:309)
	at edu.emory.mathcs.backport.java.util.concurrent.ThreadPoolExecutor.runWorker(ThreadPoolExecutor.java:1061)
	at edu.emory.mathcs.backport.java.util.concurrent.ThreadPoolExecutor$Worker.run(ThreadPoolExecutor.java:575)
	at java.lang.Thread.run(Thread.java:680)
Caused by: org.mule.api.transport.DispatchException: Failed to route event via endpoint: org.mule.endpoint.DynamicOutboundEndpoint@2ed4f13a. Message payload is of type: GetMethod
	at org.mule.transport.http.HttpClientMessageDispatcher.execute(HttpClientMessageDispatcher.java:152)
	at org.mule.transport.http.HttpClientMessageDispatcher.doSend(HttpClientMessageDispatcher.java:260)
	at org.mule.transport.AbstractMessageDispatcher.process(AbstractMessageDispatcher.java:80)
	at org.mule.transport.AbstractConnector$DispatcherMessageProcessor.process(AbstractConnector.java:2512)
	at org.mule.processor.chain.DefaultMessageProcessorChain.doProcess(DefaultMessageProcessorChain.java:72)
	at org.mule.processor.chain.AbstractMessageProcessorChain.process(AbstractMessageProcessorChain.java:89)
	at org.mule.processor.AbstractInterceptingMessageProcessor.processNext(AbstractInterceptingMessageProcessor.java:81)
	at org.mule.endpoint.outbound.OutboundResponsePropertiesMessageProcessor.process(OutboundResponsePropertiesMessageProcessor.java:39)
	at org.mule.processor.chain.DefaultMessageProcessorChain.doProcess(DefaultMessageProcessorChain.java:72)
	at org.mule.processor.chain.AbstractMessageProcessorChain.process(AbstractMessageProcessorChain.java:89)
	at org.mule.processor.AbstractInterceptingMessageProcessor.processNext(AbstractInterceptingMessageProcessor.java:81)
	at org.mule.processor.TransactionalInterceptingMessageProcessor$1.doInTransaction(TransactionalInterceptingMessageProcessor.java:49)
	at org.mule.processor.TransactionalInterceptingMessageProcessor$1.doInTransaction(TransactionalInterceptingMessageProcessor.java:46)
	at org.mule.transaction.TransactionTemplate.execute(TransactionTemplate.java:110)
	at org.mule.processor.TransactionalInterceptingMessageProcessor.process(TransactionalInterceptingMessageProcessor.java:55)
	at org.mule.processor.AbstractInterceptingMessageProcessor.processNext(AbstractInterceptingMessageProcessor.java:81)
	at org.mule.processor.AbstractFilteringMessageProcessor.process(AbstractFilteringMessageProcessor.java:41)
	at org.mule.processor.chain.DefaultMessageProcessorChain.doProcess(DefaultMessageProcessorChain.java:72)
	at org.mule.processor.chain.AbstractMessageProcessorChain.process(AbstractMessageProcessorChain.java:89)
	at org.mule.processor.chain.InterceptingChainLifecycleWrapper.doProcess(InterceptingChainLifecycleWrapper.java:63)
	at org.mule.processor.chain.AbstractMessageProcessorChain.process(AbstractMessageProcessorChain.java:89)
	at org.mule.processor.chain.InterceptingChainLifecycleWrapper.process(InterceptingChainLifecycleWrapper.java:94)
	at org.mule.processor.chain.DefaultMessageProcessorChain.doProcess(DefaultMessageProcessorChain.java:72)
	at org.mule.processor.chain.AbstractMessageProcessorChain.process(AbstractMessageProcessorChain.java:89)
	at org.mule.processor.chain.InterceptingChainLifecycleWrapper.doProcess(InterceptingChainLifecycleWrapper.java:63)
	at org.mule.processor.chain.AbstractMessageProcessorChain.process(AbstractMessageProcessorChain.java:89)
	at org.mule.processor.chain.InterceptingChainLifecycleWrapper.process(InterceptingChainLifecycleWrapper.java:94)
	at org.mule.endpoint.DefaultOutboundEndpoint.process(DefaultOutboundEndpoint.java:97)
	at org.mule.endpoint.DynamicURIOutboundEndpoint.process(DynamicURIOutboundEndpoint.java:267)
	at org.mule.endpoint.DynamicOutboundEndpoint.process(DynamicOutboundEndpoint.java:156)
	at org.mule.routing.outbound.AbstractOutboundRouter.sendRequestEvent(AbstractOutboundRouter.java:462)
	at org.mule.routing.outbound.AbstractOutboundRouter.sendRequest(AbstractOutboundRouter.java:168)
	at org.mule.routing.outbound.FilteringOutboundRouter.route(FilteringOutboundRouter.java:80)
	at org.mule.routing.outbound.OutboundPassThroughRouter.route(OutboundPassThroughRouter.java:71)
	at org.mule.routing.outbound.AbstractOutboundRouter$1.doInTransaction(AbstractOutboundRouter.java:103)
	at org.mule.routing.outbound.AbstractOutboundRouter$1.doInTransaction(AbstractOutboundRouter.java:100)
	at org.mule.transaction.TransactionTemplate.execute(TransactionTemplate.java:43)
	at org.mule.routing.outbound.AbstractOutboundRouter.process(AbstractOutboundRouter.java:108)
	at org.mule.routing.outbound.DefaultOutboundRouterCollection.process(DefaultOutboundRouterCollection.java:104)
	at org.mule.processor.chain.DefaultMessageProcessorChain.doProcess(DefaultMessageProcessorChain.java:72)
	at org.mule.processor.chain.AbstractMessageProcessorChain.process(AbstractMessageProcessorChain.java:89)
	at org.mule.processor.AbstractInterceptingMessageProcessor.processNext(AbstractInterceptingMessageProcessor.java:81)
	at org.mule.service.processor.ServiceOutboundMessageProcessor.process(ServiceOutboundMessageProcessor.java:71)
	at org.mule.processor.AbstractInterceptingMessageProcessor.processNext(AbstractInterceptingMessageProcessor.java:81)
	at org.mule.service.processor.ServiceInternalMessageProcessor.process(ServiceInternalMessageProcessor.java:57)
	at org.mule.processor.AbstractInterceptingMessageProcessor.processNext(AbstractInterceptingMessageProcessor.java:81)
	at org.mule.processor.AsyncInterceptingMessageProcessor.process(AsyncInterceptingMessageProcessor.java:101)
	at org.mule.processor.chain.DefaultMessageProcessorChain.doProcess(DefaultMessageProcessorChain.java:72)
	at org.mule.processor.chain.AbstractMessageProcessorChain.process(AbstractMessageProcessorChain.java:89)
	at org.mule.processor.AbstractInterceptingMessageProcessor.processNext(AbstractInterceptingMessageProcessor.java:81)
	at org.mule.interceptor.AbstractEnvelopeInterceptor.process(AbstractEnvelopeInterceptor.java:55)
	at org.mule.processor.AbstractInterceptingMessageProcessor.processNext(AbstractInterceptingMessageProcessor.java:81)
	at org.mule.lifecycle.processor.ProcessIfStartedWaitIfSyncPausedMessageProcessor.process(ProcessIfStartedWaitIfSyncPausedMessageProcessor.java:56)
	at org.mule.processor.chain.DefaultMessageProcessorChain.doProcess(DefaultMessageProcessorChain.java:72)
	at org.mule.processor.chain.AbstractMessageProcessorChain.process(AbstractMessageProcessorChain.java:89)
	at org.mule.processor.chain.InterceptingChainLifecycleWrapper.doProcess(InterceptingChainLifecycleWrapper.java:63)
	at org.mule.processor.chain.AbstractMessageProcessorChain.process(AbstractMessageProcessorChain.java:89)
	at org.mule.processor.chain.InterceptingChainLifecycleWrapper.process(InterceptingChainLifecycleWrapper.java:94)
	at org.mule.service.AbstractService$7.process(AbstractService.java:425)
	at org.mule.processor.AbstractInterceptingMessageProcessor.processNext(AbstractInterceptingMessageProcessor.java:81)
	at org.mule.service.ServiceCompositeMessageSource$1.process(ServiceCompositeMessageSource.java:124)
	at org.mule.processor.AbstractInterceptingMessageProcessor.processNext(AbstractInterceptingMessageProcessor.java:81)
	at org.mule.processor.StopFurtherMessageProcessingMessageProcessor.process(StopFurtherMessageProcessingMessageProcessor.java:23)
	at org.mule.processor.chain.DefaultMessageProcessorChain.doProcess(DefaultMessageProcessorChain.java:72)
	at org.mule.processor.chain.AbstractMessageProcessorChain.process(AbstractMessageProcessorChain.java:89)
	at org.mule.processor.chain.InterceptingChainLifecycleWrapper.doProcess(InterceptingChainLifecycleWrapper.java:63)
	at org.mule.processor.chain.AbstractMessageProcessorChain.process(AbstractMessageProcessorChain.java:89)
	at org.mule.processor.chain.InterceptingChainLifecycleWrapper.process(InterceptingChainLifecycleWrapper.java:94)
	at org.mule.source.StartableCompositeMessageSource$InternalMessageProcessor.process(StartableCompositeMessageSource.java:219)
	at org.mule.processor.chain.DefaultMessageProcessorChain.doProcess(DefaultMessageProcessorChain.java:72)
	at org.mule.processor.chain.AbstractMessageProcessorChain.process(AbstractMessageProcessorChain.java:89)
	at org.mule.processor.AbstractInterceptingMessageProcessor.processNext(AbstractInterceptingMessageProcessor.java:81)
	at org.mule.module.cxf.CxfInboundMessageProcessor.processNext(CxfInboundMessageProcessor.java:328)
	at org.mule.module.cxf.MuleInvoker.invoke(MuleInvoker.java:80)
	... 35 more
Caused by: java.net.SocketTimeoutException: Read timed out
	at java.net.SocketInputStream.socketRead0(Native Method)
	at java.net.SocketInputStream.read(SocketInputStream.java:129)
	at java.io.BufferedInputStream.fill(BufferedInputStream.java:218)
	at java.io.BufferedInputStream.read(BufferedInputStream.java:237)
	at org.apache.commons.httpclient.HttpParser.readRawLine(HttpParser.java:78)
	at org.apache.commons.httpclient.HttpParser.readLine(HttpParser.java:106)
	at org.apache.commons.httpclient.HttpConnection.readLine(HttpConnection.java:1116)
	at org.apache.commons.httpclient.MultiThreadedHttpConnectionManager$HttpConnectionAdapter.readLine(MultiThreadedHttpConnectionManager.java:1413)
	at org.apache.commons.httpclient.HttpMethodBase.readStatusLine(HttpMethodBase.java:1973)
	at org.apache.commons.httpclient.HttpMethodBase.readResponse(HttpMethodBase.java:1735)
	at org.apache.commons.httpclient.HttpMethodBase.execute(HttpMethodBase.java:1098)
	at org.apache.commons.httpclient.HttpMethodDirector.executeWithRetry(HttpMethodDirector.java:398)
	at org.apache.commons.httpclient.HttpMethodDirector.executeMethod(HttpMethodDirector.java:171)
	at org.apache.commons.httpclient.HttpClient.executeMethod(HttpClient.java:397)
	at org.apache.commons.httpclient.HttpClient.executeMethod(HttpClient.java:346)
	at org.mule.transport.http.HttpClientMessageDispatcher.execute(HttpClientMessageDispatcher.java:145)
	... 108 more
2011-03-30 23:22:45,168 INFO  org.soitoolkit.commons.mule.log.EventLogger - soi-toolkit.log
** logEvent-info.start ***********************************************************
IntegrationScenarioId=
ContractId=
LogMessage=resp-out
ServiceImpl=soaphttpToResthttpUsingJava-service
Host=10.0.1.2 (10.0.1.2)
ComponentId=d346e5ef-5b13-11e0-9319-f91662328b86
Endpoint=http://localhost:8082/requestResponseSA310/rest-teststub/sample/0
MessageId=d5d88d97-5b13-11e0-9319-f91662328b86
BusinessCorrelationId=
BusinessContextId=
ExtraInfo=
Payload=
** logEvent-info.end *************************************************************
2011-03-30 23:22:46,170 ERROR org.mule.exception.AbstractExceptionListener - Caught exception in Exception Strategy: Broken pipe
java.net.SocketException: Broken pipe
	at java.net.SocketOutputStream.socketWrite0(Native Method)
	at java.net.SocketOutputStream.socketWrite(SocketOutputStream.java:92)
	at java.net.SocketOutputStream.write(SocketOutputStream.java:136)
	at java.io.DataOutputStream.write(DataOutputStream.java:90)
	at org.apache.commons.httpclient.ChunkedOutputStream.flushCache(ChunkedOutputStream.java:99)
	at org.apache.commons.httpclient.ChunkedOutputStream.finish(ChunkedOutputStream.java:143)
	at org.mule.transport.http.HttpServerConnection.writeResponse(HttpServerConnection.java:319)
	at org.mule.transport.http.HttpMessageReceiver$HttpWorker.run(HttpMessageReceiver.java:164)
	at org.mule.work.WorkerContext.run(WorkerContext.java:309)
	at edu.emory.mathcs.backport.java.util.concurrent.ThreadPoolExecutor.runWorker(ThreadPoolExecutor.java:1061)
	at edu.emory.mathcs.backport.java.util.concurrent.ThreadPoolExecutor$Worker.run(ThreadPoolExecutor.java:575)
	at java.lang.Thread.run(Thread.java:680)
2011-03-30 23:22:47,485 INFO  org.mule.DefaultMuleContext    - 
**********************************************************************
* Mule Context shut down normally on: 2011-03-30 23:22               *
* Server was up for: 0 days, 0 hours, 0 mins, 11.872 sec             *
**********************************************************************
Tests run: 3, Failures: 0, Errors: 0, Skipped: 0, Time elapsed: 14.678 sec
Running org.soitoolkit.tool.generator.requestresponsesa310.soaphttptoresthttpusingjava.SoaphttpToResthttpUsingJavaResponseTransformerTest
Tests run: 1, Failures: 0, Errors: 0, Skipped: 0, Time elapsed: 0.004 sec
Running org.soitoolkit.tool.generator.requestresponsesa310.soaphttptosoaphttpusingjava.SoaphttpToSoaphttpUsingJavaIntegrationTest
2011-03-30 23:22:47,495 INFO  org.soitoolkit.tool.generator.requestresponsesa310.RequestResponseSA310MuleServer - URL: http://localhost:8081/requestResponseSA310/services/soaphttpToSoaphttpUsingJava/v1
2011-03-30 23:22:47,496 INFO  org.soitoolkit.commons.mule.test.AbstractTestCase - Setting test timeout to (seconds): 120
2011-03-30 23:22:47,496 INFO  org.soitoolkit.commons.mule.test.AbstractTestCase - Setting test timeout to (seconds): 120
2011-03-30 23:22:47,496 INFO  org.soitoolkit.commons.mule.test.AbstractTestCase - Setting test timeout to (seconds): 120

================================================================================
= Testing: test_ok                                                             =
================================================================================
2011-03-30 23:22:47,505 INFO  org.springframework.beans.factory.xml.XmlBeanDefinitionReader - Loading XML bean definitions from URL [jar:file:/Users/magnuslarsson/.m2/repository/org/mule/modules/mule-module-spring-config/3.1.1/mule-module-spring-config-3.1.1.jar!/mule-spring-config.xml]
2011-03-30 23:22:47,524 INFO  org.springframework.beans.factory.xml.XmlBeanDefinitionReader - Loading XML bean definitions from URL [jar:file:/Users/magnuslarsson/.m2/repository/org/mule/modules/mule-module-spring-config/3.1.1/mule-module-spring-config-3.1.1.jar!/default-mule-config.xml]
2011-03-30 23:22:47,602 INFO  org.springframework.beans.factory.xml.XmlBeanDefinitionReader - Loading XML bean definitions from URL [jar:file:/Users/magnuslarsson/.m2/repository/org/soitoolkit/commons/components/soitoolkit-commons-mule/0.4.1-SNAPSHOT/soitoolkit-commons-mule-0.4.1-SNAPSHOT.jar!/soitoolkit-mule-jms-connector-activemq-embedded.xml]
2011-03-30 23:22:47,726 INFO  org.springframework.beans.factory.xml.XmlBeanDefinitionReader - Loading XML bean definitions from class path resource [soitoolkit-mule-jms-connector-commons.xml]
2011-03-30 23:22:47,793 INFO  org.springframework.beans.factory.xml.XmlBeanDefinitionReader - Loading XML bean definitions from URL [file:/Users/magnuslarsson/Documents/temp/_plugintests/jUnitTests/requestResponseSA310/trunk/requestResponseSA310-services/target/classes/requestResponseSA310-common.xml]
2011-03-30 23:22:47,864 INFO  org.springframework.beans.factory.xml.XmlBeanDefinitionReader - Loading XML bean definitions from URL [file:/Users/magnuslarsson/Documents/temp/_plugintests/jUnitTests/requestResponseSA310/trunk/requestResponseSA310-services/target/classes/services/soaphttpToSoaphttpUsingJava-service.xml]
2011-03-30 23:22:47,989 INFO  org.springframework.beans.factory.xml.XmlBeanDefinitionReader - Loading XML bean definitions from URL [file:/Users/magnuslarsson/Documents/temp/_plugintests/jUnitTests/requestResponseSA310/trunk/requestResponseSA310-services/target/test-classes/teststub-services/soaphttpToSoaphttpUsingJava-teststub-service.xml]
2011-03-30 23:22:48,053 INFO  org.springframework.core.io.support.PropertiesLoaderSupport - Loading properties file from class path resource [requestResponseSA310-security.properties]
2011-03-30 23:22:48,054 INFO  org.springframework.core.io.support.PropertiesLoaderSupport - Loading properties file from class path resource [requestResponseSA310-config.properties]
2011-03-30 23:22:48,055 INFO  org.springframework.core.io.support.PropertiesLoaderSupport - Loading properties file from URL [file:${app.home}/requestResponseSA310/config/requestResponseSA310-security.properties]
2011-03-30 23:22:48,055 WARN  org.springframework.core.io.support.PropertiesLoaderSupport - Could not load properties from URL [file:${app.home}/requestResponseSA310/config/requestResponseSA310-security.properties]: ${app.home}/requestResponseSA310/config/requestResponseSA310-security.properties (No such file or directory)
2011-03-30 23:22:48,055 INFO  org.springframework.core.io.support.PropertiesLoaderSupport - Loading properties file from URL [file:${app.home}/requestResponseSA310/config/requestResponseSA310-config.properties]
2011-03-30 23:22:48,056 WARN  org.springframework.core.io.support.PropertiesLoaderSupport - Could not load properties from URL [file:${app.home}/requestResponseSA310/config/requestResponseSA310-config.properties]: ${app.home}/requestResponseSA310/config/requestResponseSA310-config.properties (No such file or directory)
2011-03-30 23:22:48,666 INFO  org.mule.exception.AbstractExceptionListener - Initialising exception listener: org.soitoolkit.commons.mule.error.ServiceExceptionStrategy@101575b4
2011-03-30 23:22:48,679 WARN  org.mule.context.notification.Configuration - The notification listener subscription &quot;ListenerSubscriptionPair [listener=ObjectToStringTransformer{this=2607965f, name=&apos;objToStr&apos;, ignoreBadInput=false, returnClass=SimpleDataType{type=java.lang.String, mimeType=&apos;text/plain&apos;}, sourceTypes=[SimpleDataType{type=java.lang.Object, mimeType=&apos;*/*&apos;}, SimpleDataType{type=[B, mimeType=&apos;*/*&apos;}, SimpleDataType{type=java.io.InputStream, mimeType=&apos;*/*&apos;}, SimpleDataType{type=org.mule.api.transport.OutputHandler, mimeType=&apos;*/*&apos;}]}, subscription=NULL]&quot; has already been registered
2011-03-30 23:22:48,679 WARN  org.mule.context.notification.Configuration - The notification listener subscription &quot;ListenerSubscriptionPair [listener=CreateSoapFaultIfExceptionTransformer{this=3d4c71b1, name=&apos;createSoapFaultIfException&apos;, ignoreBadInput=false, returnClass=SimpleDataType{type=java.lang.Object, mimeType=&apos;*/*&apos;}, sourceTypes=[]}, subscription=NULL]&quot; has already been registered
2011-03-30 23:22:48,727 INFO  org.mule.DefaultMuleContext    - 
**********************************************************************
* Mule ESB and Integration Platform                                  *
* Version: 3.1.1 Build: 21496                                        *
* MuleSoft, Inc.                                                     *
* For more information go to http://www.mulesoft.org                 *
*                                                                    *
* Server started: 2011-03-30 23:22                                   *
* Server ID: dc05d253-5b13-11e0-9319-f91662328b86                    *
* JDK: 1.6.0_24 (mixed mode)                                         *
* OS encoding: MacRoman, Mule encoding: UTF-8                        *
* OS: Mac OS X (10.6.7, x86_64)                                      *
* Host: MagnusMac-2.local (10.0.1.2)                                 *
* Mode: Development                                                  *
*                                                                    *
* Agents Running:                                                    *
*   JMX Agent                                                        *
**********************************************************************
2011-03-30 23:22:48,731 INFO  org.soitoolkit.commons.mule.test.AbstractJmsTestUtil - Clearing messages on queues: SOITOOLKIT.LOG.ERROR 
2011-03-30 23:22:48,917 INFO  org.soitoolkit.commons.mule.log.EventLogger - soi-toolkit.log
** logEvent-info.start ***********************************************************
IntegrationScenarioId=
ContractId=
LogMessage=req-in
ServiceImpl=soaphttpToSoaphttpUsingJava-service
Host=10.0.1.2 (10.0.1.2)
ComponentId=dc05d253-5b13-11e0-9319-f91662328b86
Endpoint=http://localhost:8081/requestResponseSA310/services/soaphttpToSoaphttpUsingJava/v1
MessageId=dcdd46cd-5b13-11e0-9319-f91662328b86
BusinessCorrelationId=
BusinessContextId=
ExtraInfo=
Payload=
** logEvent-info.end *************************************************************
2011-03-30 23:22:48,920 WARN  org.mule.context.notification.Configuration - The notification listener subscription &quot;ListenerSubscriptionPair [listener=SoaphttpToSoaphttpUsingJavaRequestTransformer{this=30097f5f, name=&apos;soaphttpToSoaphttpUsingJavaRequestTransformer&apos;, ignoreBadInput=false, returnClass=SimpleDataType{type=java.lang.Object, mimeType=&apos;*/*&apos;}, sourceTypes=[]}, subscription=NULL]&quot; has already been registered
2011-03-30 23:22:48,921 WARN  org.mule.context.notification.Configuration - The notification listener subscription &quot;ListenerSubscriptionPair [listener=SoaphttpToSoaphttpUsingJavaResponseTransformer{this=189a2557, name=&apos;soaphttpToSoaphttpUsingJavaResponseTransformer&apos;, ignoreBadInput=false, returnClass=SimpleDataType{type=java.lang.Object, mimeType=&apos;*/*&apos;}, sourceTypes=[]}, subscription=NULL]&quot; has already been registered
2011-03-30 23:22:48,954 INFO  org.soitoolkit.commons.mule.log.EventLogger - soi-toolkit.log
** logEvent-info.start ***********************************************************
IntegrationScenarioId=
ContractId=
LogMessage=req-out
ServiceImpl=soaphttpToSoaphttpUsingJava-service
Host=10.0.1.2 (10.0.1.2)
ComponentId=dc05d253-5b13-11e0-9319-f91662328b86
Endpoint=http://localhost:8082/requestResponseSA310/services/soaphttpToSoaphttpUsingJava-teststub/v1
MessageId=dcdd46cd-5b13-11e0-9319-f91662328b86
BusinessCorrelationId=
BusinessContextId=
ExtraInfo=
Payload=
** logEvent-info.end *************************************************************
2011-03-30 23:22:48,975 INFO  org.soitoolkit.tool.generator.requestresponsesa310.soaphttptosoaphttpusingjava.SoaphttpToSoaphttpUsingJavaTestProducer - SoaphttpToSoaphttpUsingJavaTestProducer received the request: org.soitoolkit.refapps.sd.sample.schema.v1.Sample@45d63c55
2011-03-30 23:22:48,987 INFO  org.soitoolkit.commons.mule.log.EventLogger - soi-toolkit.log
** logEvent-info.start ***********************************************************
IntegrationScenarioId=
ContractId=
LogMessage=resp-in
ServiceImpl=soaphttpToSoaphttpUsingJava-service
Host=10.0.1.2 (10.0.1.2)
ComponentId=dc05d253-5b13-11e0-9319-f91662328b86
Endpoint=http://localhost:8082/requestResponseSA310/services/soaphttpToSoaphttpUsingJava-teststub/v1
MessageId=dce7a718-5b13-11e0-9319-f91662328b86
BusinessCorrelationId=
BusinessContextId=
ExtraInfo=
Payload=
** logEvent-info.end *************************************************************
2011-03-30 23:22:48,994 INFO  org.soitoolkit.commons.mule.log.EventLogger - soi-toolkit.log
** logEvent-info.start ***********************************************************
IntegrationScenarioId=
ContractId=
LogMessage=resp-out
ServiceImpl=soaphttpToSoaphttpUsingJava-service
Host=10.0.1.2 (10.0.1.2)
ComponentId=dc05d253-5b13-11e0-9319-f91662328b86
Endpoint=http://localhost:8082/requestResponseSA310/services/soaphttpToSoaphttpUsingJava-teststub/v1
MessageId=dce7a718-5b13-11e0-9319-f91662328b86
BusinessCorrelationId=
BusinessContextId=
ExtraInfo=
Payload=
** logEvent-info.end *************************************************************

================================================================================
= Testing: test_fault_invalidInput                                             =
================================================================================
2011-03-30 23:22:49,002 INFO  org.soitoolkit.commons.mule.test.AbstractJmsTestUtil - Clearing messages on queues: SOITOOLKIT.LOG.ERROR 
2011-03-30 23:22:49,120 INFO  org.soitoolkit.commons.mule.log.EventLogger - soi-toolkit.log
** logEvent-info.start ***********************************************************
IntegrationScenarioId=
ContractId=
LogMessage=req-in
ServiceImpl=soaphttpToSoaphttpUsingJava-service
Host=10.0.1.2 (10.0.1.2)
ComponentId=dc05d253-5b13-11e0-9319-f91662328b86
Endpoint=http://localhost:8081/requestResponseSA310/services/soaphttpToSoaphttpUsingJava/v1
MessageId=dcfcb5c0-5b13-11e0-9319-f91662328b86
BusinessCorrelationId=
BusinessContextId=
ExtraInfo=
Payload=
** logEvent-info.end *************************************************************
2011-03-30 23:22:49,126 INFO  org.soitoolkit.commons.mule.log.EventLogger - soi-toolkit.log
** logEvent-info.start ***********************************************************
IntegrationScenarioId=
ContractId=
LogMessage=req-out
ServiceImpl=soaphttpToSoaphttpUsingJava-service
Host=10.0.1.2 (10.0.1.2)
ComponentId=dc05d253-5b13-11e0-9319-f91662328b86
Endpoint=http://localhost:8082/requestResponseSA310/services/soaphttpToSoaphttpUsingJava-teststub/v1
MessageId=dcfcb5c0-5b13-11e0-9319-f91662328b86
BusinessCorrelationId=
BusinessContextId=
ExtraInfo=
Payload=
** logEvent-info.end *************************************************************
2011-03-30 23:22:49,133 INFO  org.soitoolkit.tool.generator.requestresponsesa310.soaphttptosoaphttpusingjava.SoaphttpToSoaphttpUsingJavaTestProducer - SoaphttpToSoaphttpUsingJavaTestProducer received the request: org.soitoolkit.refapps.sd.sample.schema.v1.Sample@6bc20de3
2011-03-30 23:22:49,134 WARN  org.apache.cxf.common.logging.LogUtils - Interceptor for {http://soaphttptosoaphttpusingjava.requestresponsesa310.generator.tool.soitoolkit.org/}SoaphttpToSoaphttpUsingJavaTestProducerService#{urn:org.soitoolkit.refapps.sd.sample.wsdl:v1}sample has thrown exception, unwinding now
org.apache.cxf.interceptor.Fault: Component that caused exception is: DefaultJavaComponent{soaphttpToSoaphttpUsingJava-teststub-service.commponent}. Message payload is of type: Sample
	at org.mule.module.cxf.MuleInvoker.invoke(MuleInvoker.java:85)
	at org.mule.module.cxf.MuleJAXWSInvoker.invoke(MuleJAXWSInvoker.java:47)
	at org.apache.cxf.service.invoker.AbstractInvoker.invoke(AbstractInvoker.java:75)
	at org.apache.cxf.interceptor.ServiceInvokerInterceptor$1.run(ServiceInvokerInterceptor.java:58)
	at java.util.concurrent.Executors$RunnableAdapter.call(Executors.java:441)
	at java.util.concurrent.FutureTask$Sync.innerRun(FutureTask.java:303)
	at java.util.concurrent.FutureTask.run(FutureTask.java:138)
	at org.apache.cxf.workqueue.SynchronousExecutor.execute(SynchronousExecutor.java:37)
	at org.apache.cxf.interceptor.ServiceInvokerInterceptor.handleMessage(ServiceInvokerInterceptor.java:106)
	at org.apache.cxf.phase.PhaseInterceptorChain.doIntercept(PhaseInterceptorChain.java:255)
	at org.apache.cxf.transport.ChainInitiationObserver.onMessage(ChainInitiationObserver.java:113)
	at org.mule.module.cxf.CxfInboundMessageProcessor.sendToDestination(CxfInboundMessageProcessor.java:288)
	at org.mule.module.cxf.CxfInboundMessageProcessor.process(CxfInboundMessageProcessor.java:129)
	at org.mule.processor.chain.DefaultMessageProcessorChain.doProcess(DefaultMessageProcessorChain.java:72)
	at org.mule.processor.chain.AbstractMessageProcessorChain.process(AbstractMessageProcessorChain.java:89)
	at org.mule.processor.AbstractInterceptingMessageProcessor.processNext(AbstractInterceptingMessageProcessor.java:81)
	at org.mule.interceptor.AbstractEnvelopeInterceptor.process(AbstractEnvelopeInterceptor.java:55)
	at org.mule.processor.AbstractInterceptingMessageProcessor.processNext(AbstractInterceptingMessageProcessor.java:81)
	at org.mule.interceptor.AbstractEnvelopeInterceptor.process(AbstractEnvelopeInterceptor.java:55)
	at org.mule.processor.chain.DefaultMessageProcessorChain.doProcess(DefaultMessageProcessorChain.java:72)
	at org.mule.processor.chain.AbstractMessageProcessorChain.process(AbstractMessageProcessorChain.java:89)
	at org.mule.processor.chain.InterceptingChainLifecycleWrapper.doProcess(InterceptingChainLifecycleWrapper.java:63)
	at org.mule.processor.chain.AbstractMessageProcessorChain.process(AbstractMessageProcessorChain.java:89)
	at org.mule.processor.chain.InterceptingChainLifecycleWrapper.process(InterceptingChainLifecycleWrapper.java:94)
	at org.mule.construct.AbstractFlowConstruct$1$1.process(AbstractFlowConstruct.java:107)
	at org.mule.processor.chain.DefaultMessageProcessorChain.doProcess(DefaultMessageProcessorChain.java:72)
	at org.mule.processor.chain.AbstractMessageProcessorChain.process(AbstractMessageProcessorChain.java:89)
	at org.mule.processor.AbstractInterceptingMessageProcessor.processNext(AbstractInterceptingMessageProcessor.java:81)
	at org.mule.processor.ExceptionHandlingMessageProcessor.process(ExceptionHandlingMessageProcessor.java:25)
	at org.mule.processor.chain.DefaultMessageProcessorChain.doProcess(DefaultMessageProcessorChain.java:72)
	at org.mule.processor.chain.AbstractMessageProcessorChain.process(AbstractMessageProcessorChain.java:89)
	at org.mule.processor.chain.InterceptingChainLifecycleWrapper.doProcess(InterceptingChainLifecycleWrapper.java:63)
	at org.mule.processor.chain.AbstractMessageProcessorChain.process(AbstractMessageProcessorChain.java:89)
	at org.mule.processor.chain.InterceptingChainLifecycleWrapper.process(InterceptingChainLifecycleWrapper.java:94)
	at org.mule.processor.chain.DefaultMessageProcessorChain.doProcess(DefaultMessageProcessorChain.java:72)
	at org.mule.processor.chain.AbstractMessageProcessorChain.process(AbstractMessageProcessorChain.java:89)
	at org.mule.processor.chain.InterceptingChainLifecycleWrapper.doProcess(InterceptingChainLifecycleWrapper.java:63)
	at org.mule.processor.chain.AbstractMessageProcessorChain.process(AbstractMessageProcessorChain.java:89)
	at org.mule.processor.chain.InterceptingChainLifecycleWrapper.process(InterceptingChainLifecycleWrapper.java:94)
	at org.mule.transport.AbstractMessageReceiver.routeMessage(AbstractMessageReceiver.java:185)
	at org.mule.transport.AbstractMessageReceiver.routeMessage(AbstractMessageReceiver.java:158)
	at org.mule.transport.AbstractMessageReceiver.routeMessage(AbstractMessageReceiver.java:145)
	at org.mule.transport.http.HttpMessageReceiver$HttpWorker.doRequest(HttpMessageReceiver.java:247)
	at org.mule.transport.http.HttpMessageReceiver$HttpWorker.processRequest(HttpMessageReceiver.java:206)
	at org.mule.transport.http.HttpMessageReceiver$HttpWorker.run(HttpMessageReceiver.java:164)
	at org.mule.work.WorkerContext.run(WorkerContext.java:309)
	at edu.emory.mathcs.backport.java.util.concurrent.ThreadPoolExecutor.runWorker(ThreadPoolExecutor.java:1061)
	at edu.emory.mathcs.backport.java.util.concurrent.ThreadPoolExecutor$Worker.run(ThreadPoolExecutor.java:575)
	at java.lang.Thread.run(Thread.java:680)
Caused by: org.mule.component.ComponentException: Component that caused exception is: DefaultJavaComponent{soaphttpToSoaphttpUsingJava-teststub-service.commponent}. Message payload is of type: Sample
	at org.mule.component.DefaultComponentLifecycleAdapter.invoke(DefaultComponentLifecycleAdapter.java:359)
	at org.mule.component.AbstractJavaComponent.invokeComponentInstance(AbstractJavaComponent.java:86)
	at org.mule.component.AbstractJavaComponent.doInvoke(AbstractJavaComponent.java:77)
	at org.mule.component.AbstractComponent.invokeInternal(AbstractComponent.java:120)
	at org.mule.component.AbstractComponent.access$000(AbstractComponent.java:56)
	at org.mule.component.AbstractComponent$1$1.process(AbstractComponent.java:234)
	at org.mule.processor.chain.DefaultMessageProcessorChain.doProcess(DefaultMessageProcessorChain.java:72)
	at org.mule.processor.chain.AbstractMessageProcessorChain.process(AbstractMessageProcessorChain.java:89)
	at org.mule.processor.chain.InterceptingChainLifecycleWrapper.doProcess(InterceptingChainLifecycleWrapper.java:63)
	at org.mule.processor.chain.AbstractMessageProcessorChain.process(AbstractMessageProcessorChain.java:89)
	at org.mule.processor.chain.InterceptingChainLifecycleWrapper.process(InterceptingChainLifecycleWrapper.java:94)
	at org.mule.component.AbstractComponent.process(AbstractComponent.java:154)
	at org.mule.processor.AbstractInterceptingMessageProcessor.processNext(AbstractInterceptingMessageProcessor.java:81)
	at org.mule.module.cxf.CxfInboundMessageProcessor.processNext(CxfInboundMessageProcessor.java:328)
	at org.mule.module.cxf.MuleInvoker.invoke(MuleInvoker.java:80)
	... 48 more
Caused by: org.soitoolkit.refapps.sd.sample.wsdl.v1.Fault: Invalid Id: -1
	at org.soitoolkit.tool.generator.requestresponsesa310.soaphttptosoaphttpusingjava.SoaphttpToSoaphttpUsingJavaTestProducer.sample(SoaphttpToSoaphttpUsingJavaTestProducer.java:37)
	at sun.reflect.NativeMethodAccessorImpl.invoke0(Native Method)
	at sun.reflect.NativeMethodAccessorImpl.invoke(NativeMethodAccessorImpl.java:39)
	at sun.reflect.DelegatingMethodAccessorImpl.invoke(DelegatingMethodAccessorImpl.java:25)
	at java.lang.reflect.Method.invoke(Method.java:597)
	at org.mule.model.resolvers.AbstractEntryPointResolver.invokeMethod(AbstractEntryPointResolver.java:151)
	at org.mule.model.resolvers.MethodHeaderPropertyEntryPointResolver.invoke(MethodHeaderPropertyEntryPointResolver.java:112)
	at org.mule.model.resolvers.DefaultEntryPointResolverSet.invoke(DefaultEntryPointResolverSet.java:39)
	at org.mule.component.DefaultComponentLifecycleAdapter.invoke(DefaultComponentLifecycleAdapter.java:350)
	... 62 more
2011-03-30 23:22:49,155 WARN  org.apache.cxf.common.logging.LogUtils - Application {urn:org.soitoolkit.refapps.sd.sample.wsdl:v1}sampleService has thrown exception, unwinding now
org.apache.cxf.interceptor.Fault: Invalid status code: 500
	at org.mule.module.cxf.MuleInvoker.invoke(MuleInvoker.java:118)
	at org.apache.cxf.interceptor.ServiceInvokerInterceptor$1.run(ServiceInvokerInterceptor.java:58)
	at java.util.concurrent.Executors$RunnableAdapter.call(Executors.java:441)
	at java.util.concurrent.FutureTask$Sync.innerRun(FutureTask.java:303)
	at java.util.concurrent.FutureTask.run(FutureTask.java:138)
	at org.apache.cxf.workqueue.SynchronousExecutor.execute(SynchronousExecutor.java:37)
	at org.apache.cxf.interceptor.ServiceInvokerInterceptor.handleMessage(ServiceInvokerInterceptor.java:106)
	at org.apache.cxf.phase.PhaseInterceptorChain.doIntercept(PhaseInterceptorChain.java:255)
	at org.apache.cxf.transport.ChainInitiationObserver.onMessage(ChainInitiationObserver.java:113)
	at org.mule.module.cxf.CxfInboundMessageProcessor.sendToDestination(CxfInboundMessageProcessor.java:288)
	at org.mule.module.cxf.CxfInboundMessageProcessor.process(CxfInboundMessageProcessor.java:129)
	at org.mule.module.cxf.config.FlowConfiguringMessageProcessor.process(FlowConfiguringMessageProcessor.java:50)
	at org.mule.processor.chain.DefaultMessageProcessorChain.doProcess(DefaultMessageProcessorChain.java:72)
	at org.mule.processor.chain.AbstractMessageProcessorChain.process(AbstractMessageProcessorChain.java:89)
	at org.mule.processor.AbstractInterceptingMessageProcessor.processNext(AbstractInterceptingMessageProcessor.java:81)
	at org.mule.processor.ExceptionHandlingMessageProcessor.process(ExceptionHandlingMessageProcessor.java:25)
	at org.mule.processor.chain.DefaultMessageProcessorChain.doProcess(DefaultMessageProcessorChain.java:72)
	at org.mule.processor.chain.AbstractMessageProcessorChain.process(AbstractMessageProcessorChain.java:89)
	at org.mule.processor.chain.InterceptingChainLifecycleWrapper.doProcess(InterceptingChainLifecycleWrapper.java:63)
	at org.mule.processor.chain.AbstractMessageProcessorChain.process(AbstractMessageProcessorChain.java:89)
	at org.mule.processor.chain.InterceptingChainLifecycleWrapper.process(InterceptingChainLifecycleWrapper.java:94)
	at org.mule.processor.chain.DefaultMessageProcessorChain.doProcess(DefaultMessageProcessorChain.java:72)
	at org.mule.processor.chain.AbstractMessageProcessorChain.process(AbstractMessageProcessorChain.java:89)
	at org.mule.processor.chain.InterceptingChainLifecycleWrapper.doProcess(InterceptingChainLifecycleWrapper.java:63)
	at org.mule.processor.chain.AbstractMessageProcessorChain.process(AbstractMessageProcessorChain.java:89)
	at org.mule.processor.chain.InterceptingChainLifecycleWrapper.process(InterceptingChainLifecycleWrapper.java:94)
	at org.mule.transport.AbstractMessageReceiver.routeMessage(AbstractMessageReceiver.java:185)
	at org.mule.transport.AbstractMessageReceiver.routeMessage(AbstractMessageReceiver.java:158)
	at org.mule.transport.AbstractMessageReceiver.routeMessage(AbstractMessageReceiver.java:145)
	at org.mule.transport.http.HttpMessageReceiver$HttpWorker.doRequest(HttpMessageReceiver.java:247)
	at org.mule.transport.http.HttpMessageReceiver$HttpWorker.processRequest(HttpMessageReceiver.java:206)
	at org.mule.transport.http.HttpMessageReceiver$HttpWorker.run(HttpMessageReceiver.java:164)
	at org.mule.work.WorkerContext.run(WorkerContext.java:309)
	at edu.emory.mathcs.backport.java.util.concurrent.ThreadPoolExecutor.runWorker(ThreadPoolExecutor.java:1061)
	at edu.emory.mathcs.backport.java.util.concurrent.ThreadPoolExecutor$Worker.run(ThreadPoolExecutor.java:575)
	at java.lang.Thread.run(Thread.java:680)
Caused by: org.apache.commons.httpclient.HttpException: Invalid status code: 500
	at org.mule.module.cxf.CxfOutboundMessageProcessor.buildResponseMessage(CxfOutboundMessageProcessor.java:414)
	at org.mule.module.cxf.CxfOutboundMessageProcessor.doSendWithClient(CxfOutboundMessageProcessor.java:236)
	at org.mule.module.cxf.CxfOutboundMessageProcessor.process(CxfOutboundMessageProcessor.java:127)
	at org.mule.processor.chain.DefaultMessageProcessorChain.doProcess(DefaultMessageProcessorChain.java:72)
	at org.mule.processor.chain.AbstractMessageProcessorChain.process(AbstractMessageProcessorChain.java:89)
	at org.mule.processor.AbstractInterceptingMessageProcessor.processNext(AbstractInterceptingMessageProcessor.java:81)
	at org.mule.endpoint.outbound.OutboundResponsePropertiesMessageProcessor.process(OutboundResponsePropertiesMessageProcessor.java:39)
	at org.mule.processor.chain.DefaultMessageProcessorChain.doProcess(DefaultMessageProcessorChain.java:72)
	at org.mule.processor.chain.AbstractMessageProcessorChain.process(AbstractMessageProcessorChain.java:89)
	at org.mule.processor.AbstractInterceptingMessageProcessor.processNext(AbstractInterceptingMessageProcessor.java:81)
	at org.mule.processor.TransactionalInterceptingMessageProcessor$1.doInTransaction(TransactionalInterceptingMessageProcessor.java:49)
	at org.mule.processor.TransactionalInterceptingMessageProcessor$1.doInTransaction(TransactionalInterceptingMessageProcessor.java:46)
	at org.mule.transaction.TransactionTemplate.execute(TransactionTemplate.java:110)
	at org.mule.processor.TransactionalInterceptingMessageProcessor.process(TransactionalInterceptingMessageProcessor.java:55)
	at org.mule.processor.AbstractInterceptingMessageProcessor.processNext(AbstractInterceptingMessageProcessor.java:81)
	at org.mule.processor.AbstractFilteringMessageProcessor.process(AbstractFilteringMessageProcessor.java:41)
	at org.mule.processor.chain.DefaultMessageProcessorChain.doProcess(DefaultMessageProcessorChain.java:72)
	at org.mule.processor.chain.AbstractMessageProcessorChain.process(AbstractMessageProcessorChain.java:89)
	at org.mule.processor.chain.InterceptingChainLifecycleWrapper.doProcess(InterceptingChainLifecycleWrapper.java:63)
	at org.mule.processor.chain.AbstractMessageProcessorChain.process(AbstractMessageProcessorChain.java:89)
	at org.mule.processor.chain.InterceptingChainLifecycleWrapper.process(InterceptingChainLifecycleWrapper.java:94)
	at org.mule.processor.chain.DefaultMessageProcessorChain.doProcess(DefaultMessageProcessorChain.java:72)
	at org.mule.processor.chain.AbstractMessageProcessorChain.process(AbstractMessageProcessorChain.java:89)
	at org.mule.processor.chain.InterceptingChainLifecycleWrapper.doProcess(InterceptingChainLifecycleWrapper.java:63)
	at org.mule.processor.chain.AbstractMessageProcessorChain.process(AbstractMessageProcessorChain.java:89)
	at org.mule.processor.chain.InterceptingChainLifecycleWrapper.process(InterceptingChainLifecycleWrapper.java:94)
	at org.mule.endpoint.DefaultOutboundEndpoint.process(DefaultOutboundEndpoint.java:97)
	at org.mule.routing.outbound.AbstractOutboundRouter.sendRequestEvent(AbstractOutboundRouter.java:462)
	at org.mule.routing.outbound.AbstractOutboundRouter.sendRequest(AbstractOutboundRouter.java:168)
	at org.mule.routing.outbound.FilteringOutboundRouter.route(FilteringOutboundRouter.java:80)
	at org.mule.routing.outbound.OutboundPassThroughRouter.route(OutboundPassThroughRouter.java:71)
	at org.mule.routing.outbound.AbstractOutboundRouter$1.doInTransaction(AbstractOutboundRouter.java:103)
	at org.mule.routing.outbound.AbstractOutboundRouter$1.doInTransaction(AbstractOutboundRouter.java:100)
	at org.mule.transaction.TransactionTemplate.execute(TransactionTemplate.java:43)
	at org.mule.routing.outbound.AbstractOutboundRouter.process(AbstractOutboundRouter.java:108)
	at org.mule.routing.outbound.DefaultOutboundRouterCollection.process(DefaultOutboundRouterCollection.java:104)
	at org.mule.processor.chain.DefaultMessageProcessorChain.doProcess(DefaultMessageProcessorChain.java:72)
	at org.mule.processor.chain.AbstractMessageProcessorChain.process(AbstractMessageProcessorChain.java:89)
	at org.mule.processor.AbstractInterceptingMessageProcessor.processNext(AbstractInterceptingMessageProcessor.java:81)
	at org.mule.service.processor.ServiceOutboundMessageProcessor.process(ServiceOutboundMessageProcessor.java:71)
	at org.mule.processor.AbstractInterceptingMessageProcessor.processNext(AbstractInterceptingMessageProcessor.java:81)
	at org.mule.service.processor.ServiceInternalMessageProcessor.process(ServiceInternalMessageProcessor.java:57)
	at org.mule.processor.AbstractInterceptingMessageProcessor.processNext(AbstractInterceptingMessageProcessor.java:81)
	at org.mule.processor.AsyncInterceptingMessageProcessor.process(AsyncInterceptingMessageProcessor.java:101)
	at org.mule.processor.chain.DefaultMessageProcessorChain.doProcess(DefaultMessageProcessorChain.java:72)
	at org.mule.processor.chain.AbstractMessageProcessorChain.process(AbstractMessageProcessorChain.java:89)
	at org.mule.processor.AbstractInterceptingMessageProcessor.processNext(AbstractInterceptingMessageProcessor.java:81)
	at org.mule.interceptor.AbstractEnvelopeInterceptor.process(AbstractEnvelopeInterceptor.java:55)
	at org.mule.processor.AbstractInterceptingMessageProcessor.processNext(AbstractInterceptingMessageProcessor.java:81)
	at org.mule.lifecycle.processor.ProcessIfStartedWaitIfSyncPausedMessageProcessor.process(ProcessIfStartedWaitIfSyncPausedMessageProcessor.java:56)
	at org.mule.processor.chain.DefaultMessageProcessorChain.doProcess(DefaultMessageProcessorChain.java:72)
	at org.mule.processor.chain.AbstractMessageProcessorChain.process(AbstractMessageProcessorChain.java:89)
	at org.mule.processor.chain.InterceptingChainLifecycleWrapper.doProcess(InterceptingChainLifecycleWrapper.java:63)
	at org.mule.processor.chain.AbstractMessageProcessorChain.process(AbstractMessageProcessorChain.java:89)
	at org.mule.processor.chain.InterceptingChainLifecycleWrapper.process(InterceptingChainLifecycleWrapper.java:94)
	at org.mule.service.AbstractService$7.process(AbstractService.java:425)
	at org.mule.processor.AbstractInterceptingMessageProcessor.processNext(AbstractInterceptingMessageProcessor.java:81)
	at org.mule.service.ServiceCompositeMessageSource$1.process(ServiceCompositeMessageSource.java:124)
	at org.mule.processor.AbstractInterceptingMessageProcessor.processNext(AbstractInterceptingMessageProcessor.java:81)
	at org.mule.processor.StopFurtherMessageProcessingMessageProcessor.process(StopFurtherMessageProcessingMessageProcessor.java:23)
	at org.mule.processor.chain.DefaultMessageProcessorChain.doProcess(DefaultMessageProcessorChain.java:72)
	at org.mule.processor.chain.AbstractMessageProcessorChain.process(AbstractMessageProcessorChain.java:89)
	at org.mule.processor.chain.InterceptingChainLifecycleWrapper.doProcess(InterceptingChainLifecycleWrapper.java:63)
	at org.mule.processor.chain.AbstractMessageProcessorChain.process(AbstractMessageProcessorChain.java:89)
	at org.mule.processor.chain.InterceptingChainLifecycleWrapper.process(InterceptingChainLifecycleWrapper.java:94)
	at org.mule.source.StartableCompositeMessageSource$InternalMessageProcessor.process(StartableCompositeMessageSource.java:219)
	at org.mule.processor.chain.DefaultMessageProcessorChain.doProcess(DefaultMessageProcessorChain.java:72)
	at org.mule.processor.chain.AbstractMessageProcessorChain.process(AbstractMessageProcessorChain.java:89)
	at org.mule.processor.AbstractInterceptingMessageProcessor.processNext(AbstractInterceptingMessageProcessor.java:81)
	at org.mule.module.cxf.CxfInboundMessageProcessor.processNext(CxfInboundMessageProcessor.java:328)
	at org.mule.module.cxf.MuleInvoker.invoke(MuleInvoker.java:80)
	... 35 more
2011-03-30 23:22:49,160 INFO  org.soitoolkit.commons.mule.log.EventLogger - soi-toolkit.log
** logEvent-info.start ***********************************************************
IntegrationScenarioId=
ContractId=
LogMessage=resp-out
ServiceImpl=soaphttpToSoaphttpUsingJava-service
Host=10.0.1.2 (10.0.1.2)
ComponentId=dc05d253-5b13-11e0-9319-f91662328b86
Endpoint=http://localhost:8082/requestResponseSA310/services/soaphttpToSoaphttpUsingJava-teststub/v1
MessageId=dd00112b-5b13-11e0-9319-f91662328b86
BusinessCorrelationId=
BusinessContextId=
ExtraInfo=
Payload=
** logEvent-info.end *************************************************************

================================================================================
= Testing: test_fault_timeout                                                  =
================================================================================
2011-03-30 23:22:49,169 INFO  org.soitoolkit.commons.mule.test.AbstractJmsTestUtil - Clearing messages on queues: SOITOOLKIT.LOG.ERROR 
2011-03-30 23:22:49,286 INFO  org.soitoolkit.commons.mule.log.EventLogger - soi-toolkit.log
** logEvent-info.start ***********************************************************
IntegrationScenarioId=
ContractId=
LogMessage=req-in
ServiceImpl=soaphttpToSoaphttpUsingJava-service
Host=10.0.1.2 (10.0.1.2)
ComponentId=dc05d253-5b13-11e0-9319-f91662328b86
Endpoint=http://localhost:8081/requestResponseSA310/services/soaphttpToSoaphttpUsingJava/v1
MessageId=dd160933-5b13-11e0-9319-f91662328b86
BusinessCorrelationId=
BusinessContextId=
ExtraInfo=
Payload=
** logEvent-info.end *************************************************************
2011-03-30 23:22:49,291 INFO  org.soitoolkit.commons.mule.log.EventLogger - soi-toolkit.log
** logEvent-info.start ***********************************************************
IntegrationScenarioId=
ContractId=
LogMessage=req-out
ServiceImpl=soaphttpToSoaphttpUsingJava-service
Host=10.0.1.2 (10.0.1.2)
ComponentId=dc05d253-5b13-11e0-9319-f91662328b86
Endpoint=http://localhost:8082/requestResponseSA310/services/soaphttpToSoaphttpUsingJava-teststub/v1
MessageId=dd160933-5b13-11e0-9319-f91662328b86
BusinessCorrelationId=
BusinessContextId=
ExtraInfo=
Payload=
** logEvent-info.end *************************************************************
2011-03-30 23:22:49,298 INFO  org.soitoolkit.tool.generator.requestresponsesa310.soaphttptosoaphttpusingjava.SoaphttpToSoaphttpUsingJavaTestProducer - SoaphttpToSoaphttpUsingJavaTestProducer received the request: org.soitoolkit.refapps.sd.sample.schema.v1.Sample@153043cc
2011-03-30 23:22:57,296 WARN  org.apache.cxf.common.logging.LogUtils - Interceptor for {http://support.cxf.module.mule.org/}ProxyService#{http://support.cxf.module.mule.org/}invoke has thrown exception, unwinding now
org.apache.cxf.interceptor.Fault: Could not send message to Mule.
	at org.mule.module.cxf.transport.MuleUniversalConduit$2.handleMessage(MuleUniversalConduit.java:196)
	at org.apache.cxf.phase.PhaseInterceptorChain.doIntercept(PhaseInterceptorChain.java:255)
	at org.apache.cxf.endpoint.ClientImpl.invoke(ClientImpl.java:516)
	at org.apache.cxf.endpoint.ClientImpl.invoke(ClientImpl.java:322)
	at org.mule.module.cxf.CxfOutboundMessageProcessor.doSendWithClient(CxfOutboundMessageProcessor.java:234)
	at org.mule.module.cxf.CxfOutboundMessageProcessor.process(CxfOutboundMessageProcessor.java:127)
	at org.mule.processor.chain.DefaultMessageProcessorChain.doProcess(DefaultMessageProcessorChain.java:72)
	at org.mule.processor.chain.AbstractMessageProcessorChain.process(AbstractMessageProcessorChain.java:89)
	at org.mule.processor.AbstractInterceptingMessageProcessor.processNext(AbstractInterceptingMessageProcessor.java:81)
	at org.mule.endpoint.outbound.OutboundResponsePropertiesMessageProcessor.process(OutboundResponsePropertiesMessageProcessor.java:39)
	at org.mule.processor.chain.DefaultMessageProcessorChain.doProcess(DefaultMessageProcessorChain.java:72)
	at org.mule.processor.chain.AbstractMessageProcessorChain.process(AbstractMessageProcessorChain.java:89)
	at org.mule.processor.AbstractInterceptingMessageProcessor.processNext(AbstractInterceptingMessageProcessor.java:81)
	at org.mule.processor.TransactionalInterceptingMessageProcessor$1.doInTransaction(TransactionalInterceptingMessageProcessor.java:49)
	at org.mule.processor.TransactionalInterceptingMessageProcessor$1.doInTransaction(TransactionalInterceptingMessageProcessor.java:46)
	at org.mule.transaction.TransactionTemplate.execute(TransactionTemplate.java:110)
	at org.mule.processor.TransactionalInterceptingMessageProcessor.process(TransactionalInterceptingMessageProcessor.java:55)
	at org.mule.processor.AbstractInterceptingMessageProcessor.processNext(AbstractInterceptingMessageProcessor.java:81)
	at org.mule.processor.AbstractFilteringMessageProcessor.process(AbstractFilteringMessageProcessor.java:41)
	at org.mule.processor.chain.DefaultMessageProcessorChain.doProcess(DefaultMessageProcessorChain.java:72)
	at org.mule.processor.chain.AbstractMessageProcessorChain.process(AbstractMessageProcessorChain.java:89)
	at org.mule.processor.chain.InterceptingChainLifecycleWrapper.doProcess(InterceptingChainLifecycleWrapper.java:63)
	at org.mule.processor.chain.AbstractMessageProcessorChain.process(AbstractMessageProcessorChain.java:89)
	at org.mule.processor.chain.InterceptingChainLifecycleWrapper.process(InterceptingChainLifecycleWrapper.java:94)
	at org.mule.processor.chain.DefaultMessageProcessorChain.doProcess(DefaultMessageProcessorChain.java:72)
	at org.mule.processor.chain.AbstractMessageProcessorChain.process(AbstractMessageProcessorChain.java:89)
	at org.mule.processor.chain.InterceptingChainLifecycleWrapper.doProcess(InterceptingChainLifecycleWrapper.java:63)
	at org.mule.processor.chain.AbstractMessageProcessorChain.process(AbstractMessageProcessorChain.java:89)
	at org.mule.processor.chain.InterceptingChainLifecycleWrapper.process(InterceptingChainLifecycleWrapper.java:94)
	at org.mule.endpoint.DefaultOutboundEndpoint.process(DefaultOutboundEndpoint.java:97)
	at org.mule.routing.outbound.AbstractOutboundRouter.sendRequestEvent(AbstractOutboundRouter.java:462)
	at org.mule.routing.outbound.AbstractOutboundRouter.sendRequest(AbstractOutboundRouter.java:168)
	at org.mule.routing.outbound.FilteringOutboundRouter.route(FilteringOutboundRouter.java:80)
	at org.mule.routing.outbound.OutboundPassThroughRouter.route(OutboundPassThroughRouter.java:71)
	at org.mule.routing.outbound.AbstractOutboundRouter$1.doInTransaction(AbstractOutboundRouter.java:103)
	at org.mule.routing.outbound.AbstractOutboundRouter$1.doInTransaction(AbstractOutboundRouter.java:100)
	at org.mule.transaction.TransactionTemplate.execute(TransactionTemplate.java:43)
	at org.mule.routing.outbound.AbstractOutboundRouter.process(AbstractOutboundRouter.java:108)
	at org.mule.routing.outbound.DefaultOutboundRouterCollection.process(DefaultOutboundRouterCollection.java:104)
	at org.mule.processor.chain.DefaultMessageProcessorChain.doProcess(DefaultMessageProcessorChain.java:72)
	at org.mule.processor.chain.AbstractMessageProcessorChain.process(AbstractMessageProcessorChain.java:89)
	at org.mule.processor.AbstractInterceptingMessageProcessor.processNext(AbstractInterceptingMessageProcessor.java:81)
	at org.mule.service.processor.ServiceOutboundMessageProcessor.process(ServiceOutboundMessageProcessor.java:71)
	at org.mule.processor.AbstractInterceptingMessageProcessor.processNext(AbstractInterceptingMessageProcessor.java:81)
	at org.mule.service.processor.ServiceInternalMessageProcessor.process(ServiceInternalMessageProcessor.java:57)
	at org.mule.processor.AbstractInterceptingMessageProcessor.processNext(AbstractInterceptingMessageProcessor.java:81)
	at org.mule.processor.AsyncInterceptingMessageProcessor.process(AsyncInterceptingMessageProcessor.java:101)
	at org.mule.processor.chain.DefaultMessageProcessorChain.doProcess(DefaultMessageProcessorChain.java:72)
	at org.mule.processor.chain.AbstractMessageProcessorChain.process(AbstractMessageProcessorChain.java:89)
	at org.mule.processor.AbstractInterceptingMessageProcessor.processNext(AbstractInterceptingMessageProcessor.java:81)
	at org.mule.interceptor.AbstractEnvelopeInterceptor.process(AbstractEnvelopeInterceptor.java:55)
	at org.mule.processor.AbstractInterceptingMessageProcessor.processNext(AbstractInterceptingMessageProcessor.java:81)
	at org.mule.lifecycle.processor.ProcessIfStartedWaitIfSyncPausedMessageProcessor.process(ProcessIfStartedWaitIfSyncPausedMessageProcessor.java:56)
	at org.mule.processor.chain.DefaultMessageProcessorChain.doProcess(DefaultMessageProcessorChain.java:72)
	at org.mule.processor.chain.AbstractMessageProcessorChain.process(AbstractMessageProcessorChain.java:89)
	at org.mule.processor.chain.InterceptingChainLifecycleWrapper.doProcess(InterceptingChainLifecycleWrapper.java:63)
	at org.mule.processor.chain.AbstractMessageProcessorChain.process(AbstractMessageProcessorChain.java:89)
	at org.mule.processor.chain.InterceptingChainLifecycleWrapper.process(InterceptingChainLifecycleWrapper.java:94)
	at org.mule.service.AbstractService$7.process(AbstractService.java:425)
	at org.mule.processor.AbstractInterceptingMessageProcessor.processNext(AbstractInterceptingMessageProcessor.java:81)
	at org.mule.service.ServiceCompositeMessageSource$1.process(ServiceCompositeMessageSource.java:124)
	at org.mule.processor.AbstractInterceptingMessageProcessor.processNext(AbstractInterceptingMessageProcessor.java:81)
	at org.mule.processor.StopFurtherMessageProcessingMessageProcessor.process(StopFurtherMessageProcessingMessageProcessor.java:23)
	at org.mule.processor.chain.DefaultMessageProcessorChain.doProcess(DefaultMessageProcessorChain.java:72)
	at org.mule.processor.chain.AbstractMessageProcessorChain.process(AbstractMessageProcessorChain.java:89)
	at org.mule.processor.chain.InterceptingChainLifecycleWrapper.doProcess(InterceptingChainLifecycleWrapper.java:63)
	at org.mule.processor.chain.AbstractMessageProcessorChain.process(AbstractMessageProcessorChain.java:89)
	at org.mule.processor.chain.InterceptingChainLifecycleWrapper.process(InterceptingChainLifecycleWrapper.java:94)
	at org.mule.source.StartableCompositeMessageSource$InternalMessageProcessor.process(StartableCompositeMessageSource.java:219)
	at org.mule.processor.chain.DefaultMessageProcessorChain.doProcess(DefaultMessageProcessorChain.java:72)
	at org.mule.processor.chain.AbstractMessageProcessorChain.process(AbstractMessageProcessorChain.java:89)
	at org.mule.processor.AbstractInterceptingMessageProcessor.processNext(AbstractInterceptingMessageProcessor.java:81)
	at org.mule.module.cxf.CxfInboundMessageProcessor.processNext(CxfInboundMessageProcessor.java:328)
	at org.mule.module.cxf.MuleInvoker.invoke(MuleInvoker.java:80)
	at org.apache.cxf.interceptor.ServiceInvokerInterceptor$1.run(ServiceInvokerInterceptor.java:58)
	at java.util.concurrent.Executors$RunnableAdapter.call(Executors.java:441)
	at java.util.concurrent.FutureTask$Sync.innerRun(FutureTask.java:303)
	at java.util.concurrent.FutureTask.run(FutureTask.java:138)
	at org.apache.cxf.workqueue.SynchronousExecutor.execute(SynchronousExecutor.java:37)
	at org.apache.cxf.interceptor.ServiceInvokerInterceptor.handleMessage(ServiceInvokerInterceptor.java:106)
	at org.apache.cxf.phase.PhaseInterceptorChain.doIntercept(PhaseInterceptorChain.java:255)
	at org.apache.cxf.transport.ChainInitiationObserver.onMessage(ChainInitiationObserver.java:113)
	at org.mule.module.cxf.CxfInboundMessageProcessor.sendToDestination(CxfInboundMessageProcessor.java:288)
	at org.mule.module.cxf.CxfInboundMessageProcessor.process(CxfInboundMessageProcessor.java:129)
	at org.mule.module.cxf.config.FlowConfiguringMessageProcessor.process(FlowConfiguringMessageProcessor.java:50)
	at org.mule.processor.chain.DefaultMessageProcessorChain.doProcess(DefaultMessageProcessorChain.java:72)
	at org.mule.processor.chain.AbstractMessageProcessorChain.process(AbstractMessageProcessorChain.java:89)
	at org.mule.processor.AbstractInterceptingMessageProcessor.processNext(AbstractInterceptingMessageProcessor.java:81)
	at org.mule.processor.ExceptionHandlingMessageProcessor.process(ExceptionHandlingMessageProcessor.java:25)
	at org.mule.processor.chain.DefaultMessageProcessorChain.doProcess(DefaultMessageProcessorChain.java:72)
	at org.mule.processor.chain.AbstractMessageProcessorChain.process(AbstractMessageProcessorChain.java:89)
	at org.mule.processor.chain.InterceptingChainLifecycleWrapper.doProcess(InterceptingChainLifecycleWrapper.java:63)
	at org.mule.processor.chain.AbstractMessageProcessorChain.process(AbstractMessageProcessorChain.java:89)
	at org.mule.processor.chain.InterceptingChainLifecycleWrapper.process(InterceptingChainLifecycleWrapper.java:94)
	at org.mule.processor.chain.DefaultMessageProcessorChain.doProcess(DefaultMessageProcessorChain.java:72)
	at org.mule.processor.chain.AbstractMessageProcessorChain.process(AbstractMessageProcessorChain.java:89)
	at org.mule.processor.chain.InterceptingChainLifecycleWrapper.doProcess(InterceptingChainLifecycleWrapper.java:63)
	at org.mule.processor.chain.AbstractMessageProcessorChain.process(AbstractMessageProcessorChain.java:89)
	at org.mule.processor.chain.InterceptingChainLifecycleWrapper.process(InterceptingChainLifecycleWrapper.java:94)
	at org.mule.transport.AbstractMessageReceiver.routeMessage(AbstractMessageReceiver.java:185)
	at org.mule.transport.AbstractMessageReceiver.routeMessage(AbstractMessageReceiver.java:158)
	at org.mule.transport.AbstractMessageReceiver.routeMessage(AbstractMessageReceiver.java:145)
	at org.mule.transport.http.HttpMessageReceiver$HttpWorker.doRequest(HttpMessageReceiver.java:247)
	at org.mule.transport.http.HttpMessageReceiver$HttpWorker.processRequest(HttpMessageReceiver.java:206)
	at org.mule.transport.http.HttpMessageReceiver$HttpWorker.run(HttpMessageReceiver.java:164)
	at org.mule.work.WorkerContext.run(WorkerContext.java:309)
	at edu.emory.mathcs.backport.java.util.concurrent.ThreadPoolExecutor.runWorker(ThreadPoolExecutor.java:1061)
	at edu.emory.mathcs.backport.java.util.concurrent.ThreadPoolExecutor$Worker.run(ThreadPoolExecutor.java:575)
	at java.lang.Thread.run(Thread.java:680)
Caused by: java.io.IOException: Could not send message to Mule.
	at org.mule.module.cxf.transport.MuleUniversalConduit.dispatchMuleMessage(MuleUniversalConduit.java:285)
	at org.mule.module.cxf.transport.MuleUniversalConduit$2.handleMessage(MuleUniversalConduit.java:192)
	... 108 more
Caused by: org.mule.api.transport.DispatchException: Failed to route event via endpoint: DefaultOutboundEndpoint{endpointUri=http://localhost:8082/requestResponseSA310/services/soaphttpToSoaphttpUsingJava-teststub/v1, connector=HttpConnector
{
  name=connector.http.mule.default
  lifecycle=start
  this=53edb8c6
  numberOfConcurrentTransactedReceivers=4
  createMultipleTransactedReceivers=true
  connected=true
  supportedProtocols=[http]
  serviceOverrides=&lt;none&gt;
}
,  name=&apos;endpoint.http.localhost.8082.requestResponseSA310.services.soaphttpToSoaphttpUsingJava.teststub.v1&apos;, mep=REQUEST_RESPONSE, properties={}, transactionConfig=Transaction{factory=null, action=NEVER, timeout=0}, deleteUnacceptedMessages=false, initialState=started, responseTimeout=8000, endpointEncoding=UTF-8, disableTransportTransformer=false}. Message payload is of type: PostMethod
	at org.mule.transport.http.HttpClientMessageDispatcher.execute(HttpClientMessageDispatcher.java:152)
	at org.mule.transport.http.HttpClientMessageDispatcher.doSend(HttpClientMessageDispatcher.java:260)
	at org.mule.transport.AbstractMessageDispatcher.process(AbstractMessageDispatcher.java:80)
	at org.mule.transport.AbstractConnector$DispatcherMessageProcessor.process(AbstractConnector.java:2512)
	at org.mule.processor.chain.DefaultMessageProcessorChain.doProcess(DefaultMessageProcessorChain.java:72)
	at org.mule.processor.chain.AbstractMessageProcessorChain.process(AbstractMessageProcessorChain.java:89)
	at org.mule.processor.AbstractInterceptingMessageProcessor.processNext(AbstractInterceptingMessageProcessor.java:81)
	at org.mule.module.cxf.CxfOutboundMessageProcessor.processNext(CxfOutboundMessageProcessor.java:151)
	at org.mule.module.cxf.transport.MuleUniversalConduit.processNext(MuleUniversalConduit.java:350)
	at org.mule.module.cxf.transport.MuleUniversalConduit.dispatchMuleMessage(MuleUniversalConduit.java:250)
	... 109 more
Caused by: java.net.SocketTimeoutException: Read timed out
	at java.net.SocketInputStream.socketRead0(Native Method)
	at java.net.SocketInputStream.read(SocketInputStream.java:129)
	at java.io.BufferedInputStream.fill(BufferedInputStream.java:218)
	at java.io.BufferedInputStream.read(BufferedInputStream.java:237)
	at org.apache.commons.httpclient.HttpParser.readRawLine(HttpParser.java:78)
	at org.apache.commons.httpclient.HttpParser.readLine(HttpParser.java:106)
	at org.apache.commons.httpclient.HttpConnection.readLine(HttpConnection.java:1116)
	at org.apache.commons.httpclient.MultiThreadedHttpConnectionManager$HttpConnectionAdapter.readLine(MultiThreadedHttpConnectionManager.java:1413)
	at org.apache.commons.httpclient.HttpMethodBase.readStatusLine(HttpMethodBase.java:1973)
	at org.apache.commons.httpclient.HttpMethodBase.readResponse(HttpMethodBase.java:1735)
	at org.apache.commons.httpclient.HttpMethodBase.execute(HttpMethodBase.java:1098)
	at org.apache.commons.httpclient.HttpMethodDirector.executeWithRetry(HttpMethodDirector.java:398)
	at org.apache.commons.httpclient.HttpMethodDirector.executeMethod(HttpMethodDirector.java:171)
	at org.apache.commons.httpclient.HttpClient.executeMethod(HttpClient.java:397)
	at org.apache.commons.httpclient.HttpClient.executeMethod(HttpClient.java:346)
	at org.mule.transport.http.HttpClientMessageDispatcher.execute(HttpClientMessageDispatcher.java:145)
	... 118 more
2011-03-30 23:22:57,301 WARN  org.apache.cxf.common.logging.LogUtils - Interceptor for {urn:org.soitoolkit.refapps.sd.sample.wsdl:v1}sampleService has thrown exception, unwinding now
org.apache.cxf.interceptor.Fault: Failed to route event via endpoint: DefaultOutboundEndpoint{endpointUri=http://localhost:8082/requestResponseSA310/services/soaphttpToSoaphttpUsingJava-teststub/v1, connector=HttpConnector
{
  name=connector.http.mule.default
  lifecycle=start
  this=53edb8c6
  numberOfConcurrentTransactedReceivers=4
  createMultipleTransactedReceivers=true
  connected=true
  supportedProtocols=[http]
  serviceOverrides=&lt;none&gt;
}
,  name=&apos;endpoint.http.localhost.8082.requestResponseSA310.services.soaphttpToSoaphttpUsingJava.teststub.v1&apos;, mep=REQUEST_RESPONSE, properties={}, transactionConfig=Transaction{factory=null, action=NEVER, timeout=0}, deleteUnacceptedMessages=false, initialState=started, responseTimeout=8000, endpointEncoding=UTF-8, disableTransportTransformer=false}. Message payload is of type: PostMethod
	at org.mule.module.cxf.MuleInvoker.invoke(MuleInvoker.java:85)
	at org.apache.cxf.interceptor.ServiceInvokerInterceptor$1.run(ServiceInvokerInterceptor.java:58)
	at java.util.concurrent.Executors$RunnableAdapter.call(Executors.java:441)
	at java.util.concurrent.FutureTask$Sync.innerRun(FutureTask.java:303)
	at java.util.concurrent.FutureTask.run(FutureTask.java:138)
	at org.apache.cxf.workqueue.SynchronousExecutor.execute(SynchronousExecutor.java:37)
	at org.apache.cxf.interceptor.ServiceInvokerInterceptor.handleMessage(ServiceInvokerInterceptor.java:106)
	at org.apache.cxf.phase.PhaseInterceptorChain.doIntercept(PhaseInterceptorChain.java:255)
	at org.apache.cxf.transport.ChainInitiationObserver.onMessage(ChainInitiationObserver.java:113)
	at org.mule.module.cxf.CxfInboundMessageProcessor.sendToDestination(CxfInboundMessageProcessor.java:288)
	at org.mule.module.cxf.CxfInboundMessageProcessor.process(CxfInboundMessageProcessor.java:129)
	at org.mule.module.cxf.config.FlowConfiguringMessageProcessor.process(FlowConfiguringMessageProcessor.java:50)
	at org.mule.processor.chain.DefaultMessageProcessorChain.doProcess(DefaultMessageProcessorChain.java:72)
	at org.mule.processor.chain.AbstractMessageProcessorChain.process(AbstractMessageProcessorChain.java:89)
	at org.mule.processor.AbstractInterceptingMessageProcessor.processNext(AbstractInterceptingMessageProcessor.java:81)
	at org.mule.processor.ExceptionHandlingMessageProcessor.process(ExceptionHandlingMessageProcessor.java:25)
	at org.mule.processor.chain.DefaultMessageProcessorChain.doProcess(DefaultMessageProcessorChain.java:72)
	at org.mule.processor.chain.AbstractMessageProcessorChain.process(AbstractMessageProcessorChain.java:89)
	at org.mule.processor.chain.InterceptingChainLifecycleWrapper.doProcess(InterceptingChainLifecycleWrapper.java:63)
	at org.mule.processor.chain.AbstractMessageProcessorChain.process(AbstractMessageProcessorChain.java:89)
	at org.mule.processor.chain.InterceptingChainLifecycleWrapper.process(InterceptingChainLifecycleWrapper.java:94)
	at org.mule.processor.chain.DefaultMessageProcessorChain.doProcess(DefaultMessageProcessorChain.java:72)
	at org.mule.processor.chain.AbstractMessageProcessorChain.process(AbstractMessageProcessorChain.java:89)
	at org.mule.processor.chain.InterceptingChainLifecycleWrapper.doProcess(InterceptingChainLifecycleWrapper.java:63)
	at org.mule.processor.chain.AbstractMessageProcessorChain.process(AbstractMessageProcessorChain.java:89)
	at org.mule.processor.chain.InterceptingChainLifecycleWrapper.process(InterceptingChainLifecycleWrapper.java:94)
	at org.mule.transport.AbstractMessageReceiver.routeMessage(AbstractMessageReceiver.java:185)
	at org.mule.transport.AbstractMessageReceiver.routeMessage(AbstractMessageReceiver.java:158)
	at org.mule.transport.AbstractMessageReceiver.routeMessage(AbstractMessageReceiver.java:145)
	at org.mule.transport.http.HttpMessageReceiver$HttpWorker.doRequest(HttpMessageReceiver.java:247)
	at org.mule.transport.http.HttpMessageReceiver$HttpWorker.processRequest(HttpMessageReceiver.java:206)
	at org.mule.transport.http.HttpMessageReceiver$HttpWorker.run(HttpMessageReceiver.java:164)
	at org.mule.work.WorkerContext.run(WorkerContext.java:309)
	at edu.emory.mathcs.backport.java.util.concurrent.ThreadPoolExecutor.runWorker(ThreadPoolExecutor.java:1061)
	at edu.emory.mathcs.backport.java.util.concurrent.ThreadPoolExecutor$Worker.run(ThreadPoolExecutor.java:575)
	at java.lang.Thread.run(Thread.java:680)
Caused by: org.mule.api.routing.CouldNotRouteOutboundMessageException: Failed to route event via endpoint: DefaultOutboundEndpoint{endpointUri=http://localhost:8082/requestResponseSA310/services/soaphttpToSoaphttpUsingJava-teststub/v1, connector=HttpConnector
{
  name=connector.http.mule.default
  lifecycle=start
  this=53edb8c6
  numberOfConcurrentTransactedReceivers=4
  createMultipleTransactedReceivers=true
  connected=true
  supportedProtocols=[http]
  serviceOverrides=&lt;none&gt;
}
,  name=&apos;endpoint.http.localhost.8082.requestResponseSA310.services.soaphttpToSoaphttpUsingJava.teststub.v1&apos;, mep=REQUEST_RESPONSE, properties={}, transactionConfig=Transaction{factory=null, action=NEVER, timeout=0}, deleteUnacceptedMessages=false, initialState=started, responseTimeout=8000, endpointEncoding=UTF-8, disableTransportTransformer=false}. Message payload is of type: PostMethod
	at org.mule.routing.outbound.FilteringOutboundRouter.route(FilteringOutboundRouter.java:88)
	at org.mule.routing.outbound.OutboundPassThroughRouter.route(OutboundPassThroughRouter.java:71)
	at org.mule.routing.outbound.AbstractOutboundRouter$1.doInTransaction(AbstractOutboundRouter.java:103)
	at org.mule.routing.outbound.AbstractOutboundRouter$1.doInTransaction(AbstractOutboundRouter.java:100)
	at org.mule.transaction.TransactionTemplate.execute(TransactionTemplate.java:43)
	at org.mule.routing.outbound.AbstractOutboundRouter.process(AbstractOutboundRouter.java:108)
	at org.mule.routing.outbound.DefaultOutboundRouterCollection.process(DefaultOutboundRouterCollection.java:104)
	at org.mule.processor.chain.DefaultMessageProcessorChain.doProcess(DefaultMessageProcessorChain.java:72)
	at org.mule.processor.chain.AbstractMessageProcessorChain.process(AbstractMessageProcessorChain.java:89)
	at org.mule.processor.AbstractInterceptingMessageProcessor.processNext(AbstractInterceptingMessageProcessor.java:81)
	at org.mule.service.processor.ServiceOutboundMessageProcessor.process(ServiceOutboundMessageProcessor.java:71)
	at org.mule.processor.AbstractInterceptingMessageProcessor.processNext(AbstractInterceptingMessageProcessor.java:81)
	at org.mule.service.processor.ServiceInternalMessageProcessor.process(ServiceInternalMessageProcessor.java:57)
	at org.mule.processor.AbstractInterceptingMessageProcessor.processNext(AbstractInterceptingMessageProcessor.java:81)
	at org.mule.processor.AsyncInterceptingMessageProcessor.process(AsyncInterceptingMessageProcessor.java:101)
	at org.mule.processor.chain.DefaultMessageProcessorChain.doProcess(DefaultMessageProcessorChain.java:72)
	at org.mule.processor.chain.AbstractMessageProcessorChain.process(AbstractMessageProcessorChain.java:89)
	at org.mule.processor.AbstractInterceptingMessageProcessor.processNext(AbstractInterceptingMessageProcessor.java:81)
	at org.mule.interceptor.AbstractEnvelopeInterceptor.process(AbstractEnvelopeInterceptor.java:55)
	at org.mule.processor.AbstractInterceptingMessageProcessor.processNext(AbstractInterceptingMessageProcessor.java:81)
	at org.mule.lifecycle.processor.ProcessIfStartedWaitIfSyncPausedMessageProcessor.process(ProcessIfStartedWaitIfSyncPausedMessageProcessor.java:56)
	at org.mule.processor.chain.DefaultMessageProcessorChain.doProcess(DefaultMessageProcessorChain.java:72)
	at org.mule.processor.chain.AbstractMessageProcessorChain.process(AbstractMessageProcessorChain.java:89)
	at org.mule.processor.chain.InterceptingChainLifecycleWrapper.doProcess(InterceptingChainLifecycleWrapper.java:63)
	at org.mule.processor.chain.AbstractMessageProcessorChain.process(AbstractMessageProcessorChain.java:89)
	at org.mule.processor.chain.InterceptingChainLifecycleWrapper.process(InterceptingChainLifecycleWrapper.java:94)
	at org.mule.service.AbstractService$7.process(AbstractService.java:425)
	at org.mule.processor.AbstractInterceptingMessageProcessor.processNext(AbstractInterceptingMessageProcessor.java:81)
	at org.mule.service.ServiceCompositeMessageSource$1.process(ServiceCompositeMessageSource.java:124)
	at org.mule.processor.AbstractInterceptingMessageProcessor.processNext(AbstractInterceptingMessageProcessor.java:81)
	at org.mule.processor.StopFurtherMessageProcessingMessageProcessor.process(StopFurtherMessageProcessingMessageProcessor.java:23)
	at org.mule.processor.chain.DefaultMessageProcessorChain.doProcess(DefaultMessageProcessorChain.java:72)
	at org.mule.processor.chain.AbstractMessageProcessorChain.process(AbstractMessageProcessorChain.java:89)
	at org.mule.processor.chain.InterceptingChainLifecycleWrapper.doProcess(InterceptingChainLifecycleWrapper.java:63)
	at org.mule.processor.chain.AbstractMessageProcessorChain.process(AbstractMessageProcessorChain.java:89)
	at org.mule.processor.chain.InterceptingChainLifecycleWrapper.process(InterceptingChainLifecycleWrapper.java:94)
	at org.mule.source.StartableCompositeMessageSource$InternalMessageProcessor.process(StartableCompositeMessageSource.java:219)
	at org.mule.processor.chain.DefaultMessageProcessorChain.doProcess(DefaultMessageProcessorChain.java:72)
	at org.mule.processor.chain.AbstractMessageProcessorChain.process(AbstractMessageProcessorChain.java:89)
	at org.mule.processor.AbstractInterceptingMessageProcessor.processNext(AbstractInterceptingMessageProcessor.java:81)
	at org.mule.module.cxf.CxfInboundMessageProcessor.processNext(CxfInboundMessageProcessor.java:328)
	at org.mule.module.cxf.MuleInvoker.invoke(MuleInvoker.java:80)
	... 35 more
Caused by: org.mule.api.MessagingException: An exception occurred while invoking message processor &quot;DefaultMessageProcessorChain &apos;(inner iterating chain) of OutboundEndpoint &apos;http://localhost:8082/requestResponseSA310/services/soaphttpToSoaphttpUsingJava-teststub/v1&apos; request chain&apos; 
[ 
  org.mule.endpoint.outbound.OutboundEventTimeoutMessageProcessor, 
  org.mule.endpoint.outbound.OutboundSessionHandlerMessageProcessor, 
  org.mule.endpoint.outbound.OutboundEndpointPropertyMessageProcessor, 
  org.mule.endpoint.outbound.OutboundResponsePropertiesMessageProcessor
]&quot; with transaction &quot;Transaction{factory=null, action=NEVER, timeout=0}&quot;.. Message payload is of type: PostMethod
	at org.mule.processor.TransactionalInterceptingMessageProcessor.process(TransactionalInterceptingMessageProcessor.java:63)
	at org.mule.processor.AbstractInterceptingMessageProcessor.processNext(AbstractInterceptingMessageProcessor.java:81)
	at org.mule.processor.AbstractFilteringMessageProcessor.process(AbstractFilteringMessageProcessor.java:41)
	at org.mule.processor.chain.DefaultMessageProcessorChain.doProcess(DefaultMessageProcessorChain.java:72)
	at org.mule.processor.chain.AbstractMessageProcessorChain.process(AbstractMessageProcessorChain.java:89)
	at org.mule.processor.chain.InterceptingChainLifecycleWrapper.doProcess(InterceptingChainLifecycleWrapper.java:63)
	at org.mule.processor.chain.AbstractMessageProcessorChain.process(AbstractMessageProcessorChain.java:89)
	at org.mule.processor.chain.InterceptingChainLifecycleWrapper.process(InterceptingChainLifecycleWrapper.java:94)
	at org.mule.processor.chain.DefaultMessageProcessorChain.doProcess(DefaultMessageProcessorChain.java:72)
	at org.mule.processor.chain.AbstractMessageProcessorChain.process(AbstractMessageProcessorChain.java:89)
	at org.mule.processor.chain.InterceptingChainLifecycleWrapper.doProcess(InterceptingChainLifecycleWrapper.java:63)
	at org.mule.processor.chain.AbstractMessageProcessorChain.process(AbstractMessageProcessorChain.java:89)
	at org.mule.processor.chain.InterceptingChainLifecycleWrapper.process(InterceptingChainLifecycleWrapper.java:94)
	at org.mule.endpoint.DefaultOutboundEndpoint.process(DefaultOutboundEndpoint.java:97)
	at org.mule.routing.outbound.AbstractOutboundRouter.sendRequestEvent(AbstractOutboundRouter.java:462)
	at org.mule.routing.outbound.AbstractOutboundRouter.sendRequest(AbstractOutboundRouter.java:168)
	at org.mule.routing.outbound.FilteringOutboundRouter.route(FilteringOutboundRouter.java:80)
	... 76 more
Caused by: org.mule.api.DefaultMuleException: Could not send message to Mule. (org.apache.cxf.interceptor.Fault)
	at org.mule.module.cxf.CxfOutboundMessageProcessor.process(CxfOutboundMessageProcessor.java:141)
	at org.mule.processor.chain.DefaultMessageProcessorChain.doProcess(DefaultMessageProcessorChain.java:72)
	at org.mule.processor.chain.AbstractMessageProcessorChain.process(AbstractMessageProcessorChain.java:89)
	at org.mule.processor.AbstractInterceptingMessageProcessor.processNext(AbstractInterceptingMessageProcessor.java:81)
	at org.mule.endpoint.outbound.OutboundResponsePropertiesMessageProcessor.process(OutboundResponsePropertiesMessageProcessor.java:39)
	at org.mule.processor.chain.DefaultMessageProcessorChain.doProcess(DefaultMessageProcessorChain.java:72)
	at org.mule.processor.chain.AbstractMessageProcessorChain.process(AbstractMessageProcessorChain.java:89)
	at org.mule.processor.AbstractInterceptingMessageProcessor.processNext(AbstractInterceptingMessageProcessor.java:81)
	at org.mule.processor.TransactionalInterceptingMessageProcessor$1.doInTransaction(TransactionalInterceptingMessageProcessor.java:49)
	at org.mule.processor.TransactionalInterceptingMessageProcessor$1.doInTransaction(TransactionalInterceptingMessageProcessor.java:46)
	at org.mule.transaction.TransactionTemplate.execute(TransactionTemplate.java:110)
	at org.mule.processor.TransactionalInterceptingMessageProcessor.process(TransactionalInterceptingMessageProcessor.java:55)
	... 92 more
Caused by: org.apache.cxf.interceptor.Fault: Could not send message to Mule.
	at org.mule.module.cxf.transport.MuleUniversalConduit$2.handleMessage(MuleUniversalConduit.java:196)
	at org.apache.cxf.phase.PhaseInterceptorChain.doIntercept(PhaseInterceptorChain.java:255)
	at org.apache.cxf.endpoint.ClientImpl.invoke(ClientImpl.java:516)
	at org.apache.cxf.endpoint.ClientImpl.invoke(ClientImpl.java:322)
	at org.mule.module.cxf.CxfOutboundMessageProcessor.doSendWithClient(CxfOutboundMessageProcessor.java:234)
	at org.mule.module.cxf.CxfOutboundMessageProcessor.process(CxfOutboundMessageProcessor.java:127)
	... 103 more
Caused by: java.io.IOException: Could not send message to Mule.
	at org.mule.module.cxf.transport.MuleUniversalConduit.dispatchMuleMessage(MuleUniversalConduit.java:285)
	at org.mule.module.cxf.transport.MuleUniversalConduit$2.handleMessage(MuleUniversalConduit.java:192)
	... 108 more
Caused by: org.mule.api.transport.DispatchException: Failed to route event via endpoint: DefaultOutboundEndpoint{endpointUri=http://localhost:8082/requestResponseSA310/services/soaphttpToSoaphttpUsingJava-teststub/v1, connector=HttpConnector
{
  name=connector.http.mule.default
  lifecycle=start
  this=53edb8c6
  numberOfConcurrentTransactedReceivers=4
  createMultipleTransactedReceivers=true
  connected=true
  supportedProtocols=[http]
  serviceOverrides=&lt;none&gt;
}
,  name=&apos;endpoint.http.localhost.8082.requestResponseSA310.services.soaphttpToSoaphttpUsingJava.teststub.v1&apos;, mep=REQUEST_RESPONSE, properties={}, transactionConfig=Transaction{factory=null, action=NEVER, timeout=0}, deleteUnacceptedMessages=false, initialState=started, responseTimeout=8000, endpointEncoding=UTF-8, disableTransportTransformer=false}. Message payload is of type: PostMethod
	at org.mule.transport.http.HttpClientMessageDispatcher.execute(HttpClientMessageDispatcher.java:152)
	at org.mule.transport.http.HttpClientMessageDispatcher.doSend(HttpClientMessageDispatcher.java:260)
	at org.mule.transport.AbstractMessageDispatcher.process(AbstractMessageDispatcher.java:80)
	at org.mule.transport.AbstractConnector$DispatcherMessageProcessor.process(AbstractConnector.java:2512)
	at org.mule.processor.chain.DefaultMessageProcessorChain.doProcess(DefaultMessageProcessorChain.java:72)
	at org.mule.processor.chain.AbstractMessageProcessorChain.process(AbstractMessageProcessorChain.java:89)
	at org.mule.processor.AbstractInterceptingMessageProcessor.processNext(AbstractInterceptingMessageProcessor.java:81)
	at org.mule.module.cxf.CxfOutboundMessageProcessor.processNext(CxfOutboundMessageProcessor.java:151)
	at org.mule.module.cxf.transport.MuleUniversalConduit.processNext(MuleUniversalConduit.java:350)
	at org.mule.module.cxf.transport.MuleUniversalConduit.dispatchMuleMessage(MuleUniversalConduit.java:250)
	... 109 more
Caused by: java.net.SocketTimeoutException: Read timed out
	at java.net.SocketInputStream.socketRead0(Native Method)
	at java.net.SocketInputStream.read(SocketInputStream.java:129)
	at java.io.BufferedInputStream.fill(BufferedInputStream.java:218)
	at java.io.BufferedInputStream.read(BufferedInputStream.java:237)
	at org.apache.commons.httpclient.HttpParser.readRawLine(HttpParser.java:78)
	at org.apache.commons.httpclient.HttpParser.readLine(HttpParser.java:106)
	at org.apache.commons.httpclient.HttpConnection.readLine(HttpConnection.java:1116)
	at org.apache.commons.httpclient.MultiThreadedHttpConnectionManager$HttpConnectionAdapter.readLine(MultiThreadedHttpConnectionManager.java:1413)
	at org.apache.commons.httpclient.HttpMethodBase.readStatusLine(HttpMethodBase.java:1973)
	at org.apache.commons.httpclient.HttpMethodBase.readResponse(HttpMethodBase.java:1735)
	at org.apache.commons.httpclient.HttpMethodBase.execute(HttpMethodBase.java:1098)
	at org.apache.commons.httpclient.HttpMethodDirector.executeWithRetry(HttpMethodDirector.java:398)
	at org.apache.commons.httpclient.HttpMethodDirector.executeMethod(HttpMethodDirector.java:171)
	at org.apache.commons.httpclient.HttpClient.executeMethod(HttpClient.java:397)
	at org.apache.commons.httpclient.HttpClient.executeMethod(HttpClient.java:346)
	at org.mule.transport.http.HttpClientMessageDispatcher.execute(HttpClientMessageDispatcher.java:145)
	... 118 more
2011-03-30 23:22:57,310 INFO  org.soitoolkit.commons.mule.log.EventLogger - soi-toolkit.log
** logEvent-info.start ***********************************************************
IntegrationScenarioId=
ContractId=
LogMessage=resp-out
ServiceImpl=soaphttpToSoaphttpUsingJava-service
Host=10.0.1.2 (10.0.1.2)
ComponentId=dc05d253-5b13-11e0-9319-f91662328b86
Endpoint=http://localhost:8082/requestResponseSA310/services/soaphttpToSoaphttpUsingJava-teststub/v1
MessageId=dd160933-5b13-11e0-9319-f91662328b86
BusinessCorrelationId=
BusinessContextId=
ExtraInfo=
Payload=
** logEvent-info.end *************************************************************
2011-03-30 23:22:58,302 WARN  org.apache.cxf.common.logging.LogUtils - Interceptor for {http://soaphttptosoaphttpusingjava.requestresponsesa310.generator.tool.soitoolkit.org/}SoaphttpToSoaphttpUsingJavaTestProducerService#{urn:org.soitoolkit.refapps.sd.sample.wsdl:v1}sample has thrown exception, unwinding now
org.apache.cxf.interceptor.Fault: Could not send Message.
	at org.apache.cxf.interceptor.MessageSenderInterceptor$MessageSenderEndingInterceptor.handleMessage(MessageSenderInterceptor.java:64)
	at org.apache.cxf.phase.PhaseInterceptorChain.doIntercept(PhaseInterceptorChain.java:255)
	at org.apache.cxf.phase.PhaseInterceptorChain.resume(PhaseInterceptorChain.java:224)
	at org.mule.module.cxf.CxfInboundMessageProcessor$1.write(CxfInboundMessageProcessor.java:364)
	at org.mule.transport.http.HttpServerConnection.writeResponse(HttpServerConnection.java:315)
	at org.mule.transport.http.HttpMessageReceiver$HttpWorker.run(HttpMessageReceiver.java:164)
	at org.mule.work.WorkerContext.run(WorkerContext.java:309)
	at edu.emory.mathcs.backport.java.util.concurrent.ThreadPoolExecutor.runWorker(ThreadPoolExecutor.java:1061)
	at edu.emory.mathcs.backport.java.util.concurrent.ThreadPoolExecutor$Worker.run(ThreadPoolExecutor.java:575)
	at java.lang.Thread.run(Thread.java:680)
Caused by: java.net.SocketException: Broken pipe
	at java.net.SocketOutputStream.socketWrite0(Native Method)
	at java.net.SocketOutputStream.socketWrite(SocketOutputStream.java:92)
	at java.net.SocketOutputStream.write(SocketOutputStream.java:136)
	at java.io.DataOutputStream.write(DataOutputStream.java:90)
	at org.apache.commons.httpclient.ChunkedOutputStream.flushCache(ChunkedOutputStream.java:99)
	at org.apache.commons.httpclient.ChunkedOutputStream.finish(ChunkedOutputStream.java:143)
	at org.apache.commons.httpclient.ChunkedOutputStream.close(ChunkedOutputStream.java:199)
	at org.mule.module.cxf.support.DelegatingOutputStream.close(DelegatingOutputStream.java:39)
	at org.mule.module.cxf.transport.MuleUniversalDestination$ResponseConduit.close(MuleUniversalDestination.java:81)
	at org.apache.cxf.interceptor.MessageSenderInterceptor$MessageSenderEndingInterceptor.handleMessage(MessageSenderInterceptor.java:62)
	... 9 more
2011-03-30 23:22:58,303 ERROR org.mule.exception.AbstractExceptionListener - Caught exception in Exception Strategy: Broken pipe
java.net.SocketException: Broken pipe
	at java.net.SocketOutputStream.socketWrite0(Native Method)
	at java.net.SocketOutputStream.socketWrite(SocketOutputStream.java:92)
	at java.net.SocketOutputStream.write(SocketOutputStream.java:136)
	at java.io.DataOutputStream.write(DataOutputStream.java:90)
	at org.apache.commons.httpclient.ChunkedOutputStream.flushCache(ChunkedOutputStream.java:99)
	at org.apache.commons.httpclient.ChunkedOutputStream.finish(ChunkedOutputStream.java:143)
	at org.mule.transport.http.HttpServerConnection.writeResponse(HttpServerConnection.java:319)
	at org.mule.transport.http.HttpMessageReceiver$HttpWorker.run(HttpMessageReceiver.java:164)
	at org.mule.work.WorkerContext.run(WorkerContext.java:309)
	at edu.emory.mathcs.backport.java.util.concurrent.ThreadPoolExecutor.runWorker(ThreadPoolExecutor.java:1061)
	at edu.emory.mathcs.backport.java.util.concurrent.ThreadPoolExecutor$Worker.run(ThreadPoolExecutor.java:575)
	at java.lang.Thread.run(Thread.java:680)
2011-03-30 23:22:59,892 INFO  org.mule.DefaultMuleContext    - 
**********************************************************************
* Mule Context shut down normally on: 2011-03-30 23:22               *
* Server was up for: 0 days, 0 hours, 0 mins, 11.224 sec             *
**********************************************************************
Tests run: 3, Failures: 0, Errors: 0, Skipped: 0, Time elapsed: 12.403 sec

Results :

Tests run: 16, Failures: 0, Errors: 0, Skipped: 0

[INFO] [jar:jar {execution: default-jar}]
[INFO] Building jar: /Users/magnuslarsson/Documents/temp/_plugintests/jUnitTests/requestResponseSA310/trunk/requestResponseSA310-services/target/requestResponseSA310-services-1.0-SNAPSHOT.jar
[INFO] [jar:test-jar {execution: default}]
[INFO] Building jar: /Users/magnuslarsson/Documents/temp/_plugintests/jUnitTests/requestResponseSA310/trunk/requestResponseSA310-services/target/requestResponseSA310-services-1.0-SNAPSHOT-tests.jar
[INFO] [source:jar-no-fork {execution: attach-sources}]
[INFO] Building jar: /Users/magnuslarsson/Documents/temp/_plugintests/jUnitTests/requestResponseSA310/trunk/requestResponseSA310-services/target/requestResponseSA310-services-1.0-SNAPSHOT-sources.jar
[INFO] [install:install {execution: default-install}]
[INFO] Installing /Users/magnuslarsson/Documents/temp/_plugintests/jUnitTests/requestResponseSA310/trunk/requestResponseSA310-services/target/requestResponseSA310-services-1.0-SNAPSHOT.jar to /Users/magnuslarsson/.m2/repository/org/soitoolkit/tool/generator/requestResponseSA310-services/1.0-SNAPSHOT/requestResponseSA310-services-1.0-SNAPSHOT.jar
[INFO] Installing /Users/magnuslarsson/Documents/temp/_plugintests/jUnitTests/requestResponseSA310/trunk/requestResponseSA310-services/target/requestResponseSA310-services-1.0-SNAPSHOT-tests.jar to /Users/magnuslarsson/.m2/repository/org/soitoolkit/tool/generator/requestResponseSA310-services/1.0-SNAPSHOT/requestResponseSA310-services-1.0-SNAPSHOT-tests.jar
[INFO] Installing /Users/magnuslarsson/Documents/temp/_plugintests/jUnitTests/requestResponseSA310/trunk/requestResponseSA310-services/target/requestResponseSA310-services-1.0-SNAPSHOT-sources.jar to /Users/magnuslarsson/.m2/repository/org/soitoolkit/tool/generator/requestResponseSA310-services/1.0-SNAPSHOT/requestResponseSA310-services-1.0-SNAPSHOT-sources.jar
[INFO] ------------------------------------------------------------------------
[INFO] Building requestResponseSA310-standalone
[INFO]    task-segment: [install]
[INFO] ------------------------------------------------------------------------
[INFO] [mule:attach-test-resources {execution: default-attach-test-resources}]
[INFO] attaching test resource /Users/magnuslarsson/Documents/temp/_plugintests/jUnitTests/requestResponseSA310/trunk/requestResponseSA310-standalone/src/main/app
[INFO] [enforcer:enforce {execution: enforce-maven}]
[INFO] [properties:write-project-properties {execution: default}]
[INFO] [resources:resources {execution: default-resources}]
[INFO] Using &apos;UTF-8&apos; encoding to copy filtered resources.
[INFO] skip non existing resourceDirectory /Users/magnuslarsson/Documents/temp/_plugintests/jUnitTests/requestResponseSA310/trunk/requestResponseSA310-standalone/src/main/resources
[INFO] [compiler:compile {execution: default-compile}]
[INFO] No sources to compile
[INFO] [resources:testResources {execution: default-testResources}]
[INFO] Using &apos;UTF-8&apos; encoding to copy filtered resources.
[INFO] skip non existing resourceDirectory /Users/magnuslarsson/Documents/temp/_plugintests/jUnitTests/requestResponseSA310/trunk/requestResponseSA310-standalone/src/test/resources
[INFO] Copying 1 resource
[INFO] [compiler:testCompile {execution: default-testCompile}]
[INFO] No sources to compile
[INFO] [surefire:test {execution: default-test}]
[INFO] Surefire report directory: /Users/magnuslarsson/Documents/temp/_plugintests/jUnitTests/requestResponseSA310/trunk/requestResponseSA310-standalone/target/surefire-reports

-------------------------------------------------------
 T E S T S
-------------------------------------------------------
There are no tests to run.

Results :

Tests run: 0, Failures: 0, Errors: 0, Skipped: 0

[INFO] [mule:mule {execution: default-mule}]
[INFO] Copying classes directly
[INFO] Adding &lt;org.soitoolkit.tool.generator:requestResponseSA310-services:jar:1.0-SNAPSHOT&gt; as a lib
[INFO] Adding &lt;org.springframework:spring-beans:jar:3.0.3.RELEASE&gt; as a lib
[INFO] Adding &lt;org.apache.geronimo.specs:geronimo-javamail_1.4_spec:jar:1.7.1&gt; as a lib
[INFO] Adding &lt;org.apache.cxf:cxf-tools-common:jar:2.3.1&gt; as a lib
[INFO] Adding &lt;org.apache.camel:camel-core:jar:1.5.0&gt; as a lib
[INFO] Adding &lt;org.milyn:milyn-smooks-templating:jar:1.3.1&gt; as a lib
[INFO] Adding &lt;com.sun.xml.bind:jaxb-impl:jar:2.1.10&gt; as a lib
[INFO] Adding &lt;commons-dbcp:commons-dbcp:jar:1.4&gt; as a lib
[INFO] Adding &lt;com.jcraft:jsch:jar:0.1.44-1&gt; as a lib
[INFO] Adding &lt;org.mockftpserver:MockFtpServer:jar:2.2&gt; as a lib
[INFO] Adding &lt;org.springframework:spring-asm:jar:3.0.3.RELEASE&gt; as a lib
[INFO] Adding &lt;org.apache.cxf:cxf-rt-transports-local:jar:2.3.1&gt; as a lib
[INFO] Adding &lt;org.soitoolkit.commons.poms.mule-dependencies:soitoolkit-mule-3.1.1-dependencies:jar:0.4.1-SNAPSHOT&gt; as a lib
[INFO] Adding &lt;org.apache.cxf:cxf-rt-frontend-jaxws:jar:2.3.1&gt; as a lib
[INFO] Adding &lt;org.apache.cxf:cxf-common-schemas:jar:2.3.1&gt; as a lib
[INFO] Adding &lt;org.apache.cxf:cxf-common-utilities:jar:2.3.1&gt; as a lib
[INFO] Adding &lt;org.apache.cxf:cxf-api:jar:2.3.1&gt; as a lib
[INFO] Adding &lt;junit:junit:jar:4.8.2&gt; as a lib
[INFO] Adding &lt;org.apache.neethi:neethi:jar:2.0.4&gt; as a lib
[INFO] Adding &lt;xalan:xalan:jar:2.7.1&gt; as a lib
[INFO] Adding &lt;antlr:antlr:jar:2.7.7&gt; as a lib
[INFO] Adding &lt;net.sf.opencsv:opencsv:jar:1.8&gt; as a lib
[INFO] Adding &lt;aopalliance:aopalliance:jar:1.0&gt; as a lib
[INFO] Adding &lt;org.apache.cxf:cxf-rt-ws-security:jar:2.3.1&gt; as a lib
[INFO] Adding &lt;org.slf4j:jcl-over-slf4j:jar:1.6.1&gt; as a lib
[INFO] Adding &lt;org.apache.ws.commons.schema:XmlSchema:jar:1.4.7&gt; as a lib
[INFO] Adding &lt;org.springframework:spring-context:jar:3.0.3.RELEASE&gt; as a lib
[INFO] Adding &lt;org.apache.derby:derbytools:jar:10.6.2.1&gt; as a lib
[INFO] Adding &lt;antlr:stringtemplate:jar:2.2&gt; as a lib
[INFO] Adding &lt;javax.xml.stream:stax-api:jar:1.0-2&gt; as a lib
[INFO] Adding &lt;org.apache.derby:derby:jar:10.6.2.1&gt; as a lib
[INFO] Adding &lt;org.milyn:milyn-smooks-csv:jar:1.3.1&gt; as a lib
[INFO] Adding &lt;org.mortbay.jetty:servlet-api-2.5:jar:6.1.11&gt; as a lib
[INFO] Adding &lt;org.soitoolkit.refapps.sd:soitoolkit-refapps-sample-schemas:jar:0.4.1-SNAPSHOT&gt; as a lib
[INFO] Adding &lt;org.apache.cxf:cxf-rt-databinding-aegis:jar:2.3.1&gt; as a lib
[INFO] Adding &lt;org.apache.ws.security:wss4j:jar:1.5.10&gt; as a lib
[INFO] Adding &lt;hsqldb:hsqldb:jar:1.8.0.7&gt; as a lib
[INFO] Adding &lt;xml-resolver:xml-resolver:jar:1.2&gt; as a lib
[INFO] Adding &lt;com.sun.xml.bind:jaxb-xjc:jar:2.1.13&gt; as a lib
[INFO] Adding &lt;org.apache.cxf:cxf-rt-frontend-simple:jar:2.3.1&gt; as a lib
[INFO] Adding &lt;org.soitoolkit.commons.components:soitoolkit-commons-schemas:jar:0.4.1-SNAPSHOT&gt; as a lib
[INFO] Adding &lt;org.apache.derby:derbyclient:jar:10.6.2.1&gt; as a lib
[INFO] Adding &lt;log4j:log4j:jar:1.2.16&gt; as a lib
[INFO] Adding &lt;org.soitoolkit.commons.components:soitoolkit-commons-log:jar:0.4.1-SNAPSHOT&gt; as a lib
[INFO] Adding &lt;org.springframework:spring-expression:jar:3.0.3.RELEASE&gt; as a lib
[INFO] Adding &lt;xalan:serializer:jar:2.7.1&gt; as a lib
[INFO] Adding &lt;org.springframework:spring-aop:jar:3.0.3.RELEASE&gt; as a lib
[INFO] Adding &lt;commons-lang:commons-lang:jar:2.4&gt; as a lib
[INFO] Adding &lt;org.bouncycastle:bcprov-jdk15:jar:1.45&gt; as a lib
[INFO] Adding &lt;commons-logging:commons-logging-api:jar:1.1&gt; as a lib
[INFO] Adding &lt;org.apache.xbean:xbean-spring:jar:3.4&gt; as a lib
[INFO] Adding &lt;org.apache.activemq:activemq-core:jar:5.2.0&gt; as a lib
[INFO] Adding &lt;commons-logging:commons-logging:jar:1.1&gt; as a lib
[INFO] Adding &lt;org.springframework:spring-web:jar:3.0.3.RELEASE&gt; as a lib
[INFO] Adding &lt;org.apache.cxf:cxf-rt-bindings-xml:jar:2.3.1&gt; as a lib
[INFO] Adding &lt;javax.xml.bind:jaxb-api:jar:2.1&gt; as a lib
[INFO] Adding &lt;org.apache.cxf:cxf-rt-databinding-jaxb:jar:2.3.1&gt; as a lib
[INFO] Adding &lt;org.mule.modules:commonretrypolicies:jar:3.0.0&gt; as a lib
[INFO] Adding &lt;org.apache.cxf:cxf-rt-bindings-soap:jar:2.3.1&gt; as a lib
[INFO] Adding &lt;org.slf4j:slf4j-api:jar:1.6.1&gt; as a lib
[INFO] Adding &lt;org.apache.cxf:cxf-rt-core:jar:2.3.1&gt; as a lib
[INFO] Adding &lt;org.apache.activemq:activeio-core:jar:3.1.0&gt; as a lib
[INFO] Adding &lt;org.milyn:milyn-smooks-javabean:jar:1.3.1&gt; as a lib
[INFO] Adding &lt;org.apache.cxf:cxf-rt-transports-http:jar:2.3.1&gt; as a lib
[INFO] Adding &lt;org.slf4j:slf4j-log4j12:jar:1.6.1&gt; as a lib
[INFO] Adding &lt;org.soitoolkit.commons.components:soitoolkit-commons-mule:jar:0.4.1-SNAPSHOT&gt; as a lib
[INFO] Adding &lt;org.apache.cxf:cxf-rt-ws-addr:jar:2.3.1&gt; as a lib
[INFO] Adding &lt;ognl:ognl:jar:2.7.3&gt; as a lib
[INFO] Adding &lt;org.springframework:spring-core:jar:3.0.3.RELEASE&gt; as a lib
[INFO] Adding &lt;wsdl4j:wsdl4j:jar:1.6.2&gt; as a lib
[INFO] Adding &lt;org.apache.santuario:xmlsec:jar:1.4.4&gt; as a lib
[INFO] Adding &lt;net.sourceforge.jtds:jtds:jar:1.2.4&gt; as a lib
[INFO] Building zip: /Users/magnuslarsson/Documents/temp/_plugintests/jUnitTests/requestResponseSA310/trunk/requestResponseSA310-standalone/target/requestResponseSA310-standalone-1.0-SNAPSHOT.zip
[INFO] [jar:test-jar {execution: default}]
[INFO] Building jar: /Users/magnuslarsson/Documents/temp/_plugintests/jUnitTests/requestResponseSA310/trunk/requestResponseSA310-standalone/target/requestResponseSA310-standalone-1.0-SNAPSHOT-tests.jar
[INFO] [source:jar-no-fork {execution: attach-sources}]
[INFO] No sources in project. Archive not created.
[INFO] [install:install {execution: default-install}]
[INFO] No primary artifact to install, installing attached artifacts instead.
[INFO] Installing /Users/magnuslarsson/Documents/temp/_plugintests/jUnitTests/requestResponseSA310/trunk/requestResponseSA310-standalone/pom.xml to /Users/magnuslarsson/.m2/repository/org/soitoolkit/tool/generator/requestResponseSA310-standalone/1.0-SNAPSHOT/requestResponseSA310-standalone-1.0-SNAPSHOT.pom
[INFO] Installing /Users/magnuslarsson/Documents/temp/_plugintests/jUnitTests/requestResponseSA310/trunk/requestResponseSA310-standalone/target/requestResponseSA310-standalone-1.0-SNAPSHOT.zip to /Users/magnuslarsson/.m2/repository/org/soitoolkit/tool/generator/requestResponseSA310-standalone/1.0-SNAPSHOT/requestResponseSA310-standalone-1.0-SNAPSHOT.zip
[INFO] Installing /Users/magnuslarsson/Documents/temp/_plugintests/jUnitTests/requestResponseSA310/trunk/requestResponseSA310-standalone/target/requestResponseSA310-standalone-1.0-SNAPSHOT-tests.jar to /Users/magnuslarsson/.m2/repository/org/soitoolkit/tool/generator/requestResponseSA310-standalone/1.0-SNAPSHOT/requestResponseSA310-standalone-1.0-SNAPSHOT-tests.jar
[INFO] [mule:install {execution: default-install}]
[INFO] ------------------------------------------------------------------------
[INFO] Building requestResponseSA310-teststub-standalone
[INFO]    task-segment: [install]
[INFO] ------------------------------------------------------------------------
[INFO] [mule:attach-test-resources {execution: default-attach-test-resources}]
[INFO] attaching test resource /Users/magnuslarsson/Documents/temp/_plugintests/jUnitTests/requestResponseSA310/trunk/requestResponseSA310-teststub-standalone/src/main/app
[INFO] [enforcer:enforce {execution: enforce-maven}]
[INFO] [properties:write-project-properties {execution: default}]
[INFO] [resources:resources {execution: default-resources}]
[INFO] Using &apos;UTF-8&apos; encoding to copy filtered resources.
[INFO] skip non existing resourceDirectory /Users/magnuslarsson/Documents/temp/_plugintests/jUnitTests/requestResponseSA310/trunk/requestResponseSA310-teststub-standalone/src/main/resources
[INFO] [compiler:compile {execution: default-compile}]
[INFO] No sources to compile
[INFO] [resources:testResources {execution: default-testResources}]
[INFO] Using &apos;UTF-8&apos; encoding to copy filtered resources.
[INFO] skip non existing resourceDirectory /Users/magnuslarsson/Documents/temp/_plugintests/jUnitTests/requestResponseSA310/trunk/requestResponseSA310-teststub-standalone/src/test/resources
[INFO] Copying 1 resource
[INFO] [compiler:testCompile {execution: default-testCompile}]
[INFO] No sources to compile
[INFO] [surefire:test {execution: default-test}]
[INFO] Surefire report directory: /Users/magnuslarsson/Documents/temp/_plugintests/jUnitTests/requestResponseSA310/trunk/requestResponseSA310-teststub-standalone/target/surefire-reports

-------------------------------------------------------
 T E S T S
-------------------------------------------------------
There are no tests to run.

Results :

Tests run: 0, Failures: 0, Errors: 0, Skipped: 0

[INFO] [mule:mule {execution: default-mule}]
[INFO] Copying classes directly
[INFO] Adding &lt;org.soitoolkit.tool.generator:requestResponseSA310-services:jar:1.0-SNAPSHOT&gt; as a lib
[INFO] Adding &lt;org.springframework:spring-beans:jar:3.0.3.RELEASE&gt; as a lib
[INFO] Adding &lt;org.apache.geronimo.specs:geronimo-javamail_1.4_spec:jar:1.7.1&gt; as a lib
[INFO] Adding &lt;org.apache.cxf:cxf-tools-common:jar:2.3.1&gt; as a lib
[INFO] Adding &lt;org.apache.camel:camel-core:jar:1.5.0&gt; as a lib
[INFO] Adding &lt;org.milyn:milyn-smooks-templating:jar:1.3.1&gt; as a lib
[INFO] Adding &lt;com.sun.xml.bind:jaxb-impl:jar:2.1.10&gt; as a lib
[INFO] Adding &lt;commons-dbcp:commons-dbcp:jar:1.4&gt; as a lib
[INFO] Adding &lt;com.jcraft:jsch:jar:0.1.44-1&gt; as a lib
[INFO] Adding &lt;org.mockftpserver:MockFtpServer:jar:2.2&gt; as a lib
[INFO] Adding &lt;org.springframework:spring-asm:jar:3.0.3.RELEASE&gt; as a lib
[INFO] Adding &lt;org.apache.cxf:cxf-rt-transports-local:jar:2.3.1&gt; as a lib
[INFO] Adding &lt;org.soitoolkit.commons.poms.mule-dependencies:soitoolkit-mule-3.1.1-dependencies:jar:0.4.1-SNAPSHOT&gt; as a lib
[INFO] Adding &lt;org.apache.cxf:cxf-rt-frontend-jaxws:jar:2.3.1&gt; as a lib
[INFO] Adding &lt;org.apache.cxf:cxf-common-schemas:jar:2.3.1&gt; as a lib
[INFO] Adding &lt;org.soitoolkit.tool.generator:requestResponseSA310-services:test-jar:tests:1.0-SNAPSHOT&gt; as a lib
[INFO] Adding &lt;org.apache.cxf:cxf-common-utilities:jar:2.3.1&gt; as a lib
[INFO] Adding &lt;org.apache.cxf:cxf-api:jar:2.3.1&gt; as a lib
[INFO] Adding &lt;junit:junit:jar:4.8.2&gt; as a lib
[INFO] Adding &lt;org.apache.neethi:neethi:jar:2.0.4&gt; as a lib
[INFO] Adding &lt;xalan:xalan:jar:2.7.1&gt; as a lib
[INFO] Adding &lt;antlr:antlr:jar:2.7.7&gt; as a lib
[INFO] Adding &lt;net.sf.opencsv:opencsv:jar:1.8&gt; as a lib
[INFO] Adding &lt;aopalliance:aopalliance:jar:1.0&gt; as a lib
[INFO] Adding &lt;org.apache.cxf:cxf-rt-ws-security:jar:2.3.1&gt; as a lib
[INFO] Adding &lt;org.slf4j:jcl-over-slf4j:jar:1.6.1&gt; as a lib
[INFO] Adding &lt;org.apache.ws.commons.schema:XmlSchema:jar:1.4.7&gt; as a lib
[INFO] Adding &lt;org.springframework:spring-context:jar:3.0.3.RELEASE&gt; as a lib
[INFO] Adding &lt;org.apache.derby:derbytools:jar:10.6.2.1&gt; as a lib
[INFO] Adding &lt;antlr:stringtemplate:jar:2.2&gt; as a lib
[INFO] Adding &lt;javax.xml.stream:stax-api:jar:1.0-2&gt; as a lib
[INFO] Adding &lt;org.apache.derby:derby:jar:10.6.2.1&gt; as a lib
[INFO] Adding &lt;org.milyn:milyn-smooks-csv:jar:1.3.1&gt; as a lib
[INFO] Adding &lt;org.mortbay.jetty:servlet-api-2.5:jar:6.1.11&gt; as a lib
[INFO] Adding &lt;org.soitoolkit.refapps.sd:soitoolkit-refapps-sample-schemas:jar:0.4.1-SNAPSHOT&gt; as a lib
[INFO] Adding &lt;org.apache.cxf:cxf-rt-databinding-aegis:jar:2.3.1&gt; as a lib
[INFO] Adding &lt;org.apache.ws.security:wss4j:jar:1.5.10&gt; as a lib
[INFO] Adding &lt;hsqldb:hsqldb:jar:1.8.0.7&gt; as a lib
[INFO] Adding &lt;xml-resolver:xml-resolver:jar:1.2&gt; as a lib
[INFO] Adding &lt;com.sun.xml.bind:jaxb-xjc:jar:2.1.13&gt; as a lib
[INFO] Adding &lt;org.apache.cxf:cxf-rt-frontend-simple:jar:2.3.1&gt; as a lib
[INFO] Adding &lt;org.soitoolkit.commons.components:soitoolkit-commons-schemas:jar:0.4.1-SNAPSHOT&gt; as a lib
[INFO] Adding &lt;org.apache.derby:derbyclient:jar:10.6.2.1&gt; as a lib
[INFO] Adding &lt;log4j:log4j:jar:1.2.16&gt; as a lib
[INFO] Adding &lt;org.soitoolkit.commons.components:soitoolkit-commons-log:jar:0.4.1-SNAPSHOT&gt; as a lib
[INFO] Adding &lt;org.springframework:spring-expression:jar:3.0.3.RELEASE&gt; as a lib
[INFO] Adding &lt;xalan:serializer:jar:2.7.1&gt; as a lib
[INFO] Adding &lt;org.springframework:spring-aop:jar:3.0.3.RELEASE&gt; as a lib
[INFO] Adding &lt;commons-lang:commons-lang:jar:2.4&gt; as a lib
[INFO] Adding &lt;org.bouncycastle:bcprov-jdk15:jar:1.45&gt; as a lib
[INFO] Adding &lt;commons-logging:commons-logging-api:jar:1.1&gt; as a lib
[INFO] Adding &lt;org.apache.xbean:xbean-spring:jar:3.4&gt; as a lib
[INFO] Adding &lt;org.apache.activemq:activemq-core:jar:5.2.0&gt; as a lib
[INFO] Adding &lt;commons-logging:commons-logging:jar:1.1&gt; as a lib
[INFO] Adding &lt;org.springframework:spring-web:jar:3.0.3.RELEASE&gt; as a lib
[INFO] Adding &lt;org.apache.cxf:cxf-rt-bindings-xml:jar:2.3.1&gt; as a lib
[INFO] Adding &lt;javax.xml.bind:jaxb-api:jar:2.1&gt; as a lib
[INFO] Adding &lt;org.apache.cxf:cxf-rt-databinding-jaxb:jar:2.3.1&gt; as a lib
[INFO] Adding &lt;org.mule.modules:commonretrypolicies:jar:3.0.0&gt; as a lib
[INFO] Adding &lt;org.apache.cxf:cxf-rt-bindings-soap:jar:2.3.1&gt; as a lib
[INFO] Adding &lt;org.slf4j:slf4j-api:jar:1.6.1&gt; as a lib
[INFO] Adding &lt;org.apache.cxf:cxf-rt-core:jar:2.3.1&gt; as a lib
[INFO] Adding &lt;org.apache.activemq:activeio-core:jar:3.1.0&gt; as a lib
[INFO] Adding &lt;org.milyn:milyn-smooks-javabean:jar:1.3.1&gt; as a lib
[INFO] Adding &lt;org.apache.cxf:cxf-rt-transports-http:jar:2.3.1&gt; as a lib
[INFO] Adding &lt;org.slf4j:slf4j-log4j12:jar:1.6.1&gt; as a lib
[INFO] Adding &lt;org.soitoolkit.commons.components:soitoolkit-commons-mule:jar:0.4.1-SNAPSHOT&gt; as a lib
[INFO] Adding &lt;org.apache.cxf:cxf-rt-ws-addr:jar:2.3.1&gt; as a lib
[INFO] Adding &lt;ognl:ognl:jar:2.7.3&gt; as a lib
[INFO] Adding &lt;org.springframework:spring-core:jar:3.0.3.RELEASE&gt; as a lib
[INFO] Adding &lt;wsdl4j:wsdl4j:jar:1.6.2&gt; as a lib
[INFO] Adding &lt;org.apache.santuario:xmlsec:jar:1.4.4&gt; as a lib
[INFO] Adding &lt;net.sourceforge.jtds:jtds:jar:1.2.4&gt; as a lib
[INFO] Building zip: /Users/magnuslarsson/Documents/temp/_plugintests/jUnitTests/requestResponseSA310/trunk/requestResponseSA310-teststub-standalone/target/requestResponseSA310-teststub-standalone-1.0-SNAPSHOT.zip
[INFO] [jar:test-jar {execution: default}]
[INFO] Building jar: /Users/magnuslarsson/Documents/temp/_plugintests/jUnitTests/requestResponseSA310/trunk/requestResponseSA310-teststub-standalone/target/requestResponseSA310-teststub-standalone-1.0-SNAPSHOT-tests.jar
[INFO] [source:jar-no-fork {execution: attach-sources}]
[INFO] No sources in project. Archive not created.
[INFO] [install:install {execution: default-install}]
[INFO] No primary artifact to install, installing attached artifacts instead.
[INFO] Installing /Users/magnuslarsson/Documents/temp/_plugintests/jUnitTests/requestResponseSA310/trunk/requestResponseSA310-teststub-standalone/pom.xml to /Users/magnuslarsson/.m2/repository/org/soitoolkit/tool/generator/requestResponseSA310-teststub-standalone/1.0-SNAPSHOT/requestResponseSA310-teststub-standalone-1.0-SNAPSHOT.pom
[INFO] Installing /Users/magnuslarsson/Documents/temp/_plugintests/jUnitTests/requestResponseSA310/trunk/requestResponseSA310-teststub-standalone/target/requestResponseSA310-teststub-standalone-1.0-SNAPSHOT.zip to /Users/magnuslarsson/.m2/repository/org/soitoolkit/tool/generator/requestResponseSA310-teststub-standalone/1.0-SNAPSHOT/requestResponseSA310-teststub-standalone-1.0-SNAPSHOT.zip
[INFO] Installing /Users/magnuslarsson/Documents/temp/_plugintests/jUnitTests/requestResponseSA310/trunk/requestResponseSA310-teststub-standalone/target/requestResponseSA310-teststub-standalone-1.0-SNAPSHOT-tests.jar to /Users/magnuslarsson/.m2/repository/org/soitoolkit/tool/generator/requestResponseSA310-teststub-standalone/1.0-SNAPSHOT/requestResponseSA310-teststub-standalone-1.0-SNAPSHOT-tests.jar
[INFO] [mule:install {execution: default-install}]
[INFO] 
[INFO] 
[INFO] ------------------------------------------------------------------------
[INFO] Reactor Summary:
[INFO] ------------------------------------------------------------------------
[INFO] requestResponseSA310 .................................. SUCCESS [2.306s]
[INFO] requestResponseSA310-services ......................... SUCCESS [54.519s]
[INFO] requestResponseSA310-standalone ....................... SUCCESS [3.797s]
[INFO] requestResponseSA310-teststub-standalone .............. SUCCESS [4.098s]
[INFO] ------------------------------------------------------------------------
[INFO] ------------------------------------------------------------------------
[INFO] BUILD SUCCESSFUL
[INFO] ------------------------------------------------------------------------
[INFO] Total time: 1 minute 5 seconds
[INFO] Finished at: Wed Mar 30 23:23:08 CEST 2011
[INFO] Final Memory: 61M/119M
[INFO] ------------------------------------------------------------------------
[INFO] Scanning for projects...
[INFO] Reactor build order: 
[INFO]   requestResponseSA310
[INFO]   requestResponseSA310-services
[INFO]   requestResponseSA310-standalone
[INFO]   requestResponseSA310-teststub-standalone
[INFO] Searching repository for plugin with prefix: &apos;surefire-report&apos;.
[INFO] ------------------------------------------------------------------------
[INFO] Building requestResponseSA310
[INFO]    task-segment: [eclipse:m2eclipse, surefire-report:report]
[INFO] ------------------------------------------------------------------------
[INFO] Preparing eclipse:m2eclipse
[INFO] [enforcer:enforce {execution: enforce-maven}]
[INFO] [properties:write-project-properties {execution: default}]
[INFO] [eclipse:m2eclipse {execution: default-cli}]
[INFO] Not running eclipse plugin goal for pom project
[INFO] Preparing surefire-report:report
[INFO] [enforcer:enforce {execution: enforce-maven}]
[INFO] [properties:write-project-properties {execution: default}]
[INFO] [surefire-report:report {execution: default-cli}]
[WARNING] Unable to locate Test Source XRef to link to - DISABLED
[INFO] ------------------------------------------------------------------------
[INFO] Building requestResponseSA310-services
[INFO]    task-segment: [eclipse:m2eclipse, surefire-report:report]
[INFO] ------------------------------------------------------------------------
[INFO] Preparing eclipse:m2eclipse
[INFO] [enforcer:enforce {execution: enforce-maven}]
[INFO] [properties:write-project-properties {execution: default}]
[INFO] [eclipse:m2eclipse {execution: default-cli}]
[INFO] Using Eclipse Workspace: null
[INFO] Wrote settings to /Users/magnuslarsson/Documents/temp/_plugintests/jUnitTests/requestResponseSA310/trunk/requestResponseSA310-services/.settings/org.eclipse.jdt.core.prefs
[INFO] Wrote Eclipse project for &quot;requestResponseSA310-services&quot; to /Users/magnuslarsson/Documents/temp/_plugintests/jUnitTests/requestResponseSA310/trunk/requestResponseSA310-services.
[INFO] 
[INFO] Preparing surefire-report:report
[INFO] [enforcer:enforce {execution: enforce-maven}]
[INFO] [properties:write-project-properties {execution: default}]
[INFO] [resources:resources {execution: default-resources}]
[INFO] Using &apos;UTF-8&apos; encoding to copy filtered resources.
[INFO] Copying 5 resources
[INFO] [compiler:compile {execution: default-compile}]
[INFO] Nothing to compile - all classes are up to date
[INFO] [resources:testResources {execution: default-testResources}]
[INFO] Using &apos;UTF-8&apos; encoding to copy filtered resources.
[INFO] Copying 19 resources
[INFO] Copying 4 resources
[INFO] [compiler:testCompile {execution: default-testCompile}]
[INFO] Nothing to compile - all classes are up to date
[INFO] [surefire:test {execution: default-test}]
[INFO] Tests are skipped.
[INFO] [surefire-report:report {execution: default-cli}]
[WARNING] Unable to locate Test Source XRef to link to - DISABLED
[INFO] ------------------------------------------------------------------------
[INFO] Building requestResponseSA310-standalone
[INFO]    task-segment: [eclipse:m2eclipse, surefire-report:report]
[INFO] ------------------------------------------------------------------------
[INFO] Preparing eclipse:m2eclipse
[INFO] [mule:attach-test-resources {execution: default-attach-test-resources}]
[INFO] attaching test resource /Users/magnuslarsson/Documents/temp/_plugintests/jUnitTests/requestResponseSA310/trunk/requestResponseSA310-standalone/src/main/app
[INFO] [enforcer:enforce {execution: enforce-maven}]
[INFO] [properties:write-project-properties {execution: default}]
[INFO] [eclipse:m2eclipse {execution: default-cli}]
[INFO] Using Eclipse Workspace: null
[INFO] Wrote settings to /Users/magnuslarsson/Documents/temp/_plugintests/jUnitTests/requestResponseSA310/trunk/requestResponseSA310-standalone/.settings/org.eclipse.jdt.core.prefs
[INFO] Wrote Eclipse project for &quot;requestResponseSA310-standalone&quot; to /Users/magnuslarsson/Documents/temp/_plugintests/jUnitTests/requestResponseSA310/trunk/requestResponseSA310-standalone.
[INFO] 
[INFO] Preparing surefire-report:report
[INFO] [mule:attach-test-resources {execution: default-attach-test-resources}]
[INFO] attaching test resource /Users/magnuslarsson/Documents/temp/_plugintests/jUnitTests/requestResponseSA310/trunk/requestResponseSA310-standalone/src/main/app
[INFO] [enforcer:enforce {execution: enforce-maven}]
[INFO] [properties:write-project-properties {execution: default}]
[INFO] [resources:resources {execution: default-resources}]
[INFO] Using &apos;UTF-8&apos; encoding to copy filtered resources.
[INFO] skip non existing resourceDirectory /Users/magnuslarsson/Documents/temp/_plugintests/jUnitTests/requestResponseSA310/trunk/requestResponseSA310-standalone/src/main/resources
[INFO] [compiler:compile {execution: default-compile}]
[INFO] No sources to compile
[INFO] [resources:testResources {execution: default-testResources}]
[INFO] Using &apos;UTF-8&apos; encoding to copy filtered resources.
[INFO] skip non existing resourceDirectory /Users/magnuslarsson/Documents/temp/_plugintests/jUnitTests/requestResponseSA310/trunk/requestResponseSA310-standalone/src/test/resources
[INFO] Copying 1 resource
[INFO] [compiler:testCompile {execution: default-testCompile}]
[INFO] No sources to compile
[INFO] [surefire:test {execution: default-test}]
[INFO] Tests are skipped.
[INFO] [surefire-report:report {execution: default-cli}]
[WARNING] Unable to locate Test Source XRef to link to - DISABLED
[INFO] ------------------------------------------------------------------------
[INFO] Building requestResponseSA310-teststub-standalone
[INFO]    task-segment: [eclipse:m2eclipse, surefire-report:report]
[INFO] ------------------------------------------------------------------------
[INFO] Preparing eclipse:m2eclipse
[INFO] [mule:attach-test-resources {execution: default-attach-test-resources}]
[INFO] attaching test resource /Users/magnuslarsson/Documents/temp/_plugintests/jUnitTests/requestResponseSA310/trunk/requestResponseSA310-teststub-standalone/src/main/app
[INFO] [enforcer:enforce {execution: enforce-maven}]
[INFO] [properties:write-project-properties {execution: default}]
[INFO] [eclipse:m2eclipse {execution: default-cli}]
[INFO] Using Eclipse Workspace: null
[INFO] Wrote settings to /Users/magnuslarsson/Documents/temp/_plugintests/jUnitTests/requestResponseSA310/trunk/requestResponseSA310-teststub-standalone/.settings/org.eclipse.jdt.core.prefs
[INFO] Wrote Eclipse project for &quot;requestResponseSA310-teststub-standalone&quot; to /Users/magnuslarsson/Documents/temp/_plugintests/jUnitTests/requestResponseSA310/trunk/requestResponseSA310-teststub-standalone.
[INFO] 
[INFO] Preparing surefire-report:report
[INFO] [mule:attach-test-resources {execution: default-attach-test-resources}]
[INFO] attaching test resource /Users/magnuslarsson/Documents/temp/_plugintests/jUnitTests/requestResponseSA310/trunk/requestResponseSA310-teststub-standalone/src/main/app
[INFO] [enforcer:enforce {execution: enforce-maven}]
[INFO] [properties:write-project-properties {execution: default}]
[INFO] [resources:resources {execution: default-resources}]
[INFO] Using &apos;UTF-8&apos; encoding to copy filtered resources.
[INFO] skip non existing resourceDirectory /Users/magnuslarsson/Documents/temp/_plugintests/jUnitTests/requestResponseSA310/trunk/requestResponseSA310-teststub-standalone/src/main/resources
[INFO] [compiler:compile {execution: default-compile}]
[INFO] No sources to compile
[INFO] [resources:testResources {execution: default-testResources}]
[INFO] Using &apos;UTF-8&apos; encoding to copy filtered resources.
[INFO] skip non existing resourceDirectory /Users/magnuslarsson/Documents/temp/_plugintests/jUnitTests/requestResponseSA310/trunk/requestResponseSA310-teststub-standalone/src/test/resources
[INFO] Copying 1 resource
[INFO] [compiler:testCompile {execution: default-testCompile}]
[INFO] No sources to compile
[INFO] [surefire:test {execution: default-test}]
[INFO] Tests are skipped.
[INFO] [surefire-report:report {execution: default-cli}]
[WARNING] Unable to locate Test Source XRef to link to - DISABLED
[INFO] 
[INFO] 
[INFO] ------------------------------------------------------------------------
[INFO] Reactor Summary:
[INFO] ------------------------------------------------------------------------
[INFO] requestResponseSA310 .................................. SUCCESS [2.005s]
[INFO] requestResponseSA310-services ......................... SUCCESS [3.413s]
[INFO] requestResponseSA310-standalone ....................... SUCCESS [0.287s]
[INFO] requestResponseSA310-teststub-standalone .............. SUCCESS [0.227s]
[INFO] ------------------------------------------------------------------------
[INFO] ------------------------------------------------------------------------
[INFO] BUILD SUCCESSFUL
[INFO] ------------------------------------------------------------------------
[INFO] Total time: 7 seconds
[INFO] Finished at: Wed Mar 30 23:23:17 CEST 2011
[INFO] Final Memory: 51M/105M
[INFO] ------------------------------------------------------------------------
[INFO] Scanning for projects...
[INFO] Reactor build order: 
[INFO]   requestResponseSA310
[INFO]   requestResponseSA310-services
[INFO]   requestResponseSA310-standalone
[INFO]   requestResponseSA310-teststub-standalone
[INFO] ------------------------------------------------------------------------
[INFO] Building requestResponseSA310
[INFO]    task-segment: [clean]
[INFO] ------------------------------------------------------------------------
[INFO] [clean:clean {execution: default-clean}]
[INFO] Deleting /Users/magnuslarsson/Documents/temp/_plugintests/jUnitTests/requestResponseSA310/trunk/target
[INFO] ------------------------------------------------------------------------
[INFO] Building requestResponseSA310-services
[INFO]    task-segment: [clean]
[INFO] ------------------------------------------------------------------------
[INFO] [clean:clean {execution: default-clean}]
[INFO] Deleting /Users/magnuslarsson/Documents/temp/_plugintests/jUnitTests/requestResponseSA310/trunk/requestResponseSA310-services/target
[INFO] ------------------------------------------------------------------------
[INFO] Building requestResponseSA310-standalone
[INFO]    task-segment: [clean]
[INFO] ------------------------------------------------------------------------
[INFO] [clean:clean {execution: default-clean}]
[INFO] Deleting /Users/magnuslarsson/Documents/temp/_plugintests/jUnitTests/requestResponseSA310/trunk/requestResponseSA310-standalone/target
[INFO] ------------------------------------------------------------------------
[INFO] Building requestResponseSA310-teststub-standalone
[INFO]    task-segment: [clean]
[INFO] ------------------------------------------------------------------------
[INFO] [clean:clean {execution: default-clean}]
[INFO] Deleting /Users/magnuslarsson/Documents/temp/_plugintests/jUnitTests/requestResponseSA310/trunk/requestResponseSA310-teststub-standalone/target
[INFO] 
[INFO] 
[INFO] ------------------------------------------------------------------------
[INFO] Reactor Summary:
[INFO] ------------------------------------------------------------------------
[INFO] requestResponseSA310 .................................. SUCCESS [0.406s]
[INFO] requestResponseSA310-services ......................... SUCCESS [0.025s]
[INFO] requestResponseSA310-standalone ....................... SUCCESS [0.010s]
[INFO] requestResponseSA310-teststub-standalone .............. SUCCESS [0.021s]
[INFO] ------------------------------------------------------------------------
[INFO] ------------------------------------------------------------------------
[INFO] BUILD SUCCESSFUL
[INFO] ------------------------------------------------------------------------
[INFO] Total time: 1 second
[INFO] Finished at: Wed Mar 30 23:23:19 CEST 2011
[INFO] Final Memory: 11M/81M
[INFO] ------------------------------------------------------------------------
INFO: Generate files from templateFolder: /templates/integrationComponent/newProject
INFO: Created directory: /Users/magnuslarsson/Documents/temp/_plugintests/jUnitTests/Request-Response-SA-Tests-310/branches
INFO: Created directory: /Users/magnuslarsson/Documents/temp/_plugintests/jUnitTests/Request-Response-SA-Tests-310/tags
INFO: Created directory: /Users/magnuslarsson/Documents/temp/_plugintests/jUnitTests/Request-Response-SA-Tests-310/trunk
INFO: Created file: /Users/magnuslarsson/Documents/temp/_plugintests/jUnitTests/Request-Response-SA-Tests-310/trunk/pom.xml, size: 1968
INFO: Created directory: /Users/magnuslarsson/Documents/temp/_plugintests/jUnitTests/Request-Response-SA-Tests-310/trunk/Request-Response-SA-Tests-310-services
INFO: Created file: /Users/magnuslarsson/Documents/temp/_plugintests/jUnitTests/Request-Response-SA-Tests-310/trunk/Request-Response-SA-Tests-310-services/pom.xml, size: 1844
INFO: Created directory: /Users/magnuslarsson/Documents/temp/_plugintests/jUnitTests/Request-Response-SA-Tests-310/trunk/Request-Response-SA-Tests-310-services/src/main/java/org/soitoolkit/tool/generatortests/requestresponsesatests310
INFO: Created directory: /Users/magnuslarsson/Documents/temp/_plugintests/jUnitTests/Request-Response-SA-Tests-310/trunk/Request-Response-SA-Tests-310-services/src/main/resources
INFO: Created file: /Users/magnuslarsson/Documents/temp/_plugintests/jUnitTests/Request-Response-SA-Tests-310/trunk/Request-Response-SA-Tests-310-services/src/main/resources/Request-Response-SA-Tests-310-common.xml, size: 5160
INFO: Created file: /Users/magnuslarsson/Documents/temp/_plugintests/jUnitTests/Request-Response-SA-Tests-310/trunk/Request-Response-SA-Tests-310-services/src/main/resources/Request-Response-SA-Tests-310-config.xml, size: 995
INFO: Created directory: /Users/magnuslarsson/Documents/temp/_plugintests/jUnitTests/Request-Response-SA-Tests-310/trunk/Request-Response-SA-Tests-310-services/src/main/resources/services
INFO: Created directory: /Users/magnuslarsson/Documents/temp/_plugintests/jUnitTests/Request-Response-SA-Tests-310/trunk/Request-Response-SA-Tests-310-services/src/test/java/org/soitoolkit/tool/generatortests/requestresponsesatests310
INFO: Created file: /Users/magnuslarsson/Documents/temp/_plugintests/jUnitTests/Request-Response-SA-Tests-310/trunk/Request-Response-SA-Tests-310-services/src/test/java/org/soitoolkit/tool/generatortests/requestresponsesatests310/RequestResponseSATests310MuleServer.java, size: 1508
INFO: Created directory: /Users/magnuslarsson/Documents/temp/_plugintests/jUnitTests/Request-Response-SA-Tests-310/trunk/Request-Response-SA-Tests-310-services/src/test/resources
INFO: Created file: /Users/magnuslarsson/Documents/temp/_plugintests/jUnitTests/Request-Response-SA-Tests-310/trunk/Request-Response-SA-Tests-310-services/src/test/resources/Request-Response-SA-Tests-310-teststubs-and-services-config.xml, size: 930
INFO: Created file: /Users/magnuslarsson/Documents/temp/_plugintests/jUnitTests/Request-Response-SA-Tests-310/trunk/Request-Response-SA-Tests-310-services/src/test/resources/Request-Response-SA-Tests-310-teststubs-only-config.xml, size: 862
INFO: Created directory: /Users/magnuslarsson/Documents/temp/_plugintests/jUnitTests/Request-Response-SA-Tests-310/trunk/Request-Response-SA-Tests-310-services/src/test/resources/testfiles
INFO: Created directory: /Users/magnuslarsson/Documents/temp/_plugintests/jUnitTests/Request-Response-SA-Tests-310/trunk/Request-Response-SA-Tests-310-services/src/test/resources/teststub-services
INFO: Created directory: /Users/magnuslarsson/Documents/temp/_plugintests/jUnitTests/Request-Response-SA-Tests-310/trunk/Request-Response-SA-Tests-310-services/src/environment
INFO: Created file: /Users/magnuslarsson/Documents/temp/_plugintests/jUnitTests/Request-Response-SA-Tests-310/trunk/Request-Response-SA-Tests-310-services/src/environment/log4j.dtd, size: 6718
INFO: Created file: /Users/magnuslarsson/Documents/temp/_plugintests/jUnitTests/Request-Response-SA-Tests-310/trunk/Request-Response-SA-Tests-310-services/src/environment/log4j.xml, size: 2139
INFO: Created file: /Users/magnuslarsson/Documents/temp/_plugintests/jUnitTests/Request-Response-SA-Tests-310/trunk/Request-Response-SA-Tests-310-services/src/environment/Request-Response-SA-Tests-310-security.properties, size: 58
INFO: Created file: /Users/magnuslarsson/Documents/temp/_plugintests/jUnitTests/Request-Response-SA-Tests-310/trunk/Request-Response-SA-Tests-310-services/src/environment/Request-Response-SA-Tests-310-config.properties, size: 577
INFO: Created directory: /Users/magnuslarsson/Documents/temp/_plugintests/jUnitTests/Request-Response-SA-Tests-310/trunk/Request-Response-SA-Tests-310-standalone
INFO: Created file: /Users/magnuslarsson/Documents/temp/_plugintests/jUnitTests/Request-Response-SA-Tests-310/trunk/Request-Response-SA-Tests-310-standalone/pom.xml, size: 1851
INFO: Created directory: /Users/magnuslarsson/Documents/temp/_plugintests/jUnitTests/Request-Response-SA-Tests-310/trunk/Request-Response-SA-Tests-310-standalone/src/main/app
INFO: Created file: /Users/magnuslarsson/Documents/temp/_plugintests/jUnitTests/Request-Response-SA-Tests-310/trunk/Request-Response-SA-Tests-310-standalone/src/main/app/mule-config.xml, size: 584
INFO: Created directory: /Users/magnuslarsson/Documents/temp/_plugintests/jUnitTests/Request-Response-SA-Tests-310/trunk/Request-Response-SA-Tests-310-teststub-standalone
INFO: Created file: /Users/magnuslarsson/Documents/temp/_plugintests/jUnitTests/Request-Response-SA-Tests-310/trunk/Request-Response-SA-Tests-310-teststub-standalone/pom.xml, size: 2135
INFO: Created directory: /Users/magnuslarsson/Documents/temp/_plugintests/jUnitTests/Request-Response-SA-Tests-310/trunk/Request-Response-SA-Tests-310-teststub-standalone/src/main/app
INFO: Created file: /Users/magnuslarsson/Documents/temp/_plugintests/jUnitTests/Request-Response-SA-Tests-310/trunk/Request-Response-SA-Tests-310-teststub-standalone/src/main/app/mule-config.xml, size: 600
INFO: Generate files from templateFolder: /requestResponseService
INFO: Created file: /Users/magnuslarsson/Documents/temp/_plugintests/jUnitTests/Request-Response-SA-Tests-310/trunk/Request-Response-SA-Tests-310-services/src/main/resources/services/soaphttpToSoaphttpUsingJava-service.xml, size: 3355
INFO: Created directory: /Users/magnuslarsson/Documents/temp/_plugintests/jUnitTests/Request-Response-SA-Tests-310/trunk/Request-Response-SA-Tests-310-services/src/main/java/org/soitoolkit/tool/generatortests/requestresponsesatests310/soaphttptosoaphttpusingjava
INFO: Created file: /Users/magnuslarsson/Documents/temp/_plugintests/jUnitTests/Request-Response-SA-Tests-310/trunk/Request-Response-SA-Tests-310-services/src/main/java/org/soitoolkit/tool/generatortests/requestresponsesatests310/soaphttptosoaphttpusingjava/SoaphttpToSoaphttpUsingJavaRequestTransformer.java, size: 866
INFO: Created file: /Users/magnuslarsson/Documents/temp/_plugintests/jUnitTests/Request-Response-SA-Tests-310/trunk/Request-Response-SA-Tests-310-services/src/main/java/org/soitoolkit/tool/generatortests/requestresponsesatests310/soaphttptosoaphttpusingjava/SoaphttpToSoaphttpUsingJavaResponseTransformer.java, size: 1054
INFO: Created file: /Users/magnuslarsson/Documents/temp/_plugintests/jUnitTests/Request-Response-SA-Tests-310/trunk/Request-Response-SA-Tests-310-services/src/test/resources/testfiles/soaphttpToSoaphttpUsingJava-request-input.xml, size: 133
INFO: Created file: /Users/magnuslarsson/Documents/temp/_plugintests/jUnitTests/Request-Response-SA-Tests-310/trunk/Request-Response-SA-Tests-310-services/src/test/resources/testfiles/soaphttpToSoaphttpUsingJava-request-expected-result.csv, size: 23
INFO: Created file: /Users/magnuslarsson/Documents/temp/_plugintests/jUnitTests/Request-Response-SA-Tests-310/trunk/Request-Response-SA-Tests-310-services/src/test/resources/testfiles/soaphttpToSoaphttpUsingJava-response-input.csv, size: 29
INFO: Created file: /Users/magnuslarsson/Documents/temp/_plugintests/jUnitTests/Request-Response-SA-Tests-310/trunk/Request-Response-SA-Tests-310-services/src/test/resources/testfiles/soaphttpToSoaphttpUsingJava-response-expected-result.xml, size: 174
INFO: Created file: /Users/magnuslarsson/Documents/temp/_plugintests/jUnitTests/Request-Response-SA-Tests-310/trunk/Request-Response-SA-Tests-310-services/src/test/resources/teststub-services/soaphttpToSoaphttpUsingJava-teststub-service.xml, size: 1167
INFO: Created directory: /Users/magnuslarsson/Documents/temp/_plugintests/jUnitTests/Request-Response-SA-Tests-310/trunk/Request-Response-SA-Tests-310-services/src/test/java/org/soitoolkit/tool/generatortests/requestresponsesatests310/soaphttptosoaphttpusingjava
INFO: Created file: /Users/magnuslarsson/Documents/temp/_plugintests/jUnitTests/Request-Response-SA-Tests-310/trunk/Request-Response-SA-Tests-310-services/src/test/java/org/soitoolkit/tool/generatortests/requestresponsesatests310/soaphttptosoaphttpusingjava/SoaphttpToSoaphttpUsingJavaIntegrationTest.java, size: 5127
INFO: Created file: /Users/magnuslarsson/Documents/temp/_plugintests/jUnitTests/Request-Response-SA-Tests-310/trunk/Request-Response-SA-Tests-310-services/src/test/java/org/soitoolkit/tool/generatortests/requestresponsesatests310/soaphttptosoaphttpusingjava/SoaphttpToSoaphttpUsingJavaRequestTransformerTest.java, size: 1077
INFO: Created file: /Users/magnuslarsson/Documents/temp/_plugintests/jUnitTests/Request-Response-SA-Tests-310/trunk/Request-Response-SA-Tests-310-services/src/test/java/org/soitoolkit/tool/generatortests/requestresponsesatests310/soaphttptosoaphttpusingjava/SoaphttpToSoaphttpUsingJavaResponseTransformerTest.java, size: 1270
INFO: Created file: /Users/magnuslarsson/Documents/temp/_plugintests/jUnitTests/Request-Response-SA-Tests-310/trunk/Request-Response-SA-Tests-310-services/src/test/java/org/soitoolkit/tool/generatortests/requestresponsesatests310/soaphttptosoaphttpusingjava/SoaphttpToSoaphttpUsingJavaTestConsumer.java, size: 1837
INFO: Created file: /Users/magnuslarsson/Documents/temp/_plugintests/jUnitTests/Request-Response-SA-Tests-310/trunk/Request-Response-SA-Tests-310-services/src/test/java/org/soitoolkit/tool/generatortests/requestresponsesatests310/soaphttptosoaphttpusingjava/SoaphttpToSoaphttpUsingJavaTestProducer.java, size: 1751
INFO: Generate files from templateFolder: /requestResponseService
INFO: Created file: /Users/magnuslarsson/Documents/temp/_plugintests/jUnitTests/Request-Response-SA-Tests-310/trunk/Request-Response-SA-Tests-310-services/src/main/resources/services/soaphttpToResthttpUsingJava-service.xml, size: 3535
INFO: Created directory: /Users/magnuslarsson/Documents/temp/_plugintests/jUnitTests/Request-Response-SA-Tests-310/trunk/Request-Response-SA-Tests-310-services/src/main/java/org/soitoolkit/tool/generatortests/requestresponsesatests310/soaphttptoresthttpusingjava
INFO: Created file: /Users/magnuslarsson/Documents/temp/_plugintests/jUnitTests/Request-Response-SA-Tests-310/trunk/Request-Response-SA-Tests-310-services/src/main/java/org/soitoolkit/tool/generatortests/requestresponsesatests310/soaphttptoresthttpusingjava/SoaphttpToResthttpUsingJavaRequestTransformer.java, size: 866
INFO: Created file: /Users/magnuslarsson/Documents/temp/_plugintests/jUnitTests/Request-Response-SA-Tests-310/trunk/Request-Response-SA-Tests-310-services/src/main/java/org/soitoolkit/tool/generatortests/requestresponsesatests310/soaphttptoresthttpusingjava/SoaphttpToResthttpUsingJavaResponseTransformer.java, size: 1378
INFO: Created file: /Users/magnuslarsson/Documents/temp/_plugintests/jUnitTests/Request-Response-SA-Tests-310/trunk/Request-Response-SA-Tests-310-services/src/test/resources/testfiles/soaphttpToResthttpUsingJava-request-input.xml, size: 133
INFO: Created file: /Users/magnuslarsson/Documents/temp/_plugintests/jUnitTests/Request-Response-SA-Tests-310/trunk/Request-Response-SA-Tests-310-services/src/test/resources/testfiles/soaphttpToResthttpUsingJava-request-expected-result.csv, size: 23
INFO: Created file: /Users/magnuslarsson/Documents/temp/_plugintests/jUnitTests/Request-Response-SA-Tests-310/trunk/Request-Response-SA-Tests-310-services/src/test/resources/testfiles/soaphttpToResthttpUsingJava-response-input.rest, size: 15
INFO: Created file: /Users/magnuslarsson/Documents/temp/_plugintests/jUnitTests/Request-Response-SA-Tests-310/trunk/Request-Response-SA-Tests-310-services/src/test/resources/testfiles/soaphttpToResthttpUsingJava-response-expected-result.xml, size: 174
INFO: Created file: /Users/magnuslarsson/Documents/temp/_plugintests/jUnitTests/Request-Response-SA-Tests-310/trunk/Request-Response-SA-Tests-310-services/src/test/resources/teststub-services/soaphttpToResthttpUsingJava-teststub-service.xml, size: 1157
INFO: Created directory: /Users/magnuslarsson/Documents/temp/_plugintests/jUnitTests/Request-Response-SA-Tests-310/trunk/Request-Response-SA-Tests-310-services/src/test/java/org/soitoolkit/tool/generatortests/requestresponsesatests310/soaphttptoresthttpusingjava
INFO: Created file: /Users/magnuslarsson/Documents/temp/_plugintests/jUnitTests/Request-Response-SA-Tests-310/trunk/Request-Response-SA-Tests-310-services/src/test/java/org/soitoolkit/tool/generatortests/requestresponsesatests310/soaphttptoresthttpusingjava/SoaphttpToResthttpUsingJavaIntegrationTest.java, size: 5135
INFO: Created file: /Users/magnuslarsson/Documents/temp/_plugintests/jUnitTests/Request-Response-SA-Tests-310/trunk/Request-Response-SA-Tests-310-services/src/test/java/org/soitoolkit/tool/generatortests/requestresponsesatests310/soaphttptoresthttpusingjava/SoaphttpToResthttpUsingJavaRequestTransformerTest.java, size: 1077
INFO: Created file: /Users/magnuslarsson/Documents/temp/_plugintests/jUnitTests/Request-Response-SA-Tests-310/trunk/Request-Response-SA-Tests-310-services/src/test/java/org/soitoolkit/tool/generatortests/requestresponsesatests310/soaphttptoresthttpusingjava/SoaphttpToResthttpUsingJavaResponseTransformerTest.java, size: 1188
INFO: Created file: /Users/magnuslarsson/Documents/temp/_plugintests/jUnitTests/Request-Response-SA-Tests-310/trunk/Request-Response-SA-Tests-310-services/src/test/java/org/soitoolkit/tool/generatortests/requestresponsesatests310/soaphttptoresthttpusingjava/SoaphttpToResthttpUsingJavaTestConsumer.java, size: 1837
INFO: Created file: /Users/magnuslarsson/Documents/temp/_plugintests/jUnitTests/Request-Response-SA-Tests-310/trunk/Request-Response-SA-Tests-310-services/src/test/java/org/soitoolkit/tool/generatortests/requestresponsesatests310/soaphttptoresthttpusingjava/SoaphttpToResthttpUsingJavaTestProducer.java, size: 1507
INFO: Generate files from templateFolder: /requestResponseService
INFO: Created file: /Users/magnuslarsson/Documents/temp/_plugintests/jUnitTests/Request-Response-SA-Tests-310/trunk/Request-Response-SA-Tests-310-services/src/main/resources/services/soaphttpToJmsUsingJava-service.xml, size: 3461
INFO: Created directory: /Users/magnuslarsson/Documents/temp/_plugintests/jUnitTests/Request-Response-SA-Tests-310/trunk/Request-Response-SA-Tests-310-services/src/main/java/org/soitoolkit/tool/generatortests/requestresponsesatests310/soaphttptojmsusingjava
INFO: Created file: /Users/magnuslarsson/Documents/temp/_plugintests/jUnitTests/Request-Response-SA-Tests-310/trunk/Request-Response-SA-Tests-310-services/src/main/java/org/soitoolkit/tool/generatortests/requestresponsesatests310/soaphttptojmsusingjava/SoaphttpToJmsUsingJavaRequestTransformer.java, size: 947
INFO: Created file: /Users/magnuslarsson/Documents/temp/_plugintests/jUnitTests/Request-Response-SA-Tests-310/trunk/Request-Response-SA-Tests-310-services/src/main/java/org/soitoolkit/tool/generatortests/requestresponsesatests310/soaphttptojmsusingjava/SoaphttpToJmsUsingJavaResponseTransformer.java, size: 1664
INFO: Created file: /Users/magnuslarsson/Documents/temp/_plugintests/jUnitTests/Request-Response-SA-Tests-310/trunk/Request-Response-SA-Tests-310-services/src/test/resources/testfiles/soaphttpToJmsUsingJava-request-input.xml, size: 133
INFO: Created file: /Users/magnuslarsson/Documents/temp/_plugintests/jUnitTests/Request-Response-SA-Tests-310/trunk/Request-Response-SA-Tests-310-services/src/test/resources/testfiles/soaphttpToJmsUsingJava-request-expected-result.csv, size: 23
INFO: Created file: /Users/magnuslarsson/Documents/temp/_plugintests/jUnitTests/Request-Response-SA-Tests-310/trunk/Request-Response-SA-Tests-310-services/src/test/resources/testfiles/soaphttpToJmsUsingJava-response-input.csv, size: 29
INFO: Created file: /Users/magnuslarsson/Documents/temp/_plugintests/jUnitTests/Request-Response-SA-Tests-310/trunk/Request-Response-SA-Tests-310-services/src/test/resources/testfiles/soaphttpToJmsUsingJava-response-expected-result.xml, size: 174
INFO: Created file: /Users/magnuslarsson/Documents/temp/_plugintests/jUnitTests/Request-Response-SA-Tests-310/trunk/Request-Response-SA-Tests-310-services/src/test/resources/testfiles/soaphttpToJmsUsingJava-fault-response-input.csv, size: 28
INFO: Created file: /Users/magnuslarsson/Documents/temp/_plugintests/jUnitTests/Request-Response-SA-Tests-310/trunk/Request-Response-SA-Tests-310-services/src/test/resources/testfiles/soaphttpToJmsUsingJava-fault-response-expected-result.xml, size: 215
INFO: Created file: /Users/magnuslarsson/Documents/temp/_plugintests/jUnitTests/Request-Response-SA-Tests-310/trunk/Request-Response-SA-Tests-310-services/src/test/resources/teststub-services/soaphttpToJmsUsingJava-teststub-service.xml, size: 1471
INFO: Created directory: /Users/magnuslarsson/Documents/temp/_plugintests/jUnitTests/Request-Response-SA-Tests-310/trunk/Request-Response-SA-Tests-310-services/src/test/java/org/soitoolkit/tool/generatortests/requestresponsesatests310/soaphttptojmsusingjava
INFO: Created file: /Users/magnuslarsson/Documents/temp/_plugintests/jUnitTests/Request-Response-SA-Tests-310/trunk/Request-Response-SA-Tests-310-services/src/test/java/org/soitoolkit/tool/generatortests/requestresponsesatests310/soaphttptojmsusingjava/SoaphttpToJmsUsingJavaIntegrationTest.java, size: 5378
INFO: Created file: /Users/magnuslarsson/Documents/temp/_plugintests/jUnitTests/Request-Response-SA-Tests-310/trunk/Request-Response-SA-Tests-310-services/src/test/java/org/soitoolkit/tool/generatortests/requestresponsesatests310/soaphttptojmsusingjava/SoaphttpToJmsUsingJavaRequestTransformerTest.java, size: 984
INFO: Created file: /Users/magnuslarsson/Documents/temp/_plugintests/jUnitTests/Request-Response-SA-Tests-310/trunk/Request-Response-SA-Tests-310-services/src/test/java/org/soitoolkit/tool/generatortests/requestresponsesatests310/soaphttptojmsusingjava/SoaphttpToJmsUsingJavaResponseTransformerTest.java, size: 1884
INFO: Created file: /Users/magnuslarsson/Documents/temp/_plugintests/jUnitTests/Request-Response-SA-Tests-310/trunk/Request-Response-SA-Tests-310-services/src/test/java/org/soitoolkit/tool/generatortests/requestresponsesatests310/soaphttptojmsusingjava/SoaphttpToJmsUsingJavaTestConsumer.java, size: 1802
INFO: Created file: /Users/magnuslarsson/Documents/temp/_plugintests/jUnitTests/Request-Response-SA-Tests-310/trunk/Request-Response-SA-Tests-310-services/src/test/java/org/soitoolkit/tool/generatortests/requestresponsesatests310/soaphttptojmsusingjava/SoaphttpToJmsUsingJavaTestProducer.java, size: 1897
[INFO] Scanning for projects...
[INFO] Reactor build order: 
[INFO]   Request-Response-SA-Tests-310
[INFO]   Request-Response-SA-Tests-310-services
[INFO]   Request-Response-SA-Tests-310-standalone
[INFO]   Request-Response-SA-Tests-310-teststub-standalone
[INFO] ------------------------------------------------------------------------
[INFO] Building Request-Response-SA-Tests-310
[INFO]    task-segment: [install]
[INFO] ------------------------------------------------------------------------
[INFO] [enforcer:enforce {execution: enforce-maven}]
[INFO] [properties:write-project-properties {execution: default}]
[INFO] [site:attach-descriptor {execution: default-attach-descriptor}]
[INFO] [jar:test-jar {execution: default}]
[WARNING] JAR will be empty - no content was marked for inclusion!
[INFO] Building jar: /Users/magnuslarsson/Documents/temp/_plugintests/jUnitTests/Request-Response-SA-Tests-310/trunk/target/Request-Response-SA-Tests-310-1.0-SNAPSHOT-tests.jar
[INFO] [source:jar-no-fork {execution: attach-sources}]
[INFO] [install:install {execution: default-install}]
[INFO] Installing /Users/magnuslarsson/Documents/temp/_plugintests/jUnitTests/Request-Response-SA-Tests-310/trunk/pom.xml to /Users/magnuslarsson/.m2/repository/org/soitoolkit/tool/generator-tests/Request-Response-SA-Tests-310/1.0-SNAPSHOT/Request-Response-SA-Tests-310-1.0-SNAPSHOT.pom
[INFO] Installing /Users/magnuslarsson/Documents/temp/_plugintests/jUnitTests/Request-Response-SA-Tests-310/trunk/target/Request-Response-SA-Tests-310-1.0-SNAPSHOT-tests.jar to /Users/magnuslarsson/.m2/repository/org/soitoolkit/tool/generator-tests/Request-Response-SA-Tests-310/1.0-SNAPSHOT/Request-Response-SA-Tests-310-1.0-SNAPSHOT-tests.jar
[INFO] ------------------------------------------------------------------------
[INFO] Building Request-Response-SA-Tests-310-services
[INFO]    task-segment: [install]
[INFO] ------------------------------------------------------------------------
[INFO] [enforcer:enforce {execution: enforce-maven}]
[INFO] [properties:write-project-properties {execution: default}]
[INFO] [resources:resources {execution: default-resources}]
[INFO] Using &apos;UTF-8&apos; encoding to copy filtered resources.
[INFO] Copying 5 resources
[INFO] [compiler:compile {execution: default-compile}]
[INFO] Compiling 6 source files to /Users/magnuslarsson/Documents/temp/_plugintests/jUnitTests/Request-Response-SA-Tests-310/trunk/Request-Response-SA-Tests-310-services/target/classes
[INFO] [resources:testResources {execution: default-testResources}]
[INFO] Using &apos;UTF-8&apos; encoding to copy filtered resources.
[INFO] Copying 19 resources
[INFO] Copying 4 resources
[INFO] [compiler:testCompile {execution: default-testCompile}]
[INFO] Compiling 16 source files to /Users/magnuslarsson/Documents/temp/_plugintests/jUnitTests/Request-Response-SA-Tests-310/trunk/Request-Response-SA-Tests-310-services/target/test-classes
[INFO] [surefire:test {execution: default-test}]
[INFO] Surefire report directory: /Users/magnuslarsson/Documents/temp/_plugintests/jUnitTests/Request-Response-SA-Tests-310/trunk/Request-Response-SA-Tests-310-services/target/surefire-reports

-------------------------------------------------------
 T E S T S
-------------------------------------------------------
Running org.soitoolkit.tool.generatortests.requestresponsesatests310.soaphttptosoaphttpusingjava.SoaphttpToSoaphttpUsingJavaResponseTransformerTest
Tests run: 1, Failures: 0, Errors: 0, Skipped: 0, Time elapsed: 0.234 sec
Running org.soitoolkit.tool.generatortests.requestresponsesatests310.soaphttptoresthttpusingjava.SoaphttpToResthttpUsingJavaIntegrationTest
2011-03-30 23:23:33,251 INFO  org.soitoolkit.tool.generatortests.requestresponsesatests310.RequestResponseSATests310MuleServer - URL: http://localhost:8081/Request-Response-SA-Tests-310/services/soaphttpToResthttpUsingJava/v1
2011-03-30 23:23:33,271 INFO  org.soitoolkit.commons.mule.test.AbstractTestCase - Setting test timeout to (seconds): 120
2011-03-30 23:23:33,271 INFO  org.soitoolkit.commons.mule.test.AbstractTestCase - Setting test timeout to (seconds): 120
2011-03-30 23:23:33,272 INFO  org.soitoolkit.commons.mule.test.AbstractTestCase - Setting test timeout to (seconds): 120

================================================================================
= Testing: test_ok                                                             =
================================================================================
2011-03-30 23:23:33,595 INFO  org.springframework.beans.factory.xml.XmlBeanDefinitionReader - Loading XML bean definitions from URL [jar:file:/Users/magnuslarsson/.m2/repository/org/mule/modules/mule-module-spring-config/3.1.1/mule-module-spring-config-3.1.1.jar!/mule-spring-config.xml]
2011-03-30 23:23:33,706 INFO  org.springframework.beans.factory.xml.XmlBeanDefinitionReader - Loading XML bean definitions from URL [jar:file:/Users/magnuslarsson/.m2/repository/org/mule/modules/mule-module-spring-config/3.1.1/mule-module-spring-config-3.1.1.jar!/default-mule-config.xml]
2011-03-30 23:23:34,091 INFO  org.springframework.beans.factory.xml.XmlBeanDefinitionReader - Loading XML bean definitions from URL [jar:file:/Users/magnuslarsson/.m2/repository/org/soitoolkit/commons/components/soitoolkit-commons-mule/0.4.1-SNAPSHOT/soitoolkit-commons-mule-0.4.1-SNAPSHOT.jar!/soitoolkit-mule-jms-connector-activemq-embedded.xml]
2011-03-30 23:23:34,400 INFO  org.springframework.beans.factory.xml.XmlBeanDefinitionReader - Loading XML bean definitions from class path resource [soitoolkit-mule-jms-connector-commons.xml]
2011-03-30 23:23:34,714 INFO  org.springframework.beans.factory.xml.XmlBeanDefinitionReader - Loading XML bean definitions from URL [file:/Users/magnuslarsson/Documents/temp/_plugintests/jUnitTests/Request-Response-SA-Tests-310/trunk/Request-Response-SA-Tests-310-services/target/classes/Request-Response-SA-Tests-310-common.xml]
2011-03-30 23:23:34,794 INFO  org.springframework.beans.factory.xml.XmlBeanDefinitionReader - Loading XML bean definitions from URL [file:/Users/magnuslarsson/Documents/temp/_plugintests/jUnitTests/Request-Response-SA-Tests-310/trunk/Request-Response-SA-Tests-310-services/target/classes/services/soaphttpToResthttpUsingJava-service.xml]
2011-03-30 23:23:35,265 INFO  org.springframework.beans.factory.xml.XmlBeanDefinitionReader - Loading XML bean definitions from URL [file:/Users/magnuslarsson/Documents/temp/_plugintests/jUnitTests/Request-Response-SA-Tests-310/trunk/Request-Response-SA-Tests-310-services/target/test-classes/teststub-services/soaphttpToResthttpUsingJava-teststub-service.xml]
2011-03-30 23:23:35,420 INFO  org.springframework.core.io.support.PropertiesLoaderSupport - Loading properties file from class path resource [Request-Response-SA-Tests-310-security.properties]
2011-03-30 23:23:35,420 INFO  org.springframework.core.io.support.PropertiesLoaderSupport - Loading properties file from class path resource [Request-Response-SA-Tests-310-config.properties]
2011-03-30 23:23:35,421 INFO  org.springframework.core.io.support.PropertiesLoaderSupport - Loading properties file from URL [file:${app.home}/Request-Response-SA-Tests-310/config/Request-Response-SA-Tests-310-security.properties]
2011-03-30 23:23:35,422 WARN  org.springframework.core.io.support.PropertiesLoaderSupport - Could not load properties from URL [file:${app.home}/Request-Response-SA-Tests-310/config/Request-Response-SA-Tests-310-security.properties]: ${app.home}/Request-Response-SA-Tests-310/config/Request-Response-SA-Tests-310-security.properties (No such file or directory)
2011-03-30 23:23:35,422 INFO  org.springframework.core.io.support.PropertiesLoaderSupport - Loading properties file from URL [file:${app.home}/Request-Response-SA-Tests-310/config/Request-Response-SA-Tests-310-config.properties]
2011-03-30 23:23:35,424 WARN  org.springframework.core.io.support.PropertiesLoaderSupport - Could not load properties from URL [file:${app.home}/Request-Response-SA-Tests-310/config/Request-Response-SA-Tests-310-config.properties]: ${app.home}/Request-Response-SA-Tests-310/config/Request-Response-SA-Tests-310-config.properties (No such file or directory)
2011-mar-30 23:23:36 com.sun.jersey.server.impl.application.WebApplicationImpl _initiate
INFO: Initiating Jersey application, version &apos;Jersey: 1.3 06/17/2010 04:53 PM&apos;
2011-03-30 23:23:37,219 INFO  org.mule.exception.AbstractExceptionListener - Initialising exception listener: org.soitoolkit.commons.mule.error.ServiceExceptionStrategy@3f677737
2011-03-30 23:23:37,304 WARN  org.mule.context.notification.Configuration - The notification listener subscription &quot;ListenerSubscriptionPair [listener=ObjectToStringTransformer{this=131f1d25, name=&apos;objToStr&apos;, ignoreBadInput=false, returnClass=SimpleDataType{type=java.lang.String, mimeType=&apos;text/plain&apos;}, sourceTypes=[SimpleDataType{type=java.lang.Object, mimeType=&apos;*/*&apos;}, SimpleDataType{type=[B, mimeType=&apos;*/*&apos;}, SimpleDataType{type=java.io.InputStream, mimeType=&apos;*/*&apos;}, SimpleDataType{type=org.mule.api.transport.OutputHandler, mimeType=&apos;*/*&apos;}]}, subscription=NULL]&quot; has already been registered
2011-03-30 23:23:37,305 WARN  org.mule.context.notification.Configuration - The notification listener subscription &quot;ListenerSubscriptionPair [listener=CreateSoapFaultIfExceptionTransformer{this=321df5c7, name=&apos;createSoapFaultIfException&apos;, ignoreBadInput=false, returnClass=SimpleDataType{type=java.lang.Object, mimeType=&apos;*/*&apos;}, sourceTypes=[]}, subscription=NULL]&quot; has already been registered
2011-03-30 23:23:38,230 INFO  org.mule.DefaultMuleContext    - 
**********************************************************************
* Mule ESB and Integration Platform                                  *
* Version: 3.1.1 Build: 21496                                        *
* MuleSoft, Inc.                                                     *
* For more information go to http://www.mulesoft.org                 *
*                                                                    *
* Server started: 2011-03-30 23:23                                   *
* Server ID: f761e92d-5b13-11e0-8745-b114a4c1a5d7                    *
* JDK: 1.6.0_24 (mixed mode)                                         *
* OS encoding: MacRoman, Mule encoding: UTF-8                        *
* OS: Mac OS X (10.6.7, x86_64)                                      *
* Host: MagnusMac-2.local (10.0.1.2)                                 *
* Mode: Development                                                  *
*                                                                    *
* Agents Running:                                                    *
*   JMX Agent                                                        *
**********************************************************************
2011-03-30 23:23:38,256 INFO  org.soitoolkit.commons.mule.test.AbstractJmsTestUtil - Clearing messages on queues: SOITOOLKIT.LOG.ERROR 
2011-03-30 23:23:38,918 INFO  org.soitoolkit.commons.mule.log.EventLogger - soi-toolkit.log
** logEvent-info.start ***********************************************************
IntegrationScenarioId=
ContractId=
LogMessage=req-in
ServiceImpl=soaphttpToResthttpUsingJava-service
Host=10.0.1.2 (10.0.1.2)
ComponentId=f761e92d-5b13-11e0-8745-b114a4c1a5d7
Endpoint=http://localhost:8081/Request-Response-SA-Tests-310/services/soaphttpToResthttpUsingJava/v1
MessageId=faa5a2aa-5b13-11e0-8745-b114a4c1a5d7
BusinessCorrelationId=
BusinessContextId=
ExtraInfo=
Payload=
** logEvent-info.end *************************************************************
2011-03-30 23:23:39,078 WARN  org.mule.context.notification.Configuration - The notification listener subscription &quot;ListenerSubscriptionPair [listener=SoaphttpToResthttpUsingJavaRequestTransformer{this=2a973678, name=&apos;soaphttpToResthttpUsingJavaRequestTransformer&apos;, ignoreBadInput=false, returnClass=SimpleDataType{type=java.lang.Object, mimeType=&apos;*/*&apos;}, sourceTypes=[]}, subscription=NULL]&quot; has already been registered
2011-03-30 23:23:39,079 WARN  org.mule.context.notification.Configuration - The notification listener subscription &quot;ListenerSubscriptionPair [listener=ObjectToStringTransformer{this=477588d5, name=&apos;objToStr&apos;, ignoreBadInput=false, returnClass=SimpleDataType{type=java.lang.String, mimeType=&apos;text/plain&apos;}, sourceTypes=[SimpleDataType{type=java.lang.Object, mimeType=&apos;*/*&apos;}, SimpleDataType{type=[B, mimeType=&apos;*/*&apos;}, SimpleDataType{type=java.io.InputStream, mimeType=&apos;*/*&apos;}, SimpleDataType{type=org.mule.api.transport.OutputHandler, mimeType=&apos;*/*&apos;}]}, subscription=NULL]&quot; has already been registered
2011-03-30 23:23:39,079 WARN  org.mule.context.notification.Configuration - The notification listener subscription &quot;ListenerSubscriptionPair [listener=SoaphttpToResthttpUsingJavaResponseTransformer{this=7afbd1fc, name=&apos;soaphttpToResthttpUsingJavaResponseTransformer&apos;, ignoreBadInput=false, returnClass=SimpleDataType{type=java.lang.Object, mimeType=&apos;*/*&apos;}, sourceTypes=[]}, subscription=NULL]&quot; has already been registered
2011-03-30 23:23:39,092 INFO  org.soitoolkit.commons.mule.log.EventLogger - soi-toolkit.log
** logEvent-info.start ***********************************************************
IntegrationScenarioId=
ContractId=
LogMessage=req-out
ServiceImpl=soaphttpToResthttpUsingJava-service
Host=10.0.1.2 (10.0.1.2)
ComponentId=f761e92d-5b13-11e0-8745-b114a4c1a5d7
Endpoint=http://localhost:8082/Request-Response-SA-Tests-310/rest-teststub/sample/1234567890
MessageId=faa5a2aa-5b13-11e0-8745-b114a4c1a5d7
BusinessCorrelationId=
BusinessContextId=
ExtraInfo=
Payload=
** logEvent-info.end *************************************************************
2011-03-30 23:23:39,178 INFO  org.soitoolkit.tool.generatortests.requestresponsesatests310.soaphttptoresthttpusingjava.SoaphttpToResthttpUsingJavaTestProducer - SoaphttpToResthttpUsingJavaTestProducer received the request: 1234567890
2011-03-30 23:23:39,194 INFO  org.soitoolkit.commons.mule.log.EventLogger - soi-toolkit.log
** logEvent-info.start ***********************************************************
IntegrationScenarioId=
ContractId=
LogMessage=resp-in
ServiceImpl=soaphttpToResthttpUsingJava-service
Host=10.0.1.2 (10.0.1.2)
ComponentId=f761e92d-5b13-11e0-8745-b114a4c1a5d7
Endpoint=http://localhost:8082/Request-Response-SA-Tests-310/rest-teststub/sample/1234567890
MessageId=fad53e35-5b13-11e0-8745-b114a4c1a5d7
BusinessCorrelationId=
BusinessContextId=
ExtraInfo=
Payload=
** logEvent-info.end *************************************************************
2011-03-30 23:23:39,219 INFO  org.soitoolkit.commons.mule.log.EventLogger - soi-toolkit.log
** logEvent-info.start ***********************************************************
IntegrationScenarioId=
ContractId=
LogMessage=resp-out
ServiceImpl=soaphttpToResthttpUsingJava-service
Host=10.0.1.2 (10.0.1.2)
ComponentId=f761e92d-5b13-11e0-8745-b114a4c1a5d7
Endpoint=http://localhost:8082/Request-Response-SA-Tests-310/rest-teststub/sample/1234567890
MessageId=fad53e35-5b13-11e0-8745-b114a4c1a5d7
BusinessCorrelationId=
BusinessContextId=
ExtraInfo=
Payload=
** logEvent-info.end *************************************************************

================================================================================
= Testing: test_fault_invalidInput                                             =
================================================================================
2011-03-30 23:23:39,266 INFO  org.soitoolkit.commons.mule.test.AbstractJmsTestUtil - Clearing messages on queues: SOITOOLKIT.LOG.ERROR 
2011-03-30 23:23:39,385 INFO  org.soitoolkit.commons.mule.log.EventLogger - soi-toolkit.log
** logEvent-info.start ***********************************************************
IntegrationScenarioId=
ContractId=
LogMessage=req-in
ServiceImpl=soaphttpToResthttpUsingJava-service
Host=10.0.1.2 (10.0.1.2)
ComponentId=f761e92d-5b13-11e0-8745-b114a4c1a5d7
Endpoint=http://localhost:8081/Request-Response-SA-Tests-310/services/soaphttpToResthttpUsingJava/v1
MessageId=faf26327-5b13-11e0-8745-b114a4c1a5d7
BusinessCorrelationId=
BusinessContextId=
ExtraInfo=
Payload=
** logEvent-info.end *************************************************************
2011-03-30 23:23:39,394 INFO  org.soitoolkit.commons.mule.log.EventLogger - soi-toolkit.log
** logEvent-info.start ***********************************************************
IntegrationScenarioId=
ContractId=
LogMessage=req-out
ServiceImpl=soaphttpToResthttpUsingJava-service
Host=10.0.1.2 (10.0.1.2)
ComponentId=f761e92d-5b13-11e0-8745-b114a4c1a5d7
Endpoint=http://localhost:8082/Request-Response-SA-Tests-310/rest-teststub/sample/-1
MessageId=faf26327-5b13-11e0-8745-b114a4c1a5d7
BusinessCorrelationId=
BusinessContextId=
ExtraInfo=
Payload=
** logEvent-info.end *************************************************************
2011-03-30 23:23:39,403 INFO  org.soitoolkit.tool.generatortests.requestresponsesatests310.soaphttptoresthttpusingjava.SoaphttpToResthttpUsingJavaTestProducer - SoaphttpToResthttpUsingJavaTestProducer received the request: -1
2011-mar-30 23:23:39 com.sun.jersey.spi.container.ContainerResponse mapMappableContainerException
ALLVARLIG: The RuntimeException could not be mapped to a response, re-throwing to the HTTP container
java.lang.RuntimeException: Invalid Id: -1
	at org.soitoolkit.tool.generatortests.requestresponsesatests310.soaphttptoresthttpusingjava.SoaphttpToResthttpUsingJavaTestProducer.sample(SoaphttpToResthttpUsingJavaTestProducer.java:37)
	at sun.reflect.NativeMethodAccessorImpl.invoke0(Native Method)
	at sun.reflect.NativeMethodAccessorImpl.invoke(NativeMethodAccessorImpl.java:39)
	at sun.reflect.DelegatingMethodAccessorImpl.invoke(DelegatingMethodAccessorImpl.java:25)
	at java.lang.reflect.Method.invoke(Method.java:597)
	at com.sun.jersey.server.impl.model.method.dispatch.AbstractResourceMethodDispatchProvider$TypeOutInvoker._dispatch(AbstractResourceMethodDispatchProvider.java:165)
	at com.sun.jersey.server.impl.model.method.dispatch.ResourceJavaMethodDispatcher.dispatch(ResourceJavaMethodDispatcher.java:67)
	at com.sun.jersey.server.impl.uri.rules.HttpMethodRule.accept(HttpMethodRule.java:276)
	at com.sun.jersey.server.impl.uri.rules.RightHandPathRule.accept(RightHandPathRule.java:133)
	at com.sun.jersey.server.impl.uri.rules.ResourceClassRule.accept(ResourceClassRule.java:83)
	at com.sun.jersey.server.impl.uri.rules.RightHandPathRule.accept(RightHandPathRule.java:133)
	at com.sun.jersey.server.impl.uri.rules.RootResourceClassesRule.accept(RootResourceClassesRule.java:71)
	at com.sun.jersey.server.impl.application.WebApplicationImpl._handleRequest(WebApplicationImpl.java:1171)
	at com.sun.jersey.server.impl.application.WebApplicationImpl._handleRequest(WebApplicationImpl.java:1103)
	at com.sun.jersey.server.impl.application.WebApplicationImpl.handleRequest(WebApplicationImpl.java:1053)
	at org.mule.module.jersey.JerseyResourcesComponent.doInvoke(JerseyResourcesComponent.java:146)
	at org.mule.component.AbstractComponent.invokeInternal(AbstractComponent.java:120)
	at org.mule.component.AbstractComponent.access$000(AbstractComponent.java:56)
	at org.mule.component.AbstractComponent$1$1.process(AbstractComponent.java:234)
	at org.mule.processor.chain.DefaultMessageProcessorChain.doProcess(DefaultMessageProcessorChain.java:72)
	at org.mule.processor.chain.AbstractMessageProcessorChain.process(AbstractMessageProcessorChain.java:89)
	at org.mule.processor.chain.InterceptingChainLifecycleWrapper.doProcess(InterceptingChainLifecycleWrapper.java:63)
	at org.mule.processor.chain.AbstractMessageProcessorChain.process(AbstractMessageProcessorChain.java:89)
	at org.mule.processor.chain.InterceptingChainLifecycleWrapper.process(InterceptingChainLifecycleWrapper.java:94)
	at org.mule.component.AbstractComponent.process(AbstractComponent.java:154)
	at org.mule.processor.chain.DefaultMessageProcessorChain.doProcess(DefaultMessageProcessorChain.java:72)
	at org.mule.processor.chain.AbstractMessageProcessorChain.process(AbstractMessageProcessorChain.java:89)
	at org.mule.processor.AbstractInterceptingMessageProcessor.processNext(AbstractInterceptingMessageProcessor.java:81)
	at org.mule.interceptor.AbstractEnvelopeInterceptor.process(AbstractEnvelopeInterceptor.java:55)
	at org.mule.processor.AbstractInterceptingMessageProcessor.processNext(AbstractInterceptingMessageProcessor.java:81)
	at org.mule.interceptor.AbstractEnvelopeInterceptor.process(AbstractEnvelopeInterceptor.java:55)
	at org.mule.processor.chain.DefaultMessageProcessorChain.doProcess(DefaultMessageProcessorChain.java:72)
	at org.mule.processor.chain.AbstractMessageProcessorChain.process(AbstractMessageProcessorChain.java:89)
	at org.mule.processor.chain.InterceptingChainLifecycleWrapper.doProcess(InterceptingChainLifecycleWrapper.java:63)
	at org.mule.processor.chain.AbstractMessageProcessorChain.process(AbstractMessageProcessorChain.java:89)
	at org.mule.processor.chain.InterceptingChainLifecycleWrapper.process(InterceptingChainLifecycleWrapper.java:94)
	at org.mule.construct.AbstractFlowConstruct$1$1.process(AbstractFlowConstruct.java:107)
	at org.mule.processor.chain.DefaultMessageProcessorChain.doProcess(DefaultMessageProcessorChain.java:72)
	at org.mule.processor.chain.AbstractMessageProcessorChain.process(AbstractMessageProcessorChain.java:89)
	at org.mule.processor.AbstractInterceptingMessageProcessor.processNext(AbstractInterceptingMessageProcessor.java:81)
	at org.mule.processor.ExceptionHandlingMessageProcessor.process(ExceptionHandlingMessageProcessor.java:25)
	at org.mule.processor.chain.DefaultMessageProcessorChain.doProcess(DefaultMessageProcessorChain.java:72)
	at org.mule.processor.chain.AbstractMessageProcessorChain.process(AbstractMessageProcessorChain.java:89)
	at org.mule.processor.chain.InterceptingChainLifecycleWrapper.doProcess(InterceptingChainLifecycleWrapper.java:63)
	at org.mule.processor.chain.AbstractMessageProcessorChain.process(AbstractMessageProcessorChain.java:89)
	at org.mule.processor.chain.InterceptingChainLifecycleWrapper.process(InterceptingChainLifecycleWrapper.java:94)
	at org.mule.processor.chain.DefaultMessageProcessorChain.doProcess(DefaultMessageProcessorChain.java:72)
	at org.mule.processor.chain.AbstractMessageProcessorChain.process(AbstractMessageProcessorChain.java:89)
	at org.mule.processor.chain.InterceptingChainLifecycleWrapper.doProcess(InterceptingChainLifecycleWrapper.java:63)
	at org.mule.processor.chain.AbstractMessageProcessorChain.process(AbstractMessageProcessorChain.java:89)
	at org.mule.processor.chain.InterceptingChainLifecycleWrapper.process(InterceptingChainLifecycleWrapper.java:94)
	at org.mule.transport.AbstractMessageReceiver.routeMessage(AbstractMessageReceiver.java:185)
	at org.mule.transport.AbstractMessageReceiver.routeMessage(AbstractMessageReceiver.java:158)
	at org.mule.transport.AbstractMessageReceiver.routeMessage(AbstractMessageReceiver.java:145)
	at org.mule.transport.http.HttpMessageReceiver$HttpWorker.doRequest(HttpMessageReceiver.java:247)
	at org.mule.transport.http.HttpMessageReceiver$HttpWorker.processRequest(HttpMessageReceiver.java:206)
	at org.mule.transport.http.HttpMessageReceiver$HttpWorker.run(HttpMessageReceiver.java:164)
	at org.mule.work.WorkerContext.run(WorkerContext.java:309)
	at edu.emory.mathcs.backport.java.util.concurrent.ThreadPoolExecutor.runWorker(ThreadPoolExecutor.java:1061)
	at edu.emory.mathcs.backport.java.util.concurrent.ThreadPoolExecutor$Worker.run(ThreadPoolExecutor.java:575)
	at java.lang.Thread.run(Thread.java:680)
2011-03-30 23:23:39,410 ERROR org.mule.exception.AbstractExceptionListener - 
********************************************************************************
Message               : Failed to invoke JerseyResourcesComponent{soaphttpToResthttpUsingJava-teststub-service.commponent}. Component that caused exception is: JerseyResourcesComponent{soaphttpToResthttpUsingJava-teststub-service.commponent}. Message payload is of type: String
Code                  : MULE_ERROR--2
--------------------------------------------------------------------------------
Exception stack is:
1. Invalid Id: -1 (java.lang.RuntimeException)
  org.soitoolkit.tool.generatortests.requestresponsesatests310.soaphttptoresthttpusingjava.SoaphttpToResthttpUsingJavaTestProducer:37 (null)
2. Failed to invoke JerseyResourcesComponent{soaphttpToResthttpUsingJava-teststub-service.commponent}. Component that caused exception is: JerseyResourcesComponent{soaphttpToResthttpUsingJava-teststub-service.commponent}. Message payload is of type: String (org.mule.component.ComponentException)
  org.mule.component.AbstractComponent:142 (http://www.mulesoft.org/docs/site/current3/apidocs/org/mule/component/ComponentException.html)
--------------------------------------------------------------------------------
Root Exception stack trace:
java.lang.RuntimeException: Invalid Id: -1
	at org.soitoolkit.tool.generatortests.requestresponsesatests310.soaphttptoresthttpusingjava.SoaphttpToResthttpUsingJavaTestProducer.sample(SoaphttpToResthttpUsingJavaTestProducer.java:37)
	at sun.reflect.NativeMethodAccessorImpl.invoke0(Native Method)
	at sun.reflect.NativeMethodAccessorImpl.invoke(NativeMethodAccessorImpl.java:39)
    + 3 more (set debug level logging or &apos;-Dmule.verbose.exceptions=true&apos; for everything)
********************************************************************************

2011-03-30 23:23:39,420 WARN  org.apache.cxf.common.logging.LogUtils - Application {urn:org.soitoolkit.refapps.sd.sample.wsdl:v1}sampleService has thrown exception, unwinding now
org.apache.cxf.interceptor.Fault: Failed to route event via endpoint: org.mule.endpoint.DynamicOutboundEndpoint@7a67f797. Message payload is of type: GetMethod
	at org.mule.module.cxf.MuleInvoker.invoke(MuleInvoker.java:118)
	at org.apache.cxf.interceptor.ServiceInvokerInterceptor$1.run(ServiceInvokerInterceptor.java:58)
	at java.util.concurrent.Executors$RunnableAdapter.call(Executors.java:441)
	at java.util.concurrent.FutureTask$Sync.innerRun(FutureTask.java:303)
	at java.util.concurrent.FutureTask.run(FutureTask.java:138)
	at org.apache.cxf.workqueue.SynchronousExecutor.execute(SynchronousExecutor.java:37)
	at org.apache.cxf.interceptor.ServiceInvokerInterceptor.handleMessage(ServiceInvokerInterceptor.java:106)
	at org.apache.cxf.phase.PhaseInterceptorChain.doIntercept(PhaseInterceptorChain.java:255)
	at org.apache.cxf.transport.ChainInitiationObserver.onMessage(ChainInitiationObserver.java:113)
	at org.mule.module.cxf.CxfInboundMessageProcessor.sendToDestination(CxfInboundMessageProcessor.java:288)
	at org.mule.module.cxf.CxfInboundMessageProcessor.process(CxfInboundMessageProcessor.java:129)
	at org.mule.module.cxf.config.FlowConfiguringMessageProcessor.process(FlowConfiguringMessageProcessor.java:50)
	at org.mule.processor.chain.DefaultMessageProcessorChain.doProcess(DefaultMessageProcessorChain.java:72)
	at org.mule.processor.chain.AbstractMessageProcessorChain.process(AbstractMessageProcessorChain.java:89)
	at org.mule.processor.AbstractInterceptingMessageProcessor.processNext(AbstractInterceptingMessageProcessor.java:81)
	at org.mule.processor.ExceptionHandlingMessageProcessor.process(ExceptionHandlingMessageProcessor.java:25)
	at org.mule.processor.chain.DefaultMessageProcessorChain.doProcess(DefaultMessageProcessorChain.java:72)
	at org.mule.processor.chain.AbstractMessageProcessorChain.process(AbstractMessageProcessorChain.java:89)
	at org.mule.processor.chain.InterceptingChainLifecycleWrapper.doProcess(InterceptingChainLifecycleWrapper.java:63)
	at org.mule.processor.chain.AbstractMessageProcessorChain.process(AbstractMessageProcessorChain.java:89)
	at org.mule.processor.chain.InterceptingChainLifecycleWrapper.process(InterceptingChainLifecycleWrapper.java:94)
	at org.mule.processor.chain.DefaultMessageProcessorChain.doProcess(DefaultMessageProcessorChain.java:72)
	at org.mule.processor.chain.AbstractMessageProcessorChain.process(AbstractMessageProcessorChain.java:89)
	at org.mule.processor.chain.InterceptingChainLifecycleWrapper.doProcess(InterceptingChainLifecycleWrapper.java:63)
	at org.mule.processor.chain.AbstractMessageProcessorChain.process(AbstractMessageProcessorChain.java:89)
	at org.mule.processor.chain.InterceptingChainLifecycleWrapper.process(InterceptingChainLifecycleWrapper.java:94)
	at org.mule.transport.AbstractMessageReceiver.routeMessage(AbstractMessageReceiver.java:185)
	at org.mule.transport.AbstractMessageReceiver.routeMessage(AbstractMessageReceiver.java:158)
	at org.mule.transport.AbstractMessageReceiver.routeMessage(AbstractMessageReceiver.java:145)
	at org.mule.transport.http.HttpMessageReceiver$HttpWorker.doRequest(HttpMessageReceiver.java:247)
	at org.mule.transport.http.HttpMessageReceiver$HttpWorker.processRequest(HttpMessageReceiver.java:206)
	at org.mule.transport.http.HttpMessageReceiver$HttpWorker.run(HttpMessageReceiver.java:164)
	at org.mule.work.WorkerContext.run(WorkerContext.java:309)
	at edu.emory.mathcs.backport.java.util.concurrent.ThreadPoolExecutor.runWorker(ThreadPoolExecutor.java:1061)
	at edu.emory.mathcs.backport.java.util.concurrent.ThreadPoolExecutor$Worker.run(ThreadPoolExecutor.java:575)
	at java.lang.Thread.run(Thread.java:680)
Caused by: org.mule.api.transport.DispatchException: Failed to route event via endpoint: org.mule.endpoint.DynamicOutboundEndpoint@7a67f797. Message payload is of type: GetMethod
	at org.mule.transport.http.HttpClientMessageDispatcher.doSend(HttpClientMessageDispatcher.java:266)
	at org.mule.transport.AbstractMessageDispatcher.process(AbstractMessageDispatcher.java:80)
	at org.mule.transport.AbstractConnector$DispatcherMessageProcessor.process(AbstractConnector.java:2512)
	at org.mule.processor.chain.DefaultMessageProcessorChain.doProcess(DefaultMessageProcessorChain.java:72)
	at org.mule.processor.chain.AbstractMessageProcessorChain.process(AbstractMessageProcessorChain.java:89)
	at org.mule.processor.AbstractInterceptingMessageProcessor.processNext(AbstractInterceptingMessageProcessor.java:81)
	at org.mule.endpoint.outbound.OutboundResponsePropertiesMessageProcessor.process(OutboundResponsePropertiesMessageProcessor.java:39)
	at org.mule.processor.chain.DefaultMessageProcessorChain.doProcess(DefaultMessageProcessorChain.java:72)
	at org.mule.processor.chain.AbstractMessageProcessorChain.process(AbstractMessageProcessorChain.java:89)
	at org.mule.processor.AbstractInterceptingMessageProcessor.processNext(AbstractInterceptingMessageProcessor.java:81)
	at org.mule.processor.TransactionalInterceptingMessageProcessor$1.doInTransaction(TransactionalInterceptingMessageProcessor.java:49)
	at org.mule.processor.TransactionalInterceptingMessageProcessor$1.doInTransaction(TransactionalInterceptingMessageProcessor.java:46)
	at org.mule.transaction.TransactionTemplate.execute(TransactionTemplate.java:110)
	at org.mule.processor.TransactionalInterceptingMessageProcessor.process(TransactionalInterceptingMessageProcessor.java:55)
	at org.mule.processor.AbstractInterceptingMessageProcessor.processNext(AbstractInterceptingMessageProcessor.java:81)
	at org.mule.processor.AbstractFilteringMessageProcessor.process(AbstractFilteringMessageProcessor.java:41)
	at org.mule.processor.chain.DefaultMessageProcessorChain.doProcess(DefaultMessageProcessorChain.java:72)
	at org.mule.processor.chain.AbstractMessageProcessorChain.process(AbstractMessageProcessorChain.java:89)
	at org.mule.processor.chain.InterceptingChainLifecycleWrapper.doProcess(InterceptingChainLifecycleWrapper.java:63)
	at org.mule.processor.chain.AbstractMessageProcessorChain.process(AbstractMessageProcessorChain.java:89)
	at org.mule.processor.chain.InterceptingChainLifecycleWrapper.process(InterceptingChainLifecycleWrapper.java:94)
	at org.mule.processor.chain.DefaultMessageProcessorChain.doProcess(DefaultMessageProcessorChain.java:72)
	at org.mule.processor.chain.AbstractMessageProcessorChain.process(AbstractMessageProcessorChain.java:89)
	at org.mule.processor.chain.InterceptingChainLifecycleWrapper.doProcess(InterceptingChainLifecycleWrapper.java:63)
	at org.mule.processor.chain.AbstractMessageProcessorChain.process(AbstractMessageProcessorChain.java:89)
	at org.mule.processor.chain.InterceptingChainLifecycleWrapper.process(InterceptingChainLifecycleWrapper.java:94)
	at org.mule.endpoint.DefaultOutboundEndpoint.process(DefaultOutboundEndpoint.java:97)
	at org.mule.endpoint.DynamicURIOutboundEndpoint.process(DynamicURIOutboundEndpoint.java:267)
	at org.mule.endpoint.DynamicOutboundEndpoint.process(DynamicOutboundEndpoint.java:156)
	at org.mule.routing.outbound.AbstractOutboundRouter.sendRequestEvent(AbstractOutboundRouter.java:462)
	at org.mule.routing.outbound.AbstractOutboundRouter.sendRequest(AbstractOutboundRouter.java:168)
	at org.mule.routing.outbound.FilteringOutboundRouter.route(FilteringOutboundRouter.java:80)
	at org.mule.routing.outbound.OutboundPassThroughRouter.route(OutboundPassThroughRouter.java:71)
	at org.mule.routing.outbound.AbstractOutboundRouter$1.doInTransaction(AbstractOutboundRouter.java:103)
	at org.mule.routing.outbound.AbstractOutboundRouter$1.doInTransaction(AbstractOutboundRouter.java:100)
	at org.mule.transaction.TransactionTemplate.execute(TransactionTemplate.java:43)
	at org.mule.routing.outbound.AbstractOutboundRouter.process(AbstractOutboundRouter.java:108)
	at org.mule.routing.outbound.DefaultOutboundRouterCollection.process(DefaultOutboundRouterCollection.java:104)
	at org.mule.processor.chain.DefaultMessageProcessorChain.doProcess(DefaultMessageProcessorChain.java:72)
	at org.mule.processor.chain.AbstractMessageProcessorChain.process(AbstractMessageProcessorChain.java:89)
	at org.mule.processor.AbstractInterceptingMessageProcessor.processNext(AbstractInterceptingMessageProcessor.java:81)
	at org.mule.service.processor.ServiceOutboundMessageProcessor.process(ServiceOutboundMessageProcessor.java:71)
	at org.mule.processor.AbstractInterceptingMessageProcessor.processNext(AbstractInterceptingMessageProcessor.java:81)
	at org.mule.service.processor.ServiceInternalMessageProcessor.process(ServiceInternalMessageProcessor.java:57)
	at org.mule.processor.AbstractInterceptingMessageProcessor.processNext(AbstractInterceptingMessageProcessor.java:81)
	at org.mule.processor.AsyncInterceptingMessageProcessor.process(AsyncInterceptingMessageProcessor.java:101)
	at org.mule.processor.chain.DefaultMessageProcessorChain.doProcess(DefaultMessageProcessorChain.java:72)
	at org.mule.processor.chain.AbstractMessageProcessorChain.process(AbstractMessageProcessorChain.java:89)
	at org.mule.processor.AbstractInterceptingMessageProcessor.processNext(AbstractInterceptingMessageProcessor.java:81)
	at org.mule.interceptor.AbstractEnvelopeInterceptor.process(AbstractEnvelopeInterceptor.java:55)
	at org.mule.processor.AbstractInterceptingMessageProcessor.processNext(AbstractInterceptingMessageProcessor.java:81)
	at org.mule.lifecycle.processor.ProcessIfStartedWaitIfSyncPausedMessageProcessor.process(ProcessIfStartedWaitIfSyncPausedMessageProcessor.java:56)
	at org.mule.processor.chain.DefaultMessageProcessorChain.doProcess(DefaultMessageProcessorChain.java:72)
	at org.mule.processor.chain.AbstractMessageProcessorChain.process(AbstractMessageProcessorChain.java:89)
	at org.mule.processor.chain.InterceptingChainLifecycleWrapper.doProcess(InterceptingChainLifecycleWrapper.java:63)
	at org.mule.processor.chain.AbstractMessageProcessorChain.process(AbstractMessageProcessorChain.java:89)
	at org.mule.processor.chain.InterceptingChainLifecycleWrapper.process(InterceptingChainLifecycleWrapper.java:94)
	at org.mule.service.AbstractService$7.process(AbstractService.java:425)
	at org.mule.processor.AbstractInterceptingMessageProcessor.processNext(AbstractInterceptingMessageProcessor.java:81)
	at org.mule.service.ServiceCompositeMessageSource$1.process(ServiceCompositeMessageSource.java:124)
	at org.mule.processor.AbstractInterceptingMessageProcessor.processNext(AbstractInterceptingMessageProcessor.java:81)
	at org.mule.processor.StopFurtherMessageProcessingMessageProcessor.process(StopFurtherMessageProcessingMessageProcessor.java:23)
	at org.mule.processor.chain.DefaultMessageProcessorChain.doProcess(DefaultMessageProcessorChain.java:72)
	at org.mule.processor.chain.AbstractMessageProcessorChain.process(AbstractMessageProcessorChain.java:89)
	at org.mule.processor.chain.InterceptingChainLifecycleWrapper.doProcess(InterceptingChainLifecycleWrapper.java:63)
	at org.mule.processor.chain.AbstractMessageProcessorChain.process(AbstractMessageProcessorChain.java:89)
	at org.mule.processor.chain.InterceptingChainLifecycleWrapper.process(InterceptingChainLifecycleWrapper.java:94)
	at org.mule.source.StartableCompositeMessageSource$InternalMessageProcessor.process(StartableCompositeMessageSource.java:219)
	at org.mule.processor.chain.DefaultMessageProcessorChain.doProcess(DefaultMessageProcessorChain.java:72)
	at org.mule.processor.chain.AbstractMessageProcessorChain.process(AbstractMessageProcessorChain.java:89)
	at org.mule.processor.AbstractInterceptingMessageProcessor.processNext(AbstractInterceptingMessageProcessor.java:81)
	at org.mule.module.cxf.CxfInboundMessageProcessor.processNext(CxfInboundMessageProcessor.java:328)
	at org.mule.module.cxf.MuleInvoker.invoke(MuleInvoker.java:80)
	... 35 more
Caused by: org.mule.transport.http.HttpResponseException: Internal Server Error, code: 500
	at org.mule.transport.http.HttpClientMessageDispatcher.doSend(HttpClientMessageDispatcher.java:266)
	at org.mule.transport.AbstractMessageDispatcher.process(AbstractMessageDispatcher.java:80)
	at org.mule.transport.AbstractConnector$DispatcherMessageProcessor.process(AbstractConnector.java:2512)
	at org.mule.endpoint.outbound.OutboundResponsePropertiesMessageProcessor.process(OutboundResponsePropertiesMessageProcessor.java:39)
	at org.mule.processor.TransactionalInterceptingMessageProcessor$1.doInTransaction(TransactionalInterceptingMessageProcessor.java:49)
	at org.mule.processor.TransactionalInterceptingMessageProcessor$1.doInTransaction(TransactionalInterceptingMessageProcessor.java:46)
	at org.mule.transaction.TransactionTemplate.execute(TransactionTemplate.java:110)
	at org.mule.processor.TransactionalInterceptingMessageProcessor.process(TransactionalInterceptingMessageProcessor.java:55)
	at org.mule.processor.AbstractFilteringMessageProcessor.process(AbstractFilteringMessageProcessor.java:41)
	at org.mule.endpoint.DefaultOutboundEndpoint.process(DefaultOutboundEndpoint.java:97)
	at org.mule.endpoint.DynamicURIOutboundEndpoint.process(DynamicURIOutboundEndpoint.java:267)
	at org.mule.endpoint.DynamicOutboundEndpoint.process(DynamicOutboundEndpoint.java:156)
	at org.mule.routing.outbound.AbstractOutboundRouter.sendRequestEvent(AbstractOutboundRouter.java:462)
	at org.mule.routing.outbound.AbstractOutboundRouter.sendRequest(AbstractOutboundRouter.java:168)
	at org.mule.routing.outbound.FilteringOutboundRouter.route(FilteringOutboundRouter.java:80)
	at org.mule.routing.outbound.OutboundPassThroughRouter.route(OutboundPassThroughRouter.java:71)
	at org.mule.routing.outbound.AbstractOutboundRouter$1.doInTransaction(AbstractOutboundRouter.java:103)
	at org.mule.routing.outbound.AbstractOutboundRouter$1.doInTransaction(AbstractOutboundRouter.java:100)
	at org.mule.transaction.TransactionTemplate.execute(TransactionTemplate.java:43)
	at org.mule.routing.outbound.AbstractOutboundRouter.process(AbstractOutboundRouter.java:108)
	at org.mule.routing.outbound.DefaultOutboundRouterCollection.process(DefaultOutboundRouterCollection.java:104)
	at org.mule.service.processor.ServiceOutboundMessageProcessor.process(ServiceOutboundMessageProcessor.java:71)
	at org.mule.service.processor.ServiceInternalMessageProcessor.process(ServiceInternalMessageProcessor.java:57)
	at org.mule.processor.AsyncInterceptingMessageProcessor.process(AsyncInterceptingMessageProcessor.java:101)
	at org.mule.interceptor.AbstractEnvelopeInterceptor.process(AbstractEnvelopeInterceptor.java:55)
	at org.mule.lifecycle.processor.ProcessIfStartedWaitIfSyncPausedMessageProcessor.process(ProcessIfStartedWaitIfSyncPausedMessageProcessor.java:56)
	at org.mule.service.AbstractService$7.process(AbstractService.java:425)
	at org.mule.service.ServiceCompositeMessageSource$1.process(ServiceCompositeMessageSource.java:124)
	at org.mule.processor.StopFurtherMessageProcessingMessageProcessor.process(StopFurtherMessageProcessingMessageProcessor.java:23)
	at org.mule.source.StartableCompositeMessageSource$InternalMessageProcessor.process(StartableCompositeMessageSource.java:219)
	at org.mule.module.cxf.CxfInboundMessageProcessor.processNext(CxfInboundMessageProcessor.java:328)
	at org.mule.module.cxf.MuleInvoker.invoke(MuleInvoker.java:80)
	at org.apache.cxf.interceptor.ServiceInvokerInterceptor$1.run(ServiceInvokerInterceptor.java:58)
	at java.util.concurrent.Executors$RunnableAdapter.call(Executors.java:441)
	at java.util.concurrent.FutureTask$Sync.innerRun(FutureTask.java:303)
	at java.util.concurrent.FutureTask.run(FutureTask.java:138)
	at org.apache.cxf.workqueue.SynchronousExecutor.execute(SynchronousExecutor.java:37)
	at org.apache.cxf.interceptor.ServiceInvokerInterceptor.handleMessage(ServiceInvokerInterceptor.java:106)
	at org.apache.cxf.phase.PhaseInterceptorChain.doIntercept(PhaseInterceptorChain.java:255)
	at org.apache.cxf.transport.ChainInitiationObserver.onMessage(ChainInitiationObserver.java:113)
	at org.mule.module.cxf.CxfInboundMessageProcessor.sendToDestination(CxfInboundMessageProcessor.java:288)
	at org.mule.module.cxf.CxfInboundMessageProcessor.process(CxfInboundMessageProcessor.java:129)
	at org.mule.module.cxf.config.FlowConfiguringMessageProcessor.process(FlowConfiguringMessageProcessor.java:50)
	at org.mule.processor.ExceptionHandlingMessageProcessor.process(ExceptionHandlingMessageProcessor.java:25)
	... 10 more
2011-03-30 23:23:39,430 INFO  org.soitoolkit.commons.mule.log.EventLogger - soi-toolkit.log
** logEvent-info.start ***********************************************************
IntegrationScenarioId=
ContractId=
LogMessage=resp-out
ServiceImpl=soaphttpToResthttpUsingJava-service
Host=10.0.1.2 (10.0.1.2)
ComponentId=f761e92d-5b13-11e0-8745-b114a4c1a5d7
Endpoint=http://localhost:8082/Request-Response-SA-Tests-310/rest-teststub/sample/-1
MessageId=faf7e173-5b13-11e0-8745-b114a4c1a5d7
BusinessCorrelationId=
BusinessContextId=
ExtraInfo=
Payload=
** logEvent-info.end *************************************************************

================================================================================
= Testing: test_fault_timeout                                                  =
================================================================================
2011-03-30 23:23:39,618 INFO  org.soitoolkit.commons.mule.test.AbstractJmsTestUtil - Clearing messages on queues: SOITOOLKIT.LOG.ERROR 
2011-03-30 23:23:39,733 INFO  org.soitoolkit.commons.mule.log.EventLogger - soi-toolkit.log
** logEvent-info.start ***********************************************************
IntegrationScenarioId=
ContractId=
LogMessage=req-in
ServiceImpl=soaphttpToResthttpUsingJava-service
Host=10.0.1.2 (10.0.1.2)
ComponentId=f761e92d-5b13-11e0-8745-b114a4c1a5d7
Endpoint=http://localhost:8081/Request-Response-SA-Tests-310/services/soaphttpToResthttpUsingJava/v1
MessageId=fb27a405-5b13-11e0-8745-b114a4c1a5d7
BusinessCorrelationId=
BusinessContextId=
ExtraInfo=
Payload=
** logEvent-info.end *************************************************************
2011-03-30 23:23:39,741 INFO  org.soitoolkit.commons.mule.log.EventLogger - soi-toolkit.log
** logEvent-info.start ***********************************************************
IntegrationScenarioId=
ContractId=
LogMessage=req-out
ServiceImpl=soaphttpToResthttpUsingJava-service
Host=10.0.1.2 (10.0.1.2)
ComponentId=f761e92d-5b13-11e0-8745-b114a4c1a5d7
Endpoint=http://localhost:8082/Request-Response-SA-Tests-310/rest-teststub/sample/0
MessageId=fb27a405-5b13-11e0-8745-b114a4c1a5d7
BusinessCorrelationId=
BusinessContextId=
ExtraInfo=
Payload=
** logEvent-info.end *************************************************************
2011-03-30 23:23:39,749 INFO  org.soitoolkit.tool.generatortests.requestresponsesatests310.soaphttptoresthttpusingjava.SoaphttpToResthttpUsingJavaTestProducer - SoaphttpToResthttpUsingJavaTestProducer received the request: 0
2011-03-30 23:23:47,745 WARN  org.apache.cxf.common.logging.LogUtils - Interceptor for {urn:org.soitoolkit.refapps.sd.sample.wsdl:v1}sampleService has thrown exception, unwinding now
org.apache.cxf.interceptor.Fault: Failed to route event via endpoint: org.mule.endpoint.DynamicOutboundEndpoint@7a67f797. Message payload is of type: GetMethod
	at org.mule.module.cxf.MuleInvoker.invoke(MuleInvoker.java:85)
	at org.apache.cxf.interceptor.ServiceInvokerInterceptor$1.run(ServiceInvokerInterceptor.java:58)
	at java.util.concurrent.Executors$RunnableAdapter.call(Executors.java:441)
	at java.util.concurrent.FutureTask$Sync.innerRun(FutureTask.java:303)
	at java.util.concurrent.FutureTask.run(FutureTask.java:138)
	at org.apache.cxf.workqueue.SynchronousExecutor.execute(SynchronousExecutor.java:37)
	at org.apache.cxf.interceptor.ServiceInvokerInterceptor.handleMessage(ServiceInvokerInterceptor.java:106)
	at org.apache.cxf.phase.PhaseInterceptorChain.doIntercept(PhaseInterceptorChain.java:255)
	at org.apache.cxf.transport.ChainInitiationObserver.onMessage(ChainInitiationObserver.java:113)
	at org.mule.module.cxf.CxfInboundMessageProcessor.sendToDestination(CxfInboundMessageProcessor.java:288)
	at org.mule.module.cxf.CxfInboundMessageProcessor.process(CxfInboundMessageProcessor.java:129)
	at org.mule.module.cxf.config.FlowConfiguringMessageProcessor.process(FlowConfiguringMessageProcessor.java:50)
	at org.mule.processor.chain.DefaultMessageProcessorChain.doProcess(DefaultMessageProcessorChain.java:72)
	at org.mule.processor.chain.AbstractMessageProcessorChain.process(AbstractMessageProcessorChain.java:89)
	at org.mule.processor.AbstractInterceptingMessageProcessor.processNext(AbstractInterceptingMessageProcessor.java:81)
	at org.mule.processor.ExceptionHandlingMessageProcessor.process(ExceptionHandlingMessageProcessor.java:25)
	at org.mule.processor.chain.DefaultMessageProcessorChain.doProcess(DefaultMessageProcessorChain.java:72)
	at org.mule.processor.chain.AbstractMessageProcessorChain.process(AbstractMessageProcessorChain.java:89)
	at org.mule.processor.chain.InterceptingChainLifecycleWrapper.doProcess(InterceptingChainLifecycleWrapper.java:63)
	at org.mule.processor.chain.AbstractMessageProcessorChain.process(AbstractMessageProcessorChain.java:89)
	at org.mule.processor.chain.InterceptingChainLifecycleWrapper.process(InterceptingChainLifecycleWrapper.java:94)
	at org.mule.processor.chain.DefaultMessageProcessorChain.doProcess(DefaultMessageProcessorChain.java:72)
	at org.mule.processor.chain.AbstractMessageProcessorChain.process(AbstractMessageProcessorChain.java:89)
	at org.mule.processor.chain.InterceptingChainLifecycleWrapper.doProcess(InterceptingChainLifecycleWrapper.java:63)
	at org.mule.processor.chain.AbstractMessageProcessorChain.process(AbstractMessageProcessorChain.java:89)
	at org.mule.processor.chain.InterceptingChainLifecycleWrapper.process(InterceptingChainLifecycleWrapper.java:94)
	at org.mule.transport.AbstractMessageReceiver.routeMessage(AbstractMessageReceiver.java:185)
	at org.mule.transport.AbstractMessageReceiver.routeMessage(AbstractMessageReceiver.java:158)
	at org.mule.transport.AbstractMessageReceiver.routeMessage(AbstractMessageReceiver.java:145)
	at org.mule.transport.http.HttpMessageReceiver$HttpWorker.doRequest(HttpMessageReceiver.java:247)
	at org.mule.transport.http.HttpMessageReceiver$HttpWorker.processRequest(HttpMessageReceiver.java:206)
	at org.mule.transport.http.HttpMessageReceiver$HttpWorker.run(HttpMessageReceiver.java:164)
	at org.mule.work.WorkerContext.run(WorkerContext.java:309)
	at edu.emory.mathcs.backport.java.util.concurrent.ThreadPoolExecutor.runWorker(ThreadPoolExecutor.java:1061)
	at edu.emory.mathcs.backport.java.util.concurrent.ThreadPoolExecutor$Worker.run(ThreadPoolExecutor.java:575)
	at java.lang.Thread.run(Thread.java:680)
Caused by: org.mule.api.transport.DispatchException: Failed to route event via endpoint: org.mule.endpoint.DynamicOutboundEndpoint@7a67f797. Message payload is of type: GetMethod
	at org.mule.transport.http.HttpClientMessageDispatcher.execute(HttpClientMessageDispatcher.java:152)
	at org.mule.transport.http.HttpClientMessageDispatcher.doSend(HttpClientMessageDispatcher.java:260)
	at org.mule.transport.AbstractMessageDispatcher.process(AbstractMessageDispatcher.java:80)
	at org.mule.transport.AbstractConnector$DispatcherMessageProcessor.process(AbstractConnector.java:2512)
	at org.mule.processor.chain.DefaultMessageProcessorChain.doProcess(DefaultMessageProcessorChain.java:72)
	at org.mule.processor.chain.AbstractMessageProcessorChain.process(AbstractMessageProcessorChain.java:89)
	at org.mule.processor.AbstractInterceptingMessageProcessor.processNext(AbstractInterceptingMessageProcessor.java:81)
	at org.mule.endpoint.outbound.OutboundResponsePropertiesMessageProcessor.process(OutboundResponsePropertiesMessageProcessor.java:39)
	at org.mule.processor.chain.DefaultMessageProcessorChain.doProcess(DefaultMessageProcessorChain.java:72)
	at org.mule.processor.chain.AbstractMessageProcessorChain.process(AbstractMessageProcessorChain.java:89)
	at org.mule.processor.AbstractInterceptingMessageProcessor.processNext(AbstractInterceptingMessageProcessor.java:81)
	at org.mule.processor.TransactionalInterceptingMessageProcessor$1.doInTransaction(TransactionalInterceptingMessageProcessor.java:49)
	at org.mule.processor.TransactionalInterceptingMessageProcessor$1.doInTransaction(TransactionalInterceptingMessageProcessor.java:46)
	at org.mule.transaction.TransactionTemplate.execute(TransactionTemplate.java:110)
	at org.mule.processor.TransactionalInterceptingMessageProcessor.process(TransactionalInterceptingMessageProcessor.java:55)
	at org.mule.processor.AbstractInterceptingMessageProcessor.processNext(AbstractInterceptingMessageProcessor.java:81)
	at org.mule.processor.AbstractFilteringMessageProcessor.process(AbstractFilteringMessageProcessor.java:41)
	at org.mule.processor.chain.DefaultMessageProcessorChain.doProcess(DefaultMessageProcessorChain.java:72)
	at org.mule.processor.chain.AbstractMessageProcessorChain.process(AbstractMessageProcessorChain.java:89)
	at org.mule.processor.chain.InterceptingChainLifecycleWrapper.doProcess(InterceptingChainLifecycleWrapper.java:63)
	at org.mule.processor.chain.AbstractMessageProcessorChain.process(AbstractMessageProcessorChain.java:89)
	at org.mule.processor.chain.InterceptingChainLifecycleWrapper.process(InterceptingChainLifecycleWrapper.java:94)
	at org.mule.processor.chain.DefaultMessageProcessorChain.doProcess(DefaultMessageProcessorChain.java:72)
	at org.mule.processor.chain.AbstractMessageProcessorChain.process(AbstractMessageProcessorChain.java:89)
	at org.mule.processor.chain.InterceptingChainLifecycleWrapper.doProcess(InterceptingChainLifecycleWrapper.java:63)
	at org.mule.processor.chain.AbstractMessageProcessorChain.process(AbstractMessageProcessorChain.java:89)
	at org.mule.processor.chain.InterceptingChainLifecycleWrapper.process(InterceptingChainLifecycleWrapper.java:94)
	at org.mule.endpoint.DefaultOutboundEndpoint.process(DefaultOutboundEndpoint.java:97)
	at org.mule.endpoint.DynamicURIOutboundEndpoint.process(DynamicURIOutboundEndpoint.java:267)
	at org.mule.endpoint.DynamicOutboundEndpoint.process(DynamicOutboundEndpoint.java:156)
	at org.mule.routing.outbound.AbstractOutboundRouter.sendRequestEvent(AbstractOutboundRouter.java:462)
	at org.mule.routing.outbound.AbstractOutboundRouter.sendRequest(AbstractOutboundRouter.java:168)
	at org.mule.routing.outbound.FilteringOutboundRouter.route(FilteringOutboundRouter.java:80)
	at org.mule.routing.outbound.OutboundPassThroughRouter.route(OutboundPassThroughRouter.java:71)
	at org.mule.routing.outbound.AbstractOutboundRouter$1.doInTransaction(AbstractOutboundRouter.java:103)
	at org.mule.routing.outbound.AbstractOutboundRouter$1.doInTransaction(AbstractOutboundRouter.java:100)
	at org.mule.transaction.TransactionTemplate.execute(TransactionTemplate.java:43)
	at org.mule.routing.outbound.AbstractOutboundRouter.process(AbstractOutboundRouter.java:108)
	at org.mule.routing.outbound.DefaultOutboundRouterCollection.process(DefaultOutboundRouterCollection.java:104)
	at org.mule.processor.chain.DefaultMessageProcessorChain.doProcess(DefaultMessageProcessorChain.java:72)
	at org.mule.processor.chain.AbstractMessageProcessorChain.process(AbstractMessageProcessorChain.java:89)
	at org.mule.processor.AbstractInterceptingMessageProcessor.processNext(AbstractInterceptingMessageProcessor.java:81)
	at org.mule.service.processor.ServiceOutboundMessageProcessor.process(ServiceOutboundMessageProcessor.java:71)
	at org.mule.processor.AbstractInterceptingMessageProcessor.processNext(AbstractInterceptingMessageProcessor.java:81)
	at org.mule.service.processor.ServiceInternalMessageProcessor.process(ServiceInternalMessageProcessor.java:57)
	at org.mule.processor.AbstractInterceptingMessageProcessor.processNext(AbstractInterceptingMessageProcessor.java:81)
	at org.mule.processor.AsyncInterceptingMessageProcessor.process(AsyncInterceptingMessageProcessor.java:101)
	at org.mule.processor.chain.DefaultMessageProcessorChain.doProcess(DefaultMessageProcessorChain.java:72)
	at org.mule.processor.chain.AbstractMessageProcessorChain.process(AbstractMessageProcessorChain.java:89)
	at org.mule.processor.AbstractInterceptingMessageProcessor.processNext(AbstractInterceptingMessageProcessor.java:81)
	at org.mule.interceptor.AbstractEnvelopeInterceptor.process(AbstractEnvelopeInterceptor.java:55)
	at org.mule.processor.AbstractInterceptingMessageProcessor.processNext(AbstractInterceptingMessageProcessor.java:81)
	at org.mule.lifecycle.processor.ProcessIfStartedWaitIfSyncPausedMessageProcessor.process(ProcessIfStartedWaitIfSyncPausedMessageProcessor.java:56)
	at org.mule.processor.chain.DefaultMessageProcessorChain.doProcess(DefaultMessageProcessorChain.java:72)
	at org.mule.processor.chain.AbstractMessageProcessorChain.process(AbstractMessageProcessorChain.java:89)
	at org.mule.processor.chain.InterceptingChainLifecycleWrapper.doProcess(InterceptingChainLifecycleWrapper.java:63)
	at org.mule.processor.chain.AbstractMessageProcessorChain.process(AbstractMessageProcessorChain.java:89)
	at org.mule.processor.chain.InterceptingChainLifecycleWrapper.process(InterceptingChainLifecycleWrapper.java:94)
	at org.mule.service.AbstractService$7.process(AbstractService.java:425)
	at org.mule.processor.AbstractInterceptingMessageProcessor.processNext(AbstractInterceptingMessageProcessor.java:81)
	at org.mule.service.ServiceCompositeMessageSource$1.process(ServiceCompositeMessageSource.java:124)
	at org.mule.processor.AbstractInterceptingMessageProcessor.processNext(AbstractInterceptingMessageProcessor.java:81)
	at org.mule.processor.StopFurtherMessageProcessingMessageProcessor.process(StopFurtherMessageProcessingMessageProcessor.java:23)
	at org.mule.processor.chain.DefaultMessageProcessorChain.doProcess(DefaultMessageProcessorChain.java:72)
	at org.mule.processor.chain.AbstractMessageProcessorChain.process(AbstractMessageProcessorChain.java:89)
	at org.mule.processor.chain.InterceptingChainLifecycleWrapper.doProcess(InterceptingChainLifecycleWrapper.java:63)
	at org.mule.processor.chain.AbstractMessageProcessorChain.process(AbstractMessageProcessorChain.java:89)
	at org.mule.processor.chain.InterceptingChainLifecycleWrapper.process(InterceptingChainLifecycleWrapper.java:94)
	at org.mule.source.StartableCompositeMessageSource$InternalMessageProcessor.process(StartableCompositeMessageSource.java:219)
	at org.mule.processor.chain.DefaultMessageProcessorChain.doProcess(DefaultMessageProcessorChain.java:72)
	at org.mule.processor.chain.AbstractMessageProcessorChain.process(AbstractMessageProcessorChain.java:89)
	at org.mule.processor.AbstractInterceptingMessageProcessor.processNext(AbstractInterceptingMessageProcessor.java:81)
	at org.mule.module.cxf.CxfInboundMessageProcessor.processNext(CxfInboundMessageProcessor.java:328)
	at org.mule.module.cxf.MuleInvoker.invoke(MuleInvoker.java:80)
	... 35 more
Caused by: java.net.SocketTimeoutException: Read timed out
	at java.net.SocketInputStream.socketRead0(Native Method)
	at java.net.SocketInputStream.read(SocketInputStream.java:129)
	at java.io.BufferedInputStream.fill(BufferedInputStream.java:218)
	at java.io.BufferedInputStream.read(BufferedInputStream.java:237)
	at org.apache.commons.httpclient.HttpParser.readRawLine(HttpParser.java:78)
	at org.apache.commons.httpclient.HttpParser.readLine(HttpParser.java:106)
	at org.apache.commons.httpclient.HttpConnection.readLine(HttpConnection.java:1116)
	at org.apache.commons.httpclient.MultiThreadedHttpConnectionManager$HttpConnectionAdapter.readLine(MultiThreadedHttpConnectionManager.java:1413)
	at org.apache.commons.httpclient.HttpMethodBase.readStatusLine(HttpMethodBase.java:1973)
	at org.apache.commons.httpclient.HttpMethodBase.readResponse(HttpMethodBase.java:1735)
	at org.apache.commons.httpclient.HttpMethodBase.execute(HttpMethodBase.java:1098)
	at org.apache.commons.httpclient.HttpMethodDirector.executeWithRetry(HttpMethodDirector.java:398)
	at org.apache.commons.httpclient.HttpMethodDirector.executeMethod(HttpMethodDirector.java:171)
	at org.apache.commons.httpclient.HttpClient.executeMethod(HttpClient.java:397)
	at org.apache.commons.httpclient.HttpClient.executeMethod(HttpClient.java:346)
	at org.mule.transport.http.HttpClientMessageDispatcher.execute(HttpClientMessageDispatcher.java:145)
	... 108 more
2011-03-30 23:23:47,750 INFO  org.soitoolkit.commons.mule.log.EventLogger - soi-toolkit.log
** logEvent-info.start ***********************************************************
IntegrationScenarioId=
ContractId=
LogMessage=resp-out
ServiceImpl=soaphttpToResthttpUsingJava-service
Host=10.0.1.2 (10.0.1.2)
ComponentId=f761e92d-5b13-11e0-8745-b114a4c1a5d7
Endpoint=http://localhost:8082/Request-Response-SA-Tests-310/rest-teststub/sample/0
MessageId=fb27a405-5b13-11e0-8745-b114a4c1a5d7
BusinessCorrelationId=
BusinessContextId=
ExtraInfo=
Payload=
** logEvent-info.end *************************************************************
2011-03-30 23:23:48,752 ERROR org.mule.exception.AbstractExceptionListener - Caught exception in Exception Strategy: Broken pipe
java.net.SocketException: Broken pipe
	at java.net.SocketOutputStream.socketWrite0(Native Method)
	at java.net.SocketOutputStream.socketWrite(SocketOutputStream.java:92)
	at java.net.SocketOutputStream.write(SocketOutputStream.java:136)
	at java.io.DataOutputStream.write(DataOutputStream.java:90)
	at org.apache.commons.httpclient.ChunkedOutputStream.flushCache(ChunkedOutputStream.java:99)
	at org.apache.commons.httpclient.ChunkedOutputStream.finish(ChunkedOutputStream.java:143)
	at org.mule.transport.http.HttpServerConnection.writeResponse(HttpServerConnection.java:319)
	at org.mule.transport.http.HttpMessageReceiver$HttpWorker.run(HttpMessageReceiver.java:164)
	at org.mule.work.WorkerContext.run(WorkerContext.java:309)
	at edu.emory.mathcs.backport.java.util.concurrent.ThreadPoolExecutor.runWorker(ThreadPoolExecutor.java:1061)
	at edu.emory.mathcs.backport.java.util.concurrent.ThreadPoolExecutor$Worker.run(ThreadPoolExecutor.java:575)
	at java.lang.Thread.run(Thread.java:680)
2011-03-30 23:23:50,122 INFO  org.mule.DefaultMuleContext    - 
**********************************************************************
* Mule Context shut down normally on: 2011-03-30 23:23               *
* Server was up for: 0 days, 0 hours, 0 mins, 12.892 sec             *
**********************************************************************
Tests run: 3, Failures: 0, Errors: 0, Skipped: 0, Time elapsed: 16.927 sec
Running org.soitoolkit.tool.generatortests.requestresponsesatests310.soaphttptojmsusingjava.SoaphttpToJmsUsingJavaResponseTransformerTest
Tests run: 2, Failures: 0, Errors: 0, Skipped: 0, Time elapsed: 0.01 sec
Running org.soitoolkit.tool.generatortests.requestresponsesatests310.soaphttptosoaphttpusingjava.SoaphttpToSoaphttpUsingJavaIntegrationTest
2011-03-30 23:23:50,144 INFO  org.soitoolkit.tool.generatortests.requestresponsesatests310.RequestResponseSATests310MuleServer - URL: http://localhost:8081/Request-Response-SA-Tests-310/services/soaphttpToSoaphttpUsingJava/v1
2011-03-30 23:23:50,144 INFO  org.soitoolkit.commons.mule.test.AbstractTestCase - Setting test timeout to (seconds): 120
2011-03-30 23:23:50,145 INFO  org.soitoolkit.commons.mule.test.AbstractTestCase - Setting test timeout to (seconds): 120
2011-03-30 23:23:50,145 INFO  org.soitoolkit.commons.mule.test.AbstractTestCase - Setting test timeout to (seconds): 120

================================================================================
= Testing: test_ok                                                             =
================================================================================
2011-03-30 23:23:50,154 INFO  org.springframework.beans.factory.xml.XmlBeanDefinitionReader - Loading XML bean definitions from URL [jar:file:/Users/magnuslarsson/.m2/repository/org/mule/modules/mule-module-spring-config/3.1.1/mule-module-spring-config-3.1.1.jar!/mule-spring-config.xml]
2011-03-30 23:23:50,182 INFO  org.springframework.beans.factory.xml.XmlBeanDefinitionReader - Loading XML bean definitions from URL [jar:file:/Users/magnuslarsson/.m2/repository/org/mule/modules/mule-module-spring-config/3.1.1/mule-module-spring-config-3.1.1.jar!/default-mule-config.xml]
2011-03-30 23:23:50,276 INFO  org.springframework.beans.factory.xml.XmlBeanDefinitionReader - Loading XML bean definitions from URL [jar:file:/Users/magnuslarsson/.m2/repository/org/soitoolkit/commons/components/soitoolkit-commons-mule/0.4.1-SNAPSHOT/soitoolkit-commons-mule-0.4.1-SNAPSHOT.jar!/soitoolkit-mule-jms-connector-activemq-embedded.xml]
2011-03-30 23:23:50,437 INFO  org.springframework.beans.factory.xml.XmlBeanDefinitionReader - Loading XML bean definitions from class path resource [soitoolkit-mule-jms-connector-commons.xml]
2011-03-30 23:23:50,534 INFO  org.springframework.beans.factory.xml.XmlBeanDefinitionReader - Loading XML bean definitions from URL [file:/Users/magnuslarsson/Documents/temp/_plugintests/jUnitTests/Request-Response-SA-Tests-310/trunk/Request-Response-SA-Tests-310-services/target/classes/Request-Response-SA-Tests-310-common.xml]
2011-03-30 23:23:50,594 INFO  org.springframework.beans.factory.xml.XmlBeanDefinitionReader - Loading XML bean definitions from URL [file:/Users/magnuslarsson/Documents/temp/_plugintests/jUnitTests/Request-Response-SA-Tests-310/trunk/Request-Response-SA-Tests-310-services/target/classes/services/soaphttpToSoaphttpUsingJava-service.xml]
2011-03-30 23:23:50,694 INFO  org.springframework.beans.factory.xml.XmlBeanDefinitionReader - Loading XML bean definitions from URL [file:/Users/magnuslarsson/Documents/temp/_plugintests/jUnitTests/Request-Response-SA-Tests-310/trunk/Request-Response-SA-Tests-310-services/target/test-classes/teststub-services/soaphttpToSoaphttpUsingJava-teststub-service.xml]
2011-03-30 23:23:50,748 INFO  org.springframework.core.io.support.PropertiesLoaderSupport - Loading properties file from class path resource [Request-Response-SA-Tests-310-security.properties]
2011-03-30 23:23:50,748 INFO  org.springframework.core.io.support.PropertiesLoaderSupport - Loading properties file from class path resource [Request-Response-SA-Tests-310-config.properties]
2011-03-30 23:23:50,749 INFO  org.springframework.core.io.support.PropertiesLoaderSupport - Loading properties file from URL [file:${app.home}/Request-Response-SA-Tests-310/config/Request-Response-SA-Tests-310-security.properties]
2011-03-30 23:23:50,749 WARN  org.springframework.core.io.support.PropertiesLoaderSupport - Could not load properties from URL [file:${app.home}/Request-Response-SA-Tests-310/config/Request-Response-SA-Tests-310-security.properties]: ${app.home}/Request-Response-SA-Tests-310/config/Request-Response-SA-Tests-310-security.properties (No such file or directory)
2011-03-30 23:23:50,749 INFO  org.springframework.core.io.support.PropertiesLoaderSupport - Loading properties file from URL [file:${app.home}/Request-Response-SA-Tests-310/config/Request-Response-SA-Tests-310-config.properties]
2011-03-30 23:23:50,750 WARN  org.springframework.core.io.support.PropertiesLoaderSupport - Could not load properties from URL [file:${app.home}/Request-Response-SA-Tests-310/config/Request-Response-SA-Tests-310-config.properties]: ${app.home}/Request-Response-SA-Tests-310/config/Request-Response-SA-Tests-310-config.properties (No such file or directory)
2011-03-30 23:23:51,391 INFO  org.mule.exception.AbstractExceptionListener - Initialising exception listener: org.soitoolkit.commons.mule.error.ServiceExceptionStrategy@142b7711
2011-03-30 23:23:51,422 WARN  org.mule.context.notification.Configuration - The notification listener subscription &quot;ListenerSubscriptionPair [listener=ObjectToStringTransformer{this=31a9dc55, name=&apos;objToStr&apos;, ignoreBadInput=false, returnClass=SimpleDataType{type=java.lang.String, mimeType=&apos;text/plain&apos;}, sourceTypes=[SimpleDataType{type=java.lang.Object, mimeType=&apos;*/*&apos;}, SimpleDataType{type=[B, mimeType=&apos;*/*&apos;}, SimpleDataType{type=java.io.InputStream, mimeType=&apos;*/*&apos;}, SimpleDataType{type=org.mule.api.transport.OutputHandler, mimeType=&apos;*/*&apos;}]}, subscription=NULL]&quot; has already been registered
2011-03-30 23:23:51,423 WARN  org.mule.context.notification.Configuration - The notification listener subscription &quot;ListenerSubscriptionPair [listener=CreateSoapFaultIfExceptionTransformer{this=60e1ccdf, name=&apos;createSoapFaultIfException&apos;, ignoreBadInput=false, returnClass=SimpleDataType{type=java.lang.Object, mimeType=&apos;*/*&apos;}, sourceTypes=[]}, subscription=NULL]&quot; has already been registered
2011-03-30 23:23:51,469 INFO  org.mule.DefaultMuleContext    - 
**********************************************************************
* Mule ESB and Integration Platform                                  *
* Version: 3.1.1 Build: 21496                                        *
* MuleSoft, Inc.                                                     *
* For more information go to http://www.mulesoft.org                 *
*                                                                    *
* Server started: 2011-03-30 23:23                                   *
* Server ID: 015d2621-5b14-11e0-8745-b114a4c1a5d7                    *
* JDK: 1.6.0_24 (mixed mode)                                         *
* OS encoding: MacRoman, Mule encoding: UTF-8                        *
* OS: Mac OS X (10.6.7, x86_64)                                      *
* Host: MagnusMac-2.local (10.0.1.2)                                 *
* Mode: Development                                                  *
*                                                                    *
* Agents Running:                                                    *
*   JMX Agent                                                        *
**********************************************************************
2011-03-30 23:23:51,478 INFO  org.soitoolkit.commons.mule.test.AbstractJmsTestUtil - Clearing messages on queues: SOITOOLKIT.LOG.ERROR 
2011-03-30 23:23:51,693 INFO  org.soitoolkit.commons.mule.log.EventLogger - soi-toolkit.log
** logEvent-info.start ***********************************************************
IntegrationScenarioId=
ContractId=
LogMessage=req-in
ServiceImpl=soaphttpToSoaphttpUsingJava-service
Host=10.0.1.2 (10.0.1.2)
ComponentId=015d2621-5b14-11e0-8745-b114a4c1a5d7
Endpoint=http://localhost:8081/Request-Response-SA-Tests-310/services/soaphttpToSoaphttpUsingJava/v1
MessageId=0246e91b-5b14-11e0-8745-b114a4c1a5d7
BusinessCorrelationId=
BusinessContextId=
ExtraInfo=
Payload=
** logEvent-info.end *************************************************************
2011-03-30 23:23:51,699 WARN  org.mule.context.notification.Configuration - The notification listener subscription &quot;ListenerSubscriptionPair [listener=SoaphttpToSoaphttpUsingJavaRequestTransformer{this=6f6827b5, name=&apos;soaphttpToSoaphttpUsingJavaRequestTransformer&apos;, ignoreBadInput=false, returnClass=SimpleDataType{type=java.lang.Object, mimeType=&apos;*/*&apos;}, sourceTypes=[]}, subscription=NULL]&quot; has already been registered
2011-03-30 23:23:51,700 WARN  org.mule.context.notification.Configuration - The notification listener subscription &quot;ListenerSubscriptionPair [listener=SoaphttpToSoaphttpUsingJavaResponseTransformer{this=353c017, name=&apos;soaphttpToSoaphttpUsingJavaResponseTransformer&apos;, ignoreBadInput=false, returnClass=SimpleDataType{type=java.lang.Object, mimeType=&apos;*/*&apos;}, sourceTypes=[]}, subscription=NULL]&quot; has already been registered
2011-03-30 23:23:51,734 INFO  org.soitoolkit.commons.mule.log.EventLogger - soi-toolkit.log
** logEvent-info.start ***********************************************************
IntegrationScenarioId=
ContractId=
LogMessage=req-out
ServiceImpl=soaphttpToSoaphttpUsingJava-service
Host=10.0.1.2 (10.0.1.2)
ComponentId=015d2621-5b14-11e0-8745-b114a4c1a5d7
Endpoint=http://localhost:8082/Request-Response-SA-Tests-310/services/soaphttpToSoaphttpUsingJava-teststub/v1
MessageId=0246e91b-5b14-11e0-8745-b114a4c1a5d7
BusinessCorrelationId=
BusinessContextId=
ExtraInfo=
Payload=
** logEvent-info.end *************************************************************
2011-03-30 23:23:51,761 INFO  org.soitoolkit.tool.generatortests.requestresponsesatests310.soaphttptosoaphttpusingjava.SoaphttpToSoaphttpUsingJavaTestProducer - SoaphttpToSoaphttpUsingJavaTestProducer received the request: org.soitoolkit.refapps.sd.sample.schema.v1.Sample@138ada25
2011-03-30 23:23:51,773 INFO  org.soitoolkit.commons.mule.log.EventLogger - soi-toolkit.log
** logEvent-info.start ***********************************************************
IntegrationScenarioId=
ContractId=
LogMessage=resp-in
ServiceImpl=soaphttpToSoaphttpUsingJava-service
Host=10.0.1.2 (10.0.1.2)
ComponentId=015d2621-5b14-11e0-8745-b114a4c1a5d7
Endpoint=http://localhost:8082/Request-Response-SA-Tests-310/services/soaphttpToSoaphttpUsingJava-teststub/v1
MessageId=02542f96-5b14-11e0-8745-b114a4c1a5d7
BusinessCorrelationId=
BusinessContextId=
ExtraInfo=
Payload=
** logEvent-info.end *************************************************************
2011-03-30 23:23:51,779 INFO  org.soitoolkit.commons.mule.log.EventLogger - soi-toolkit.log
** logEvent-info.start ***********************************************************
IntegrationScenarioId=
ContractId=
LogMessage=resp-out
ServiceImpl=soaphttpToSoaphttpUsingJava-service
Host=10.0.1.2 (10.0.1.2)
ComponentId=015d2621-5b14-11e0-8745-b114a4c1a5d7
Endpoint=http://localhost:8082/Request-Response-SA-Tests-310/services/soaphttpToSoaphttpUsingJava-teststub/v1
MessageId=02542f96-5b14-11e0-8745-b114a4c1a5d7
BusinessCorrelationId=
BusinessContextId=
ExtraInfo=
Payload=
** logEvent-info.end *************************************************************

================================================================================
= Testing: test_fault_invalidInput                                             =
================================================================================
2011-03-30 23:23:51,796 INFO  org.soitoolkit.commons.mule.test.AbstractJmsTestUtil - Clearing messages on queues: SOITOOLKIT.LOG.ERROR 
2011-03-30 23:23:51,925 INFO  org.soitoolkit.commons.mule.log.EventLogger - soi-toolkit.log
** logEvent-info.start ***********************************************************
IntegrationScenarioId=
ContractId=
LogMessage=req-in
ServiceImpl=soaphttpToSoaphttpUsingJava-service
Host=10.0.1.2 (10.0.1.2)
ComponentId=015d2621-5b14-11e0-8745-b114a4c1a5d7
Endpoint=http://localhost:8081/Request-Response-SA-Tests-310/services/soaphttpToSoaphttpUsingJava/v1
MessageId=026baf3e-5b14-11e0-8745-b114a4c1a5d7
BusinessCorrelationId=
BusinessContextId=
ExtraInfo=
Payload=
** logEvent-info.end *************************************************************
2011-03-30 23:23:51,935 INFO  org.soitoolkit.commons.mule.log.EventLogger - soi-toolkit.log
** logEvent-info.start ***********************************************************
IntegrationScenarioId=
ContractId=
LogMessage=req-out
ServiceImpl=soaphttpToSoaphttpUsingJava-service
Host=10.0.1.2 (10.0.1.2)
ComponentId=015d2621-5b14-11e0-8745-b114a4c1a5d7
Endpoint=http://localhost:8082/Request-Response-SA-Tests-310/services/soaphttpToSoaphttpUsingJava-teststub/v1
MessageId=026baf3e-5b14-11e0-8745-b114a4c1a5d7
BusinessCorrelationId=
BusinessContextId=
ExtraInfo=
Payload=
** logEvent-info.end *************************************************************
2011-03-30 23:23:51,948 INFO  org.soitoolkit.tool.generatortests.requestresponsesatests310.soaphttptosoaphttpusingjava.SoaphttpToSoaphttpUsingJavaTestProducer - SoaphttpToSoaphttpUsingJavaTestProducer received the request: org.soitoolkit.refapps.sd.sample.schema.v1.Sample@7d6c848f
2011-03-30 23:23:51,950 WARN  org.apache.cxf.common.logging.LogUtils - Interceptor for {http://soaphttptosoaphttpusingjava.requestresponsesatests310.generatortests.tool.soitoolkit.org/}SoaphttpToSoaphttpUsingJavaTestProducerService#{urn:org.soitoolkit.refapps.sd.sample.wsdl:v1}sample has thrown exception, unwinding now
org.apache.cxf.interceptor.Fault: Component that caused exception is: DefaultJavaComponent{soaphttpToSoaphttpUsingJava-teststub-service.commponent}. Message payload is of type: Sample
	at org.mule.module.cxf.MuleInvoker.invoke(MuleInvoker.java:85)
	at org.mule.module.cxf.MuleJAXWSInvoker.invoke(MuleJAXWSInvoker.java:47)
	at org.apache.cxf.service.invoker.AbstractInvoker.invoke(AbstractInvoker.java:75)
	at org.apache.cxf.interceptor.ServiceInvokerInterceptor$1.run(ServiceInvokerInterceptor.java:58)
	at java.util.concurrent.Executors$RunnableAdapter.call(Executors.java:441)
	at java.util.concurrent.FutureTask$Sync.innerRun(FutureTask.java:303)
	at java.util.concurrent.FutureTask.run(FutureTask.java:138)
	at org.apache.cxf.workqueue.SynchronousExecutor.execute(SynchronousExecutor.java:37)
	at org.apache.cxf.interceptor.ServiceInvokerInterceptor.handleMessage(ServiceInvokerInterceptor.java:106)
	at org.apache.cxf.phase.PhaseInterceptorChain.doIntercept(PhaseInterceptorChain.java:255)
	at org.apache.cxf.transport.ChainInitiationObserver.onMessage(ChainInitiationObserver.java:113)
	at org.mule.module.cxf.CxfInboundMessageProcessor.sendToDestination(CxfInboundMessageProcessor.java:288)
	at org.mule.module.cxf.CxfInboundMessageProcessor.process(CxfInboundMessageProcessor.java:129)
	at org.mule.processor.chain.DefaultMessageProcessorChain.doProcess(DefaultMessageProcessorChain.java:72)
	at org.mule.processor.chain.AbstractMessageProcessorChain.process(AbstractMessageProcessorChain.java:89)
	at org.mule.processor.AbstractInterceptingMessageProcessor.processNext(AbstractInterceptingMessageProcessor.java:81)
	at org.mule.interceptor.AbstractEnvelopeInterceptor.process(AbstractEnvelopeInterceptor.java:55)
	at org.mule.processor.AbstractInterceptingMessageProcessor.processNext(AbstractInterceptingMessageProcessor.java:81)
	at org.mule.interceptor.AbstractEnvelopeInterceptor.process(AbstractEnvelopeInterceptor.java:55)
	at org.mule.processor.chain.DefaultMessageProcessorChain.doProcess(DefaultMessageProcessorChain.java:72)
	at org.mule.processor.chain.AbstractMessageProcessorChain.process(AbstractMessageProcessorChain.java:89)
	at org.mule.processor.chain.InterceptingChainLifecycleWrapper.doProcess(InterceptingChainLifecycleWrapper.java:63)
	at org.mule.processor.chain.AbstractMessageProcessorChain.process(AbstractMessageProcessorChain.java:89)
	at org.mule.processor.chain.InterceptingChainLifecycleWrapper.process(InterceptingChainLifecycleWrapper.java:94)
	at org.mule.construct.AbstractFlowConstruct$1$1.process(AbstractFlowConstruct.java:107)
	at org.mule.processor.chain.DefaultMessageProcessorChain.doProcess(DefaultMessageProcessorChain.java:72)
	at org.mule.processor.chain.AbstractMessageProcessorChain.process(AbstractMessageProcessorChain.java:89)
	at org.mule.processor.AbstractInterceptingMessageProcessor.processNext(AbstractInterceptingMessageProcessor.java:81)
	at org.mule.processor.ExceptionHandlingMessageProcessor.process(ExceptionHandlingMessageProcessor.java:25)
	at org.mule.processor.chain.DefaultMessageProcessorChain.doProcess(DefaultMessageProcessorChain.java:72)
	at org.mule.processor.chain.AbstractMessageProcessorChain.process(AbstractMessageProcessorChain.java:89)
	at org.mule.processor.chain.InterceptingChainLifecycleWrapper.doProcess(InterceptingChainLifecycleWrapper.java:63)
	at org.mule.processor.chain.AbstractMessageProcessorChain.process(AbstractMessageProcessorChain.java:89)
	at org.mule.processor.chain.InterceptingChainLifecycleWrapper.process(InterceptingChainLifecycleWrapper.java:94)
	at org.mule.processor.chain.DefaultMessageProcessorChain.doProcess(DefaultMessageProcessorChain.java:72)
	at org.mule.processor.chain.AbstractMessageProcessorChain.process(AbstractMessageProcessorChain.java:89)
	at org.mule.processor.chain.InterceptingChainLifecycleWrapper.doProcess(InterceptingChainLifecycleWrapper.java:63)
	at org.mule.processor.chain.AbstractMessageProcessorChain.process(AbstractMessageProcessorChain.java:89)
	at org.mule.processor.chain.InterceptingChainLifecycleWrapper.process(InterceptingChainLifecycleWrapper.java:94)
	at org.mule.transport.AbstractMessageReceiver.routeMessage(AbstractMessageReceiver.java:185)
	at org.mule.transport.AbstractMessageReceiver.routeMessage(AbstractMessageReceiver.java:158)
	at org.mule.transport.AbstractMessageReceiver.routeMessage(AbstractMessageReceiver.java:145)
	at org.mule.transport.http.HttpMessageReceiver$HttpWorker.doRequest(HttpMessageReceiver.java:247)
	at org.mule.transport.http.HttpMessageReceiver$HttpWorker.processRequest(HttpMessageReceiver.java:206)
	at org.mule.transport.http.HttpMessageReceiver$HttpWorker.run(HttpMessageReceiver.java:164)
	at org.mule.work.WorkerContext.run(WorkerContext.java:309)
	at edu.emory.mathcs.backport.java.util.concurrent.ThreadPoolExecutor.runWorker(ThreadPoolExecutor.java:1061)
	at edu.emory.mathcs.backport.java.util.concurrent.ThreadPoolExecutor$Worker.run(ThreadPoolExecutor.java:575)
	at java.lang.Thread.run(Thread.java:680)
Caused by: org.mule.component.ComponentException: Component that caused exception is: DefaultJavaComponent{soaphttpToSoaphttpUsingJava-teststub-service.commponent}. Message payload is of type: Sample
	at org.mule.component.DefaultComponentLifecycleAdapter.invoke(DefaultComponentLifecycleAdapter.java:359)
	at org.mule.component.AbstractJavaComponent.invokeComponentInstance(AbstractJavaComponent.java:86)
	at org.mule.component.AbstractJavaComponent.doInvoke(AbstractJavaComponent.java:77)
	at org.mule.component.AbstractComponent.invokeInternal(AbstractComponent.java:120)
	at org.mule.component.AbstractComponent.access$000(AbstractComponent.java:56)
	at org.mule.component.AbstractComponent$1$1.process(AbstractComponent.java:234)
	at org.mule.processor.chain.DefaultMessageProcessorChain.doProcess(DefaultMessageProcessorChain.java:72)
	at org.mule.processor.chain.AbstractMessageProcessorChain.process(AbstractMessageProcessorChain.java:89)
	at org.mule.processor.chain.InterceptingChainLifecycleWrapper.doProcess(InterceptingChainLifecycleWrapper.java:63)
	at org.mule.processor.chain.AbstractMessageProcessorChain.process(AbstractMessageProcessorChain.java:89)
	at org.mule.processor.chain.InterceptingChainLifecycleWrapper.process(InterceptingChainLifecycleWrapper.java:94)
	at org.mule.component.AbstractComponent.process(AbstractComponent.java:154)
	at org.mule.processor.AbstractInterceptingMessageProcessor.processNext(AbstractInterceptingMessageProcessor.java:81)
	at org.mule.module.cxf.CxfInboundMessageProcessor.processNext(CxfInboundMessageProcessor.java:328)
	at org.mule.module.cxf.MuleInvoker.invoke(MuleInvoker.java:80)
	... 48 more
Caused by: org.soitoolkit.refapps.sd.sample.wsdl.v1.Fault: Invalid Id: -1
	at org.soitoolkit.tool.generatortests.requestresponsesatests310.soaphttptosoaphttpusingjava.SoaphttpToSoaphttpUsingJavaTestProducer.sample(SoaphttpToSoaphttpUsingJavaTestProducer.java:37)
	at sun.reflect.NativeMethodAccessorImpl.invoke0(Native Method)
	at sun.reflect.NativeMethodAccessorImpl.invoke(NativeMethodAccessorImpl.java:39)
	at sun.reflect.DelegatingMethodAccessorImpl.invoke(DelegatingMethodAccessorImpl.java:25)
	at java.lang.reflect.Method.invoke(Method.java:597)
	at org.mule.model.resolvers.AbstractEntryPointResolver.invokeMethod(AbstractEntryPointResolver.java:151)
	at org.mule.model.resolvers.MethodHeaderPropertyEntryPointResolver.invoke(MethodHeaderPropertyEntryPointResolver.java:112)
	at org.mule.model.resolvers.DefaultEntryPointResolverSet.invoke(DefaultEntryPointResolverSet.java:39)
	at org.mule.component.DefaultComponentLifecycleAdapter.invoke(DefaultComponentLifecycleAdapter.java:350)
	... 62 more
2011-03-30 23:23:52,014 WARN  org.apache.cxf.common.logging.LogUtils - Application {urn:org.soitoolkit.refapps.sd.sample.wsdl:v1}sampleService has thrown exception, unwinding now
org.apache.cxf.interceptor.Fault: Invalid status code: 500
	at org.mule.module.cxf.MuleInvoker.invoke(MuleInvoker.java:118)
	at org.apache.cxf.interceptor.ServiceInvokerInterceptor$1.run(ServiceInvokerInterceptor.java:58)
	at java.util.concurrent.Executors$RunnableAdapter.call(Executors.java:441)
	at java.util.concurrent.FutureTask$Sync.innerRun(FutureTask.java:303)
	at java.util.concurrent.FutureTask.run(FutureTask.java:138)
	at org.apache.cxf.workqueue.SynchronousExecutor.execute(SynchronousExecutor.java:37)
	at org.apache.cxf.interceptor.ServiceInvokerInterceptor.handleMessage(ServiceInvokerInterceptor.java:106)
	at org.apache.cxf.phase.PhaseInterceptorChain.doIntercept(PhaseInterceptorChain.java:255)
	at org.apache.cxf.transport.ChainInitiationObserver.onMessage(ChainInitiationObserver.java:113)
	at org.mule.module.cxf.CxfInboundMessageProcessor.sendToDestination(CxfInboundMessageProcessor.java:288)
	at org.mule.module.cxf.CxfInboundMessageProcessor.process(CxfInboundMessageProcessor.java:129)
	at org.mule.module.cxf.config.FlowConfiguringMessageProcessor.process(FlowConfiguringMessageProcessor.java:50)
	at org.mule.processor.chain.DefaultMessageProcessorChain.doProcess(DefaultMessageProcessorChain.java:72)
	at org.mule.processor.chain.AbstractMessageProcessorChain.process(AbstractMessageProcessorChain.java:89)
	at org.mule.processor.AbstractInterceptingMessageProcessor.processNext(AbstractInterceptingMessageProcessor.java:81)
	at org.mule.processor.ExceptionHandlingMessageProcessor.process(ExceptionHandlingMessageProcessor.java:25)
	at org.mule.processor.chain.DefaultMessageProcessorChain.doProcess(DefaultMessageProcessorChain.java:72)
	at org.mule.processor.chain.AbstractMessageProcessorChain.process(AbstractMessageProcessorChain.java:89)
	at org.mule.processor.chain.InterceptingChainLifecycleWrapper.doProcess(InterceptingChainLifecycleWrapper.java:63)
	at org.mule.processor.chain.AbstractMessageProcessorChain.process(AbstractMessageProcessorChain.java:89)
	at org.mule.processor.chain.InterceptingChainLifecycleWrapper.process(InterceptingChainLifecycleWrapper.java:94)
	at org.mule.processor.chain.DefaultMessageProcessorChain.doProcess(DefaultMessageProcessorChain.java:72)
	at org.mule.processor.chain.AbstractMessageProcessorChain.process(AbstractMessageProcessorChain.java:89)
	at org.mule.processor.chain.InterceptingChainLifecycleWrapper.doProcess(InterceptingChainLifecycleWrapper.java:63)
	at org.mule.processor.chain.AbstractMessageProcessorChain.process(AbstractMessageProcessorChain.java:89)
	at org.mule.processor.chain.InterceptingChainLifecycleWrapper.process(InterceptingChainLifecycleWrapper.java:94)
	at org.mule.transport.AbstractMessageReceiver.routeMessage(AbstractMessageReceiver.java:185)
	at org.mule.transport.AbstractMessageReceiver.routeMessage(AbstractMessageReceiver.java:158)
	at org.mule.transport.AbstractMessageReceiver.routeMessage(AbstractMessageReceiver.java:145)
	at org.mule.transport.http.HttpMessageReceiver$HttpWorker.doRequest(HttpMessageReceiver.java:247)
	at org.mule.transport.http.HttpMessageReceiver$HttpWorker.processRequest(HttpMessageReceiver.java:206)
	at org.mule.transport.http.HttpMessageReceiver$HttpWorker.run(HttpMessageReceiver.java:164)
	at org.mule.work.WorkerContext.run(WorkerContext.java:309)
	at edu.emory.mathcs.backport.java.util.concurrent.ThreadPoolExecutor.runWorker(ThreadPoolExecutor.java:1061)
	at edu.emory.mathcs.backport.java.util.concurrent.ThreadPoolExecutor$Worker.run(ThreadPoolExecutor.java:575)
	at java.lang.Thread.run(Thread.java:680)
Caused by: org.apache.commons.httpclient.HttpException: Invalid status code: 500
	at org.mule.module.cxf.CxfOutboundMessageProcessor.buildResponseMessage(CxfOutboundMessageProcessor.java:414)
	at org.mule.module.cxf.CxfOutboundMessageProcessor.doSendWithClient(CxfOutboundMessageProcessor.java:236)
	at org.mule.module.cxf.CxfOutboundMessageProcessor.process(CxfOutboundMessageProcessor.java:127)
	at org.mule.processor.chain.DefaultMessageProcessorChain.doProcess(DefaultMessageProcessorChain.java:72)
	at org.mule.processor.chain.AbstractMessageProcessorChain.process(AbstractMessageProcessorChain.java:89)
	at org.mule.processor.AbstractInterceptingMessageProcessor.processNext(AbstractInterceptingMessageProcessor.java:81)
	at org.mule.endpoint.outbound.OutboundResponsePropertiesMessageProcessor.process(OutboundResponsePropertiesMessageProcessor.java:39)
	at org.mule.processor.chain.DefaultMessageProcessorChain.doProcess(DefaultMessageProcessorChain.java:72)
	at org.mule.processor.chain.AbstractMessageProcessorChain.process(AbstractMessageProcessorChain.java:89)
	at org.mule.processor.AbstractInterceptingMessageProcessor.processNext(AbstractInterceptingMessageProcessor.java:81)
	at org.mule.processor.TransactionalInterceptingMessageProcessor$1.doInTransaction(TransactionalInterceptingMessageProcessor.java:49)
	at org.mule.processor.TransactionalInterceptingMessageProcessor$1.doInTransaction(TransactionalInterceptingMessageProcessor.java:46)
	at org.mule.transaction.TransactionTemplate.execute(TransactionTemplate.java:110)
	at org.mule.processor.TransactionalInterceptingMessageProcessor.process(TransactionalInterceptingMessageProcessor.java:55)
	at org.mule.processor.AbstractInterceptingMessageProcessor.processNext(AbstractInterceptingMessageProcessor.java:81)
	at org.mule.processor.AbstractFilteringMessageProcessor.process(AbstractFilteringMessageProcessor.java:41)
	at org.mule.processor.chain.DefaultMessageProcessorChain.doProcess(DefaultMessageProcessorChain.java:72)
	at org.mule.processor.chain.AbstractMessageProcessorChain.process(AbstractMessageProcessorChain.java:89)
	at org.mule.processor.chain.InterceptingChainLifecycleWrapper.doProcess(InterceptingChainLifecycleWrapper.java:63)
	at org.mule.processor.chain.AbstractMessageProcessorChain.process(AbstractMessageProcessorChain.java:89)
	at org.mule.processor.chain.InterceptingChainLifecycleWrapper.process(InterceptingChainLifecycleWrapper.java:94)
	at org.mule.processor.chain.DefaultMessageProcessorChain.doProcess(DefaultMessageProcessorChain.java:72)
	at org.mule.processor.chain.AbstractMessageProcessorChain.process(AbstractMessageProcessorChain.java:89)
	at org.mule.processor.chain.InterceptingChainLifecycleWrapper.doProcess(InterceptingChainLifecycleWrapper.java:63)
	at org.mule.processor.chain.AbstractMessageProcessorChain.process(AbstractMessageProcessorChain.java:89)
	at org.mule.processor.chain.InterceptingChainLifecycleWrapper.process(InterceptingChainLifecycleWrapper.java:94)
	at org.mule.endpoint.DefaultOutboundEndpoint.process(DefaultOutboundEndpoint.java:97)
	at org.mule.routing.outbound.AbstractOutboundRouter.sendRequestEvent(AbstractOutboundRouter.java:462)
	at org.mule.routing.outbound.AbstractOutboundRouter.sendRequest(AbstractOutboundRouter.java:168)
	at org.mule.routing.outbound.FilteringOutboundRouter.route(FilteringOutboundRouter.java:80)
	at org.mule.routing.outbound.OutboundPassThroughRouter.route(OutboundPassThroughRouter.java:71)
	at org.mule.routing.outbound.AbstractOutboundRouter$1.doInTransaction(AbstractOutboundRouter.java:103)
	at org.mule.routing.outbound.AbstractOutboundRouter$1.doInTransaction(AbstractOutboundRouter.java:100)
	at org.mule.transaction.TransactionTemplate.execute(TransactionTemplate.java:43)
	at org.mule.routing.outbound.AbstractOutboundRouter.process(AbstractOutboundRouter.java:108)
	at org.mule.routing.outbound.DefaultOutboundRouterCollection.process(DefaultOutboundRouterCollection.java:104)
	at org.mule.processor.chain.DefaultMessageProcessorChain.doProcess(DefaultMessageProcessorChain.java:72)
	at org.mule.processor.chain.AbstractMessageProcessorChain.process(AbstractMessageProcessorChain.java:89)
	at org.mule.processor.AbstractInterceptingMessageProcessor.processNext(AbstractInterceptingMessageProcessor.java:81)
	at org.mule.service.processor.ServiceOutboundMessageProcessor.process(ServiceOutboundMessageProcessor.java:71)
	at org.mule.processor.AbstractInterceptingMessageProcessor.processNext(AbstractInterceptingMessageProcessor.java:81)
	at org.mule.service.processor.ServiceInternalMessageProcessor.process(ServiceInternalMessageProcessor.java:57)
	at org.mule.processor.AbstractInterceptingMessageProcessor.processNext(AbstractInterceptingMessageProcessor.java:81)
	at org.mule.processor.AsyncInterceptingMessageProcessor.process(AsyncInterceptingMessageProcessor.java:101)
	at org.mule.processor.chain.DefaultMessageProcessorChain.doProcess(DefaultMessageProcessorChain.java:72)
	at org.mule.processor.chain.AbstractMessageProcessorChain.process(AbstractMessageProcessorChain.java:89)
	at org.mule.processor.AbstractInterceptingMessageProcessor.processNext(AbstractInterceptingMessageProcessor.java:81)
	at org.mule.interceptor.AbstractEnvelopeInterceptor.process(AbstractEnvelopeInterceptor.java:55)
	at org.mule.processor.AbstractInterceptingMessageProcessor.processNext(AbstractInterceptingMessageProcessor.java:81)
	at org.mule.lifecycle.processor.ProcessIfStartedWaitIfSyncPausedMessageProcessor.process(ProcessIfStartedWaitIfSyncPausedMessageProcessor.java:56)
	at org.mule.processor.chain.DefaultMessageProcessorChain.doProcess(DefaultMessageProcessorChain.java:72)
	at org.mule.processor.chain.AbstractMessageProcessorChain.process(AbstractMessageProcessorChain.java:89)
	at org.mule.processor.chain.InterceptingChainLifecycleWrapper.doProcess(InterceptingChainLifecycleWrapper.java:63)
	at org.mule.processor.chain.AbstractMessageProcessorChain.process(AbstractMessageProcessorChain.java:89)
	at org.mule.processor.chain.InterceptingChainLifecycleWrapper.process(InterceptingChainLifecycleWrapper.java:94)
	at org.mule.service.AbstractService$7.process(AbstractService.java:425)
	at org.mule.processor.AbstractInterceptingMessageProcessor.processNext(AbstractInterceptingMessageProcessor.java:81)
	at org.mule.service.ServiceCompositeMessageSource$1.process(ServiceCompositeMessageSource.java:124)
	at org.mule.processor.AbstractInterceptingMessageProcessor.processNext(AbstractInterceptingMessageProcessor.java:81)
	at org.mule.processor.StopFurtherMessageProcessingMessageProcessor.process(StopFurtherMessageProcessingMessageProcessor.java:23)
	at org.mule.processor.chain.DefaultMessageProcessorChain.doProcess(DefaultMessageProcessorChain.java:72)
	at org.mule.processor.chain.AbstractMessageProcessorChain.process(AbstractMessageProcessorChain.java:89)
	at org.mule.processor.chain.InterceptingChainLifecycleWrapper.doProcess(InterceptingChainLifecycleWrapper.java:63)
	at org.mule.processor.chain.AbstractMessageProcessorChain.process(AbstractMessageProcessorChain.java:89)
	at org.mule.processor.chain.InterceptingChainLifecycleWrapper.process(InterceptingChainLifecycleWrapper.java:94)
	at org.mule.source.StartableCompositeMessageSource$InternalMessageProcessor.process(StartableCompositeMessageSource.java:219)
	at org.mule.processor.chain.DefaultMessageProcessorChain.doProcess(DefaultMessageProcessorChain.java:72)
	at org.mule.processor.chain.AbstractMessageProcessorChain.process(AbstractMessageProcessorChain.java:89)
	at org.mule.processor.AbstractInterceptingMessageProcessor.processNext(AbstractInterceptingMessageProcessor.java:81)
	at org.mule.module.cxf.CxfInboundMessageProcessor.processNext(CxfInboundMessageProcessor.java:328)
	at org.mule.module.cxf.MuleInvoker.invoke(MuleInvoker.java:80)
	... 35 more
2011-03-30 23:23:52,024 INFO  org.soitoolkit.commons.mule.log.EventLogger - soi-toolkit.log
** logEvent-info.start ***********************************************************
IntegrationScenarioId=
ContractId=
LogMessage=resp-out
ServiceImpl=soaphttpToSoaphttpUsingJava-service
Host=10.0.1.2 (10.0.1.2)
ComponentId=015d2621-5b14-11e0-8745-b114a4c1a5d7
Endpoint=http://localhost:8082/Request-Response-SA-Tests-310/services/soaphttpToSoaphttpUsingJava-teststub/v1
MessageId=0271f0d9-5b14-11e0-8745-b114a4c1a5d7
BusinessCorrelationId=
BusinessContextId=
ExtraInfo=
Payload=
** logEvent-info.end *************************************************************

================================================================================
= Testing: test_fault_timeout                                                  =
================================================================================
2011-03-30 23:23:52,040 INFO  org.soitoolkit.commons.mule.test.AbstractJmsTestUtil - Clearing messages on queues: SOITOOLKIT.LOG.ERROR 
2011-03-30 23:23:52,162 INFO  org.soitoolkit.commons.mule.log.EventLogger - soi-toolkit.log
** logEvent-info.start ***********************************************************
IntegrationScenarioId=
ContractId=
LogMessage=req-in
ServiceImpl=soaphttpToSoaphttpUsingJava-service
Host=10.0.1.2 (10.0.1.2)
ComponentId=015d2621-5b14-11e0-8745-b114a4c1a5d7
Endpoint=http://localhost:8081/Request-Response-SA-Tests-310/services/soaphttpToSoaphttpUsingJava/v1
MessageId=02902741-5b14-11e0-8745-b114a4c1a5d7
BusinessCorrelationId=
BusinessContextId=
ExtraInfo=
Payload=
** logEvent-info.end *************************************************************
2011-03-30 23:23:52,169 INFO  org.soitoolkit.commons.mule.log.EventLogger - soi-toolkit.log
** logEvent-info.start ***********************************************************
IntegrationScenarioId=
ContractId=
LogMessage=req-out
ServiceImpl=soaphttpToSoaphttpUsingJava-service
Host=10.0.1.2 (10.0.1.2)
ComponentId=015d2621-5b14-11e0-8745-b114a4c1a5d7
Endpoint=http://localhost:8082/Request-Response-SA-Tests-310/services/soaphttpToSoaphttpUsingJava-teststub/v1
MessageId=02902741-5b14-11e0-8745-b114a4c1a5d7
BusinessCorrelationId=
BusinessContextId=
ExtraInfo=
Payload=
** logEvent-info.end *************************************************************
2011-03-30 23:23:52,177 INFO  org.soitoolkit.tool.generatortests.requestresponsesatests310.soaphttptosoaphttpusingjava.SoaphttpToSoaphttpUsingJavaTestProducer - SoaphttpToSoaphttpUsingJavaTestProducer received the request: org.soitoolkit.refapps.sd.sample.schema.v1.Sample@7e64cfe0
2011-03-30 23:24:00,174 WARN  org.apache.cxf.common.logging.LogUtils - Interceptor for {http://support.cxf.module.mule.org/}ProxyService#{http://support.cxf.module.mule.org/}invoke has thrown exception, unwinding now
org.apache.cxf.interceptor.Fault: Could not send message to Mule.
	at org.mule.module.cxf.transport.MuleUniversalConduit$2.handleMessage(MuleUniversalConduit.java:196)
	at org.apache.cxf.phase.PhaseInterceptorChain.doIntercept(PhaseInterceptorChain.java:255)
	at org.apache.cxf.endpoint.ClientImpl.invoke(ClientImpl.java:516)
	at org.apache.cxf.endpoint.ClientImpl.invoke(ClientImpl.java:322)
	at org.mule.module.cxf.CxfOutboundMessageProcessor.doSendWithClient(CxfOutboundMessageProcessor.java:234)
	at org.mule.module.cxf.CxfOutboundMessageProcessor.process(CxfOutboundMessageProcessor.java:127)
	at org.mule.processor.chain.DefaultMessageProcessorChain.doProcess(DefaultMessageProcessorChain.java:72)
	at org.mule.processor.chain.AbstractMessageProcessorChain.process(AbstractMessageProcessorChain.java:89)
	at org.mule.processor.AbstractInterceptingMessageProcessor.processNext(AbstractInterceptingMessageProcessor.java:81)
	at org.mule.endpoint.outbound.OutboundResponsePropertiesMessageProcessor.process(OutboundResponsePropertiesMessageProcessor.java:39)
	at org.mule.processor.chain.DefaultMessageProcessorChain.doProcess(DefaultMessageProcessorChain.java:72)
	at org.mule.processor.chain.AbstractMessageProcessorChain.process(AbstractMessageProcessorChain.java:89)
	at org.mule.processor.AbstractInterceptingMessageProcessor.processNext(AbstractInterceptingMessageProcessor.java:81)
	at org.mule.processor.TransactionalInterceptingMessageProcessor$1.doInTransaction(TransactionalInterceptingMessageProcessor.java:49)
	at org.mule.processor.TransactionalInterceptingMessageProcessor$1.doInTransaction(TransactionalInterceptingMessageProcessor.java:46)
	at org.mule.transaction.TransactionTemplate.execute(TransactionTemplate.java:110)
	at org.mule.processor.TransactionalInterceptingMessageProcessor.process(TransactionalInterceptingMessageProcessor.java:55)
	at org.mule.processor.AbstractInterceptingMessageProcessor.processNext(AbstractInterceptingMessageProcessor.java:81)
	at org.mule.processor.AbstractFilteringMessageProcessor.process(AbstractFilteringMessageProcessor.java:41)
	at org.mule.processor.chain.DefaultMessageProcessorChain.doProcess(DefaultMessageProcessorChain.java:72)
	at org.mule.processor.chain.AbstractMessageProcessorChain.process(AbstractMessageProcessorChain.java:89)
	at org.mule.processor.chain.InterceptingChainLifecycleWrapper.doProcess(InterceptingChainLifecycleWrapper.java:63)
	at org.mule.processor.chain.AbstractMessageProcessorChain.process(AbstractMessageProcessorChain.java:89)
	at org.mule.processor.chain.InterceptingChainLifecycleWrapper.process(InterceptingChainLifecycleWrapper.java:94)
	at org.mule.processor.chain.DefaultMessageProcessorChain.doProcess(DefaultMessageProcessorChain.java:72)
	at org.mule.processor.chain.AbstractMessageProcessorChain.process(AbstractMessageProcessorChain.java:89)
	at org.mule.processor.chain.InterceptingChainLifecycleWrapper.doProcess(InterceptingChainLifecycleWrapper.java:63)
	at org.mule.processor.chain.AbstractMessageProcessorChain.process(AbstractMessageProcessorChain.java:89)
	at org.mule.processor.chain.InterceptingChainLifecycleWrapper.process(InterceptingChainLifecycleWrapper.java:94)
	at org.mule.endpoint.DefaultOutboundEndpoint.process(DefaultOutboundEndpoint.java:97)
	at org.mule.routing.outbound.AbstractOutboundRouter.sendRequestEvent(AbstractOutboundRouter.java:462)
	at org.mule.routing.outbound.AbstractOutboundRouter.sendRequest(AbstractOutboundRouter.java:168)
	at org.mule.routing.outbound.FilteringOutboundRouter.route(FilteringOutboundRouter.java:80)
	at org.mule.routing.outbound.OutboundPassThroughRouter.route(OutboundPassThroughRouter.java:71)
	at org.mule.routing.outbound.AbstractOutboundRouter$1.doInTransaction(AbstractOutboundRouter.java:103)
	at org.mule.routing.outbound.AbstractOutboundRouter$1.doInTransaction(AbstractOutboundRouter.java:100)
	at org.mule.transaction.TransactionTemplate.execute(TransactionTemplate.java:43)
	at org.mule.routing.outbound.AbstractOutboundRouter.process(AbstractOutboundRouter.java:108)
	at org.mule.routing.outbound.DefaultOutboundRouterCollection.process(DefaultOutboundRouterCollection.java:104)
	at org.mule.processor.chain.DefaultMessageProcessorChain.doProcess(DefaultMessageProcessorChain.java:72)
	at org.mule.processor.chain.AbstractMessageProcessorChain.process(AbstractMessageProcessorChain.java:89)
	at org.mule.processor.AbstractInterceptingMessageProcessor.processNext(AbstractInterceptingMessageProcessor.java:81)
	at org.mule.service.processor.ServiceOutboundMessageProcessor.process(ServiceOutboundMessageProcessor.java:71)
	at org.mule.processor.AbstractInterceptingMessageProcessor.processNext(AbstractInterceptingMessageProcessor.java:81)
	at org.mule.service.processor.ServiceInternalMessageProcessor.process(ServiceInternalMessageProcessor.java:57)
	at org.mule.processor.AbstractInterceptingMessageProcessor.processNext(AbstractInterceptingMessageProcessor.java:81)
	at org.mule.processor.AsyncInterceptingMessageProcessor.process(AsyncInterceptingMessageProcessor.java:101)
	at org.mule.processor.chain.DefaultMessageProcessorChain.doProcess(DefaultMessageProcessorChain.java:72)
	at org.mule.processor.chain.AbstractMessageProcessorChain.process(AbstractMessageProcessorChain.java:89)
	at org.mule.processor.AbstractInterceptingMessageProcessor.processNext(AbstractInterceptingMessageProcessor.java:81)
	at org.mule.interceptor.AbstractEnvelopeInterceptor.process(AbstractEnvelopeInterceptor.java:55)
	at org.mule.processor.AbstractInterceptingMessageProcessor.processNext(AbstractInterceptingMessageProcessor.java:81)
	at org.mule.lifecycle.processor.ProcessIfStartedWaitIfSyncPausedMessageProcessor.process(ProcessIfStartedWaitIfSyncPausedMessageProcessor.java:56)
	at org.mule.processor.chain.DefaultMessageProcessorChain.doProcess(DefaultMessageProcessorChain.java:72)
	at org.mule.processor.chain.AbstractMessageProcessorChain.process(AbstractMessageProcessorChain.java:89)
	at org.mule.processor.chain.InterceptingChainLifecycleWrapper.doProcess(InterceptingChainLifecycleWrapper.java:63)
	at org.mule.processor.chain.AbstractMessageProcessorChain.process(AbstractMessageProcessorChain.java:89)
	at org.mule.processor.chain.InterceptingChainLifecycleWrapper.process(InterceptingChainLifecycleWrapper.java:94)
	at org.mule.service.AbstractService$7.process(AbstractService.java:425)
	at org.mule.processor.AbstractInterceptingMessageProcessor.processNext(AbstractInterceptingMessageProcessor.java:81)
	at org.mule.service.ServiceCompositeMessageSource$1.process(ServiceCompositeMessageSource.java:124)
	at org.mule.processor.AbstractInterceptingMessageProcessor.processNext(AbstractInterceptingMessageProcessor.java:81)
	at org.mule.processor.StopFurtherMessageProcessingMessageProcessor.process(StopFurtherMessageProcessingMessageProcessor.java:23)
	at org.mule.processor.chain.DefaultMessageProcessorChain.doProcess(DefaultMessageProcessorChain.java:72)
	at org.mule.processor.chain.AbstractMessageProcessorChain.process(AbstractMessageProcessorChain.java:89)
	at org.mule.processor.chain.InterceptingChainLifecycleWrapper.doProcess(InterceptingChainLifecycleWrapper.java:63)
	at org.mule.processor.chain.AbstractMessageProcessorChain.process(AbstractMessageProcessorChain.java:89)
	at org.mule.processor.chain.InterceptingChainLifecycleWrapper.process(InterceptingChainLifecycleWrapper.java:94)
	at org.mule.source.StartableCompositeMessageSource$InternalMessageProcessor.process(StartableCompositeMessageSource.java:219)
	at org.mule.processor.chain.DefaultMessageProcessorChain.doProcess(DefaultMessageProcessorChain.java:72)
	at org.mule.processor.chain.AbstractMessageProcessorChain.process(AbstractMessageProcessorChain.java:89)
	at org.mule.processor.AbstractInterceptingMessageProcessor.processNext(AbstractInterceptingMessageProcessor.java:81)
	at org.mule.module.cxf.CxfInboundMessageProcessor.processNext(CxfInboundMessageProcessor.java:328)
	at org.mule.module.cxf.MuleInvoker.invoke(MuleInvoker.java:80)
	at org.apache.cxf.interceptor.ServiceInvokerInterceptor$1.run(ServiceInvokerInterceptor.java:58)
	at java.util.concurrent.Executors$RunnableAdapter.call(Executors.java:441)
	at java.util.concurrent.FutureTask$Sync.innerRun(FutureTask.java:303)
	at java.util.concurrent.FutureTask.run(FutureTask.java:138)
	at org.apache.cxf.workqueue.SynchronousExecutor.execute(SynchronousExecutor.java:37)
	at org.apache.cxf.interceptor.ServiceInvokerInterceptor.handleMessage(ServiceInvokerInterceptor.java:106)
	at org.apache.cxf.phase.PhaseInterceptorChain.doIntercept(PhaseInterceptorChain.java:255)
	at org.apache.cxf.transport.ChainInitiationObserver.onMessage(ChainInitiationObserver.java:113)
	at org.mule.module.cxf.CxfInboundMessageProcessor.sendToDestination(CxfInboundMessageProcessor.java:288)
	at org.mule.module.cxf.CxfInboundMessageProcessor.process(CxfInboundMessageProcessor.java:129)
	at org.mule.module.cxf.config.FlowConfiguringMessageProcessor.process(FlowConfiguringMessageProcessor.java:50)
	at org.mule.processor.chain.DefaultMessageProcessorChain.doProcess(DefaultMessageProcessorChain.java:72)
	at org.mule.processor.chain.AbstractMessageProcessorChain.process(AbstractMessageProcessorChain.java:89)
	at org.mule.processor.AbstractInterceptingMessageProcessor.processNext(AbstractInterceptingMessageProcessor.java:81)
	at org.mule.processor.ExceptionHandlingMessageProcessor.process(ExceptionHandlingMessageProcessor.java:25)
	at org.mule.processor.chain.DefaultMessageProcessorChain.doProcess(DefaultMessageProcessorChain.java:72)
	at org.mule.processor.chain.AbstractMessageProcessorChain.process(AbstractMessageProcessorChain.java:89)
	at org.mule.processor.chain.InterceptingChainLifecycleWrapper.doProcess(InterceptingChainLifecycleWrapper.java:63)
	at org.mule.processor.chain.AbstractMessageProcessorChain.process(AbstractMessageProcessorChain.java:89)
	at org.mule.processor.chain.InterceptingChainLifecycleWrapper.process(InterceptingChainLifecycleWrapper.java:94)
	at org.mule.processor.chain.DefaultMessageProcessorChain.doProcess(DefaultMessageProcessorChain.java:72)
	at org.mule.processor.chain.AbstractMessageProcessorChain.process(AbstractMessageProcessorChain.java:89)
	at org.mule.processor.chain.InterceptingChainLifecycleWrapper.doProcess(InterceptingChainLifecycleWrapper.java:63)
	at org.mule.processor.chain.AbstractMessageProcessorChain.process(AbstractMessageProcessorChain.java:89)
	at org.mule.processor.chain.InterceptingChainLifecycleWrapper.process(InterceptingChainLifecycleWrapper.java:94)
	at org.mule.transport.AbstractMessageReceiver.routeMessage(AbstractMessageReceiver.java:185)
	at org.mule.transport.AbstractMessageReceiver.routeMessage(AbstractMessageReceiver.java:158)
	at org.mule.transport.AbstractMessageReceiver.routeMessage(AbstractMessageReceiver.java:145)
	at org.mule.transport.http.HttpMessageReceiver$HttpWorker.doRequest(HttpMessageReceiver.java:247)
	at org.mule.transport.http.HttpMessageReceiver$HttpWorker.processRequest(HttpMessageReceiver.java:206)
	at org.mule.transport.http.HttpMessageReceiver$HttpWorker.run(HttpMessageReceiver.java:164)
	at org.mule.work.WorkerContext.run(WorkerContext.java:309)
	at edu.emory.mathcs.backport.java.util.concurrent.ThreadPoolExecutor.runWorker(ThreadPoolExecutor.java:1061)
	at edu.emory.mathcs.backport.java.util.concurrent.ThreadPoolExecutor$Worker.run(ThreadPoolExecutor.java:575)
	at java.lang.Thread.run(Thread.java:680)
Caused by: java.io.IOException: Could not send message to Mule.
	at org.mule.module.cxf.transport.MuleUniversalConduit.dispatchMuleMessage(MuleUniversalConduit.java:285)
	at org.mule.module.cxf.transport.MuleUniversalConduit$2.handleMessage(MuleUniversalConduit.java:192)
	... 108 more
Caused by: org.mule.api.transport.DispatchException: Failed to route event via endpoint: DefaultOutboundEndpoint{endpointUri=http://localhost:8082/Request-Response-SA-Tests-310/services/soaphttpToSoaphttpUsingJava-teststub/v1, connector=HttpConnector
{
  name=connector.http.mule.default
  lifecycle=start
  this=4659aa86
  numberOfConcurrentTransactedReceivers=4
  createMultipleTransactedReceivers=true
  connected=true
  supportedProtocols=[http]
  serviceOverrides=&lt;none&gt;
}
,  name=&apos;endpoint.http.localhost.8082.Request.Response.SA.Tests.310.services.soaphttpToSoaphttpUsingJava.teststub.v1&apos;, mep=REQUEST_RESPONSE, properties={}, transactionConfig=Transaction{factory=null, action=NEVER, timeout=0}, deleteUnacceptedMessages=false, initialState=started, responseTimeout=8000, endpointEncoding=UTF-8, disableTransportTransformer=false}. Message payload is of type: PostMethod
	at org.mule.transport.http.HttpClientMessageDispatcher.execute(HttpClientMessageDispatcher.java:152)
	at org.mule.transport.http.HttpClientMessageDispatcher.doSend(HttpClientMessageDispatcher.java:260)
	at org.mule.transport.AbstractMessageDispatcher.process(AbstractMessageDispatcher.java:80)
	at org.mule.transport.AbstractConnector$DispatcherMessageProcessor.process(AbstractConnector.java:2512)
	at org.mule.processor.chain.DefaultMessageProcessorChain.doProcess(DefaultMessageProcessorChain.java:72)
	at org.mule.processor.chain.AbstractMessageProcessorChain.process(AbstractMessageProcessorChain.java:89)
	at org.mule.processor.AbstractInterceptingMessageProcessor.processNext(AbstractInterceptingMessageProcessor.java:81)
	at org.mule.module.cxf.CxfOutboundMessageProcessor.processNext(CxfOutboundMessageProcessor.java:151)
	at org.mule.module.cxf.transport.MuleUniversalConduit.processNext(MuleUniversalConduit.java:350)
	at org.mule.module.cxf.transport.MuleUniversalConduit.dispatchMuleMessage(MuleUniversalConduit.java:250)
	... 109 more
Caused by: java.net.SocketTimeoutException: Read timed out
	at java.net.SocketInputStream.socketRead0(Native Method)
	at java.net.SocketInputStream.read(SocketInputStream.java:129)
	at java.io.BufferedInputStream.fill(BufferedInputStream.java:218)
	at java.io.BufferedInputStream.read(BufferedInputStream.java:237)
	at org.apache.commons.httpclient.HttpParser.readRawLine(HttpParser.java:78)
	at org.apache.commons.httpclient.HttpParser.readLine(HttpParser.java:106)
	at org.apache.commons.httpclient.HttpConnection.readLine(HttpConnection.java:1116)
	at org.apache.commons.httpclient.MultiThreadedHttpConnectionManager$HttpConnectionAdapter.readLine(MultiThreadedHttpConnectionManager.java:1413)
	at org.apache.commons.httpclient.HttpMethodBase.readStatusLine(HttpMethodBase.java:1973)
	at org.apache.commons.httpclient.HttpMethodBase.readResponse(HttpMethodBase.java:1735)
	at org.apache.commons.httpclient.HttpMethodBase.execute(HttpMethodBase.java:1098)
	at org.apache.commons.httpclient.HttpMethodDirector.executeWithRetry(HttpMethodDirector.java:398)
	at org.apache.commons.httpclient.HttpMethodDirector.executeMethod(HttpMethodDirector.java:171)
	at org.apache.commons.httpclient.HttpClient.executeMethod(HttpClient.java:397)
	at org.apache.commons.httpclient.HttpClient.executeMethod(HttpClient.java:346)
	at org.mule.transport.http.HttpClientMessageDispatcher.execute(HttpClientMessageDispatcher.java:145)
	... 118 more
2011-03-30 23:24:00,179 WARN  org.apache.cxf.common.logging.LogUtils - Interceptor for {urn:org.soitoolkit.refapps.sd.sample.wsdl:v1}sampleService has thrown exception, unwinding now
org.apache.cxf.interceptor.Fault: Failed to route event via endpoint: DefaultOutboundEndpoint{endpointUri=http://localhost:8082/Request-Response-SA-Tests-310/services/soaphttpToSoaphttpUsingJava-teststub/v1, connector=HttpConnector
{
  name=connector.http.mule.default
  lifecycle=start
  this=4659aa86
  numberOfConcurrentTransactedReceivers=4
  createMultipleTransactedReceivers=true
  connected=true
  supportedProtocols=[http]
  serviceOverrides=&lt;none&gt;
}
,  name=&apos;endpoint.http.localhost.8082.Request.Response.SA.Tests.310.services.soaphttpToSoaphttpUsingJava.teststub.v1&apos;, mep=REQUEST_RESPONSE, properties={}, transactionConfig=Transaction{factory=null, action=NEVER, timeout=0}, deleteUnacceptedMessages=false, initialState=started, responseTimeout=8000, endpointEncoding=UTF-8, disableTransportTransformer=false}. Message payload is of type: PostMethod
	at org.mule.module.cxf.MuleInvoker.invoke(MuleInvoker.java:85)
	at org.apache.cxf.interceptor.ServiceInvokerInterceptor$1.run(ServiceInvokerInterceptor.java:58)
	at java.util.concurrent.Executors$RunnableAdapter.call(Executors.java:441)
	at java.util.concurrent.FutureTask$Sync.innerRun(FutureTask.java:303)
	at java.util.concurrent.FutureTask.run(FutureTask.java:138)
	at org.apache.cxf.workqueue.SynchronousExecutor.execute(SynchronousExecutor.java:37)
	at org.apache.cxf.interceptor.ServiceInvokerInterceptor.handleMessage(ServiceInvokerInterceptor.java:106)
	at org.apache.cxf.phase.PhaseInterceptorChain.doIntercept(PhaseInterceptorChain.java:255)
	at org.apache.cxf.transport.ChainInitiationObserver.onMessage(ChainInitiationObserver.java:113)
	at org.mule.module.cxf.CxfInboundMessageProcessor.sendToDestination(CxfInboundMessageProcessor.java:288)
	at org.mule.module.cxf.CxfInboundMessageProcessor.process(CxfInboundMessageProcessor.java:129)
	at org.mule.module.cxf.config.FlowConfiguringMessageProcessor.process(FlowConfiguringMessageProcessor.java:50)
	at org.mule.processor.chain.DefaultMessageProcessorChain.doProcess(DefaultMessageProcessorChain.java:72)
	at org.mule.processor.chain.AbstractMessageProcessorChain.process(AbstractMessageProcessorChain.java:89)
	at org.mule.processor.AbstractInterceptingMessageProcessor.processNext(AbstractInterceptingMessageProcessor.java:81)
	at org.mule.processor.ExceptionHandlingMessageProcessor.process(ExceptionHandlingMessageProcessor.java:25)
	at org.mule.processor.chain.DefaultMessageProcessorChain.doProcess(DefaultMessageProcessorChain.java:72)
	at org.mule.processor.chain.AbstractMessageProcessorChain.process(AbstractMessageProcessorChain.java:89)
	at org.mule.processor.chain.InterceptingChainLifecycleWrapper.doProcess(InterceptingChainLifecycleWrapper.java:63)
	at org.mule.processor.chain.AbstractMessageProcessorChain.process(AbstractMessageProcessorChain.java:89)
	at org.mule.processor.chain.InterceptingChainLifecycleWrapper.process(InterceptingChainLifecycleWrapper.java:94)
	at org.mule.processor.chain.DefaultMessageProcessorChain.doProcess(DefaultMessageProcessorChain.java:72)
	at org.mule.processor.chain.AbstractMessageProcessorChain.process(AbstractMessageProcessorChain.java:89)
	at org.mule.processor.chain.InterceptingChainLifecycleWrapper.doProcess(InterceptingChainLifecycleWrapper.java:63)
	at org.mule.processor.chain.AbstractMessageProcessorChain.process(AbstractMessageProcessorChain.java:89)
	at org.mule.processor.chain.InterceptingChainLifecycleWrapper.process(InterceptingChainLifecycleWrapper.java:94)
	at org.mule.transport.AbstractMessageReceiver.routeMessage(AbstractMessageReceiver.java:185)
	at org.mule.transport.AbstractMessageReceiver.routeMessage(AbstractMessageReceiver.java:158)
	at org.mule.transport.AbstractMessageReceiver.routeMessage(AbstractMessageReceiver.java:145)
	at org.mule.transport.http.HttpMessageReceiver$HttpWorker.doRequest(HttpMessageReceiver.java:247)
	at org.mule.transport.http.HttpMessageReceiver$HttpWorker.processRequest(HttpMessageReceiver.java:206)
	at org.mule.transport.http.HttpMessageReceiver$HttpWorker.run(HttpMessageReceiver.java:164)
	at org.mule.work.WorkerContext.run(WorkerContext.java:309)
	at edu.emory.mathcs.backport.java.util.concurrent.ThreadPoolExecutor.runWorker(ThreadPoolExecutor.java:1061)
	at edu.emory.mathcs.backport.java.util.concurrent.ThreadPoolExecutor$Worker.run(ThreadPoolExecutor.java:575)
	at java.lang.Thread.run(Thread.java:680)
Caused by: org.mule.api.routing.CouldNotRouteOutboundMessageException: Failed to route event via endpoint: DefaultOutboundEndpoint{endpointUri=http://localhost:8082/Request-Response-SA-Tests-310/services/soaphttpToSoaphttpUsingJava-teststub/v1, connector=HttpConnector
{
  name=connector.http.mule.default
  lifecycle=start
  this=4659aa86
  numberOfConcurrentTransactedReceivers=4
  createMultipleTransactedReceivers=true
  connected=true
  supportedProtocols=[http]
  serviceOverrides=&lt;none&gt;
}
,  name=&apos;endpoint.http.localhost.8082.Request.Response.SA.Tests.310.services.soaphttpToSoaphttpUsingJava.teststub.v1&apos;, mep=REQUEST_RESPONSE, properties={}, transactionConfig=Transaction{factory=null, action=NEVER, timeout=0}, deleteUnacceptedMessages=false, initialState=started, responseTimeout=8000, endpointEncoding=UTF-8, disableTransportTransformer=false}. Message payload is of type: PostMethod
	at org.mule.routing.outbound.FilteringOutboundRouter.route(FilteringOutboundRouter.java:88)
	at org.mule.routing.outbound.OutboundPassThroughRouter.route(OutboundPassThroughRouter.java:71)
	at org.mule.routing.outbound.AbstractOutboundRouter$1.doInTransaction(AbstractOutboundRouter.java:103)
	at org.mule.routing.outbound.AbstractOutboundRouter$1.doInTransaction(AbstractOutboundRouter.java:100)
	at org.mule.transaction.TransactionTemplate.execute(TransactionTemplate.java:43)
	at org.mule.routing.outbound.AbstractOutboundRouter.process(AbstractOutboundRouter.java:108)
	at org.mule.routing.outbound.DefaultOutboundRouterCollection.process(DefaultOutboundRouterCollection.java:104)
	at org.mule.processor.chain.DefaultMessageProcessorChain.doProcess(DefaultMessageProcessorChain.java:72)
	at org.mule.processor.chain.AbstractMessageProcessorChain.process(AbstractMessageProcessorChain.java:89)
	at org.mule.processor.AbstractInterceptingMessageProcessor.processNext(AbstractInterceptingMessageProcessor.java:81)
	at org.mule.service.processor.ServiceOutboundMessageProcessor.process(ServiceOutboundMessageProcessor.java:71)
	at org.mule.processor.AbstractInterceptingMessageProcessor.processNext(AbstractInterceptingMessageProcessor.java:81)
	at org.mule.service.processor.ServiceInternalMessageProcessor.process(ServiceInternalMessageProcessor.java:57)
	at org.mule.processor.AbstractInterceptingMessageProcessor.processNext(AbstractInterceptingMessageProcessor.java:81)
	at org.mule.processor.AsyncInterceptingMessageProcessor.process(AsyncInterceptingMessageProcessor.java:101)
	at org.mule.processor.chain.DefaultMessageProcessorChain.doProcess(DefaultMessageProcessorChain.java:72)
	at org.mule.processor.chain.AbstractMessageProcessorChain.process(AbstractMessageProcessorChain.java:89)
	at org.mule.processor.AbstractInterceptingMessageProcessor.processNext(AbstractInterceptingMessageProcessor.java:81)
	at org.mule.interceptor.AbstractEnvelopeInterceptor.process(AbstractEnvelopeInterceptor.java:55)
	at org.mule.processor.AbstractInterceptingMessageProcessor.processNext(AbstractInterceptingMessageProcessor.java:81)
	at org.mule.lifecycle.processor.ProcessIfStartedWaitIfSyncPausedMessageProcessor.process(ProcessIfStartedWaitIfSyncPausedMessageProcessor.java:56)
	at org.mule.processor.chain.DefaultMessageProcessorChain.doProcess(DefaultMessageProcessorChain.java:72)
	at org.mule.processor.chain.AbstractMessageProcessorChain.process(AbstractMessageProcessorChain.java:89)
	at org.mule.processor.chain.InterceptingChainLifecycleWrapper.doProcess(InterceptingChainLifecycleWrapper.java:63)
	at org.mule.processor.chain.AbstractMessageProcessorChain.process(AbstractMessageProcessorChain.java:89)
	at org.mule.processor.chain.InterceptingChainLifecycleWrapper.process(InterceptingChainLifecycleWrapper.java:94)
	at org.mule.service.AbstractService$7.process(AbstractService.java:425)
	at org.mule.processor.AbstractInterceptingMessageProcessor.processNext(AbstractInterceptingMessageProcessor.java:81)
	at org.mule.service.ServiceCompositeMessageSource$1.process(ServiceCompositeMessageSource.java:124)
	at org.mule.processor.AbstractInterceptingMessageProcessor.processNext(AbstractInterceptingMessageProcessor.java:81)
	at org.mule.processor.StopFurtherMessageProcessingMessageProcessor.process(StopFurtherMessageProcessingMessageProcessor.java:23)
	at org.mule.processor.chain.DefaultMessageProcessorChain.doProcess(DefaultMessageProcessorChain.java:72)
	at org.mule.processor.chain.AbstractMessageProcessorChain.process(AbstractMessageProcessorChain.java:89)
	at org.mule.processor.chain.InterceptingChainLifecycleWrapper.doProcess(InterceptingChainLifecycleWrapper.java:63)
	at org.mule.processor.chain.AbstractMessageProcessorChain.process(AbstractMessageProcessorChain.java:89)
	at org.mule.processor.chain.InterceptingChainLifecycleWrapper.process(InterceptingChainLifecycleWrapper.java:94)
	at org.mule.source.StartableCompositeMessageSource$InternalMessageProcessor.process(StartableCompositeMessageSource.java:219)
	at org.mule.processor.chain.DefaultMessageProcessorChain.doProcess(DefaultMessageProcessorChain.java:72)
	at org.mule.processor.chain.AbstractMessageProcessorChain.process(AbstractMessageProcessorChain.java:89)
	at org.mule.processor.AbstractInterceptingMessageProcessor.processNext(AbstractInterceptingMessageProcessor.java:81)
	at org.mule.module.cxf.CxfInboundMessageProcessor.processNext(CxfInboundMessageProcessor.java:328)
	at org.mule.module.cxf.MuleInvoker.invoke(MuleInvoker.java:80)
	... 35 more
Caused by: org.mule.api.MessagingException: An exception occurred while invoking message processor &quot;DefaultMessageProcessorChain &apos;(inner iterating chain) of OutboundEndpoint &apos;http://localhost:8082/Request-Response-SA-Tests-310/services/soaphttpToSoaphttpUsingJava-teststub/v1&apos; request chain&apos; 
[ 
  org.mule.endpoint.outbound.OutboundEventTimeoutMessageProcessor, 
  org.mule.endpoint.outbound.OutboundSessionHandlerMessageProcessor, 
  org.mule.endpoint.outbound.OutboundEndpointPropertyMessageProcessor, 
  org.mule.endpoint.outbound.OutboundResponsePropertiesMessageProcessor
]&quot; with transaction &quot;Transaction{factory=null, action=NEVER, timeout=0}&quot;.. Message payload is of type: PostMethod
	at org.mule.processor.TransactionalInterceptingMessageProcessor.process(TransactionalInterceptingMessageProcessor.java:63)
	at org.mule.processor.AbstractInterceptingMessageProcessor.processNext(AbstractInterceptingMessageProcessor.java:81)
	at org.mule.processor.AbstractFilteringMessageProcessor.process(AbstractFilteringMessageProcessor.java:41)
	at org.mule.processor.chain.DefaultMessageProcessorChain.doProcess(DefaultMessageProcessorChain.java:72)
	at org.mule.processor.chain.AbstractMessageProcessorChain.process(AbstractMessageProcessorChain.java:89)
	at org.mule.processor.chain.InterceptingChainLifecycleWrapper.doProcess(InterceptingChainLifecycleWrapper.java:63)
	at org.mule.processor.chain.AbstractMessageProcessorChain.process(AbstractMessageProcessorChain.java:89)
	at org.mule.processor.chain.InterceptingChainLifecycleWrapper.process(InterceptingChainLifecycleWrapper.java:94)
	at org.mule.processor.chain.DefaultMessageProcessorChain.doProcess(DefaultMessageProcessorChain.java:72)
	at org.mule.processor.chain.AbstractMessageProcessorChain.process(AbstractMessageProcessorChain.java:89)
	at org.mule.processor.chain.InterceptingChainLifecycleWrapper.doProcess(InterceptingChainLifecycleWrapper.java:63)
	at org.mule.processor.chain.AbstractMessageProcessorChain.process(AbstractMessageProcessorChain.java:89)
	at org.mule.processor.chain.InterceptingChainLifecycleWrapper.process(InterceptingChainLifecycleWrapper.java:94)
	at org.mule.endpoint.DefaultOutboundEndpoint.process(DefaultOutboundEndpoint.java:97)
	at org.mule.routing.outbound.AbstractOutboundRouter.sendRequestEvent(AbstractOutboundRouter.java:462)
	at org.mule.routing.outbound.AbstractOutboundRouter.sendRequest(AbstractOutboundRouter.java:168)
	at org.mule.routing.outbound.FilteringOutboundRouter.route(FilteringOutboundRouter.java:80)
	... 76 more
Caused by: org.mule.api.DefaultMuleException: Could not send message to Mule. (org.apache.cxf.interceptor.Fault)
	at org.mule.module.cxf.CxfOutboundMessageProcessor.process(CxfOutboundMessageProcessor.java:141)
	at org.mule.processor.chain.DefaultMessageProcessorChain.doProcess(DefaultMessageProcessorChain.java:72)
	at org.mule.processor.chain.AbstractMessageProcessorChain.process(AbstractMessageProcessorChain.java:89)
	at org.mule.processor.AbstractInterceptingMessageProcessor.processNext(AbstractInterceptingMessageProcessor.java:81)
	at org.mule.endpoint.outbound.OutboundResponsePropertiesMessageProcessor.process(OutboundResponsePropertiesMessageProcessor.java:39)
	at org.mule.processor.chain.DefaultMessageProcessorChain.doProcess(DefaultMessageProcessorChain.java:72)
	at org.mule.processor.chain.AbstractMessageProcessorChain.process(AbstractMessageProcessorChain.java:89)
	at org.mule.processor.AbstractInterceptingMessageProcessor.processNext(AbstractInterceptingMessageProcessor.java:81)
	at org.mule.processor.TransactionalInterceptingMessageProcessor$1.doInTransaction(TransactionalInterceptingMessageProcessor.java:49)
	at org.mule.processor.TransactionalInterceptingMessageProcessor$1.doInTransaction(TransactionalInterceptingMessageProcessor.java:46)
	at org.mule.transaction.TransactionTemplate.execute(TransactionTemplate.java:110)
	at org.mule.processor.TransactionalInterceptingMessageProcessor.process(TransactionalInterceptingMessageProcessor.java:55)
	... 92 more
Caused by: org.apache.cxf.interceptor.Fault: Could not send message to Mule.
	at org.mule.module.cxf.transport.MuleUniversalConduit$2.handleMessage(MuleUniversalConduit.java:196)
	at org.apache.cxf.phase.PhaseInterceptorChain.doIntercept(PhaseInterceptorChain.java:255)
	at org.apache.cxf.endpoint.ClientImpl.invoke(ClientImpl.java:516)
	at org.apache.cxf.endpoint.ClientImpl.invoke(ClientImpl.java:322)
	at org.mule.module.cxf.CxfOutboundMessageProcessor.doSendWithClient(CxfOutboundMessageProcessor.java:234)
	at org.mule.module.cxf.CxfOutboundMessageProcessor.process(CxfOutboundMessageProcessor.java:127)
	... 103 more
Caused by: java.io.IOException: Could not send message to Mule.
	at org.mule.module.cxf.transport.MuleUniversalConduit.dispatchMuleMessage(MuleUniversalConduit.java:285)
	at org.mule.module.cxf.transport.MuleUniversalConduit$2.handleMessage(MuleUniversalConduit.java:192)
	... 108 more
Caused by: org.mule.api.transport.DispatchException: Failed to route event via endpoint: DefaultOutboundEndpoint{endpointUri=http://localhost:8082/Request-Response-SA-Tests-310/services/soaphttpToSoaphttpUsingJava-teststub/v1, connector=HttpConnector
{
  name=connector.http.mule.default
  lifecycle=start
  this=4659aa86
  numberOfConcurrentTransactedReceivers=4
  createMultipleTransactedReceivers=true
  connected=true
  supportedProtocols=[http]
  serviceOverrides=&lt;none&gt;
}
,  name=&apos;endpoint.http.localhost.8082.Request.Response.SA.Tests.310.services.soaphttpToSoaphttpUsingJava.teststub.v1&apos;, mep=REQUEST_RESPONSE, properties={}, transactionConfig=Transaction{factory=null, action=NEVER, timeout=0}, deleteUnacceptedMessages=false, initialState=started, responseTimeout=8000, endpointEncoding=UTF-8, disableTransportTransformer=false}. Message payload is of type: PostMethod
	at org.mule.transport.http.HttpClientMessageDispatcher.execute(HttpClientMessageDispatcher.java:152)
	at org.mule.transport.http.HttpClientMessageDispatcher.doSend(HttpClientMessageDispatcher.java:260)
	at org.mule.transport.AbstractMessageDispatcher.process(AbstractMessageDispatcher.java:80)
	at org.mule.transport.AbstractConnector$DispatcherMessageProcessor.process(AbstractConnector.java:2512)
	at org.mule.processor.chain.DefaultMessageProcessorChain.doProcess(DefaultMessageProcessorChain.java:72)
	at org.mule.processor.chain.AbstractMessageProcessorChain.process(AbstractMessageProcessorChain.java:89)
	at org.mule.processor.AbstractInterceptingMessageProcessor.processNext(AbstractInterceptingMessageProcessor.java:81)
	at org.mule.module.cxf.CxfOutboundMessageProcessor.processNext(CxfOutboundMessageProcessor.java:151)
	at org.mule.module.cxf.transport.MuleUniversalConduit.processNext(MuleUniversalConduit.java:350)
	at org.mule.module.cxf.transport.MuleUniversalConduit.dispatchMuleMessage(MuleUniversalConduit.java:250)
	... 109 more
Caused by: java.net.SocketTimeoutException: Read timed out
	at java.net.SocketInputStream.socketRead0(Native Method)
	at java.net.SocketInputStream.read(SocketInputStream.java:129)
	at java.io.BufferedInputStream.fill(BufferedInputStream.java:218)
	at java.io.BufferedInputStream.read(BufferedInputStream.java:237)
	at org.apache.commons.httpclient.HttpParser.readRawLine(HttpParser.java:78)
	at org.apache.commons.httpclient.HttpParser.readLine(HttpParser.java:106)
	at org.apache.commons.httpclient.HttpConnection.readLine(HttpConnection.java:1116)
	at org.apache.commons.httpclient.MultiThreadedHttpConnectionManager$HttpConnectionAdapter.readLine(MultiThreadedHttpConnectionManager.java:1413)
	at org.apache.commons.httpclient.HttpMethodBase.readStatusLine(HttpMethodBase.java:1973)
	at org.apache.commons.httpclient.HttpMethodBase.readResponse(HttpMethodBase.java:1735)
	at org.apache.commons.httpclient.HttpMethodBase.execute(HttpMethodBase.java:1098)
	at org.apache.commons.httpclient.HttpMethodDirector.executeWithRetry(HttpMethodDirector.java:398)
	at org.apache.commons.httpclient.HttpMethodDirector.executeMethod(HttpMethodDirector.java:171)
	at org.apache.commons.httpclient.HttpClient.executeMethod(HttpClient.java:397)
	at org.apache.commons.httpclient.HttpClient.executeMethod(HttpClient.java:346)
	at org.mule.transport.http.HttpClientMessageDispatcher.execute(HttpClientMessageDispatcher.java:145)
	... 118 more
2011-03-30 23:24:00,196 INFO  org.soitoolkit.commons.mule.log.EventLogger - soi-toolkit.log
** logEvent-info.start ***********************************************************
IntegrationScenarioId=
ContractId=
LogMessage=resp-out
ServiceImpl=soaphttpToSoaphttpUsingJava-service
Host=10.0.1.2 (10.0.1.2)
ComponentId=015d2621-5b14-11e0-8745-b114a4c1a5d7
Endpoint=http://localhost:8082/Request-Response-SA-Tests-310/services/soaphttpToSoaphttpUsingJava-teststub/v1
MessageId=02902741-5b14-11e0-8745-b114a4c1a5d7
BusinessCorrelationId=
BusinessContextId=
ExtraInfo=
Payload=
** logEvent-info.end *************************************************************
2011-03-30 23:24:01,181 WARN  org.apache.cxf.common.logging.LogUtils - Interceptor for {http://soaphttptosoaphttpusingjava.requestresponsesatests310.generatortests.tool.soitoolkit.org/}SoaphttpToSoaphttpUsingJavaTestProducerService#{urn:org.soitoolkit.refapps.sd.sample.wsdl:v1}sample has thrown exception, unwinding now
org.apache.cxf.interceptor.Fault: Could not send Message.
	at org.apache.cxf.interceptor.MessageSenderInterceptor$MessageSenderEndingInterceptor.handleMessage(MessageSenderInterceptor.java:64)
	at org.apache.cxf.phase.PhaseInterceptorChain.doIntercept(PhaseInterceptorChain.java:255)
	at org.apache.cxf.phase.PhaseInterceptorChain.resume(PhaseInterceptorChain.java:224)
	at org.mule.module.cxf.CxfInboundMessageProcessor$1.write(CxfInboundMessageProcessor.java:364)
	at org.mule.transport.http.HttpServerConnection.writeResponse(HttpServerConnection.java:315)
	at org.mule.transport.http.HttpMessageReceiver$HttpWorker.run(HttpMessageReceiver.java:164)
	at org.mule.work.WorkerContext.run(WorkerContext.java:309)
	at edu.emory.mathcs.backport.java.util.concurrent.ThreadPoolExecutor.runWorker(ThreadPoolExecutor.java:1061)
	at edu.emory.mathcs.backport.java.util.concurrent.ThreadPoolExecutor$Worker.run(ThreadPoolExecutor.java:575)
	at java.lang.Thread.run(Thread.java:680)
Caused by: java.net.SocketException: Broken pipe
	at java.net.SocketOutputStream.socketWrite0(Native Method)
	at java.net.SocketOutputStream.socketWrite(SocketOutputStream.java:92)
	at java.net.SocketOutputStream.write(SocketOutputStream.java:136)
	at java.io.DataOutputStream.write(DataOutputStream.java:90)
	at org.apache.commons.httpclient.ChunkedOutputStream.flushCache(ChunkedOutputStream.java:99)
	at org.apache.commons.httpclient.ChunkedOutputStream.finish(ChunkedOutputStream.java:143)
	at org.apache.commons.httpclient.ChunkedOutputStream.close(ChunkedOutputStream.java:199)
	at org.mule.module.cxf.support.DelegatingOutputStream.close(DelegatingOutputStream.java:39)
	at org.mule.module.cxf.transport.MuleUniversalDestination$ResponseConduit.close(MuleUniversalDestination.java:81)
	at org.apache.cxf.interceptor.MessageSenderInterceptor$MessageSenderEndingInterceptor.handleMessage(MessageSenderInterceptor.java:62)
	... 9 more
2011-03-30 23:24:01,182 ERROR org.mule.exception.AbstractExceptionListener - Caught exception in Exception Strategy: Broken pipe
java.net.SocketException: Broken pipe
	at java.net.SocketOutputStream.socketWrite0(Native Method)
	at java.net.SocketOutputStream.socketWrite(SocketOutputStream.java:92)
	at java.net.SocketOutputStream.write(SocketOutputStream.java:136)
	at java.io.DataOutputStream.write(DataOutputStream.java:90)
	at org.apache.commons.httpclient.ChunkedOutputStream.flushCache(ChunkedOutputStream.java:99)
	at org.apache.commons.httpclient.ChunkedOutputStream.finish(ChunkedOutputStream.java:143)
	at org.mule.transport.http.HttpServerConnection.writeResponse(HttpServerConnection.java:319)
	at org.mule.transport.http.HttpMessageReceiver$HttpWorker.run(HttpMessageReceiver.java:164)
	at org.mule.work.WorkerContext.run(WorkerContext.java:309)
	at edu.emory.mathcs.backport.java.util.concurrent.ThreadPoolExecutor.runWorker(ThreadPoolExecutor.java:1061)
	at edu.emory.mathcs.backport.java.util.concurrent.ThreadPoolExecutor$Worker.run(ThreadPoolExecutor.java:575)
	at java.lang.Thread.run(Thread.java:680)
2011-03-30 23:24:02,435 INFO  org.mule.DefaultMuleContext    - 
**********************************************************************
* Mule Context shut down normally on: 2011-03-30 23:24               *
* Server was up for: 0 days, 0 hours, 0 mins, 11.36 sec              *
**********************************************************************
Tests run: 3, Failures: 0, Errors: 0, Skipped: 0, Time elapsed: 12.295 sec
Running org.soitoolkit.tool.generatortests.requestresponsesatests310.soaphttptojmsusingjava.SoaphttpToJmsUsingJavaIntegrationTest
2011-03-30 23:24:02,439 INFO  org.soitoolkit.tool.generatortests.requestresponsesatests310.RequestResponseSATests310MuleServer - URL: http://localhost:8081/Request-Response-SA-Tests-310/services/soaphttpToJmsUsingJava/v1
2011-03-30 23:24:02,440 INFO  org.soitoolkit.commons.mule.test.AbstractTestCase - Setting test timeout to (seconds): 120
2011-03-30 23:24:02,440 INFO  org.soitoolkit.commons.mule.test.AbstractTestCase - Setting test timeout to (seconds): 120
2011-03-30 23:24:02,440 INFO  org.soitoolkit.commons.mule.test.AbstractTestCase - Setting test timeout to (seconds): 120

================================================================================
= Testing: test_ok                                                             =
================================================================================
2011-03-30 23:24:02,447 INFO  org.springframework.beans.factory.xml.XmlBeanDefinitionReader - Loading XML bean definitions from URL [jar:file:/Users/magnuslarsson/.m2/repository/org/mule/modules/mule-module-spring-config/3.1.1/mule-module-spring-config-3.1.1.jar!/mule-spring-config.xml]
2011-03-30 23:24:02,460 INFO  org.springframework.beans.factory.xml.XmlBeanDefinitionReader - Loading XML bean definitions from URL [jar:file:/Users/magnuslarsson/.m2/repository/org/mule/modules/mule-module-spring-config/3.1.1/mule-module-spring-config-3.1.1.jar!/default-mule-config.xml]
2011-03-30 23:24:02,528 INFO  org.springframework.beans.factory.xml.XmlBeanDefinitionReader - Loading XML bean definitions from URL [jar:file:/Users/magnuslarsson/.m2/repository/org/soitoolkit/commons/components/soitoolkit-commons-mule/0.4.1-SNAPSHOT/soitoolkit-commons-mule-0.4.1-SNAPSHOT.jar!/soitoolkit-mule-jms-connector-activemq-embedded.xml]
2011-03-30 23:24:02,628 INFO  org.springframework.beans.factory.xml.XmlBeanDefinitionReader - Loading XML bean definitions from class path resource [soitoolkit-mule-jms-connector-commons.xml]
2011-03-30 23:24:02,718 INFO  org.springframework.beans.factory.xml.XmlBeanDefinitionReader - Loading XML bean definitions from URL [file:/Users/magnuslarsson/Documents/temp/_plugintests/jUnitTests/Request-Response-SA-Tests-310/trunk/Request-Response-SA-Tests-310-services/target/classes/Request-Response-SA-Tests-310-common.xml]
2011-03-30 23:24:02,778 INFO  org.springframework.beans.factory.xml.XmlBeanDefinitionReader - Loading XML bean definitions from URL [file:/Users/magnuslarsson/Documents/temp/_plugintests/jUnitTests/Request-Response-SA-Tests-310/trunk/Request-Response-SA-Tests-310-services/target/classes/services/soaphttpToJmsUsingJava-service.xml]
2011-03-30 23:24:02,890 INFO  org.springframework.beans.factory.xml.XmlBeanDefinitionReader - Loading XML bean definitions from URL [file:/Users/magnuslarsson/Documents/temp/_plugintests/jUnitTests/Request-Response-SA-Tests-310/trunk/Request-Response-SA-Tests-310-services/target/test-classes/teststub-services/soaphttpToJmsUsingJava-teststub-service.xml]
2011-03-30 23:24:02,942 INFO  org.springframework.core.io.support.PropertiesLoaderSupport - Loading properties file from class path resource [Request-Response-SA-Tests-310-security.properties]
2011-03-30 23:24:02,943 INFO  org.springframework.core.io.support.PropertiesLoaderSupport - Loading properties file from class path resource [Request-Response-SA-Tests-310-config.properties]
2011-03-30 23:24:02,943 INFO  org.springframework.core.io.support.PropertiesLoaderSupport - Loading properties file from URL [file:${app.home}/Request-Response-SA-Tests-310/config/Request-Response-SA-Tests-310-security.properties]
2011-03-30 23:24:02,944 WARN  org.springframework.core.io.support.PropertiesLoaderSupport - Could not load properties from URL [file:${app.home}/Request-Response-SA-Tests-310/config/Request-Response-SA-Tests-310-security.properties]: ${app.home}/Request-Response-SA-Tests-310/config/Request-Response-SA-Tests-310-security.properties (No such file or directory)
2011-03-30 23:24:02,944 INFO  org.springframework.core.io.support.PropertiesLoaderSupport - Loading properties file from URL [file:${app.home}/Request-Response-SA-Tests-310/config/Request-Response-SA-Tests-310-config.properties]
2011-03-30 23:24:02,944 WARN  org.springframework.core.io.support.PropertiesLoaderSupport - Could not load properties from URL [file:${app.home}/Request-Response-SA-Tests-310/config/Request-Response-SA-Tests-310-config.properties]: ${app.home}/Request-Response-SA-Tests-310/config/Request-Response-SA-Tests-310-config.properties (No such file or directory)
2011-03-30 23:24:03,283 INFO  org.mule.exception.AbstractExceptionListener - Initialising exception listener: org.soitoolkit.commons.mule.error.ServiceExceptionStrategy@31d4f3b3
2011-03-30 23:24:03,331 WARN  org.mule.context.notification.Configuration - The notification listener subscription &quot;ListenerSubscriptionPair [listener=ObjectToStringTransformer{this=7212fe80, name=&apos;objToStr&apos;, ignoreBadInput=false, returnClass=SimpleDataType{type=java.lang.String, mimeType=&apos;text/plain&apos;}, sourceTypes=[SimpleDataType{type=java.lang.Object, mimeType=&apos;*/*&apos;}, SimpleDataType{type=[B, mimeType=&apos;*/*&apos;}, SimpleDataType{type=java.io.InputStream, mimeType=&apos;*/*&apos;}, SimpleDataType{type=org.mule.api.transport.OutputHandler, mimeType=&apos;*/*&apos;}]}, subscription=NULL]&quot; has already been registered
2011-03-30 23:24:03,332 WARN  org.mule.context.notification.Configuration - The notification listener subscription &quot;ListenerSubscriptionPair [listener=CreateSoapFaultIfExceptionTransformer{this=18188faa, name=&apos;createSoapFaultIfException&apos;, ignoreBadInput=false, returnClass=SimpleDataType{type=java.lang.Object, mimeType=&apos;*/*&apos;}, sourceTypes=[]}, subscription=NULL]&quot; has already been registered
2011-03-30 23:24:03,490 WARN  org.mule.context.notification.Configuration - The notification listener subscription &quot;ListenerSubscriptionPair [listener=JMSMessageToObject{this=322e0dcb, name=&apos;jmsToStr&apos;, ignoreBadInput=false, returnClass=SimpleDataType{type=java.lang.Object, mimeType=&apos;*/*&apos;}, sourceTypes=[SimpleDataType{type=javax.jms.Message, mimeType=&apos;*/*&apos;}, SimpleDataType{type=javax.jms.TextMessage, mimeType=&apos;*/*&apos;}, SimpleDataType{type=javax.jms.ObjectMessage, mimeType=&apos;*/*&apos;}, SimpleDataType{type=javax.jms.BytesMessage, mimeType=&apos;*/*&apos;}, SimpleDataType{type=javax.jms.MapMessage, mimeType=&apos;*/*&apos;}, SimpleDataType{type=javax.jms.StreamMessage, mimeType=&apos;*/*&apos;}]}, subscription=NULL]&quot; has already been registered
2011-03-30 23:24:03,490 WARN  org.mule.context.notification.Configuration - The notification listener subscription &quot;ListenerSubscriptionPair [listener=SoaphttpToJmsUsingJavaResponseTransformer{this=6d8ba429, name=&apos;soaphttpToJmsUsingJavaResponseTransformer&apos;, ignoreBadInput=false, returnClass=SimpleDataType{type=java.lang.Object, mimeType=&apos;*/*&apos;}, sourceTypes=[]}, subscription=NULL]&quot; has already been registered
2011-03-30 23:24:03,511 WARN  org.mule.context.notification.Configuration - The notification listener subscription &quot;ListenerSubscriptionPair [listener=JMSMessageToObject{this=54283253, name=&apos;jmsToStr&apos;, ignoreBadInput=false, returnClass=SimpleDataType{type=java.lang.Object, mimeType=&apos;*/*&apos;}, sourceTypes=[SimpleDataType{type=javax.jms.Message, mimeType=&apos;*/*&apos;}, SimpleDataType{type=javax.jms.TextMessage, mimeType=&apos;*/*&apos;}, SimpleDataType{type=javax.jms.ObjectMessage, mimeType=&apos;*/*&apos;}, SimpleDataType{type=javax.jms.BytesMessage, mimeType=&apos;*/*&apos;}, SimpleDataType{type=javax.jms.MapMessage, mimeType=&apos;*/*&apos;}, SimpleDataType{type=javax.jms.StreamMessage, mimeType=&apos;*/*&apos;}]}, subscription=NULL]&quot; has already been registered
2011-03-30 23:24:03,512 WARN  org.mule.context.notification.Configuration - The notification listener subscription &quot;ListenerSubscriptionPair [listener=ObjectToJMSMessageTransformer{this=1ac659a8, name=&apos;strToJms&apos;, ignoreBadInput=false, returnClass=SimpleDataType{type=javax.jms.Message, mimeType=&apos;*/*&apos;}, sourceTypes=[]}, subscription=NULL]&quot; has already been registered
2011-03-30 23:24:03,527 INFO  org.mule.DefaultMuleContext    - 
**********************************************************************
* Mule ESB and Integration Platform                                  *
* Version: 3.1.1 Build: 21496                                        *
* MuleSoft, Inc.                                                     *
* For more information go to http://www.mulesoft.org                 *
*                                                                    *
* Server started: 2011-03-30 23:24                                   *
* Server ID: 08b136ff-5b14-11e0-8745-b114a4c1a5d7                    *
* JDK: 1.6.0_24 (mixed mode)                                         *
* OS encoding: MacRoman, Mule encoding: UTF-8                        *
* OS: Mac OS X (10.6.7, x86_64)                                      *
* Host: MagnusMac-2.local (10.0.1.2)                                 *
* Mode: Development                                                  *
*                                                                    *
* Agents Running:                                                    *
*   JMX Agent                                                        *
**********************************************************************
2011-03-30 23:24:03,531 INFO  org.soitoolkit.commons.mule.test.AbstractJmsTestUtil - Clearing messages on queues: REQUESTRESPONSESATESTS310.SOAPHTTPTOJMSUSINGJAVA.REQUEST.QUEUE 
2011-03-30 23:24:03,632 INFO  org.soitoolkit.commons.mule.test.AbstractJmsTestUtil - Clearing messages on queues: REQUESTRESPONSESATESTS310.SOAPHTTPTOJMSUSINGJAVA.RESPONSE.QUEUE 
2011-03-30 23:24:03,733 INFO  org.soitoolkit.commons.mule.test.AbstractJmsTestUtil - Clearing messages on queues: SOITOOLKIT.LOG.ERROR 
2011-03-30 23:24:03,968 INFO  org.soitoolkit.commons.mule.log.EventLogger - soi-toolkit.log
** logEvent-info.start ***********************************************************
IntegrationScenarioId=
ContractId=
LogMessage=req-in
ServiceImpl=soaphttpToJmsUsingJava-service
Host=10.0.1.2 (10.0.1.2)
ComponentId=08b136ff-5b14-11e0-8745-b114a4c1a5d7
Endpoint=http://localhost:8081/Request-Response-SA-Tests-310/services/soaphttpToJmsUsingJava/v1
MessageId=0998ff1c-5b14-11e0-8745-b114a4c1a5d7
BusinessCorrelationId=
BusinessContextId=
ExtraInfo=
Payload=
** logEvent-info.end *************************************************************
2011-03-30 23:24:03,970 WARN  org.mule.context.notification.Configuration - The notification listener subscription &quot;ListenerSubscriptionPair [listener=SoaphttpToJmsUsingJavaRequestTransformer{this=b6e0054, name=&apos;soaphttpToJmsUsingJavaRequestTransformer&apos;, ignoreBadInput=false, returnClass=SimpleDataType{type=java.lang.Object, mimeType=&apos;*/*&apos;}, sourceTypes=[]}, subscription=NULL]&quot; has already been registered
2011-03-30 23:24:03,970 WARN  org.mule.context.notification.Configuration - The notification listener subscription &quot;ListenerSubscriptionPair [listener=ObjectToJMSMessageTransformer{this=62d790a8, name=&apos;strToJms&apos;, ignoreBadInput=false, returnClass=SimpleDataType{type=javax.jms.Message, mimeType=&apos;*/*&apos;}, sourceTypes=[]}, subscription=NULL]&quot; has already been registered
2011-03-30 23:24:03,980 INFO  org.soitoolkit.commons.mule.log.EventLogger - soi-toolkit.log
** logEvent-info.start ***********************************************************
IntegrationScenarioId=
ContractId=
LogMessage=req-out
ServiceImpl=soaphttpToJmsUsingJava-service
Host=10.0.1.2 (10.0.1.2)
ComponentId=08b136ff-5b14-11e0-8745-b114a4c1a5d7
Endpoint=jms://REQUESTRESPONSESATESTS310.SOAPHTTPTOJMSUSINGJAVA.REQUEST.QUEUE
MessageId=0998ff1c-5b14-11e0-8745-b114a4c1a5d7
BusinessCorrelationId=
BusinessContextId=
ExtraInfo=
Payload=
** logEvent-info.end *************************************************************
2011-03-30 23:24:04,010 INFO  org.soitoolkit.tool.generatortests.requestresponsesatests310.soaphttptojmsusingjava.SoaphttpToJmsUsingJavaTestProducer - SoaphttpToJmsUsingJavaTestProducer received the request: msg-0001-req,1234567890
2011-03-30 23:24:04,020 INFO  org.soitoolkit.commons.mule.log.EventLogger - soi-toolkit.log
** logEvent-info.start ***********************************************************
IntegrationScenarioId=
ContractId=
LogMessage=resp-in
ServiceImpl=soaphttpToJmsUsingJava-service
Host=10.0.1.2 (10.0.1.2)
ComponentId=08b136ff-5b14-11e0-8745-b114a4c1a5d7
Endpoint=jms://REQUESTRESPONSESATESTS310.SOAPHTTPTOJMSUSINGJAVA.RESPONSE.QUEUE
MessageId=09a18aa8-5b14-11e0-8745-b114a4c1a5d7
BusinessCorrelationId=
BusinessContextId=
ExtraInfo=
Payload=
** logEvent-info.end *************************************************************
2011-03-30 23:24:04,038 INFO  org.soitoolkit.commons.mule.log.EventLogger - soi-toolkit.log
** logEvent-info.start ***********************************************************
IntegrationScenarioId=
ContractId=
LogMessage=resp-out
ServiceImpl=soaphttpToJmsUsingJava-service
Host=10.0.1.2 (10.0.1.2)
ComponentId=08b136ff-5b14-11e0-8745-b114a4c1a5d7
Endpoint=jms://REQUESTRESPONSESATESTS310.SOAPHTTPTOJMSUSINGJAVA.RESPONSE.QUEUE
MessageId=09a18aa8-5b14-11e0-8745-b114a4c1a5d7
BusinessCorrelationId=
BusinessContextId=
ExtraInfo=
Payload=
** logEvent-info.end *************************************************************

================================================================================
= Testing: test_fault_invalidInput                                             =
================================================================================
2011-03-30 23:24:04,048 INFO  org.soitoolkit.commons.mule.test.AbstractJmsTestUtil - Clearing messages on queues: REQUESTRESPONSESATESTS310.SOAPHTTPTOJMSUSINGJAVA.REQUEST.QUEUE 
2011-03-30 23:24:04,152 INFO  org.soitoolkit.commons.mule.test.AbstractJmsTestUtil - Clearing messages on queues: REQUESTRESPONSESATESTS310.SOAPHTTPTOJMSUSINGJAVA.RESPONSE.QUEUE 
2011-03-30 23:24:04,253 INFO  org.soitoolkit.commons.mule.test.AbstractJmsTestUtil - Clearing messages on queues: SOITOOLKIT.LOG.ERROR 
2011-03-30 23:24:04,366 INFO  org.soitoolkit.commons.mule.log.EventLogger - soi-toolkit.log
** logEvent-info.start ***********************************************************
IntegrationScenarioId=
ContractId=
LogMessage=req-in
ServiceImpl=soaphttpToJmsUsingJava-service
Host=10.0.1.2 (10.0.1.2)
ComponentId=08b136ff-5b14-11e0-8745-b114a4c1a5d7
Endpoint=http://localhost:8081/Request-Response-SA-Tests-310/services/soaphttpToJmsUsingJava/v1
MessageId=09d6564d-5b14-11e0-8745-b114a4c1a5d7
BusinessCorrelationId=
BusinessContextId=
ExtraInfo=
Payload=
** logEvent-info.end *************************************************************
2011-03-30 23:24:04,373 INFO  org.soitoolkit.commons.mule.log.EventLogger - soi-toolkit.log
** logEvent-info.start ***********************************************************
IntegrationScenarioId=
ContractId=
LogMessage=req-out
ServiceImpl=soaphttpToJmsUsingJava-service
Host=10.0.1.2 (10.0.1.2)
ComponentId=08b136ff-5b14-11e0-8745-b114a4c1a5d7
Endpoint=jms://REQUESTRESPONSESATESTS310.SOAPHTTPTOJMSUSINGJAVA.REQUEST.QUEUE
MessageId=09d6564d-5b14-11e0-8745-b114a4c1a5d7
BusinessCorrelationId=
BusinessContextId=
ExtraInfo=
Payload=
** logEvent-info.end *************************************************************
2011-03-30 23:24:04,379 INFO  org.soitoolkit.tool.generatortests.requestresponsesatests310.soaphttptojmsusingjava.SoaphttpToJmsUsingJavaTestProducer - SoaphttpToJmsUsingJavaTestProducer received the request: msg-0001-req,-1
2011-03-30 23:24:04,386 INFO  org.soitoolkit.commons.mule.log.EventLogger - soi-toolkit.log
** logEvent-info.start ***********************************************************
IntegrationScenarioId=
ContractId=
LogMessage=resp-in
ServiceImpl=soaphttpToJmsUsingJava-service
Host=10.0.1.2 (10.0.1.2)
ComponentId=08b136ff-5b14-11e0-8745-b114a4c1a5d7
Endpoint=jms://REQUESTRESPONSESATESTS310.SOAPHTTPTOJMSUSINGJAVA.RESPONSE.QUEUE
MessageId=09d98aa9-5b14-11e0-8745-b114a4c1a5d7
BusinessCorrelationId=
BusinessContextId=
ExtraInfo=
Payload=
** logEvent-info.end *************************************************************
2011-03-30 23:24:04,390 INFO  org.soitoolkit.commons.mule.log.EventLogger - soi-toolkit.log
** logEvent-info.start ***********************************************************
IntegrationScenarioId=
ContractId=
LogMessage=resp-out
ServiceImpl=soaphttpToJmsUsingJava-service
Host=10.0.1.2 (10.0.1.2)
ComponentId=08b136ff-5b14-11e0-8745-b114a4c1a5d7
Endpoint=jms://REQUESTRESPONSESATESTS310.SOAPHTTPTOJMSUSINGJAVA.RESPONSE.QUEUE
MessageId=09d98aa9-5b14-11e0-8745-b114a4c1a5d7
BusinessCorrelationId=
BusinessContextId=
ExtraInfo=
Payload=
** logEvent-info.end *************************************************************

================================================================================
= Testing: test_fault_timeout                                                  =
================================================================================
2011-03-30 23:24:04,396 INFO  org.soitoolkit.commons.mule.test.AbstractJmsTestUtil - Clearing messages on queues: REQUESTRESPONSESATESTS310.SOAPHTTPTOJMSUSINGJAVA.REQUEST.QUEUE 
2011-03-30 23:24:04,497 INFO  org.soitoolkit.commons.mule.test.AbstractJmsTestUtil - Clearing messages on queues: REQUESTRESPONSESATESTS310.SOAPHTTPTOJMSUSINGJAVA.RESPONSE.QUEUE 
2011-03-30 23:24:04,598 INFO  org.soitoolkit.commons.mule.test.AbstractJmsTestUtil - Clearing messages on queues: SOITOOLKIT.LOG.ERROR 
2011-03-30 23:24:04,712 INFO  org.soitoolkit.commons.mule.log.EventLogger - soi-toolkit.log
** logEvent-info.start ***********************************************************
IntegrationScenarioId=
ContractId=
LogMessage=req-in
ServiceImpl=soaphttpToJmsUsingJava-service
Host=10.0.1.2 (10.0.1.2)
ComponentId=08b136ff-5b14-11e0-8745-b114a4c1a5d7
Endpoint=http://localhost:8081/Request-Response-SA-Tests-310/services/soaphttpToJmsUsingJava/v1
MessageId=0a0b21fe-5b14-11e0-8745-b114a4c1a5d7
BusinessCorrelationId=
BusinessContextId=
ExtraInfo=
Payload=
** logEvent-info.end *************************************************************
2011-03-30 23:24:04,717 INFO  org.soitoolkit.commons.mule.log.EventLogger - soi-toolkit.log
** logEvent-info.start ***********************************************************
IntegrationScenarioId=
ContractId=
LogMessage=req-out
ServiceImpl=soaphttpToJmsUsingJava-service
Host=10.0.1.2 (10.0.1.2)
ComponentId=08b136ff-5b14-11e0-8745-b114a4c1a5d7
Endpoint=jms://REQUESTRESPONSESATESTS310.SOAPHTTPTOJMSUSINGJAVA.REQUEST.QUEUE
MessageId=0a0b21fe-5b14-11e0-8745-b114a4c1a5d7
BusinessCorrelationId=
BusinessContextId=
ExtraInfo=
Payload=
** logEvent-info.end *************************************************************
2011-03-30 23:24:04,723 INFO  org.soitoolkit.tool.generatortests.requestresponsesatests310.soaphttptojmsusingjava.SoaphttpToJmsUsingJavaTestProducer - SoaphttpToJmsUsingJavaTestProducer received the request: msg-0001-req,0
2011-03-30 23:24:12,722 WARN  org.apache.cxf.common.logging.LogUtils - Interceptor for {urn:org.soitoolkit.refapps.sd.sample.wsdl:v1}sampleService has thrown exception, unwinding now
org.apache.cxf.interceptor.Fault: Response timed out (8000ms) waiting for message response id &quot;0a0b21fe-5b14-11e0-8745-b114a4c1a5d7&quot; or this action was interrupted. Failed to route event via endpoint: null. Message payload is of type: String
	at org.mule.module.cxf.MuleInvoker.invoke(MuleInvoker.java:85)
	at org.apache.cxf.interceptor.ServiceInvokerInterceptor$1.run(ServiceInvokerInterceptor.java:58)
	at java.util.concurrent.Executors$RunnableAdapter.call(Executors.java:441)
	at java.util.concurrent.FutureTask$Sync.innerRun(FutureTask.java:303)
	at java.util.concurrent.FutureTask.run(FutureTask.java:138)
	at org.apache.cxf.workqueue.SynchronousExecutor.execute(SynchronousExecutor.java:37)
	at org.apache.cxf.interceptor.ServiceInvokerInterceptor.handleMessage(ServiceInvokerInterceptor.java:106)
	at org.apache.cxf.phase.PhaseInterceptorChain.doIntercept(PhaseInterceptorChain.java:255)
	at org.apache.cxf.transport.ChainInitiationObserver.onMessage(ChainInitiationObserver.java:113)
	at org.mule.module.cxf.CxfInboundMessageProcessor.sendToDestination(CxfInboundMessageProcessor.java:288)
	at org.mule.module.cxf.CxfInboundMessageProcessor.process(CxfInboundMessageProcessor.java:129)
	at org.mule.module.cxf.config.FlowConfiguringMessageProcessor.process(FlowConfiguringMessageProcessor.java:50)
	at org.mule.processor.chain.DefaultMessageProcessorChain.doProcess(DefaultMessageProcessorChain.java:72)
	at org.mule.processor.chain.AbstractMessageProcessorChain.process(AbstractMessageProcessorChain.java:89)
	at org.mule.processor.AbstractInterceptingMessageProcessor.processNext(AbstractInterceptingMessageProcessor.java:81)
	at org.mule.processor.ExceptionHandlingMessageProcessor.process(ExceptionHandlingMessageProcessor.java:25)
	at org.mule.processor.chain.DefaultMessageProcessorChain.doProcess(DefaultMessageProcessorChain.java:72)
	at org.mule.processor.chain.AbstractMessageProcessorChain.process(AbstractMessageProcessorChain.java:89)
	at org.mule.processor.chain.InterceptingChainLifecycleWrapper.doProcess(InterceptingChainLifecycleWrapper.java:63)
	at org.mule.processor.chain.AbstractMessageProcessorChain.process(AbstractMessageProcessorChain.java:89)
	at org.mule.processor.chain.InterceptingChainLifecycleWrapper.process(InterceptingChainLifecycleWrapper.java:94)
	at org.mule.processor.chain.DefaultMessageProcessorChain.doProcess(DefaultMessageProcessorChain.java:72)
	at org.mule.processor.chain.AbstractMessageProcessorChain.process(AbstractMessageProcessorChain.java:89)
	at org.mule.processor.chain.InterceptingChainLifecycleWrapper.doProcess(InterceptingChainLifecycleWrapper.java:63)
	at org.mule.processor.chain.AbstractMessageProcessorChain.process(AbstractMessageProcessorChain.java:89)
	at org.mule.processor.chain.InterceptingChainLifecycleWrapper.process(InterceptingChainLifecycleWrapper.java:94)
	at org.mule.transport.AbstractMessageReceiver.routeMessage(AbstractMessageReceiver.java:185)
	at org.mule.transport.AbstractMessageReceiver.routeMessage(AbstractMessageReceiver.java:158)
	at org.mule.transport.AbstractMessageReceiver.routeMessage(AbstractMessageReceiver.java:145)
	at org.mule.transport.http.HttpMessageReceiver$HttpWorker.doRequest(HttpMessageReceiver.java:247)
	at org.mule.transport.http.HttpMessageReceiver$HttpWorker.processRequest(HttpMessageReceiver.java:206)
	at org.mule.transport.http.HttpMessageReceiver$HttpWorker.run(HttpMessageReceiver.java:164)
	at org.mule.work.WorkerContext.run(WorkerContext.java:309)
	at edu.emory.mathcs.backport.java.util.concurrent.ThreadPoolExecutor.runWorker(ThreadPoolExecutor.java:1061)
	at edu.emory.mathcs.backport.java.util.concurrent.ThreadPoolExecutor$Worker.run(ThreadPoolExecutor.java:575)
	at java.lang.Thread.run(Thread.java:680)
Caused by: org.mule.api.routing.ResponseTimeoutException: Response timed out (8000ms) waiting for message response id &quot;0a0b21fe-5b14-11e0-8745-b114a4c1a5d7&quot; or this action was interrupted. Failed to route event via endpoint: null. Message payload is of type: String
	at org.mule.routing.requestreply.AbstractAsyncRequestReplyRequester.receiveAsyncReply(AbstractAsyncRequestReplyRequester.java:186)
	at org.mule.routing.requestreply.AbstractAsyncRequestReplyRequester.process(AbstractAsyncRequestReplyRequester.java:68)
	at org.mule.processor.AbstractInterceptingMessageProcessor.processNext(AbstractInterceptingMessageProcessor.java:81)
	at org.mule.service.processor.ServiceInternalMessageProcessor.process(ServiceInternalMessageProcessor.java:57)
	at org.mule.processor.AbstractInterceptingMessageProcessor.processNext(AbstractInterceptingMessageProcessor.java:81)
	at org.mule.processor.AsyncInterceptingMessageProcessor.process(AsyncInterceptingMessageProcessor.java:101)
	at org.mule.processor.chain.DefaultMessageProcessorChain.doProcess(DefaultMessageProcessorChain.java:72)
	at org.mule.processor.chain.AbstractMessageProcessorChain.process(AbstractMessageProcessorChain.java:89)
	at org.mule.processor.AbstractInterceptingMessageProcessor.processNext(AbstractInterceptingMessageProcessor.java:81)
	at org.mule.interceptor.AbstractEnvelopeInterceptor.process(AbstractEnvelopeInterceptor.java:55)
	at org.mule.processor.AbstractInterceptingMessageProcessor.processNext(AbstractInterceptingMessageProcessor.java:81)
	at org.mule.lifecycle.processor.ProcessIfStartedWaitIfSyncPausedMessageProcessor.process(ProcessIfStartedWaitIfSyncPausedMessageProcessor.java:56)
	at org.mule.processor.chain.DefaultMessageProcessorChain.doProcess(DefaultMessageProcessorChain.java:72)
	at org.mule.processor.chain.AbstractMessageProcessorChain.process(AbstractMessageProcessorChain.java:89)
	at org.mule.processor.chain.InterceptingChainLifecycleWrapper.doProcess(InterceptingChainLifecycleWrapper.java:63)
	at org.mule.processor.chain.AbstractMessageProcessorChain.process(AbstractMessageProcessorChain.java:89)
	at org.mule.processor.chain.InterceptingChainLifecycleWrapper.process(InterceptingChainLifecycleWrapper.java:94)
	at org.mule.service.AbstractService$7.process(AbstractService.java:425)
	at org.mule.processor.AbstractInterceptingMessageProcessor.processNext(AbstractInterceptingMessageProcessor.java:81)
	at org.mule.service.ServiceCompositeMessageSource$1.process(ServiceCompositeMessageSource.java:124)
	at org.mule.processor.AbstractInterceptingMessageProcessor.processNext(AbstractInterceptingMessageProcessor.java:81)
	at org.mule.processor.StopFurtherMessageProcessingMessageProcessor.process(StopFurtherMessageProcessingMessageProcessor.java:23)
	at org.mule.processor.chain.DefaultMessageProcessorChain.doProcess(DefaultMessageProcessorChain.java:72)
	at org.mule.processor.chain.AbstractMessageProcessorChain.process(AbstractMessageProcessorChain.java:89)
	at org.mule.processor.chain.InterceptingChainLifecycleWrapper.doProcess(InterceptingChainLifecycleWrapper.java:63)
	at org.mule.processor.chain.AbstractMessageProcessorChain.process(AbstractMessageProcessorChain.java:89)
	at org.mule.processor.chain.InterceptingChainLifecycleWrapper.process(InterceptingChainLifecycleWrapper.java:94)
	at org.mule.source.StartableCompositeMessageSource$InternalMessageProcessor.process(StartableCompositeMessageSource.java:219)
	at org.mule.processor.chain.DefaultMessageProcessorChain.doProcess(DefaultMessageProcessorChain.java:72)
	at org.mule.processor.chain.AbstractMessageProcessorChain.process(AbstractMessageProcessorChain.java:89)
	at org.mule.processor.AbstractInterceptingMessageProcessor.processNext(AbstractInterceptingMessageProcessor.java:81)
	at org.mule.module.cxf.CxfInboundMessageProcessor.processNext(CxfInboundMessageProcessor.java:328)
	at org.mule.module.cxf.MuleInvoker.invoke(MuleInvoker.java:80)
	... 35 more
2011-03-30 23:24:12,727 INFO  org.soitoolkit.commons.mule.log.EventLogger - soi-toolkit.log
** logEvent-info.start ***********************************************************
IntegrationScenarioId=
ContractId=
LogMessage=resp-out
ServiceImpl=soaphttpToJmsUsingJava-service
Host=10.0.1.2 (10.0.1.2)
ComponentId=08b136ff-5b14-11e0-8745-b114a4c1a5d7
Endpoint=jms://REQUESTRESPONSESATESTS310.SOAPHTTPTOJMSUSINGJAVA.REQUEST.QUEUE
MessageId=0a0b21fe-5b14-11e0-8745-b114a4c1a5d7
BusinessCorrelationId=
BusinessContextId=
ExtraInfo=
Payload=
** logEvent-info.end *************************************************************
2011-03-30 23:24:13,730 INFO  org.soitoolkit.commons.mule.log.EventLogger - soi-toolkit.log
** logEvent-info.start ***********************************************************
IntegrationScenarioId=
ContractId=
LogMessage=resp-in
ServiceImpl=soaphttpToJmsUsingJava-service
Host=10.0.1.2 (10.0.1.2)
ComponentId=08b136ff-5b14-11e0-8745-b114a4c1a5d7
Endpoint=jms://REQUESTRESPONSESATESTS310.SOAPHTTPTOJMSUSINGJAVA.RESPONSE.QUEUE
MessageId=0f6b2bab-5b14-11e0-8745-b114a4c1a5d7
BusinessCorrelationId=
BusinessContextId=
ExtraInfo=
Payload=
** logEvent-info.end *************************************************************
2011-03-30 23:24:15,133 INFO  org.mule.DefaultMuleContext    - 
**********************************************************************
* Mule Context shut down normally on: 2011-03-30 23:24               *
* Server was up for: 0 days, 0 hours, 0 mins, 11.825 sec             *
**********************************************************************
Tests run: 3, Failures: 0, Errors: 0, Skipped: 0, Time elapsed: 12.698 sec
Running org.soitoolkit.tool.generatortests.requestresponsesatests310.soaphttptoresthttpusingjava.SoaphttpToResthttpUsingJavaRequestTransformerTest
Tests run: 1, Failures: 0, Errors: 0, Skipped: 0, Time elapsed: 0.007 sec
Running org.soitoolkit.tool.generatortests.requestresponsesatests310.soaphttptoresthttpusingjava.SoaphttpToResthttpUsingJavaResponseTransformerTest
Tests run: 1, Failures: 0, Errors: 0, Skipped: 0, Time elapsed: 0.004 sec
Running org.soitoolkit.tool.generatortests.requestresponsesatests310.soaphttptojmsusingjava.SoaphttpToJmsUsingJavaRequestTransformerTest
Tests run: 1, Failures: 0, Errors: 0, Skipped: 0, Time elapsed: 0.005 sec
Running org.soitoolkit.tool.generatortests.requestresponsesatests310.soaphttptosoaphttpusingjava.SoaphttpToSoaphttpUsingJavaRequestTransformerTest
Tests run: 1, Failures: 0, Errors: 0, Skipped: 0, Time elapsed: 0.004 sec

Results :

Tests run: 16, Failures: 0, Errors: 0, Skipped: 0

[INFO] [jar:jar {execution: default-jar}]
[INFO] Building jar: /Users/magnuslarsson/Documents/temp/_plugintests/jUnitTests/Request-Response-SA-Tests-310/trunk/Request-Response-SA-Tests-310-services/target/Request-Response-SA-Tests-310-services-1.0-SNAPSHOT.jar
[INFO] [jar:test-jar {execution: default}]
[INFO] Building jar: /Users/magnuslarsson/Documents/temp/_plugintests/jUnitTests/Request-Response-SA-Tests-310/trunk/Request-Response-SA-Tests-310-services/target/Request-Response-SA-Tests-310-services-1.0-SNAPSHOT-tests.jar
[INFO] [source:jar-no-fork {execution: attach-sources}]
[INFO] Building jar: /Users/magnuslarsson/Documents/temp/_plugintests/jUnitTests/Request-Response-SA-Tests-310/trunk/Request-Response-SA-Tests-310-services/target/Request-Response-SA-Tests-310-services-1.0-SNAPSHOT-sources.jar
[INFO] [install:install {execution: default-install}]
[INFO] Installing /Users/magnuslarsson/Documents/temp/_plugintests/jUnitTests/Request-Response-SA-Tests-310/trunk/Request-Response-SA-Tests-310-services/target/Request-Response-SA-Tests-310-services-1.0-SNAPSHOT.jar to /Users/magnuslarsson/.m2/repository/org/soitoolkit/tool/generator-tests/Request-Response-SA-Tests-310-services/1.0-SNAPSHOT/Request-Response-SA-Tests-310-services-1.0-SNAPSHOT.jar
[INFO] Installing /Users/magnuslarsson/Documents/temp/_plugintests/jUnitTests/Request-Response-SA-Tests-310/trunk/Request-Response-SA-Tests-310-services/target/Request-Response-SA-Tests-310-services-1.0-SNAPSHOT-tests.jar to /Users/magnuslarsson/.m2/repository/org/soitoolkit/tool/generator-tests/Request-Response-SA-Tests-310-services/1.0-SNAPSHOT/Request-Response-SA-Tests-310-services-1.0-SNAPSHOT-tests.jar
[INFO] Installing /Users/magnuslarsson/Documents/temp/_plugintests/jUnitTests/Request-Response-SA-Tests-310/trunk/Request-Response-SA-Tests-310-services/target/Request-Response-SA-Tests-310-services-1.0-SNAPSHOT-sources.jar to /Users/magnuslarsson/.m2/repository/org/soitoolkit/tool/generator-tests/Request-Response-SA-Tests-310-services/1.0-SNAPSHOT/Request-Response-SA-Tests-310-services-1.0-SNAPSHOT-sources.jar
[INFO] ------------------------------------------------------------------------
[INFO] Building Request-Response-SA-Tests-310-standalone
[INFO]    task-segment: [install]
[INFO] ------------------------------------------------------------------------
[INFO] [mule:attach-test-resources {execution: default-attach-test-resources}]
[INFO] attaching test resource /Users/magnuslarsson/Documents/temp/_plugintests/jUnitTests/Request-Response-SA-Tests-310/trunk/Request-Response-SA-Tests-310-standalone/src/main/app
[INFO] [enforcer:enforce {execution: enforce-maven}]
[INFO] [properties:write-project-properties {execution: default}]
[INFO] [resources:resources {execution: default-resources}]
[INFO] Using &apos;UTF-8&apos; encoding to copy filtered resources.
[INFO] skip non existing resourceDirectory /Users/magnuslarsson/Documents/temp/_plugintests/jUnitTests/Request-Response-SA-Tests-310/trunk/Request-Response-SA-Tests-310-standalone/src/main/resources
[INFO] [compiler:compile {execution: default-compile}]
[INFO] No sources to compile
[INFO] [resources:testResources {execution: default-testResources}]
[INFO] Using &apos;UTF-8&apos; encoding to copy filtered resources.
[INFO] skip non existing resourceDirectory /Users/magnuslarsson/Documents/temp/_plugintests/jUnitTests/Request-Response-SA-Tests-310/trunk/Request-Response-SA-Tests-310-standalone/src/test/resources
[INFO] Copying 1 resource
[INFO] [compiler:testCompile {execution: default-testCompile}]
[INFO] No sources to compile
[INFO] [surefire:test {execution: default-test}]
[INFO] Surefire report directory: /Users/magnuslarsson/Documents/temp/_plugintests/jUnitTests/Request-Response-SA-Tests-310/trunk/Request-Response-SA-Tests-310-standalone/target/surefire-reports

-------------------------------------------------------
 T E S T S
-------------------------------------------------------
There are no tests to run.

Results :

Tests run: 0, Failures: 0, Errors: 0, Skipped: 0

[INFO] [mule:mule {execution: default-mule}]
[INFO] Copying classes directly
[INFO] Adding &lt;org.springframework:spring-beans:jar:3.0.3.RELEASE&gt; as a lib
[INFO] Adding &lt;org.apache.geronimo.specs:geronimo-javamail_1.4_spec:jar:1.7.1&gt; as a lib
[INFO] Adding &lt;org.apache.cxf:cxf-tools-common:jar:2.3.1&gt; as a lib
[INFO] Adding &lt;org.apache.camel:camel-core:jar:1.5.0&gt; as a lib
[INFO] Adding &lt;org.milyn:milyn-smooks-templating:jar:1.3.1&gt; as a lib
[INFO] Adding &lt;com.sun.xml.bind:jaxb-impl:jar:2.1.10&gt; as a lib
[INFO] Adding &lt;commons-dbcp:commons-dbcp:jar:1.4&gt; as a lib
[INFO] Adding &lt;com.jcraft:jsch:jar:0.1.44-1&gt; as a lib
[INFO] Adding &lt;org.mockftpserver:MockFtpServer:jar:2.2&gt; as a lib
[INFO] Adding &lt;org.springframework:spring-asm:jar:3.0.3.RELEASE&gt; as a lib
[INFO] Adding &lt;org.apache.cxf:cxf-rt-transports-local:jar:2.3.1&gt; as a lib
[INFO] Adding &lt;org.soitoolkit.commons.poms.mule-dependencies:soitoolkit-mule-3.1.1-dependencies:jar:0.4.1-SNAPSHOT&gt; as a lib
[INFO] Adding &lt;org.apache.cxf:cxf-rt-frontend-jaxws:jar:2.3.1&gt; as a lib
[INFO] Adding &lt;org.apache.cxf:cxf-common-schemas:jar:2.3.1&gt; as a lib
[INFO] Adding &lt;org.apache.cxf:cxf-common-utilities:jar:2.3.1&gt; as a lib
[INFO] Adding &lt;org.apache.cxf:cxf-api:jar:2.3.1&gt; as a lib
[INFO] Adding &lt;org.soitoolkit.tool.generator-tests:Request-Response-SA-Tests-310-services:jar:1.0-SNAPSHOT&gt; as a lib
[INFO] Adding &lt;junit:junit:jar:4.8.2&gt; as a lib
[INFO] Adding &lt;org.apache.neethi:neethi:jar:2.0.4&gt; as a lib
[INFO] Adding &lt;xalan:xalan:jar:2.7.1&gt; as a lib
[INFO] Adding &lt;antlr:antlr:jar:2.7.7&gt; as a lib
[INFO] Adding &lt;net.sf.opencsv:opencsv:jar:1.8&gt; as a lib
[INFO] Adding &lt;aopalliance:aopalliance:jar:1.0&gt; as a lib
[INFO] Adding &lt;org.apache.cxf:cxf-rt-ws-security:jar:2.3.1&gt; as a lib
[INFO] Adding &lt;org.slf4j:jcl-over-slf4j:jar:1.6.1&gt; as a lib
[INFO] Adding &lt;org.apache.ws.commons.schema:XmlSchema:jar:1.4.7&gt; as a lib
[INFO] Adding &lt;org.springframework:spring-context:jar:3.0.3.RELEASE&gt; as a lib
[INFO] Adding &lt;org.apache.derby:derbytools:jar:10.6.2.1&gt; as a lib
[INFO] Adding &lt;antlr:stringtemplate:jar:2.2&gt; as a lib
[INFO] Adding &lt;javax.xml.stream:stax-api:jar:1.0-2&gt; as a lib
[INFO] Adding &lt;org.apache.derby:derby:jar:10.6.2.1&gt; as a lib
[INFO] Adding &lt;org.milyn:milyn-smooks-csv:jar:1.3.1&gt; as a lib
[INFO] Adding &lt;org.mortbay.jetty:servlet-api-2.5:jar:6.1.11&gt; as a lib
[INFO] Adding &lt;org.soitoolkit.refapps.sd:soitoolkit-refapps-sample-schemas:jar:0.4.1-SNAPSHOT&gt; as a lib
[INFO] Adding &lt;org.apache.cxf:cxf-rt-databinding-aegis:jar:2.3.1&gt; as a lib
[INFO] Adding &lt;org.apache.ws.security:wss4j:jar:1.5.10&gt; as a lib
[INFO] Adding &lt;hsqldb:hsqldb:jar:1.8.0.7&gt; as a lib
[INFO] Adding &lt;xml-resolver:xml-resolver:jar:1.2&gt; as a lib
[INFO] Adding &lt;com.sun.xml.bind:jaxb-xjc:jar:2.1.13&gt; as a lib
[INFO] Adding &lt;org.apache.cxf:cxf-rt-frontend-simple:jar:2.3.1&gt; as a lib
[INFO] Adding &lt;org.soitoolkit.commons.components:soitoolkit-commons-schemas:jar:0.4.1-SNAPSHOT&gt; as a lib
[INFO] Adding &lt;org.apache.derby:derbyclient:jar:10.6.2.1&gt; as a lib
[INFO] Adding &lt;log4j:log4j:jar:1.2.16&gt; as a lib
[INFO] Adding &lt;org.soitoolkit.commons.components:soitoolkit-commons-log:jar:0.4.1-SNAPSHOT&gt; as a lib
[INFO] Adding &lt;org.springframework:spring-expression:jar:3.0.3.RELEASE&gt; as a lib
[INFO] Adding &lt;xalan:serializer:jar:2.7.1&gt; as a lib
[INFO] Adding &lt;org.springframework:spring-aop:jar:3.0.3.RELEASE&gt; as a lib
[INFO] Adding &lt;commons-lang:commons-lang:jar:2.4&gt; as a lib
[INFO] Adding &lt;org.bouncycastle:bcprov-jdk15:jar:1.45&gt; as a lib
[INFO] Adding &lt;commons-logging:commons-logging-api:jar:1.1&gt; as a lib
[INFO] Adding &lt;org.apache.xbean:xbean-spring:jar:3.4&gt; as a lib
[INFO] Adding &lt;org.apache.activemq:activemq-core:jar:5.2.0&gt; as a lib
[INFO] Adding &lt;commons-logging:commons-logging:jar:1.1&gt; as a lib
[INFO] Adding &lt;org.springframework:spring-web:jar:3.0.3.RELEASE&gt; as a lib
[INFO] Adding &lt;org.apache.cxf:cxf-rt-bindings-xml:jar:2.3.1&gt; as a lib
[INFO] Adding &lt;javax.xml.bind:jaxb-api:jar:2.1&gt; as a lib
[INFO] Adding &lt;org.apache.cxf:cxf-rt-databinding-jaxb:jar:2.3.1&gt; as a lib
[INFO] Adding &lt;org.mule.modules:commonretrypolicies:jar:3.0.0&gt; as a lib
[INFO] Adding &lt;org.apache.cxf:cxf-rt-bindings-soap:jar:2.3.1&gt; as a lib
[INFO] Adding &lt;org.slf4j:slf4j-api:jar:1.6.1&gt; as a lib
[INFO] Adding &lt;org.apache.cxf:cxf-rt-core:jar:2.3.1&gt; as a lib
[INFO] Adding &lt;org.apache.activemq:activeio-core:jar:3.1.0&gt; as a lib
[INFO] Adding &lt;org.milyn:milyn-smooks-javabean:jar:1.3.1&gt; as a lib
[INFO] Adding &lt;org.apache.cxf:cxf-rt-transports-http:jar:2.3.1&gt; as a lib
[INFO] Adding &lt;org.slf4j:slf4j-log4j12:jar:1.6.1&gt; as a lib
[INFO] Adding &lt;org.soitoolkit.commons.components:soitoolkit-commons-mule:jar:0.4.1-SNAPSHOT&gt; as a lib
[INFO] Adding &lt;org.apache.cxf:cxf-rt-ws-addr:jar:2.3.1&gt; as a lib
[INFO] Adding &lt;ognl:ognl:jar:2.7.3&gt; as a lib
[INFO] Adding &lt;org.springframework:spring-core:jar:3.0.3.RELEASE&gt; as a lib
[INFO] Adding &lt;wsdl4j:wsdl4j:jar:1.6.2&gt; as a lib
[INFO] Adding &lt;org.apache.santuario:xmlsec:jar:1.4.4&gt; as a lib
[INFO] Adding &lt;net.sourceforge.jtds:jtds:jar:1.2.4&gt; as a lib
[INFO] Building zip: /Users/magnuslarsson/Documents/temp/_plugintests/jUnitTests/Request-Response-SA-Tests-310/trunk/Request-Response-SA-Tests-310-standalone/target/Request-Response-SA-Tests-310-standalone-1.0-SNAPSHOT.zip
[INFO] [jar:test-jar {execution: default}]
[INFO] Building jar: /Users/magnuslarsson/Documents/temp/_plugintests/jUnitTests/Request-Response-SA-Tests-310/trunk/Request-Response-SA-Tests-310-standalone/target/Request-Response-SA-Tests-310-standalone-1.0-SNAPSHOT-tests.jar
[INFO] [source:jar-no-fork {execution: attach-sources}]
[INFO] No sources in project. Archive not created.
[INFO] [install:install {execution: default-install}]
[INFO] No primary artifact to install, installing attached artifacts instead.
[INFO] Installing /Users/magnuslarsson/Documents/temp/_plugintests/jUnitTests/Request-Response-SA-Tests-310/trunk/Request-Response-SA-Tests-310-standalone/pom.xml to /Users/magnuslarsson/.m2/repository/org/soitoolkit/tool/generator-tests/Request-Response-SA-Tests-310-standalone/1.0-SNAPSHOT/Request-Response-SA-Tests-310-standalone-1.0-SNAPSHOT.pom
[INFO] Installing /Users/magnuslarsson/Documents/temp/_plugintests/jUnitTests/Request-Response-SA-Tests-310/trunk/Request-Response-SA-Tests-310-standalone/target/Request-Response-SA-Tests-310-standalone-1.0-SNAPSHOT.zip to /Users/magnuslarsson/.m2/repository/org/soitoolkit/tool/generator-tests/Request-Response-SA-Tests-310-standalone/1.0-SNAPSHOT/Request-Response-SA-Tests-310-standalone-1.0-SNAPSHOT.zip
[INFO] Installing /Users/magnuslarsson/Documents/temp/_plugintests/jUnitTests/Request-Response-SA-Tests-310/trunk/Request-Response-SA-Tests-310-standalone/target/Request-Response-SA-Tests-310-standalone-1.0-SNAPSHOT-tests.jar to /Users/magnuslarsson/.m2/repository/org/soitoolkit/tool/generator-tests/Request-Response-SA-Tests-310-standalone/1.0-SNAPSHOT/Request-Response-SA-Tests-310-standalone-1.0-SNAPSHOT-tests.jar
[INFO] [mule:install {execution: default-install}]
[INFO] ------------------------------------------------------------------------
[INFO] Building Request-Response-SA-Tests-310-teststub-standalone
[INFO]    task-segment: [install]
[INFO] ------------------------------------------------------------------------
[INFO] [mule:attach-test-resources {execution: default-attach-test-resources}]
[INFO] attaching test resource /Users/magnuslarsson/Documents/temp/_plugintests/jUnitTests/Request-Response-SA-Tests-310/trunk/Request-Response-SA-Tests-310-teststub-standalone/src/main/app
[INFO] [enforcer:enforce {execution: enforce-maven}]
[INFO] [properties:write-project-properties {execution: default}]
[INFO] [resources:resources {execution: default-resources}]
[INFO] Using &apos;UTF-8&apos; encoding to copy filtered resources.
[INFO] skip non existing resourceDirectory /Users/magnuslarsson/Documents/temp/_plugintests/jUnitTests/Request-Response-SA-Tests-310/trunk/Request-Response-SA-Tests-310-teststub-standalone/src/main/resources
[INFO] [compiler:compile {execution: default-compile}]
[INFO] No sources to compile
[INFO] [resources:testResources {execution: default-testResources}]
[INFO] Using &apos;UTF-8&apos; encoding to copy filtered resources.
[INFO] skip non existing resourceDirectory /Users/magnuslarsson/Documents/temp/_plugintests/jUnitTests/Request-Response-SA-Tests-310/trunk/Request-Response-SA-Tests-310-teststub-standalone/src/test/resources
[INFO] Copying 1 resource
[INFO] [compiler:testCompile {execution: default-testCompile}]
[INFO] No sources to compile
[INFO] [surefire:test {execution: default-test}]
[INFO] Surefire report directory: /Users/magnuslarsson/Documents/temp/_plugintests/jUnitTests/Request-Response-SA-Tests-310/trunk/Request-Response-SA-Tests-310-teststub-standalone/target/surefire-reports

-------------------------------------------------------
 T E S T S
-------------------------------------------------------
There are no tests to run.

Results :

Tests run: 0, Failures: 0, Errors: 0, Skipped: 0

[INFO] [mule:mule {execution: default-mule}]
[INFO] Copying classes directly
[INFO] Adding &lt;org.springframework:spring-beans:jar:3.0.3.RELEASE&gt; as a lib
[INFO] Adding &lt;org.apache.geronimo.specs:geronimo-javamail_1.4_spec:jar:1.7.1&gt; as a lib
[INFO] Adding &lt;org.apache.cxf:cxf-tools-common:jar:2.3.1&gt; as a lib
[INFO] Adding &lt;org.apache.camel:camel-core:jar:1.5.0&gt; as a lib
[INFO] Adding &lt;org.milyn:milyn-smooks-templating:jar:1.3.1&gt; as a lib
[INFO] Adding &lt;com.sun.xml.bind:jaxb-impl:jar:2.1.10&gt; as a lib
[INFO] Adding &lt;commons-dbcp:commons-dbcp:jar:1.4&gt; as a lib
[INFO] Adding &lt;com.jcraft:jsch:jar:0.1.44-1&gt; as a lib
[INFO] Adding &lt;org.mockftpserver:MockFtpServer:jar:2.2&gt; as a lib
[INFO] Adding &lt;org.springframework:spring-asm:jar:3.0.3.RELEASE&gt; as a lib
[INFO] Adding &lt;org.apache.cxf:cxf-rt-transports-local:jar:2.3.1&gt; as a lib
[INFO] Adding &lt;org.soitoolkit.commons.poms.mule-dependencies:soitoolkit-mule-3.1.1-dependencies:jar:0.4.1-SNAPSHOT&gt; as a lib
[INFO] Adding &lt;org.apache.cxf:cxf-rt-frontend-jaxws:jar:2.3.1&gt; as a lib
[INFO] Adding &lt;org.apache.cxf:cxf-common-schemas:jar:2.3.1&gt; as a lib
[INFO] Adding &lt;org.apache.cxf:cxf-common-utilities:jar:2.3.1&gt; as a lib
[INFO] Adding &lt;org.apache.cxf:cxf-api:jar:2.3.1&gt; as a lib
[INFO] Adding &lt;org.soitoolkit.tool.generator-tests:Request-Response-SA-Tests-310-services:jar:1.0-SNAPSHOT&gt; as a lib
[INFO] Adding &lt;junit:junit:jar:4.8.2&gt; as a lib
[INFO] Adding &lt;org.apache.neethi:neethi:jar:2.0.4&gt; as a lib
[INFO] Adding &lt;xalan:xalan:jar:2.7.1&gt; as a lib
[INFO] Adding &lt;antlr:antlr:jar:2.7.7&gt; as a lib
[INFO] Adding &lt;net.sf.opencsv:opencsv:jar:1.8&gt; as a lib
[INFO] Adding &lt;aopalliance:aopalliance:jar:1.0&gt; as a lib
[INFO] Adding &lt;org.apache.cxf:cxf-rt-ws-security:jar:2.3.1&gt; as a lib
[INFO] Adding &lt;org.slf4j:jcl-over-slf4j:jar:1.6.1&gt; as a lib
[INFO] Adding &lt;org.apache.ws.commons.schema:XmlSchema:jar:1.4.7&gt; as a lib
[INFO] Adding &lt;org.springframework:spring-context:jar:3.0.3.RELEASE&gt; as a lib
[INFO] Adding &lt;org.apache.derby:derbytools:jar:10.6.2.1&gt; as a lib
[INFO] Adding &lt;antlr:stringtemplate:jar:2.2&gt; as a lib
[INFO] Adding &lt;javax.xml.stream:stax-api:jar:1.0-2&gt; as a lib
[INFO] Adding &lt;org.apache.derby:derby:jar:10.6.2.1&gt; as a lib
[INFO] Adding &lt;org.milyn:milyn-smooks-csv:jar:1.3.1&gt; as a lib
[INFO] Adding &lt;org.mortbay.jetty:servlet-api-2.5:jar:6.1.11&gt; as a lib
[INFO] Adding &lt;org.soitoolkit.refapps.sd:soitoolkit-refapps-sample-schemas:jar:0.4.1-SNAPSHOT&gt; as a lib
[INFO] Adding &lt;org.apache.cxf:cxf-rt-databinding-aegis:jar:2.3.1&gt; as a lib
[INFO] Adding &lt;org.apache.ws.security:wss4j:jar:1.5.10&gt; as a lib
[INFO] Adding &lt;hsqldb:hsqldb:jar:1.8.0.7&gt; as a lib
[INFO] Adding &lt;xml-resolver:xml-resolver:jar:1.2&gt; as a lib
[INFO] Adding &lt;com.sun.xml.bind:jaxb-xjc:jar:2.1.13&gt; as a lib
[INFO] Adding &lt;org.apache.cxf:cxf-rt-frontend-simple:jar:2.3.1&gt; as a lib
[INFO] Adding &lt;org.soitoolkit.commons.components:soitoolkit-commons-schemas:jar:0.4.1-SNAPSHOT&gt; as a lib
[INFO] Adding &lt;org.apache.derby:derbyclient:jar:10.6.2.1&gt; as a lib
[INFO] Adding &lt;log4j:log4j:jar:1.2.16&gt; as a lib
[INFO] Adding &lt;org.soitoolkit.commons.components:soitoolkit-commons-log:jar:0.4.1-SNAPSHOT&gt; as a lib
[INFO] Adding &lt;org.springframework:spring-expression:jar:3.0.3.RELEASE&gt; as a lib
[INFO] Adding &lt;xalan:serializer:jar:2.7.1&gt; as a lib
[INFO] Adding &lt;org.springframework:spring-aop:jar:3.0.3.RELEASE&gt; as a lib
[INFO] Adding &lt;org.soitoolkit.tool.generator-tests:Request-Response-SA-Tests-310-services:test-jar:tests:1.0-SNAPSHOT&gt; as a lib
[INFO] Adding &lt;commons-lang:commons-lang:jar:2.4&gt; as a lib
[INFO] Adding &lt;org.bouncycastle:bcprov-jdk15:jar:1.45&gt; as a lib
[INFO] Adding &lt;commons-logging:commons-logging-api:jar:1.1&gt; as a lib
[INFO] Adding &lt;org.apache.xbean:xbean-spring:jar:3.4&gt; as a lib
[INFO] Adding &lt;org.apache.activemq:activemq-core:jar:5.2.0&gt; as a lib
[INFO] Adding &lt;commons-logging:commons-logging:jar:1.1&gt; as a lib
[INFO] Adding &lt;org.springframework:spring-web:jar:3.0.3.RELEASE&gt; as a lib
[INFO] Adding &lt;org.apache.cxf:cxf-rt-bindings-xml:jar:2.3.1&gt; as a lib
[INFO] Adding &lt;javax.xml.bind:jaxb-api:jar:2.1&gt; as a lib
[INFO] Adding &lt;org.apache.cxf:cxf-rt-databinding-jaxb:jar:2.3.1&gt; as a lib
[INFO] Adding &lt;org.mule.modules:commonretrypolicies:jar:3.0.0&gt; as a lib
[INFO] Adding &lt;org.apache.cxf:cxf-rt-bindings-soap:jar:2.3.1&gt; as a lib
[INFO] Adding &lt;org.slf4j:slf4j-api:jar:1.6.1&gt; as a lib
[INFO] Adding &lt;org.apache.cxf:cxf-rt-core:jar:2.3.1&gt; as a lib
[INFO] Adding &lt;org.apache.activemq:activeio-core:jar:3.1.0&gt; as a lib
[INFO] Adding &lt;org.milyn:milyn-smooks-javabean:jar:1.3.1&gt; as a lib
[INFO] Adding &lt;org.apache.cxf:cxf-rt-transports-http:jar:2.3.1&gt; as a lib
[INFO] Adding &lt;org.slf4j:slf4j-log4j12:jar:1.6.1&gt; as a lib
[INFO] Adding &lt;org.soitoolkit.commons.components:soitoolkit-commons-mule:jar:0.4.1-SNAPSHOT&gt; as a lib
[INFO] Adding &lt;org.apache.cxf:cxf-rt-ws-addr:jar:2.3.1&gt; as a lib
[INFO] Adding &lt;ognl:ognl:jar:2.7.3&gt; as a lib
[INFO] Adding &lt;org.springframework:spring-core:jar:3.0.3.RELEASE&gt; as a lib
[INFO] Adding &lt;wsdl4j:wsdl4j:jar:1.6.2&gt; as a lib
[INFO] Adding &lt;org.apache.santuario:xmlsec:jar:1.4.4&gt; as a lib
[INFO] Adding &lt;net.sourceforge.jtds:jtds:jar:1.2.4&gt; as a lib
[INFO] Building zip: /Users/magnuslarsson/Documents/temp/_plugintests/jUnitTests/Request-Response-SA-Tests-310/trunk/Request-Response-SA-Tests-310-teststub-standalone/target/Request-Response-SA-Tests-310-teststub-standalone-1.0-SNAPSHOT.zip
[INFO] [jar:test-jar {execution: default}]
[INFO] Building jar: /Users/magnuslarsson/Documents/temp/_plugintests/jUnitTests/Request-Response-SA-Tests-310/trunk/Request-Response-SA-Tests-310-teststub-standalone/target/Request-Response-SA-Tests-310-teststub-standalone-1.0-SNAPSHOT-tests.jar
[INFO] [source:jar-no-fork {execution: attach-sources}]
[INFO] No sources in project. Archive not created.
[INFO] [install:install {execution: default-install}]
[INFO] No primary artifact to install, installing attached artifacts instead.
[INFO] Installing /Users/magnuslarsson/Documents/temp/_plugintests/jUnitTests/Request-Response-SA-Tests-310/trunk/Request-Response-SA-Tests-310-teststub-standalone/pom.xml to /Users/magnuslarsson/.m2/repository/org/soitoolkit/tool/generator-tests/Request-Response-SA-Tests-310-teststub-standalone/1.0-SNAPSHOT/Request-Response-SA-Tests-310-teststub-standalone-1.0-SNAPSHOT.pom
[INFO] Installing /Users/magnuslarsson/Documents/temp/_plugintests/jUnitTests/Request-Response-SA-Tests-310/trunk/Request-Response-SA-Tests-310-teststub-standalone/target/Request-Response-SA-Tests-310-teststub-standalone-1.0-SNAPSHOT.zip to /Users/magnuslarsson/.m2/repository/org/soitoolkit/tool/generator-tests/Request-Response-SA-Tests-310-teststub-standalone/1.0-SNAPSHOT/Request-Response-SA-Tests-310-teststub-standalone-1.0-SNAPSHOT.zip
[INFO] Installing /Users/magnuslarsson/Documents/temp/_plugintests/jUnitTests/Request-Response-SA-Tests-310/trunk/Request-Response-SA-Tests-310-teststub-standalone/target/Request-Response-SA-Tests-310-teststub-standalone-1.0-SNAPSHOT-tests.jar to /Users/magnuslarsson/.m2/repository/org/soitoolkit/tool/generator-tests/Request-Response-SA-Tests-310-teststub-standalone/1.0-SNAPSHOT/Request-Response-SA-Tests-310-teststub-standalone-1.0-SNAPSHOT-tests.jar
[INFO] [mule:install {execution: default-install}]
[INFO] 
[INFO] 
[INFO] ------------------------------------------------------------------------
[INFO] Reactor Summary:
[INFO] ------------------------------------------------------------------------
[INFO] Request-Response-SA-Tests-310 ......................... SUCCESS [2.203s]
[INFO] Request-Response-SA-Tests-310-services ................ SUCCESS [48.646s]
[INFO] Request-Response-SA-Tests-310-standalone .............. SUCCESS [3.765s]
[INFO] Request-Response-SA-Tests-310-teststub-standalone ..... SUCCESS [3.439s]
[INFO] ------------------------------------------------------------------------
[INFO] ------------------------------------------------------------------------
[INFO] BUILD SUCCESSFUL
[INFO] ------------------------------------------------------------------------
[INFO] Total time: 59 seconds
[INFO] Finished at: Wed Mar 30 23:24:23 CEST 2011
[INFO] Final Memory: 61M/121M
[INFO] ------------------------------------------------------------------------
[INFO] Scanning for projects...
[INFO] Reactor build order: 
[INFO]   Request-Response-SA-Tests-310
[INFO]   Request-Response-SA-Tests-310-services
[INFO]   Request-Response-SA-Tests-310-standalone
[INFO]   Request-Response-SA-Tests-310-teststub-standalone
[INFO] Searching repository for plugin with prefix: &apos;surefire-report&apos;.
[INFO] ------------------------------------------------------------------------
[INFO] Building Request-Response-SA-Tests-310
[INFO]    task-segment: [eclipse:m2eclipse, surefire-report:report]
[INFO] ------------------------------------------------------------------------
[INFO] Preparing eclipse:m2eclipse
[INFO] [enforcer:enforce {execution: enforce-maven}]
[INFO] [properties:write-project-properties {execution: default}]
[INFO] [eclipse:m2eclipse {execution: default-cli}]
[INFO] Not running eclipse plugin goal for pom project
[INFO] Preparing surefire-report:report
[INFO] [enforcer:enforce {execution: enforce-maven}]
[INFO] [properties:write-project-properties {execution: default}]
[INFO] [surefire-report:report {execution: default-cli}]
[WARNING] Unable to locate Test Source XRef to link to - DISABLED
[INFO] ------------------------------------------------------------------------
[INFO] Building Request-Response-SA-Tests-310-services
[INFO]    task-segment: [eclipse:m2eclipse, surefire-report:report]
[INFO] ------------------------------------------------------------------------
[INFO] Preparing eclipse:m2eclipse
[INFO] [enforcer:enforce {execution: enforce-maven}]
[INFO] [properties:write-project-properties {execution: default}]
[INFO] [eclipse:m2eclipse {execution: default-cli}]
[INFO] Using Eclipse Workspace: null
[INFO] Wrote settings to /Users/magnuslarsson/Documents/temp/_plugintests/jUnitTests/Request-Response-SA-Tests-310/trunk/Request-Response-SA-Tests-310-services/.settings/org.eclipse.jdt.core.prefs
[INFO] Wrote Eclipse project for &quot;Request-Response-SA-Tests-310-services&quot; to /Users/magnuslarsson/Documents/temp/_plugintests/jUnitTests/Request-Response-SA-Tests-310/trunk/Request-Response-SA-Tests-310-services.
[INFO] 
[INFO] Preparing surefire-report:report
[INFO] [enforcer:enforce {execution: enforce-maven}]
[INFO] [properties:write-project-properties {execution: default}]
[INFO] [resources:resources {execution: default-resources}]
[INFO] Using &apos;UTF-8&apos; encoding to copy filtered resources.
[INFO] Copying 5 resources
[INFO] [compiler:compile {execution: default-compile}]
[INFO] Nothing to compile - all classes are up to date
[INFO] [resources:testResources {execution: default-testResources}]
[INFO] Using &apos;UTF-8&apos; encoding to copy filtered resources.
[INFO] Copying 19 resources
[INFO] Copying 4 resources
[INFO] [compiler:testCompile {execution: default-testCompile}]
[INFO] Nothing to compile - all classes are up to date
[INFO] [surefire:test {execution: default-test}]
[INFO] Tests are skipped.
[INFO] [surefire-report:report {execution: default-cli}]
[WARNING] Unable to locate Test Source XRef to link to - DISABLED
[INFO] ------------------------------------------------------------------------
[INFO] Building Request-Response-SA-Tests-310-standalone
[INFO]    task-segment: [eclipse:m2eclipse, surefire-report:report]
[INFO] ------------------------------------------------------------------------
[INFO] Preparing eclipse:m2eclipse
[INFO] [mule:attach-test-resources {execution: default-attach-test-resources}]
[INFO] attaching test resource /Users/magnuslarsson/Documents/temp/_plugintests/jUnitTests/Request-Response-SA-Tests-310/trunk/Request-Response-SA-Tests-310-standalone/src/main/app
[INFO] [enforcer:enforce {execution: enforce-maven}]
[INFO] [properties:write-project-properties {execution: default}]
[INFO] [eclipse:m2eclipse {execution: default-cli}]
[INFO] Using Eclipse Workspace: null
[INFO] Wrote settings to /Users/magnuslarsson/Documents/temp/_plugintests/jUnitTests/Request-Response-SA-Tests-310/trunk/Request-Response-SA-Tests-310-standalone/.settings/org.eclipse.jdt.core.prefs
[INFO] Wrote Eclipse project for &quot;Request-Response-SA-Tests-310-standalone&quot; to /Users/magnuslarsson/Documents/temp/_plugintests/jUnitTests/Request-Response-SA-Tests-310/trunk/Request-Response-SA-Tests-310-standalone.
[INFO] 
[INFO] Preparing surefire-report:report
[INFO] [mule:attach-test-resources {execution: default-attach-test-resources}]
[INFO] attaching test resource /Users/magnuslarsson/Documents/temp/_plugintests/jUnitTests/Request-Response-SA-Tests-310/trunk/Request-Response-SA-Tests-310-standalone/src/main/app
[INFO] [enforcer:enforce {execution: enforce-maven}]
[INFO] [properties:write-project-properties {execution: default}]
[INFO] [resources:resources {execution: default-resources}]
[INFO] Using &apos;UTF-8&apos; encoding to copy filtered resources.
[INFO] skip non existing resourceDirectory /Users/magnuslarsson/Documents/temp/_plugintests/jUnitTests/Request-Response-SA-Tests-310/trunk/Request-Response-SA-Tests-310-standalone/src/main/resources
[INFO] [compiler:compile {execution: default-compile}]
[INFO] No sources to compile
[INFO] [resources:testResources {execution: default-testResources}]
[INFO] Using &apos;UTF-8&apos; encoding to copy filtered resources.
[INFO] skip non existing resourceDirectory /Users/magnuslarsson/Documents/temp/_plugintests/jUnitTests/Request-Response-SA-Tests-310/trunk/Request-Response-SA-Tests-310-standalone/src/test/resources
[INFO] Copying 1 resource
[INFO] [compiler:testCompile {execution: default-testCompile}]
[INFO] No sources to compile
[INFO] [surefire:test {execution: default-test}]
[INFO] Tests are skipped.
[INFO] [surefire-report:report {execution: default-cli}]
[WARNING] Unable to locate Test Source XRef to link to - DISABLED
[INFO] ------------------------------------------------------------------------
[INFO] Building Request-Response-SA-Tests-310-teststub-standalone
[INFO]    task-segment: [eclipse:m2eclipse, surefire-report:report]
[INFO] ------------------------------------------------------------------------
[INFO] Preparing eclipse:m2eclipse
[INFO] [mule:attach-test-resources {execution: default-attach-test-resources}]
[INFO] attaching test resource /Users/magnuslarsson/Documents/temp/_plugintests/jUnitTests/Request-Response-SA-Tests-310/trunk/Request-Response-SA-Tests-310-teststub-standalone/src/main/app
[INFO] [enforcer:enforce {execution: enforce-maven}]
[INFO] [properties:write-project-properties {execution: default}]
[INFO] [eclipse:m2eclipse {execution: default-cli}]
[INFO] Using Eclipse Workspace: null
[INFO] Wrote settings to /Users/magnuslarsson/Documents/temp/_plugintests/jUnitTests/Request-Response-SA-Tests-310/trunk/Request-Response-SA-Tests-310-teststub-standalone/.settings/org.eclipse.jdt.core.prefs
[INFO] Wrote Eclipse project for &quot;Request-Response-SA-Tests-310-teststub-standalone&quot; to /Users/magnuslarsson/Documents/temp/_plugintests/jUnitTests/Request-Response-SA-Tests-310/trunk/Request-Response-SA-Tests-310-teststub-standalone.
[INFO] 
[INFO] Preparing surefire-report:report
[INFO] [mule:attach-test-resources {execution: default-attach-test-resources}]
[INFO] attaching test resource /Users/magnuslarsson/Documents/temp/_plugintests/jUnitTests/Request-Response-SA-Tests-310/trunk/Request-Response-SA-Tests-310-teststub-standalone/src/main/app
[INFO] [enforcer:enforce {execution: enforce-maven}]
[INFO] [properties:write-project-properties {execution: default}]
[INFO] [resources:resources {execution: default-resources}]
[INFO] Using &apos;UTF-8&apos; encoding to copy filtered resources.
[INFO] skip non existing resourceDirectory /Users/magnuslarsson/Documents/temp/_plugintests/jUnitTests/Request-Response-SA-Tests-310/trunk/Request-Response-SA-Tests-310-teststub-standalone/src/main/resources
[INFO] [compiler:compile {execution: default-compile}]
[INFO] No sources to compile
[INFO] [resources:testResources {execution: default-testResources}]
[INFO] Using &apos;UTF-8&apos; encoding to copy filtered resources.
[INFO] skip non existing resourceDirectory /Users/magnuslarsson/Documents/temp/_plugintests/jUnitTests/Request-Response-SA-Tests-310/trunk/Request-Response-SA-Tests-310-teststub-standalone/src/test/resources
[INFO] Copying 1 resource
[INFO] [compiler:testCompile {execution: default-testCompile}]
[INFO] No sources to compile
[INFO] [surefire:test {execution: default-test}]
[INFO] Tests are skipped.
[INFO] [surefire-report:report {execution: default-cli}]
[WARNING] Unable to locate Test Source XRef to link to - DISABLED
[INFO] 
[INFO] 
[INFO] ------------------------------------------------------------------------
[INFO] Reactor Summary:
[INFO] ------------------------------------------------------------------------
[INFO] Request-Response-SA-Tests-310 ......................... SUCCESS [2.174s]
[INFO] Request-Response-SA-Tests-310-services ................ SUCCESS [3.464s]
[INFO] Request-Response-SA-Tests-310-standalone .............. SUCCESS [0.288s]
[INFO] Request-Response-SA-Tests-310-teststub-standalone ..... SUCCESS [0.285s]
[INFO] ------------------------------------------------------------------------
[INFO] ------------------------------------------------------------------------
[INFO] BUILD SUCCESSFUL
[INFO] ------------------------------------------------------------------------
[INFO] Total time: 7 seconds
[INFO] Finished at: Wed Mar 30 23:24:32 CEST 2011
[INFO] Final Memory: 51M/104M
[INFO] ------------------------------------------------------------------------
[INFO] Scanning for projects...
[INFO] Reactor build order: 
[INFO]   Request-Response-SA-Tests-310
[INFO]   Request-Response-SA-Tests-310-services
[INFO]   Request-Response-SA-Tests-310-standalone
[INFO]   Request-Response-SA-Tests-310-teststub-standalone
[INFO] ------------------------------------------------------------------------
[INFO] Building Request-Response-SA-Tests-310
[INFO]    task-segment: [clean]
[INFO] ------------------------------------------------------------------------
[INFO] [clean:clean {execution: default-clean}]
[INFO] Deleting /Users/magnuslarsson/Documents/temp/_plugintests/jUnitTests/Request-Response-SA-Tests-310/trunk/target
[INFO] ------------------------------------------------------------------------
[INFO] Building Request-Response-SA-Tests-310-services
[INFO]    task-segment: [clean]
[INFO] ------------------------------------------------------------------------
[INFO] [clean:clean {execution: default-clean}]
[INFO] Deleting /Users/magnuslarsson/Documents/temp/_plugintests/jUnitTests/Request-Response-SA-Tests-310/trunk/Request-Response-SA-Tests-310-services/target
[INFO] ------------------------------------------------------------------------
[INFO] Building Request-Response-SA-Tests-310-standalone
[INFO]    task-segment: [clean]
[INFO] ------------------------------------------------------------------------
[INFO] [clean:clean {execution: default-clean}]
[INFO] Deleting /Users/magnuslarsson/Documents/temp/_plugintests/jUnitTests/Request-Response-SA-Tests-310/trunk/Request-Response-SA-Tests-310-standalone/target
[INFO] ------------------------------------------------------------------------
[INFO] Building Request-Response-SA-Tests-310-teststub-standalone
[INFO]    task-segment: [clean]
[INFO] ------------------------------------------------------------------------
[INFO] [clean:clean {execution: default-clean}]
[INFO] Deleting /Users/magnuslarsson/Documents/temp/_plugintests/jUnitTests/Request-Response-SA-Tests-310/trunk/Request-Response-SA-Tests-310-teststub-standalone/target
[INFO] 
[INFO] 
[INFO] ------------------------------------------------------------------------
[INFO] Reactor Summary:
[INFO] ------------------------------------------------------------------------
[INFO] Request-Response-SA-Tests-310 ......................... SUCCESS [0.449s]
[INFO] Request-Response-SA-Tests-310-services ................ SUCCESS [0.024s]
[INFO] Request-Response-SA-Tests-310-standalone .............. SUCCESS [0.011s]
[INFO] Request-Response-SA-Tests-310-teststub-standalone ..... SUCCESS [0.020s]
[INFO] ------------------------------------------------------------------------
[INFO] ------------------------------------------------------------------------
[INFO] BUILD SUCCESSFUL
[INFO] ------------------------------------------------------------------------
[INFO] Total time: 1 second
[INFO] Finished at: Wed Mar 30 23:24:34 CEST 2011
[INFO] Final Memory: 11M/81M
[INFO] ------------------------------------------------------------------------
INFO: Generate files from templateFolder: /templates/integrationComponent/newProject
INFO: Created directory: /Users/magnuslarsson/Documents/temp/_plugintests/jUnitTests/requestResponseWD310/branches
INFO: Created directory: /Users/magnuslarsson/Documents/temp/_plugintests/jUnitTests/requestResponseWD310/tags
INFO: Created directory: /Users/magnuslarsson/Documents/temp/_plugintests/jUnitTests/requestResponseWD310/trunk
INFO: Created file: /Users/magnuslarsson/Documents/temp/_plugintests/jUnitTests/requestResponseWD310/trunk/pom.xml, size: 1867
INFO: Created directory: /Users/magnuslarsson/Documents/temp/_plugintests/jUnitTests/requestResponseWD310/trunk/requestResponseWD310-services
INFO: Created file: /Users/magnuslarsson/Documents/temp/_plugintests/jUnitTests/requestResponseWD310/trunk/requestResponseWD310-services/pom.xml, size: 1960
INFO: Created directory: /Users/magnuslarsson/Documents/temp/_plugintests/jUnitTests/requestResponseWD310/trunk/requestResponseWD310-services/src/main/java/org/soitoolkit/tool/generator/requestresponsewd310
INFO: Created directory: /Users/magnuslarsson/Documents/temp/_plugintests/jUnitTests/requestResponseWD310/trunk/requestResponseWD310-services/src/main/resources
INFO: Created file: /Users/magnuslarsson/Documents/temp/_plugintests/jUnitTests/requestResponseWD310/trunk/requestResponseWD310-services/src/main/resources/requestResponseWD310-common.xml, size: 5329
INFO: Created file: /Users/magnuslarsson/Documents/temp/_plugintests/jUnitTests/requestResponseWD310/trunk/requestResponseWD310-services/src/main/resources/requestResponseWD310-config.xml, size: 986
INFO: Created directory: /Users/magnuslarsson/Documents/temp/_plugintests/jUnitTests/requestResponseWD310/trunk/requestResponseWD310-services/src/main/resources/services
INFO: Created directory: /Users/magnuslarsson/Documents/temp/_plugintests/jUnitTests/requestResponseWD310/trunk/requestResponseWD310-services/src/test/java/org/soitoolkit/tool/generator/requestresponsewd310
INFO: Created file: /Users/magnuslarsson/Documents/temp/_plugintests/jUnitTests/requestResponseWD310/trunk/requestResponseWD310-services/src/test/java/org/soitoolkit/tool/generator/requestresponsewd310/RequestResponseWD310MuleServer.java, size: 2001
INFO: Created directory: /Users/magnuslarsson/Documents/temp/_plugintests/jUnitTests/requestResponseWD310/trunk/requestResponseWD310-services/src/test/resources
INFO: Created file: /Users/magnuslarsson/Documents/temp/_plugintests/jUnitTests/requestResponseWD310/trunk/requestResponseWD310-services/src/test/resources/requestResponseWD310-teststubs-and-services-config.xml, size: 921
INFO: Created file: /Users/magnuslarsson/Documents/temp/_plugintests/jUnitTests/requestResponseWD310/trunk/requestResponseWD310-services/src/test/resources/requestResponseWD310-teststubs-only-config.xml, size: 853
INFO: Created directory: /Users/magnuslarsson/Documents/temp/_plugintests/jUnitTests/requestResponseWD310/trunk/requestResponseWD310-services/src/test/resources/testfiles
INFO: Created directory: /Users/magnuslarsson/Documents/temp/_plugintests/jUnitTests/requestResponseWD310/trunk/requestResponseWD310-services/src/test/resources/teststub-services
INFO: Created directory: /Users/magnuslarsson/Documents/temp/_plugintests/jUnitTests/requestResponseWD310/trunk/requestResponseWD310-services/src/environment
INFO: Created file: /Users/magnuslarsson/Documents/temp/_plugintests/jUnitTests/requestResponseWD310/trunk/requestResponseWD310-services/src/environment/log4j.dtd, size: 6718
INFO: Created file: /Users/magnuslarsson/Documents/temp/_plugintests/jUnitTests/requestResponseWD310/trunk/requestResponseWD310-services/src/environment/log4j.xml, size: 2120
INFO: Created file: /Users/magnuslarsson/Documents/temp/_plugintests/jUnitTests/requestResponseWD310/trunk/requestResponseWD310-services/src/environment/requestResponseWD310-security.properties, size: 58
INFO: Created file: /Users/magnuslarsson/Documents/temp/_plugintests/jUnitTests/requestResponseWD310/trunk/requestResponseWD310-services/src/environment/requestResponseWD310-config.properties, size: 577
INFO: Created directory: /Users/magnuslarsson/Documents/temp/_plugintests/jUnitTests/requestResponseWD310/trunk/requestResponseWD310-web
INFO: Created file: /Users/magnuslarsson/Documents/temp/_plugintests/jUnitTests/requestResponseWD310/trunk/requestResponseWD310-web/pom.xml, size: 1084
INFO: Created directory: /Users/magnuslarsson/Documents/temp/_plugintests/jUnitTests/requestResponseWD310/trunk/requestResponseWD310-web/src/main/webapp/META-INF
INFO: Created file: /Users/magnuslarsson/Documents/temp/_plugintests/jUnitTests/requestResponseWD310/trunk/requestResponseWD310-web/src/main/webapp/META-INF/MANIFEST.MF, size: 36
INFO: Created directory: /Users/magnuslarsson/Documents/temp/_plugintests/jUnitTests/requestResponseWD310/trunk/requestResponseWD310-web/src/main/webapp/WEB-INF
INFO: Created file: /Users/magnuslarsson/Documents/temp/_plugintests/jUnitTests/requestResponseWD310/trunk/requestResponseWD310-web/src/main/webapp/WEB-INF/web.xml, size: 1745
INFO: Created directory: /Users/magnuslarsson/Documents/temp/_plugintests/jUnitTests/requestResponseWD310/trunk/requestResponseWD310-web/src/main/webapp/WEB-INF/classes
INFO: Created directory: /Users/magnuslarsson/Documents/temp/_plugintests/jUnitTests/requestResponseWD310/trunk/requestResponseWD310-web/src/main/webapp/WEB-INF/lib
INFO: Created file: /Users/magnuslarsson/Documents/temp/_plugintests/jUnitTests/requestResponseWD310/trunk/requestResponseWD310-web/src/main/webapp/index.jsp, size: 88
INFO: Created directory: /Users/magnuslarsson/Documents/temp/_plugintests/jUnitTests/requestResponseWD310/trunk/requestResponseWD310-teststub-web
INFO: Created file: /Users/magnuslarsson/Documents/temp/_plugintests/jUnitTests/requestResponseWD310/trunk/requestResponseWD310-teststub-web/pom.xml, size: 1353
INFO: Created directory: /Users/magnuslarsson/Documents/temp/_plugintests/jUnitTests/requestResponseWD310/trunk/requestResponseWD310-teststub-web/src/main/webapp/META-INF
INFO: Created file: /Users/magnuslarsson/Documents/temp/_plugintests/jUnitTests/requestResponseWD310/trunk/requestResponseWD310-teststub-web/src/main/webapp/META-INF/MANIFEST.MF, size: 36
INFO: Created directory: /Users/magnuslarsson/Documents/temp/_plugintests/jUnitTests/requestResponseWD310/trunk/requestResponseWD310-teststub-web/src/main/webapp/WEB-INF
INFO: Created file: /Users/magnuslarsson/Documents/temp/_plugintests/jUnitTests/requestResponseWD310/trunk/requestResponseWD310-teststub-web/src/main/webapp/WEB-INF/web.xml, size: 1778
INFO: Created directory: /Users/magnuslarsson/Documents/temp/_plugintests/jUnitTests/requestResponseWD310/trunk/requestResponseWD310-teststub-web/src/main/webapp/WEB-INF/classes
INFO: Created directory: /Users/magnuslarsson/Documents/temp/_plugintests/jUnitTests/requestResponseWD310/trunk/requestResponseWD310-teststub-web/src/main/webapp/WEB-INF/lib
INFO: Created file: /Users/magnuslarsson/Documents/temp/_plugintests/jUnitTests/requestResponseWD310/trunk/requestResponseWD310-teststub-web/src/main/webapp/index.jsp, size: 97
INFO: Generate files from templateFolder: /requestResponseService
INFO: Created file: /Users/magnuslarsson/Documents/temp/_plugintests/jUnitTests/requestResponseWD310/trunk/requestResponseWD310-services/src/main/resources/services/soaphttpToSoaphttpUsingJava-service.xml, size: 3335
INFO: Created directory: /Users/magnuslarsson/Documents/temp/_plugintests/jUnitTests/requestResponseWD310/trunk/requestResponseWD310-services/src/main/java/org/soitoolkit/tool/generator/requestresponsewd310/soaphttptosoaphttpusingjava
INFO: Created file: /Users/magnuslarsson/Documents/temp/_plugintests/jUnitTests/requestResponseWD310/trunk/requestResponseWD310-services/src/main/java/org/soitoolkit/tool/generator/requestresponsewd310/soaphttptosoaphttpusingjava/SoaphttpToSoaphttpUsingJavaRequestTransformer.java, size: 856
INFO: Created file: /Users/magnuslarsson/Documents/temp/_plugintests/jUnitTests/requestResponseWD310/trunk/requestResponseWD310-services/src/main/java/org/soitoolkit/tool/generator/requestresponsewd310/soaphttptosoaphttpusingjava/SoaphttpToSoaphttpUsingJavaResponseTransformer.java, size: 1044
INFO: Created file: /Users/magnuslarsson/Documents/temp/_plugintests/jUnitTests/requestResponseWD310/trunk/requestResponseWD310-services/src/test/resources/testfiles/soaphttpToSoaphttpUsingJava-request-input.xml, size: 133
INFO: Created file: /Users/magnuslarsson/Documents/temp/_plugintests/jUnitTests/requestResponseWD310/trunk/requestResponseWD310-services/src/test/resources/testfiles/soaphttpToSoaphttpUsingJava-request-expected-result.csv, size: 23
INFO: Created file: /Users/magnuslarsson/Documents/temp/_plugintests/jUnitTests/requestResponseWD310/trunk/requestResponseWD310-services/src/test/resources/testfiles/soaphttpToSoaphttpUsingJava-response-input.csv, size: 29
INFO: Created file: /Users/magnuslarsson/Documents/temp/_plugintests/jUnitTests/requestResponseWD310/trunk/requestResponseWD310-services/src/test/resources/testfiles/soaphttpToSoaphttpUsingJava-response-expected-result.xml, size: 174
INFO: Created file: /Users/magnuslarsson/Documents/temp/_plugintests/jUnitTests/requestResponseWD310/trunk/requestResponseWD310-services/src/test/resources/teststub-services/soaphttpToSoaphttpUsingJava-teststub-service.xml, size: 1157
INFO: Created directory: /Users/magnuslarsson/Documents/temp/_plugintests/jUnitTests/requestResponseWD310/trunk/requestResponseWD310-services/src/test/java/org/soitoolkit/tool/generator/requestresponsewd310/soaphttptosoaphttpusingjava
INFO: Created file: /Users/magnuslarsson/Documents/temp/_plugintests/jUnitTests/requestResponseWD310/trunk/requestResponseWD310-services/src/test/java/org/soitoolkit/tool/generator/requestresponsewd310/soaphttptosoaphttpusingjava/SoaphttpToSoaphttpUsingJavaIntegrationTest.java, size: 5045
INFO: Created file: /Users/magnuslarsson/Documents/temp/_plugintests/jUnitTests/requestResponseWD310/trunk/requestResponseWD310-services/src/test/java/org/soitoolkit/tool/generator/requestresponsewd310/soaphttptosoaphttpusingjava/SoaphttpToSoaphttpUsingJavaRequestTransformerTest.java, size: 1067
INFO: Created file: /Users/magnuslarsson/Documents/temp/_plugintests/jUnitTests/requestResponseWD310/trunk/requestResponseWD310-services/src/test/java/org/soitoolkit/tool/generator/requestresponsewd310/soaphttptosoaphttpusingjava/SoaphttpToSoaphttpUsingJavaResponseTransformerTest.java, size: 1260
INFO: Created file: /Users/magnuslarsson/Documents/temp/_plugintests/jUnitTests/requestResponseWD310/trunk/requestResponseWD310-services/src/test/java/org/soitoolkit/tool/generator/requestresponsewd310/soaphttptosoaphttpusingjava/SoaphttpToSoaphttpUsingJavaTestConsumer.java, size: 1812
INFO: Created file: /Users/magnuslarsson/Documents/temp/_plugintests/jUnitTests/requestResponseWD310/trunk/requestResponseWD310-services/src/test/java/org/soitoolkit/tool/generator/requestresponsewd310/soaphttptosoaphttpusingjava/SoaphttpToSoaphttpUsingJavaTestProducer.java, size: 1732
INFO: Generate files from templateFolder: /requestResponseService
INFO: Created file: /Users/magnuslarsson/Documents/temp/_plugintests/jUnitTests/requestResponseWD310/trunk/requestResponseWD310-services/src/main/resources/services/soaphttpToResthttpUsingJava-service.xml, size: 3515
INFO: Created directory: /Users/magnuslarsson/Documents/temp/_plugintests/jUnitTests/requestResponseWD310/trunk/requestResponseWD310-services/src/main/java/org/soitoolkit/tool/generator/requestresponsewd310/soaphttptoresthttpusingjava
INFO: Created file: /Users/magnuslarsson/Documents/temp/_plugintests/jUnitTests/requestResponseWD310/trunk/requestResponseWD310-services/src/main/java/org/soitoolkit/tool/generator/requestresponsewd310/soaphttptoresthttpusingjava/SoaphttpToResthttpUsingJavaRequestTransformer.java, size: 856
INFO: Created file: /Users/magnuslarsson/Documents/temp/_plugintests/jUnitTests/requestResponseWD310/trunk/requestResponseWD310-services/src/main/java/org/soitoolkit/tool/generator/requestresponsewd310/soaphttptoresthttpusingjava/SoaphttpToResthttpUsingJavaResponseTransformer.java, size: 1368
INFO: Created file: /Users/magnuslarsson/Documents/temp/_plugintests/jUnitTests/requestResponseWD310/trunk/requestResponseWD310-services/src/test/resources/testfiles/soaphttpToResthttpUsingJava-request-input.xml, size: 133
INFO: Created file: /Users/magnuslarsson/Documents/temp/_plugintests/jUnitTests/requestResponseWD310/trunk/requestResponseWD310-services/src/test/resources/testfiles/soaphttpToResthttpUsingJava-request-expected-result.csv, size: 23
INFO: Created file: /Users/magnuslarsson/Documents/temp/_plugintests/jUnitTests/requestResponseWD310/trunk/requestResponseWD310-services/src/test/resources/testfiles/soaphttpToResthttpUsingJava-response-input.rest, size: 15
INFO: Created file: /Users/magnuslarsson/Documents/temp/_plugintests/jUnitTests/requestResponseWD310/trunk/requestResponseWD310-services/src/test/resources/testfiles/soaphttpToResthttpUsingJava-response-expected-result.xml, size: 174
INFO: Created file: /Users/magnuslarsson/Documents/temp/_plugintests/jUnitTests/requestResponseWD310/trunk/requestResponseWD310-services/src/test/resources/teststub-services/soaphttpToResthttpUsingJava-teststub-service.xml, size: 1147
INFO: Created directory: /Users/magnuslarsson/Documents/temp/_plugintests/jUnitTests/requestResponseWD310/trunk/requestResponseWD310-services/src/test/java/org/soitoolkit/tool/generator/requestresponsewd310/soaphttptoresthttpusingjava
INFO: Created file: /Users/magnuslarsson/Documents/temp/_plugintests/jUnitTests/requestResponseWD310/trunk/requestResponseWD310-services/src/test/java/org/soitoolkit/tool/generator/requestresponsewd310/soaphttptoresthttpusingjava/SoaphttpToResthttpUsingJavaIntegrationTest.java, size: 5053
INFO: Created file: /Users/magnuslarsson/Documents/temp/_plugintests/jUnitTests/requestResponseWD310/trunk/requestResponseWD310-services/src/test/java/org/soitoolkit/tool/generator/requestresponsewd310/soaphttptoresthttpusingjava/SoaphttpToResthttpUsingJavaRequestTransformerTest.java, size: 1067
INFO: Created file: /Users/magnuslarsson/Documents/temp/_plugintests/jUnitTests/requestResponseWD310/trunk/requestResponseWD310-services/src/test/java/org/soitoolkit/tool/generator/requestresponsewd310/soaphttptoresthttpusingjava/SoaphttpToResthttpUsingJavaResponseTransformerTest.java, size: 1178
INFO: Created file: /Users/magnuslarsson/Documents/temp/_plugintests/jUnitTests/requestResponseWD310/trunk/requestResponseWD310-services/src/test/java/org/soitoolkit/tool/generator/requestresponsewd310/soaphttptoresthttpusingjava/SoaphttpToResthttpUsingJavaTestConsumer.java, size: 1812
INFO: Created file: /Users/magnuslarsson/Documents/temp/_plugintests/jUnitTests/requestResponseWD310/trunk/requestResponseWD310-services/src/test/java/org/soitoolkit/tool/generator/requestresponsewd310/soaphttptoresthttpusingjava/SoaphttpToResthttpUsingJavaTestProducer.java, size: 1488
INFO: Generate files from templateFolder: /requestResponseService
INFO: Created file: /Users/magnuslarsson/Documents/temp/_plugintests/jUnitTests/requestResponseWD310/trunk/requestResponseWD310-services/src/main/resources/services/soaphttpToJmsUsingJava-service.xml, size: 3441
INFO: Created directory: /Users/magnuslarsson/Documents/temp/_plugintests/jUnitTests/requestResponseWD310/trunk/requestResponseWD310-services/src/main/java/org/soitoolkit/tool/generator/requestresponsewd310/soaphttptojmsusingjava
INFO: Created file: /Users/magnuslarsson/Documents/temp/_plugintests/jUnitTests/requestResponseWD310/trunk/requestResponseWD310-services/src/main/java/org/soitoolkit/tool/generator/requestresponsewd310/soaphttptojmsusingjava/SoaphttpToJmsUsingJavaRequestTransformer.java, size: 937
INFO: Created file: /Users/magnuslarsson/Documents/temp/_plugintests/jUnitTests/requestResponseWD310/trunk/requestResponseWD310-services/src/main/java/org/soitoolkit/tool/generator/requestresponsewd310/soaphttptojmsusingjava/SoaphttpToJmsUsingJavaResponseTransformer.java, size: 1654
INFO: Created file: /Users/magnuslarsson/Documents/temp/_plugintests/jUnitTests/requestResponseWD310/trunk/requestResponseWD310-services/src/test/resources/testfiles/soaphttpToJmsUsingJava-request-input.xml, size: 133
INFO: Created file: /Users/magnuslarsson/Documents/temp/_plugintests/jUnitTests/requestResponseWD310/trunk/requestResponseWD310-services/src/test/resources/testfiles/soaphttpToJmsUsingJava-request-expected-result.csv, size: 23
INFO: Created file: /Users/magnuslarsson/Documents/temp/_plugintests/jUnitTests/requestResponseWD310/trunk/requestResponseWD310-services/src/test/resources/testfiles/soaphttpToJmsUsingJava-response-input.csv, size: 29
INFO: Created file: /Users/magnuslarsson/Documents/temp/_plugintests/jUnitTests/requestResponseWD310/trunk/requestResponseWD310-services/src/test/resources/testfiles/soaphttpToJmsUsingJava-response-expected-result.xml, size: 174
INFO: Created file: /Users/magnuslarsson/Documents/temp/_plugintests/jUnitTests/requestResponseWD310/trunk/requestResponseWD310-services/src/test/resources/testfiles/soaphttpToJmsUsingJava-fault-response-input.csv, size: 28
INFO: Created file: /Users/magnuslarsson/Documents/temp/_plugintests/jUnitTests/requestResponseWD310/trunk/requestResponseWD310-services/src/test/resources/testfiles/soaphttpToJmsUsingJava-fault-response-expected-result.xml, size: 215
INFO: Created file: /Users/magnuslarsson/Documents/temp/_plugintests/jUnitTests/requestResponseWD310/trunk/requestResponseWD310-services/src/test/resources/teststub-services/soaphttpToJmsUsingJava-teststub-service.xml, size: 1461
INFO: Created directory: /Users/magnuslarsson/Documents/temp/_plugintests/jUnitTests/requestResponseWD310/trunk/requestResponseWD310-services/src/test/java/org/soitoolkit/tool/generator/requestresponsewd310/soaphttptojmsusingjava
INFO: Created file: /Users/magnuslarsson/Documents/temp/_plugintests/jUnitTests/requestResponseWD310/trunk/requestResponseWD310-services/src/test/java/org/soitoolkit/tool/generator/requestresponsewd310/soaphttptojmsusingjava/SoaphttpToJmsUsingJavaIntegrationTest.java, size: 5296
INFO: Created file: /Users/magnuslarsson/Documents/temp/_plugintests/jUnitTests/requestResponseWD310/trunk/requestResponseWD310-services/src/test/java/org/soitoolkit/tool/generator/requestresponsewd310/soaphttptojmsusingjava/SoaphttpToJmsUsingJavaRequestTransformerTest.java, size: 974
INFO: Created file: /Users/magnuslarsson/Documents/temp/_plugintests/jUnitTests/requestResponseWD310/trunk/requestResponseWD310-services/src/test/java/org/soitoolkit/tool/generator/requestresponsewd310/soaphttptojmsusingjava/SoaphttpToJmsUsingJavaResponseTransformerTest.java, size: 1874
INFO: Created file: /Users/magnuslarsson/Documents/temp/_plugintests/jUnitTests/requestResponseWD310/trunk/requestResponseWD310-services/src/test/java/org/soitoolkit/tool/generator/requestresponsewd310/soaphttptojmsusingjava/SoaphttpToJmsUsingJavaTestConsumer.java, size: 1777
INFO: Created file: /Users/magnuslarsson/Documents/temp/_plugintests/jUnitTests/requestResponseWD310/trunk/requestResponseWD310-services/src/test/java/org/soitoolkit/tool/generator/requestresponsewd310/soaphttptojmsusingjava/SoaphttpToJmsUsingJavaTestProducer.java, size: 1878
INFO: Generate files from templateFolder: /requestResponseService
INFO: Created file: /Users/magnuslarsson/Documents/temp/_plugintests/jUnitTests/requestResponseWD310/trunk/requestResponseWD310-services/src/main/resources/services/soapservletToSoaphttpUsingJava-service.xml, size: 3371
INFO: Created directory: /Users/magnuslarsson/Documents/temp/_plugintests/jUnitTests/requestResponseWD310/trunk/requestResponseWD310-services/src/main/java/org/soitoolkit/tool/generator/requestresponsewd310/soapservlettosoaphttpusingjava
INFO: Created file: /Users/magnuslarsson/Documents/temp/_plugintests/jUnitTests/requestResponseWD310/trunk/requestResponseWD310-services/src/main/java/org/soitoolkit/tool/generator/requestresponsewd310/soapservlettosoaphttpusingjava/SoapservletToSoaphttpUsingJavaRequestTransformer.java, size: 865
INFO: Created file: /Users/magnuslarsson/Documents/temp/_plugintests/jUnitTests/requestResponseWD310/trunk/requestResponseWD310-services/src/main/java/org/soitoolkit/tool/generator/requestresponsewd310/soapservlettosoaphttpusingjava/SoapservletToSoaphttpUsingJavaResponseTransformer.java, size: 1053
INFO: Created file: /Users/magnuslarsson/Documents/temp/_plugintests/jUnitTests/requestResponseWD310/trunk/requestResponseWD310-services/src/test/resources/testfiles/soapservletToSoaphttpUsingJava-request-input.xml, size: 133
INFO: Created file: /Users/magnuslarsson/Documents/temp/_plugintests/jUnitTests/requestResponseWD310/trunk/requestResponseWD310-services/src/test/resources/testfiles/soapservletToSoaphttpUsingJava-request-expected-result.csv, size: 23
INFO: Created file: /Users/magnuslarsson/Documents/temp/_plugintests/jUnitTests/requestResponseWD310/trunk/requestResponseWD310-services/src/test/resources/testfiles/soapservletToSoaphttpUsingJava-response-input.csv, size: 29
INFO: Created file: /Users/magnuslarsson/Documents/temp/_plugintests/jUnitTests/requestResponseWD310/trunk/requestResponseWD310-services/src/test/resources/testfiles/soapservletToSoaphttpUsingJava-response-expected-result.xml, size: 174
INFO: Created file: /Users/magnuslarsson/Documents/temp/_plugintests/jUnitTests/requestResponseWD310/trunk/requestResponseWD310-services/src/test/resources/teststub-services/soapservletToSoaphttpUsingJava-teststub-service.xml, size: 1169
INFO: Created directory: /Users/magnuslarsson/Documents/temp/_plugintests/jUnitTests/requestResponseWD310/trunk/requestResponseWD310-services/src/test/java/org/soitoolkit/tool/generator/requestresponsewd310/soapservlettosoaphttpusingjava
INFO: Created file: /Users/magnuslarsson/Documents/temp/_plugintests/jUnitTests/requestResponseWD310/trunk/requestResponseWD310-services/src/test/java/org/soitoolkit/tool/generator/requestresponsewd310/soapservlettosoaphttpusingjava/SoapservletToSoaphttpUsingJavaIntegrationTest.java, size: 5716
INFO: Created file: /Users/magnuslarsson/Documents/temp/_plugintests/jUnitTests/requestResponseWD310/trunk/requestResponseWD310-services/src/test/java/org/soitoolkit/tool/generator/requestresponsewd310/soapservlettosoaphttpusingjava/SoapservletToSoaphttpUsingJavaRequestTransformerTest.java, size: 1085
INFO: Created file: /Users/magnuslarsson/Documents/temp/_plugintests/jUnitTests/requestResponseWD310/trunk/requestResponseWD310-services/src/test/java/org/soitoolkit/tool/generator/requestresponsewd310/soapservlettosoaphttpusingjava/SoapservletToSoaphttpUsingJavaResponseTransformerTest.java, size: 1278
INFO: Created file: /Users/magnuslarsson/Documents/temp/_plugintests/jUnitTests/requestResponseWD310/trunk/requestResponseWD310-services/src/test/java/org/soitoolkit/tool/generator/requestresponsewd310/soapservlettosoaphttpusingjava/SoapservletToSoaphttpUsingJavaTestConsumer.java, size: 1833
INFO: Created file: /Users/magnuslarsson/Documents/temp/_plugintests/jUnitTests/requestResponseWD310/trunk/requestResponseWD310-services/src/test/java/org/soitoolkit/tool/generator/requestresponsewd310/soapservlettosoaphttpusingjava/SoapservletToSoaphttpUsingJavaTestProducer.java, size: 1744
INFO: Generate files from templateFolder: /requestResponseService
INFO: Created file: /Users/magnuslarsson/Documents/temp/_plugintests/jUnitTests/requestResponseWD310/trunk/requestResponseWD310-services/src/main/resources/services/soapservletToResthttpUsingJava-service.xml, size: 3551
INFO: Created directory: /Users/magnuslarsson/Documents/temp/_plugintests/jUnitTests/requestResponseWD310/trunk/requestResponseWD310-services/src/main/java/org/soitoolkit/tool/generator/requestresponsewd310/soapservlettoresthttpusingjava
INFO: Created file: /Users/magnuslarsson/Documents/temp/_plugintests/jUnitTests/requestResponseWD310/trunk/requestResponseWD310-services/src/main/java/org/soitoolkit/tool/generator/requestresponsewd310/soapservlettoresthttpusingjava/SoapservletToResthttpUsingJavaRequestTransformer.java, size: 865
INFO: Created file: /Users/magnuslarsson/Documents/temp/_plugintests/jUnitTests/requestResponseWD310/trunk/requestResponseWD310-services/src/main/java/org/soitoolkit/tool/generator/requestresponsewd310/soapservlettoresthttpusingjava/SoapservletToResthttpUsingJavaResponseTransformer.java, size: 1377
INFO: Created file: /Users/magnuslarsson/Documents/temp/_plugintests/jUnitTests/requestResponseWD310/trunk/requestResponseWD310-services/src/test/resources/testfiles/soapservletToResthttpUsingJava-request-input.xml, size: 133
INFO: Created file: /Users/magnuslarsson/Documents/temp/_plugintests/jUnitTests/requestResponseWD310/trunk/requestResponseWD310-services/src/test/resources/testfiles/soapservletToResthttpUsingJava-request-expected-result.csv, size: 23
INFO: Created file: /Users/magnuslarsson/Documents/temp/_plugintests/jUnitTests/requestResponseWD310/trunk/requestResponseWD310-services/src/test/resources/testfiles/soapservletToResthttpUsingJava-response-input.rest, size: 15
INFO: Created file: /Users/magnuslarsson/Documents/temp/_plugintests/jUnitTests/requestResponseWD310/trunk/requestResponseWD310-services/src/test/resources/testfiles/soapservletToResthttpUsingJava-response-expected-result.xml, size: 174
INFO: Created file: /Users/magnuslarsson/Documents/temp/_plugintests/jUnitTests/requestResponseWD310/trunk/requestResponseWD310-services/src/test/resources/teststub-services/soapservletToResthttpUsingJava-teststub-service.xml, size: 1773
INFO: Created directory: /Users/magnuslarsson/Documents/temp/_plugintests/jUnitTests/requestResponseWD310/trunk/requestResponseWD310-services/src/test/java/org/soitoolkit/tool/generator/requestresponsewd310/soapservlettoresthttpusingjava
INFO: Created file: /Users/magnuslarsson/Documents/temp/_plugintests/jUnitTests/requestResponseWD310/trunk/requestResponseWD310-services/src/test/java/org/soitoolkit/tool/generator/requestresponsewd310/soapservlettoresthttpusingjava/SoapservletToResthttpUsingJavaIntegrationTest.java, size: 5724
INFO: Created file: /Users/magnuslarsson/Documents/temp/_plugintests/jUnitTests/requestResponseWD310/trunk/requestResponseWD310-services/src/test/java/org/soitoolkit/tool/generator/requestresponsewd310/soapservlettoresthttpusingjava/SoapservletToResthttpUsingJavaRequestTransformerTest.java, size: 1085
INFO: Created file: /Users/magnuslarsson/Documents/temp/_plugintests/jUnitTests/requestResponseWD310/trunk/requestResponseWD310-services/src/test/java/org/soitoolkit/tool/generator/requestresponsewd310/soapservlettoresthttpusingjava/SoapservletToResthttpUsingJavaResponseTransformerTest.java, size: 1196
INFO: Created file: /Users/magnuslarsson/Documents/temp/_plugintests/jUnitTests/requestResponseWD310/trunk/requestResponseWD310-services/src/test/java/org/soitoolkit/tool/generator/requestresponsewd310/soapservlettoresthttpusingjava/SoapservletToResthttpUsingJavaTestConsumer.java, size: 1833
INFO: Created file: /Users/magnuslarsson/Documents/temp/_plugintests/jUnitTests/requestResponseWD310/trunk/requestResponseWD310-services/src/test/java/org/soitoolkit/tool/generator/requestresponsewd310/soapservlettoresthttpusingjava/SoapservletToResthttpUsingJavaTestProducer.java, size: 1500
INFO: Generate files from templateFolder: /requestResponseService
INFO: Created file: /Users/magnuslarsson/Documents/temp/_plugintests/jUnitTests/requestResponseWD310/trunk/requestResponseWD310-services/src/main/resources/services/soapservletToJmsUsingJava-service.xml, size: 3483
INFO: Created directory: /Users/magnuslarsson/Documents/temp/_plugintests/jUnitTests/requestResponseWD310/trunk/requestResponseWD310-services/src/main/java/org/soitoolkit/tool/generator/requestresponsewd310/soapservlettojmsusingjava
INFO: Created file: /Users/magnuslarsson/Documents/temp/_plugintests/jUnitTests/requestResponseWD310/trunk/requestResponseWD310-services/src/main/java/org/soitoolkit/tool/generator/requestresponsewd310/soapservlettojmsusingjava/SoapservletToJmsUsingJavaRequestTransformer.java, size: 946
INFO: Created file: /Users/magnuslarsson/Documents/temp/_plugintests/jUnitTests/requestResponseWD310/trunk/requestResponseWD310-services/src/main/java/org/soitoolkit/tool/generator/requestresponsewd310/soapservlettojmsusingjava/SoapservletToJmsUsingJavaResponseTransformer.java, size: 1663
INFO: Created file: /Users/magnuslarsson/Documents/temp/_plugintests/jUnitTests/requestResponseWD310/trunk/requestResponseWD310-services/src/test/resources/testfiles/soapservletToJmsUsingJava-request-input.xml, size: 133
INFO: Created file: /Users/magnuslarsson/Documents/temp/_plugintests/jUnitTests/requestResponseWD310/trunk/requestResponseWD310-services/src/test/resources/testfiles/soapservletToJmsUsingJava-request-expected-result.csv, size: 23
INFO: Created file: /Users/magnuslarsson/Documents/temp/_plugintests/jUnitTests/requestResponseWD310/trunk/requestResponseWD310-services/src/test/resources/testfiles/soapservletToJmsUsingJava-response-input.csv, size: 29
INFO: Created file: /Users/magnuslarsson/Documents/temp/_plugintests/jUnitTests/requestResponseWD310/trunk/requestResponseWD310-services/src/test/resources/testfiles/soapservletToJmsUsingJava-response-expected-result.xml, size: 174
INFO: Created file: /Users/magnuslarsson/Documents/temp/_plugintests/jUnitTests/requestResponseWD310/trunk/requestResponseWD310-services/src/test/resources/testfiles/soapservletToJmsUsingJava-fault-response-input.csv, size: 28
INFO: Created file: /Users/magnuslarsson/Documents/temp/_plugintests/jUnitTests/requestResponseWD310/trunk/requestResponseWD310-services/src/test/resources/testfiles/soapservletToJmsUsingJava-fault-response-expected-result.xml, size: 215
INFO: Created file: /Users/magnuslarsson/Documents/temp/_plugintests/jUnitTests/requestResponseWD310/trunk/requestResponseWD310-services/src/test/resources/teststub-services/soapservletToJmsUsingJava-teststub-service.xml, size: 2083
INFO: Created directory: /Users/magnuslarsson/Documents/temp/_plugintests/jUnitTests/requestResponseWD310/trunk/requestResponseWD310-services/src/test/java/org/soitoolkit/tool/generator/requestresponsewd310/soapservlettojmsusingjava
INFO: Created file: /Users/magnuslarsson/Documents/temp/_plugintests/jUnitTests/requestResponseWD310/trunk/requestResponseWD310-services/src/test/java/org/soitoolkit/tool/generator/requestresponsewd310/soapservlettojmsusingjava/SoapservletToJmsUsingJavaIntegrationTest.java, size: 5973
INFO: Created file: /Users/magnuslarsson/Documents/temp/_plugintests/jUnitTests/requestResponseWD310/trunk/requestResponseWD310-services/src/test/java/org/soitoolkit/tool/generator/requestresponsewd310/soapservlettojmsusingjava/SoapservletToJmsUsingJavaRequestTransformerTest.java, size: 992
INFO: Created file: /Users/magnuslarsson/Documents/temp/_plugintests/jUnitTests/requestResponseWD310/trunk/requestResponseWD310-services/src/test/java/org/soitoolkit/tool/generator/requestresponsewd310/soapservlettojmsusingjava/SoapservletToJmsUsingJavaResponseTransformerTest.java, size: 1904
INFO: Created file: /Users/magnuslarsson/Documents/temp/_plugintests/jUnitTests/requestResponseWD310/trunk/requestResponseWD310-services/src/test/java/org/soitoolkit/tool/generator/requestresponsewd310/soapservlettojmsusingjava/SoapservletToJmsUsingJavaTestConsumer.java, size: 1798
INFO: Created file: /Users/magnuslarsson/Documents/temp/_plugintests/jUnitTests/requestResponseWD310/trunk/requestResponseWD310-services/src/test/java/org/soitoolkit/tool/generator/requestresponsewd310/soapservlettojmsusingjava/SoapservletToJmsUsingJavaTestProducer.java, size: 1890
[INFO] Scanning for projects...
[INFO] Reactor build order: 
[INFO]   requestResponseWD310
[INFO]   requestResponseWD310-services
[INFO]   requestResponseWD310-web
[INFO]   requestResponseWD310-teststub-web
[INFO] ------------------------------------------------------------------------
[INFO] Building requestResponseWD310
[INFO]    task-segment: [install]
[INFO] ------------------------------------------------------------------------
[INFO] [enforcer:enforce {execution: enforce-maven}]
[INFO] [properties:write-project-properties {execution: default}]
[INFO] [site:attach-descriptor {execution: default-attach-descriptor}]
[INFO] [jar:test-jar {execution: default}]
[WARNING] JAR will be empty - no content was marked for inclusion!
[INFO] Building jar: /Users/magnuslarsson/Documents/temp/_plugintests/jUnitTests/requestResponseWD310/trunk/target/requestResponseWD310-1.0-SNAPSHOT-tests.jar
[INFO] [source:jar-no-fork {execution: attach-sources}]
[INFO] [install:install {execution: default-install}]
[INFO] Installing /Users/magnuslarsson/Documents/temp/_plugintests/jUnitTests/requestResponseWD310/trunk/pom.xml to /Users/magnuslarsson/.m2/repository/org/soitoolkit/tool/generator/requestResponseWD310/1.0-SNAPSHOT/requestResponseWD310-1.0-SNAPSHOT.pom
[INFO] Installing /Users/magnuslarsson/Documents/temp/_plugintests/jUnitTests/requestResponseWD310/trunk/target/requestResponseWD310-1.0-SNAPSHOT-tests.jar to /Users/magnuslarsson/.m2/repository/org/soitoolkit/tool/generator/requestResponseWD310/1.0-SNAPSHOT/requestResponseWD310-1.0-SNAPSHOT-tests.jar
[INFO] ------------------------------------------------------------------------
[INFO] Building requestResponseWD310-services
[INFO]    task-segment: [install]
[INFO] ------------------------------------------------------------------------
[INFO] [enforcer:enforce {execution: enforce-maven}]
[INFO] [properties:write-project-properties {execution: default}]
[INFO] [resources:resources {execution: default-resources}]
[INFO] Using &apos;UTF-8&apos; encoding to copy filtered resources.
[INFO] Copying 8 resources
[INFO] [compiler:compile {execution: default-compile}]
[INFO] Compiling 12 source files to /Users/magnuslarsson/Documents/temp/_plugintests/jUnitTests/requestResponseWD310/trunk/requestResponseWD310-services/target/classes
[INFO] [resources:testResources {execution: default-testResources}]
[INFO] Using &apos;UTF-8&apos; encoding to copy filtered resources.
[INFO] Copying 36 resources
[INFO] Copying 4 resources
[INFO] [compiler:testCompile {execution: default-testCompile}]
[INFO] Compiling 31 source files to /Users/magnuslarsson/Documents/temp/_plugintests/jUnitTests/requestResponseWD310/trunk/requestResponseWD310-services/target/test-classes
[INFO] [surefire:test {execution: default-test}]
[INFO] Surefire report directory: /Users/magnuslarsson/Documents/temp/_plugintests/jUnitTests/requestResponseWD310/trunk/requestResponseWD310-services/target/surefire-reports

-------------------------------------------------------
 T E S T S
-------------------------------------------------------
Running org.soitoolkit.tool.generator.requestresponsewd310.soapservlettosoaphttpusingjava.SoapservletToSoaphttpUsingJavaIntegrationTest
2011-03-30 23:24:52,443 INFO  org.soitoolkit.tool.generator.requestresponsewd310.RequestResponseWD310MuleServer - Servlet URL: http://localhost:8080/requestResponseWD310/services/soapservletToSoaphttpUsingJava/v1
2011-03-30 23:24:52,464 INFO  org.soitoolkit.commons.mule.test.AbstractTestCase - Setting test timeout to (seconds): 120
2011-03-30 23:24:52,465 INFO  org.soitoolkit.commons.mule.test.AbstractTestCase - Setting test timeout to (seconds): 120
2011-03-30 23:24:52,465 INFO  org.soitoolkit.commons.mule.test.AbstractTestCase - Setting test timeout to (seconds): 120

================================================================================
= Testing: test_ok                                                             =
================================================================================
2011-03-30 23:24:52,749 INFO  org.springframework.beans.factory.xml.XmlBeanDefinitionReader - Loading XML bean definitions from URL [jar:file:/Users/magnuslarsson/.m2/repository/org/mule/modules/mule-module-spring-config/3.1.1/mule-module-spring-config-3.1.1.jar!/mule-spring-config.xml]
2011-03-30 23:24:52,874 INFO  org.springframework.beans.factory.xml.XmlBeanDefinitionReader - Loading XML bean definitions from URL [jar:file:/Users/magnuslarsson/.m2/repository/org/mule/modules/mule-module-spring-config/3.1.1/mule-module-spring-config-3.1.1.jar!/default-mule-config.xml]
2011-03-30 23:24:53,260 INFO  org.springframework.beans.factory.xml.XmlBeanDefinitionReader - Loading XML bean definitions from URL [jar:file:/Users/magnuslarsson/.m2/repository/org/soitoolkit/commons/components/soitoolkit-commons-mule/0.4.1-SNAPSHOT/soitoolkit-commons-mule-0.4.1-SNAPSHOT.jar!/soitoolkit-mule-jms-connector-activemq-embedded.xml]
2011-03-30 23:24:53,615 INFO  org.springframework.beans.factory.xml.XmlBeanDefinitionReader - Loading XML bean definitions from class path resource [soitoolkit-mule-jms-connector-commons.xml]
2011-03-30 23:24:53,959 INFO  org.springframework.beans.factory.xml.XmlBeanDefinitionReader - Loading XML bean definitions from URL [file:/Users/magnuslarsson/Documents/temp/_plugintests/jUnitTests/requestResponseWD310/trunk/requestResponseWD310-services/target/classes/requestResponseWD310-common.xml]
2011-03-30 23:24:54,055 INFO  org.springframework.beans.factory.xml.XmlBeanDefinitionReader - Loading XML bean definitions from URL [file:/Users/magnuslarsson/Documents/temp/_plugintests/jUnitTests/requestResponseWD310/trunk/requestResponseWD310-services/target/classes/services/soapservletToSoaphttpUsingJava-service.xml]
2011-03-30 23:24:54,472 INFO  org.springframework.beans.factory.xml.XmlBeanDefinitionReader - Loading XML bean definitions from URL [file:/Users/magnuslarsson/Documents/temp/_plugintests/jUnitTests/requestResponseWD310/trunk/requestResponseWD310-services/target/test-classes/teststub-services/soapservletToSoaphttpUsingJava-teststub-service.xml]
2011-03-30 23:24:54,618 INFO  org.springframework.core.io.support.PropertiesLoaderSupport - Loading properties file from class path resource [requestResponseWD310-security.properties]
2011-03-30 23:24:54,619 INFO  org.springframework.core.io.support.PropertiesLoaderSupport - Loading properties file from class path resource [requestResponseWD310-config.properties]
2011-03-30 23:24:54,619 INFO  org.springframework.core.io.support.PropertiesLoaderSupport - Loading properties file from URL [file:${app.home}/requestResponseWD310/config/requestResponseWD310-security.properties]
2011-03-30 23:24:54,620 WARN  org.springframework.core.io.support.PropertiesLoaderSupport - Could not load properties from URL [file:${app.home}/requestResponseWD310/config/requestResponseWD310-security.properties]: ${app.home}/requestResponseWD310/config/requestResponseWD310-security.properties (No such file or directory)
2011-03-30 23:24:54,620 INFO  org.springframework.core.io.support.PropertiesLoaderSupport - Loading properties file from URL [file:${app.home}/requestResponseWD310/config/requestResponseWD310-config.properties]
2011-03-30 23:24:54,622 WARN  org.springframework.core.io.support.PropertiesLoaderSupport - Could not load properties from URL [file:${app.home}/requestResponseWD310/config/requestResponseWD310-config.properties]: ${app.home}/requestResponseWD310/config/requestResponseWD310-config.properties (No such file or directory)
2011-03-30 23:24:56,973 INFO  org.mule.exception.AbstractExceptionListener - Initialising exception listener: org.soitoolkit.commons.mule.error.ServiceExceptionStrategy@4defb0be
2011-03-30 23:24:57,052 WARN  org.mule.context.notification.Configuration - The notification listener subscription &quot;ListenerSubscriptionPair [listener=ObjectToStringTransformer{this=6475d174, name=&apos;objToStr&apos;, ignoreBadInput=false, returnClass=SimpleDataType{type=java.lang.String, mimeType=&apos;text/plain&apos;}, sourceTypes=[SimpleDataType{type=java.lang.Object, mimeType=&apos;*/*&apos;}, SimpleDataType{type=[B, mimeType=&apos;*/*&apos;}, SimpleDataType{type=java.io.InputStream, mimeType=&apos;*/*&apos;}, SimpleDataType{type=org.mule.api.transport.OutputHandler, mimeType=&apos;*/*&apos;}]}, subscription=NULL]&quot; has already been registered
2011-03-30 23:24:57,053 WARN  org.mule.context.notification.Configuration - The notification listener subscription &quot;ListenerSubscriptionPair [listener=CreateSoapFaultIfExceptionTransformer{this=77fe0d66, name=&apos;createSoapFaultIfException&apos;, ignoreBadInput=false, returnClass=SimpleDataType{type=java.lang.Object, mimeType=&apos;*/*&apos;}, sourceTypes=[]}, subscription=NULL]&quot; has already been registered
2011-03-30 23:24:57,210 INFO  org.mule.DefaultMuleContext    - 
**********************************************************************
* Mule ESB and Integration Platform                                  *
* Version: 3.1.1 Build: 21496                                        *
* MuleSoft, Inc.                                                     *
* For more information go to http://www.mulesoft.org                 *
*                                                                    *
* Server started: 2011-03-30 23:24                                   *
* Server ID: requestResponseWD310                                    *
* JDK: 1.6.0_24 (mixed mode)                                         *
* OS encoding: MacRoman, Mule encoding: UTF-8                        *
* OS: Mac OS X (10.6.7, x86_64)                                      *
* Host: MagnusMac-2.local (10.0.1.2)                                 *
* Mode: Development                                                  *
*                                                                    *
* Agents Running:                                                    *
*   JMX Agent                                                        *
**********************************************************************
2011-03-30 23:24:57,459 INFO  org.soitoolkit.commons.mule.test.ServletContainerWithMuleReceiverServlet - Mule Receiver Servlet available at: http://localhost:8080/requestResponseWD310/services
2011-03-30 23:24:57,484 INFO  org.soitoolkit.commons.mule.test.AbstractJmsTestUtil - Clearing messages on queues: SOITOOLKIT.LOG.ERROR 
2011-03-30 23:24:58,038 INFO  org.soitoolkit.commons.mule.log.EventLogger - soi-toolkit.log
** logEvent-info.start ***********************************************************
IntegrationScenarioId=
ContractId=
LogMessage=req-in
ServiceImpl=soapservletToSoaphttpUsingJava-service
Host=10.0.1.2 (10.0.1.2)
ComponentId=requestResponseWD310
Endpoint=http://localhost:8080/services/soapservletToSoaphttpUsingJava/v1
MessageId=29ce63b0-5b14-11e0-aa91-895c9007b3b0
BusinessCorrelationId=
BusinessContextId=
ExtraInfo=
Payload=
** logEvent-info.end *************************************************************
2011-03-30 23:24:58,045 WARN  org.mule.context.notification.Configuration - The notification listener subscription &quot;ListenerSubscriptionPair [listener=SoapservletToSoaphttpUsingJavaRequestTransformer{this=5c9aa764, name=&apos;soapservletToSoaphttpUsingJavaRequestTransformer&apos;, ignoreBadInput=false, returnClass=SimpleDataType{type=java.lang.Object, mimeType=&apos;*/*&apos;}, sourceTypes=[]}, subscription=NULL]&quot; has already been registered
2011-03-30 23:24:58,046 WARN  org.mule.context.notification.Configuration - The notification listener subscription &quot;ListenerSubscriptionPair [listener=SoapservletToSoaphttpUsingJavaResponseTransformer{this=2e2e1b6c, name=&apos;soapservletToSoaphttpUsingJavaResponseTransformer&apos;, ignoreBadInput=false, returnClass=SimpleDataType{type=java.lang.Object, mimeType=&apos;*/*&apos;}, sourceTypes=[]}, subscription=NULL]&quot; has already been registered
2011-03-30 23:24:58,121 INFO  org.soitoolkit.commons.mule.log.EventLogger - soi-toolkit.log
** logEvent-info.start ***********************************************************
IntegrationScenarioId=
ContractId=
LogMessage=req-out
ServiceImpl=soapservletToSoaphttpUsingJava-service
Host=10.0.1.2 (10.0.1.2)
ComponentId=requestResponseWD310
Endpoint=http://localhost:8082/requestResponseWD310/services/soapservletToSoaphttpUsingJava-teststub/v1
MessageId=29ce63b0-5b14-11e0-aa91-895c9007b3b0
BusinessCorrelationId=
BusinessContextId=
ExtraInfo=
Payload=
** logEvent-info.end *************************************************************
2011-03-30 23:24:58,166 INFO  org.soitoolkit.tool.generator.requestresponsewd310.soapservlettosoaphttpusingjava.SoapservletToSoaphttpUsingJavaTestProducer - SoapservletToSoaphttpUsingJavaTestProducer received the request: org.soitoolkit.refapps.sd.sample.schema.v1.Sample@3a97263f
2011-03-30 23:24:58,186 INFO  org.soitoolkit.commons.mule.log.EventLogger - soi-toolkit.log
** logEvent-info.start ***********************************************************
IntegrationScenarioId=
ContractId=
LogMessage=resp-in
ServiceImpl=soapservletToSoaphttpUsingJava-service
Host=10.0.1.2 (10.0.1.2)
ComponentId=requestResponseWD310
Endpoint=http://localhost:8082/requestResponseWD310/services/soapservletToSoaphttpUsingJava-teststub/v1
MessageId=29e98cdb-5b14-11e0-aa91-895c9007b3b0
BusinessCorrelationId=
BusinessContextId=
ExtraInfo=
Payload=
** logEvent-info.end *************************************************************
2011-03-30 23:24:58,192 INFO  org.soitoolkit.commons.mule.log.EventLogger - soi-toolkit.log
** logEvent-info.start ***********************************************************
IntegrationScenarioId=
ContractId=
LogMessage=resp-out
ServiceImpl=soapservletToSoaphttpUsingJava-service
Host=10.0.1.2 (10.0.1.2)
ComponentId=requestResponseWD310
Endpoint=http://localhost:8082/requestResponseWD310/services/soapservletToSoaphttpUsingJava-teststub/v1
MessageId=29e98cdb-5b14-11e0-aa91-895c9007b3b0
BusinessCorrelationId=
BusinessContextId=
ExtraInfo=
Payload=
** logEvent-info.end *************************************************************

================================================================================
= Testing: test_fault_invalidInput                                             =
================================================================================
2011-03-30 23:24:58,207 INFO  org.soitoolkit.commons.mule.test.ServletContainerWithMuleReceiverServlet - Mule Receiver Servlet available at: http://localhost:8080/requestResponseWD310/services
2011-03-30 23:24:58,215 INFO  org.soitoolkit.commons.mule.test.AbstractJmsTestUtil - Clearing messages on queues: SOITOOLKIT.LOG.ERROR 
2011-03-30 23:24:58,337 INFO  org.soitoolkit.commons.mule.log.EventLogger - soi-toolkit.log
** logEvent-info.start ***********************************************************
IntegrationScenarioId=
ContractId=
LogMessage=req-in
ServiceImpl=soapservletToSoaphttpUsingJava-service
Host=10.0.1.2 (10.0.1.2)
ComponentId=requestResponseWD310
Endpoint=http://localhost:8080/services/soapservletToSoaphttpUsingJava/v1
MessageId=2a015aa3-5b14-11e0-aa91-895c9007b3b0
BusinessCorrelationId=
BusinessContextId=
ExtraInfo=
Payload=
** logEvent-info.end *************************************************************
2011-03-30 23:24:58,344 INFO  org.soitoolkit.commons.mule.log.EventLogger - soi-toolkit.log
** logEvent-info.start ***********************************************************
IntegrationScenarioId=
ContractId=
LogMessage=req-out
ServiceImpl=soapservletToSoaphttpUsingJava-service
Host=10.0.1.2 (10.0.1.2)
ComponentId=requestResponseWD310
Endpoint=http://localhost:8082/requestResponseWD310/services/soapservletToSoaphttpUsingJava-teststub/v1
MessageId=2a015aa3-5b14-11e0-aa91-895c9007b3b0
BusinessCorrelationId=
BusinessContextId=
ExtraInfo=
Payload=
** logEvent-info.end *************************************************************
2011-03-30 23:24:58,355 INFO  org.soitoolkit.tool.generator.requestresponsewd310.soapservlettosoaphttpusingjava.SoapservletToSoaphttpUsingJavaTestProducer - SoapservletToSoaphttpUsingJavaTestProducer received the request: org.soitoolkit.refapps.sd.sample.schema.v1.Sample@538edf3c
2011-03-30 23:24:58,360 WARN  org.apache.cxf.common.logging.LogUtils - Interceptor for {http://soapservlettosoaphttpusingjava.requestresponsewd310.generator.tool.soitoolkit.org/}SoapservletToSoaphttpUsingJavaTestProducerService#{urn:org.soitoolkit.refapps.sd.sample.wsdl:v1}sample has thrown exception, unwinding now
org.apache.cxf.interceptor.Fault: Component that caused exception is: DefaultJavaComponent{soapservletToSoaphttpUsingJava-teststub-service.commponent}. Message payload is of type: Sample
	at org.mule.module.cxf.MuleInvoker.invoke(MuleInvoker.java:85)
	at org.mule.module.cxf.MuleJAXWSInvoker.invoke(MuleJAXWSInvoker.java:47)
	at org.apache.cxf.service.invoker.AbstractInvoker.invoke(AbstractInvoker.java:75)
	at org.apache.cxf.interceptor.ServiceInvokerInterceptor$1.run(ServiceInvokerInterceptor.java:58)
	at java.util.concurrent.Executors$RunnableAdapter.call(Executors.java:441)
	at java.util.concurrent.FutureTask$Sync.innerRun(FutureTask.java:303)
	at java.util.concurrent.FutureTask.run(FutureTask.java:138)
	at org.apache.cxf.workqueue.SynchronousExecutor.execute(SynchronousExecutor.java:37)
	at org.apache.cxf.interceptor.ServiceInvokerInterceptor.handleMessage(ServiceInvokerInterceptor.java:106)
	at org.apache.cxf.phase.PhaseInterceptorChain.doIntercept(PhaseInterceptorChain.java:255)
	at org.apache.cxf.transport.ChainInitiationObserver.onMessage(ChainInitiationObserver.java:113)
	at org.mule.module.cxf.CxfInboundMessageProcessor.sendToDestination(CxfInboundMessageProcessor.java:288)
	at org.mule.module.cxf.CxfInboundMessageProcessor.process(CxfInboundMessageProcessor.java:129)
	at org.mule.processor.chain.DefaultMessageProcessorChain.doProcess(DefaultMessageProcessorChain.java:72)
	at org.mule.processor.chain.AbstractMessageProcessorChain.process(AbstractMessageProcessorChain.java:89)
	at org.mule.processor.AbstractInterceptingMessageProcessor.processNext(AbstractInterceptingMessageProcessor.java:81)
	at org.mule.interceptor.AbstractEnvelopeInterceptor.process(AbstractEnvelopeInterceptor.java:55)
	at org.mule.processor.AbstractInterceptingMessageProcessor.processNext(AbstractInterceptingMessageProcessor.java:81)
	at org.mule.interceptor.AbstractEnvelopeInterceptor.process(AbstractEnvelopeInterceptor.java:55)
	at org.mule.processor.chain.DefaultMessageProcessorChain.doProcess(DefaultMessageProcessorChain.java:72)
	at org.mule.processor.chain.AbstractMessageProcessorChain.process(AbstractMessageProcessorChain.java:89)
	at org.mule.processor.chain.InterceptingChainLifecycleWrapper.doProcess(InterceptingChainLifecycleWrapper.java:63)
	at org.mule.processor.chain.AbstractMessageProcessorChain.process(AbstractMessageProcessorChain.java:89)
	at org.mule.processor.chain.InterceptingChainLifecycleWrapper.process(InterceptingChainLifecycleWrapper.java:94)
	at org.mule.construct.AbstractFlowConstruct$1$1.process(AbstractFlowConstruct.java:107)
	at org.mule.processor.chain.DefaultMessageProcessorChain.doProcess(DefaultMessageProcessorChain.java:72)
	at org.mule.processor.chain.AbstractMessageProcessorChain.process(AbstractMessageProcessorChain.java:89)
	at org.mule.processor.AbstractInterceptingMessageProcessor.processNext(AbstractInterceptingMessageProcessor.java:81)
	at org.mule.processor.ExceptionHandlingMessageProcessor.process(ExceptionHandlingMessageProcessor.java:25)
	at org.mule.processor.chain.DefaultMessageProcessorChain.doProcess(DefaultMessageProcessorChain.java:72)
	at org.mule.processor.chain.AbstractMessageProcessorChain.process(AbstractMessageProcessorChain.java:89)
	at org.mule.processor.chain.InterceptingChainLifecycleWrapper.doProcess(InterceptingChainLifecycleWrapper.java:63)
	at org.mule.processor.chain.AbstractMessageProcessorChain.process(AbstractMessageProcessorChain.java:89)
	at org.mule.processor.chain.InterceptingChainLifecycleWrapper.process(InterceptingChainLifecycleWrapper.java:94)
	at org.mule.processor.chain.DefaultMessageProcessorChain.doProcess(DefaultMessageProcessorChain.java:72)
	at org.mule.processor.chain.AbstractMessageProcessorChain.process(AbstractMessageProcessorChain.java:89)
	at org.mule.processor.chain.InterceptingChainLifecycleWrapper.doProcess(InterceptingChainLifecycleWrapper.java:63)
	at org.mule.processor.chain.AbstractMessageProcessorChain.process(AbstractMessageProcessorChain.java:89)
	at org.mule.processor.chain.InterceptingChainLifecycleWrapper.process(InterceptingChainLifecycleWrapper.java:94)
	at org.mule.transport.AbstractMessageReceiver.routeMessage(AbstractMessageReceiver.java:185)
	at org.mule.transport.AbstractMessageReceiver.routeMessage(AbstractMessageReceiver.java:158)
	at org.mule.transport.AbstractMessageReceiver.routeMessage(AbstractMessageReceiver.java:145)
	at org.mule.transport.http.HttpMessageReceiver$HttpWorker.doRequest(HttpMessageReceiver.java:247)
	at org.mule.transport.http.HttpMessageReceiver$HttpWorker.processRequest(HttpMessageReceiver.java:206)
	at org.mule.transport.http.HttpMessageReceiver$HttpWorker.run(HttpMessageReceiver.java:164)
	at org.mule.work.WorkerContext.run(WorkerContext.java:309)
	at edu.emory.mathcs.backport.java.util.concurrent.ThreadPoolExecutor.runWorker(ThreadPoolExecutor.java:1061)
	at edu.emory.mathcs.backport.java.util.concurrent.ThreadPoolExecutor$Worker.run(ThreadPoolExecutor.java:575)
	at java.lang.Thread.run(Thread.java:680)
Caused by: org.mule.component.ComponentException: Component that caused exception is: DefaultJavaComponent{soapservletToSoaphttpUsingJava-teststub-service.commponent}. Message payload is of type: Sample
	at org.mule.component.DefaultComponentLifecycleAdapter.invoke(DefaultComponentLifecycleAdapter.java:359)
	at org.mule.component.AbstractJavaComponent.invokeComponentInstance(AbstractJavaComponent.java:86)
	at org.mule.component.AbstractJavaComponent.doInvoke(AbstractJavaComponent.java:77)
	at org.mule.component.AbstractComponent.invokeInternal(AbstractComponent.java:120)
	at org.mule.component.AbstractComponent.access$000(AbstractComponent.java:56)
	at org.mule.component.AbstractComponent$1$1.process(AbstractComponent.java:234)
	at org.mule.processor.chain.DefaultMessageProcessorChain.doProcess(DefaultMessageProcessorChain.java:72)
	at org.mule.processor.chain.AbstractMessageProcessorChain.process(AbstractMessageProcessorChain.java:89)
	at org.mule.processor.chain.InterceptingChainLifecycleWrapper.doProcess(InterceptingChainLifecycleWrapper.java:63)
	at org.mule.processor.chain.AbstractMessageProcessorChain.process(AbstractMessageProcessorChain.java:89)
	at org.mule.processor.chain.InterceptingChainLifecycleWrapper.process(InterceptingChainLifecycleWrapper.java:94)
	at org.mule.component.AbstractComponent.process(AbstractComponent.java:154)
	at org.mule.processor.AbstractInterceptingMessageProcessor.processNext(AbstractInterceptingMessageProcessor.java:81)
	at org.mule.module.cxf.CxfInboundMessageProcessor.processNext(CxfInboundMessageProcessor.java:328)
	at org.mule.module.cxf.MuleInvoker.invoke(MuleInvoker.java:80)
	... 48 more
Caused by: org.soitoolkit.refapps.sd.sample.wsdl.v1.Fault: Invalid Id: -1
	at org.soitoolkit.tool.generator.requestresponsewd310.soapservlettosoaphttpusingjava.SoapservletToSoaphttpUsingJavaTestProducer.sample(SoapservletToSoaphttpUsingJavaTestProducer.java:37)
	at sun.reflect.NativeMethodAccessorImpl.invoke0(Native Method)
	at sun.reflect.NativeMethodAccessorImpl.invoke(NativeMethodAccessorImpl.java:39)
	at sun.reflect.DelegatingMethodAccessorImpl.invoke(DelegatingMethodAccessorImpl.java:25)
	at java.lang.reflect.Method.invoke(Method.java:597)
	at org.mule.model.resolvers.AbstractEntryPointResolver.invokeMethod(AbstractEntryPointResolver.java:151)
	at org.mule.model.resolvers.MethodHeaderPropertyEntryPointResolver.invoke(MethodHeaderPropertyEntryPointResolver.java:112)
	at org.mule.model.resolvers.DefaultEntryPointResolverSet.invoke(DefaultEntryPointResolverSet.java:39)
	at org.mule.component.DefaultComponentLifecycleAdapter.invoke(DefaultComponentLifecycleAdapter.java:350)
	... 62 more
2011-03-30 23:24:58,397 WARN  org.apache.cxf.common.logging.LogUtils - Application {urn:org.soitoolkit.refapps.sd.sample.wsdl:v1}sampleService has thrown exception, unwinding now
org.apache.cxf.interceptor.Fault: Invalid status code: 500
	at org.mule.module.cxf.MuleInvoker.invoke(MuleInvoker.java:118)
	at org.apache.cxf.interceptor.ServiceInvokerInterceptor$1.run(ServiceInvokerInterceptor.java:58)
	at java.util.concurrent.Executors$RunnableAdapter.call(Executors.java:441)
	at java.util.concurrent.FutureTask$Sync.innerRun(FutureTask.java:303)
	at java.util.concurrent.FutureTask.run(FutureTask.java:138)
	at org.apache.cxf.workqueue.SynchronousExecutor.execute(SynchronousExecutor.java:37)
	at org.apache.cxf.interceptor.ServiceInvokerInterceptor.handleMessage(ServiceInvokerInterceptor.java:106)
	at org.apache.cxf.phase.PhaseInterceptorChain.doIntercept(PhaseInterceptorChain.java:255)
	at org.apache.cxf.transport.ChainInitiationObserver.onMessage(ChainInitiationObserver.java:113)
	at org.mule.module.cxf.CxfInboundMessageProcessor.sendToDestination(CxfInboundMessageProcessor.java:288)
	at org.mule.module.cxf.CxfInboundMessageProcessor.process(CxfInboundMessageProcessor.java:129)
	at org.mule.module.cxf.config.FlowConfiguringMessageProcessor.process(FlowConfiguringMessageProcessor.java:50)
	at org.mule.processor.chain.DefaultMessageProcessorChain.doProcess(DefaultMessageProcessorChain.java:72)
	at org.mule.processor.chain.AbstractMessageProcessorChain.process(AbstractMessageProcessorChain.java:89)
	at org.mule.processor.AbstractInterceptingMessageProcessor.processNext(AbstractInterceptingMessageProcessor.java:81)
	at org.mule.processor.ExceptionHandlingMessageProcessor.process(ExceptionHandlingMessageProcessor.java:25)
	at org.mule.processor.chain.DefaultMessageProcessorChain.doProcess(DefaultMessageProcessorChain.java:72)
	at org.mule.processor.chain.AbstractMessageProcessorChain.process(AbstractMessageProcessorChain.java:89)
	at org.mule.processor.chain.InterceptingChainLifecycleWrapper.doProcess(InterceptingChainLifecycleWrapper.java:63)
	at org.mule.processor.chain.AbstractMessageProcessorChain.process(AbstractMessageProcessorChain.java:89)
	at org.mule.processor.chain.InterceptingChainLifecycleWrapper.process(InterceptingChainLifecycleWrapper.java:94)
	at org.mule.processor.chain.DefaultMessageProcessorChain.doProcess(DefaultMessageProcessorChain.java:72)
	at org.mule.processor.chain.AbstractMessageProcessorChain.process(AbstractMessageProcessorChain.java:89)
	at org.mule.processor.chain.InterceptingChainLifecycleWrapper.doProcess(InterceptingChainLifecycleWrapper.java:63)
	at org.mule.processor.chain.AbstractMessageProcessorChain.process(AbstractMessageProcessorChain.java:89)
	at org.mule.processor.chain.InterceptingChainLifecycleWrapper.process(InterceptingChainLifecycleWrapper.java:94)
	at org.mule.transport.AbstractMessageReceiver.routeMessage(AbstractMessageReceiver.java:185)
	at org.mule.transport.AbstractMessageReceiver.routeMessage(AbstractMessageReceiver.java:158)
	at org.mule.transport.AbstractMessageReceiver.routeMessage(AbstractMessageReceiver.java:145)
	at org.mule.transport.servlet.MuleReceiverServlet.routeMessage(MuleReceiverServlet.java:238)
	at org.mule.transport.servlet.MuleReceiverServlet.doAllMethods(MuleReceiverServlet.java:225)
	at org.mule.transport.servlet.MuleReceiverServlet.doPost(MuleReceiverServlet.java:175)
	at javax.servlet.http.HttpServlet.service(HttpServlet.java:727)
	at javax.servlet.http.HttpServlet.service(HttpServlet.java:820)
	at org.mortbay.jetty.servlet.ServletHolder.handle(ServletHolder.java:487)
	at org.mortbay.jetty.servlet.ServletHandler.handle(ServletHandler.java:362)
	at org.mortbay.jetty.servlet.SessionHandler.handle(SessionHandler.java:181)
	at org.mortbay.jetty.handler.ContextHandler.handle(ContextHandler.java:729)
	at org.mortbay.jetty.handler.HandlerWrapper.handle(HandlerWrapper.java:152)
	at org.mortbay.jetty.Server.handle(Server.java:324)
	at org.mortbay.jetty.HttpConnection.handleRequest(HttpConnection.java:505)
	at org.mortbay.jetty.HttpConnection$RequestHandler.content(HttpConnection.java:843)
	at org.mortbay.jetty.HttpParser.parseNext(HttpParser.java:729)
	at org.mortbay.jetty.HttpParser.parseAvailable(HttpParser.java:205)
	at org.mortbay.jetty.HttpConnection.handle(HttpConnection.java:380)
	at org.mortbay.jetty.bio.SocketConnector$Connection.run(SocketConnector.java:228)
	at org.mortbay.thread.QueuedThreadPool$PoolThread.run(QueuedThreadPool.java:488)
Caused by: org.apache.commons.httpclient.HttpException: Invalid status code: 500
	at org.mule.module.cxf.CxfOutboundMessageProcessor.buildResponseMessage(CxfOutboundMessageProcessor.java:414)
	at org.mule.module.cxf.CxfOutboundMessageProcessor.doSendWithClient(CxfOutboundMessageProcessor.java:236)
	at org.mule.module.cxf.CxfOutboundMessageProcessor.process(CxfOutboundMessageProcessor.java:127)
	at org.mule.processor.chain.DefaultMessageProcessorChain.doProcess(DefaultMessageProcessorChain.java:72)
	at org.mule.processor.chain.AbstractMessageProcessorChain.process(AbstractMessageProcessorChain.java:89)
	at org.mule.processor.AbstractInterceptingMessageProcessor.processNext(AbstractInterceptingMessageProcessor.java:81)
	at org.mule.endpoint.outbound.OutboundResponsePropertiesMessageProcessor.process(OutboundResponsePropertiesMessageProcessor.java:39)
	at org.mule.processor.chain.DefaultMessageProcessorChain.doProcess(DefaultMessageProcessorChain.java:72)
	at org.mule.processor.chain.AbstractMessageProcessorChain.process(AbstractMessageProcessorChain.java:89)
	at org.mule.processor.AbstractInterceptingMessageProcessor.processNext(AbstractInterceptingMessageProcessor.java:81)
	at org.mule.processor.TransactionalInterceptingMessageProcessor$1.doInTransaction(TransactionalInterceptingMessageProcessor.java:49)
	at org.mule.processor.TransactionalInterceptingMessageProcessor$1.doInTransaction(TransactionalInterceptingMessageProcessor.java:46)
	at org.mule.transaction.TransactionTemplate.execute(TransactionTemplate.java:110)
	at org.mule.processor.TransactionalInterceptingMessageProcessor.process(TransactionalInterceptingMessageProcessor.java:55)
	at org.mule.processor.AbstractInterceptingMessageProcessor.processNext(AbstractInterceptingMessageProcessor.java:81)
	at org.mule.processor.AbstractFilteringMessageProcessor.process(AbstractFilteringMessageProcessor.java:41)
	at org.mule.processor.chain.DefaultMessageProcessorChain.doProcess(DefaultMessageProcessorChain.java:72)
	at org.mule.processor.chain.AbstractMessageProcessorChain.process(AbstractMessageProcessorChain.java:89)
	at org.mule.processor.chain.InterceptingChainLifecycleWrapper.doProcess(InterceptingChainLifecycleWrapper.java:63)
	at org.mule.processor.chain.AbstractMessageProcessorChain.process(AbstractMessageProcessorChain.java:89)
	at org.mule.processor.chain.InterceptingChainLifecycleWrapper.process(InterceptingChainLifecycleWrapper.java:94)
	at org.mule.processor.chain.DefaultMessageProcessorChain.doProcess(DefaultMessageProcessorChain.java:72)
	at org.mule.processor.chain.AbstractMessageProcessorChain.process(AbstractMessageProcessorChain.java:89)
	at org.mule.processor.chain.InterceptingChainLifecycleWrapper.doProcess(InterceptingChainLifecycleWrapper.java:63)
	at org.mule.processor.chain.AbstractMessageProcessorChain.process(AbstractMessageProcessorChain.java:89)
	at org.mule.processor.chain.InterceptingChainLifecycleWrapper.process(InterceptingChainLifecycleWrapper.java:94)
	at org.mule.endpoint.DefaultOutboundEndpoint.process(DefaultOutboundEndpoint.java:97)
	at org.mule.routing.outbound.AbstractOutboundRouter.sendRequestEvent(AbstractOutboundRouter.java:462)
	at org.mule.routing.outbound.AbstractOutboundRouter.sendRequest(AbstractOutboundRouter.java:168)
	at org.mule.routing.outbound.FilteringOutboundRouter.route(FilteringOutboundRouter.java:80)
	at org.mule.routing.outbound.OutboundPassThroughRouter.route(OutboundPassThroughRouter.java:71)
	at org.mule.routing.outbound.AbstractOutboundRouter$1.doInTransaction(AbstractOutboundRouter.java:103)
	at org.mule.routing.outbound.AbstractOutboundRouter$1.doInTransaction(AbstractOutboundRouter.java:100)
	at org.mule.transaction.TransactionTemplate.execute(TransactionTemplate.java:43)
	at org.mule.routing.outbound.AbstractOutboundRouter.process(AbstractOutboundRouter.java:108)
	at org.mule.routing.outbound.DefaultOutboundRouterCollection.process(DefaultOutboundRouterCollection.java:104)
	at org.mule.processor.chain.DefaultMessageProcessorChain.doProcess(DefaultMessageProcessorChain.java:72)
	at org.mule.processor.chain.AbstractMessageProcessorChain.process(AbstractMessageProcessorChain.java:89)
	at org.mule.processor.AbstractInterceptingMessageProcessor.processNext(AbstractInterceptingMessageProcessor.java:81)
	at org.mule.service.processor.ServiceOutboundMessageProcessor.process(ServiceOutboundMessageProcessor.java:71)
	at org.mule.processor.AbstractInterceptingMessageProcessor.processNext(AbstractInterceptingMessageProcessor.java:81)
	at org.mule.service.processor.ServiceInternalMessageProcessor.process(ServiceInternalMessageProcessor.java:57)
	at org.mule.processor.AbstractInterceptingMessageProcessor.processNext(AbstractInterceptingMessageProcessor.java:81)
	at org.mule.processor.AsyncInterceptingMessageProcessor.process(AsyncInterceptingMessageProcessor.java:101)
	at org.mule.processor.chain.DefaultMessageProcessorChain.doProcess(DefaultMessageProcessorChain.java:72)
	at org.mule.processor.chain.AbstractMessageProcessorChain.process(AbstractMessageProcessorChain.java:89)
	at org.mule.processor.AbstractInterceptingMessageProcessor.processNext(AbstractInterceptingMessageProcessor.java:81)
	at org.mule.interceptor.AbstractEnvelopeInterceptor.process(AbstractEnvelopeInterceptor.java:55)
	at org.mule.processor.AbstractInterceptingMessageProcessor.processNext(AbstractInterceptingMessageProcessor.java:81)
	at org.mule.lifecycle.processor.ProcessIfStartedWaitIfSyncPausedMessageProcessor.process(ProcessIfStartedWaitIfSyncPausedMessageProcessor.java:56)
	at org.mule.processor.chain.DefaultMessageProcessorChain.doProcess(DefaultMessageProcessorChain.java:72)
	at org.mule.processor.chain.AbstractMessageProcessorChain.process(AbstractMessageProcessorChain.java:89)
	at org.mule.processor.chain.InterceptingChainLifecycleWrapper.doProcess(InterceptingChainLifecycleWrapper.java:63)
	at org.mule.processor.chain.AbstractMessageProcessorChain.process(AbstractMessageProcessorChain.java:89)
	at org.mule.processor.chain.InterceptingChainLifecycleWrapper.process(InterceptingChainLifecycleWrapper.java:94)
	at org.mule.service.AbstractService$7.process(AbstractService.java:425)
	at org.mule.processor.AbstractInterceptingMessageProcessor.processNext(AbstractInterceptingMessageProcessor.java:81)
	at org.mule.service.ServiceCompositeMessageSource$1.process(ServiceCompositeMessageSource.java:124)
	at org.mule.processor.AbstractInterceptingMessageProcessor.processNext(AbstractInterceptingMessageProcessor.java:81)
	at org.mule.processor.StopFurtherMessageProcessingMessageProcessor.process(StopFurtherMessageProcessingMessageProcessor.java:23)
	at org.mule.processor.chain.DefaultMessageProcessorChain.doProcess(DefaultMessageProcessorChain.java:72)
	at org.mule.processor.chain.AbstractMessageProcessorChain.process(AbstractMessageProcessorChain.java:89)
	at org.mule.processor.chain.InterceptingChainLifecycleWrapper.doProcess(InterceptingChainLifecycleWrapper.java:63)
	at org.mule.processor.chain.AbstractMessageProcessorChain.process(AbstractMessageProcessorChain.java:89)
	at org.mule.processor.chain.InterceptingChainLifecycleWrapper.process(InterceptingChainLifecycleWrapper.java:94)
	at org.mule.source.StartableCompositeMessageSource$InternalMessageProcessor.process(StartableCompositeMessageSource.java:219)
	at org.mule.processor.chain.DefaultMessageProcessorChain.doProcess(DefaultMessageProcessorChain.java:72)
	at org.mule.processor.chain.AbstractMessageProcessorChain.process(AbstractMessageProcessorChain.java:89)
	at org.mule.processor.AbstractInterceptingMessageProcessor.processNext(AbstractInterceptingMessageProcessor.java:81)
	at org.mule.module.cxf.CxfInboundMessageProcessor.processNext(CxfInboundMessageProcessor.java:328)
	at org.mule.module.cxf.MuleInvoker.invoke(MuleInvoker.java:80)
	... 46 more
2011-03-30 23:24:58,404 INFO  org.soitoolkit.commons.mule.log.EventLogger - soi-toolkit.log
** logEvent-info.start ***********************************************************
IntegrationScenarioId=
ContractId=
LogMessage=resp-out
ServiceImpl=soapservletToSoaphttpUsingJava-service
Host=10.0.1.2 (10.0.1.2)
ComponentId=requestResponseWD310
Endpoint=http://localhost:8082/requestResponseWD310/services/soapservletToSoaphttpUsingJava-teststub/v1
MessageId=2a06fffe-5b14-11e0-aa91-895c9007b3b0
BusinessCorrelationId=
BusinessContextId=
ExtraInfo=
Payload=
** logEvent-info.end *************************************************************

================================================================================
= Testing: test_fault_timeout                                                  =
================================================================================
2011-03-30 23:24:58,665 INFO  org.soitoolkit.commons.mule.test.ServletContainerWithMuleReceiverServlet - Mule Receiver Servlet available at: http://localhost:8080/requestResponseWD310/services
2011-03-30 23:24:58,669 INFO  org.soitoolkit.commons.mule.test.AbstractJmsTestUtil - Clearing messages on queues: SOITOOLKIT.LOG.ERROR 
2011-03-30 23:24:58,789 INFO  org.soitoolkit.commons.mule.log.EventLogger - soi-toolkit.log
** logEvent-info.start ***********************************************************
IntegrationScenarioId=
ContractId=
LogMessage=req-in
ServiceImpl=soapservletToSoaphttpUsingJava-service
Host=10.0.1.2 (10.0.1.2)
ComponentId=requestResponseWD310
Endpoint=http://localhost:8080/services/soapservletToSoaphttpUsingJava/v1
MessageId=2a46a116-5b14-11e0-aa91-895c9007b3b0
BusinessCorrelationId=
BusinessContextId=
ExtraInfo=
Payload=
** logEvent-info.end *************************************************************
2011-03-30 23:24:58,796 INFO  org.soitoolkit.commons.mule.log.EventLogger - soi-toolkit.log
** logEvent-info.start ***********************************************************
IntegrationScenarioId=
ContractId=
LogMessage=req-out
ServiceImpl=soapservletToSoaphttpUsingJava-service
Host=10.0.1.2 (10.0.1.2)
ComponentId=requestResponseWD310
Endpoint=http://localhost:8082/requestResponseWD310/services/soapservletToSoaphttpUsingJava-teststub/v1
MessageId=2a46a116-5b14-11e0-aa91-895c9007b3b0
BusinessCorrelationId=
BusinessContextId=
ExtraInfo=
Payload=
** logEvent-info.end *************************************************************
2011-03-30 23:24:58,803 INFO  org.soitoolkit.tool.generator.requestresponsewd310.soapservlettosoaphttpusingjava.SoapservletToSoaphttpUsingJavaTestProducer - SoapservletToSoaphttpUsingJavaTestProducer received the request: org.soitoolkit.refapps.sd.sample.schema.v1.Sample@20724356
2011-03-30 23:25:06,801 WARN  org.apache.cxf.common.logging.LogUtils - Interceptor for {http://support.cxf.module.mule.org/}ProxyService#{http://support.cxf.module.mule.org/}invoke has thrown exception, unwinding now
org.apache.cxf.interceptor.Fault: Could not send message to Mule.
	at org.mule.module.cxf.transport.MuleUniversalConduit$2.handleMessage(MuleUniversalConduit.java:196)
	at org.apache.cxf.phase.PhaseInterceptorChain.doIntercept(PhaseInterceptorChain.java:255)
	at org.apache.cxf.endpoint.ClientImpl.invoke(ClientImpl.java:516)
	at org.apache.cxf.endpoint.ClientImpl.invoke(ClientImpl.java:322)
	at org.mule.module.cxf.CxfOutboundMessageProcessor.doSendWithClient(CxfOutboundMessageProcessor.java:234)
	at org.mule.module.cxf.CxfOutboundMessageProcessor.process(CxfOutboundMessageProcessor.java:127)
	at org.mule.processor.chain.DefaultMessageProcessorChain.doProcess(DefaultMessageProcessorChain.java:72)
	at org.mule.processor.chain.AbstractMessageProcessorChain.process(AbstractMessageProcessorChain.java:89)
	at org.mule.processor.AbstractInterceptingMessageProcessor.processNext(AbstractInterceptingMessageProcessor.java:81)
	at org.mule.endpoint.outbound.OutboundResponsePropertiesMessageProcessor.process(OutboundResponsePropertiesMessageProcessor.java:39)
	at org.mule.processor.chain.DefaultMessageProcessorChain.doProcess(DefaultMessageProcessorChain.java:72)
	at org.mule.processor.chain.AbstractMessageProcessorChain.process(AbstractMessageProcessorChain.java:89)
	at org.mule.processor.AbstractInterceptingMessageProcessor.processNext(AbstractInterceptingMessageProcessor.java:81)
	at org.mule.processor.TransactionalInterceptingMessageProcessor$1.doInTransaction(TransactionalInterceptingMessageProcessor.java:49)
	at org.mule.processor.TransactionalInterceptingMessageProcessor$1.doInTransaction(TransactionalInterceptingMessageProcessor.java:46)
	at org.mule.transaction.TransactionTemplate.execute(TransactionTemplate.java:110)
	at org.mule.processor.TransactionalInterceptingMessageProcessor.process(TransactionalInterceptingMessageProcessor.java:55)
	at org.mule.processor.AbstractInterceptingMessageProcessor.processNext(AbstractInterceptingMessageProcessor.java:81)
	at org.mule.processor.AbstractFilteringMessageProcessor.process(AbstractFilteringMessageProcessor.java:41)
	at org.mule.processor.chain.DefaultMessageProcessorChain.doProcess(DefaultMessageProcessorChain.java:72)
	at org.mule.processor.chain.AbstractMessageProcessorChain.process(AbstractMessageProcessorChain.java:89)
	at org.mule.processor.chain.InterceptingChainLifecycleWrapper.doProcess(InterceptingChainLifecycleWrapper.java:63)
	at org.mule.processor.chain.AbstractMessageProcessorChain.process(AbstractMessageProcessorChain.java:89)
	at org.mule.processor.chain.InterceptingChainLifecycleWrapper.process(InterceptingChainLifecycleWrapper.java:94)
	at org.mule.processor.chain.DefaultMessageProcessorChain.doProcess(DefaultMessageProcessorChain.java:72)
	at org.mule.processor.chain.AbstractMessageProcessorChain.process(AbstractMessageProcessorChain.java:89)
	at org.mule.processor.chain.InterceptingChainLifecycleWrapper.doProcess(InterceptingChainLifecycleWrapper.java:63)
	at org.mule.processor.chain.AbstractMessageProcessorChain.process(AbstractMessageProcessorChain.java:89)
	at org.mule.processor.chain.InterceptingChainLifecycleWrapper.process(InterceptingChainLifecycleWrapper.java:94)
	at org.mule.endpoint.DefaultOutboundEndpoint.process(DefaultOutboundEndpoint.java:97)
	at org.mule.routing.outbound.AbstractOutboundRouter.sendRequestEvent(AbstractOutboundRouter.java:462)
	at org.mule.routing.outbound.AbstractOutboundRouter.sendRequest(AbstractOutboundRouter.java:168)
	at org.mule.routing.outbound.FilteringOutboundRouter.route(FilteringOutboundRouter.java:80)
	at org.mule.routing.outbound.OutboundPassThroughRouter.route(OutboundPassThroughRouter.java:71)
	at org.mule.routing.outbound.AbstractOutboundRouter$1.doInTransaction(AbstractOutboundRouter.java:103)
	at org.mule.routing.outbound.AbstractOutboundRouter$1.doInTransaction(AbstractOutboundRouter.java:100)
	at org.mule.transaction.TransactionTemplate.execute(TransactionTemplate.java:43)
	at org.mule.routing.outbound.AbstractOutboundRouter.process(AbstractOutboundRouter.java:108)
	at org.mule.routing.outbound.DefaultOutboundRouterCollection.process(DefaultOutboundRouterCollection.java:104)
	at org.mule.processor.chain.DefaultMessageProcessorChain.doProcess(DefaultMessageProcessorChain.java:72)
	at org.mule.processor.chain.AbstractMessageProcessorChain.process(AbstractMessageProcessorChain.java:89)
	at org.mule.processor.AbstractInterceptingMessageProcessor.processNext(AbstractInterceptingMessageProcessor.java:81)
	at org.mule.service.processor.ServiceOutboundMessageProcessor.process(ServiceOutboundMessageProcessor.java:71)
	at org.mule.processor.AbstractInterceptingMessageProcessor.processNext(AbstractInterceptingMessageProcessor.java:81)
	at org.mule.service.processor.ServiceInternalMessageProcessor.process(ServiceInternalMessageProcessor.java:57)
	at org.mule.processor.AbstractInterceptingMessageProcessor.processNext(AbstractInterceptingMessageProcessor.java:81)
	at org.mule.processor.AsyncInterceptingMessageProcessor.process(AsyncInterceptingMessageProcessor.java:101)
	at org.mule.processor.chain.DefaultMessageProcessorChain.doProcess(DefaultMessageProcessorChain.java:72)
	at org.mule.processor.chain.AbstractMessageProcessorChain.process(AbstractMessageProcessorChain.java:89)
	at org.mule.processor.AbstractInterceptingMessageProcessor.processNext(AbstractInterceptingMessageProcessor.java:81)
	at org.mule.interceptor.AbstractEnvelopeInterceptor.process(AbstractEnvelopeInterceptor.java:55)
	at org.mule.processor.AbstractInterceptingMessageProcessor.processNext(AbstractInterceptingMessageProcessor.java:81)
	at org.mule.lifecycle.processor.ProcessIfStartedWaitIfSyncPausedMessageProcessor.process(ProcessIfStartedWaitIfSyncPausedMessageProcessor.java:56)
	at org.mule.processor.chain.DefaultMessageProcessorChain.doProcess(DefaultMessageProcessorChain.java:72)
	at org.mule.processor.chain.AbstractMessageProcessorChain.process(AbstractMessageProcessorChain.java:89)
	at org.mule.processor.chain.InterceptingChainLifecycleWrapper.doProcess(InterceptingChainLifecycleWrapper.java:63)
	at org.mule.processor.chain.AbstractMessageProcessorChain.process(AbstractMessageProcessorChain.java:89)
	at org.mule.processor.chain.InterceptingChainLifecycleWrapper.process(InterceptingChainLifecycleWrapper.java:94)
	at org.mule.service.AbstractService$7.process(AbstractService.java:425)
	at org.mule.processor.AbstractInterceptingMessageProcessor.processNext(AbstractInterceptingMessageProcessor.java:81)
	at org.mule.service.ServiceCompositeMessageSource$1.process(ServiceCompositeMessageSource.java:124)
	at org.mule.processor.AbstractInterceptingMessageProcessor.processNext(AbstractInterceptingMessageProcessor.java:81)
	at org.mule.processor.StopFurtherMessageProcessingMessageProcessor.process(StopFurtherMessageProcessingMessageProcessor.java:23)
	at org.mule.processor.chain.DefaultMessageProcessorChain.doProcess(DefaultMessageProcessorChain.java:72)
	at org.mule.processor.chain.AbstractMessageProcessorChain.process(AbstractMessageProcessorChain.java:89)
	at org.mule.processor.chain.InterceptingChainLifecycleWrapper.doProcess(InterceptingChainLifecycleWrapper.java:63)
	at org.mule.processor.chain.AbstractMessageProcessorChain.process(AbstractMessageProcessorChain.java:89)
	at org.mule.processor.chain.InterceptingChainLifecycleWrapper.process(InterceptingChainLifecycleWrapper.java:94)
	at org.mule.source.StartableCompositeMessageSource$InternalMessageProcessor.process(StartableCompositeMessageSource.java:219)
	at org.mule.processor.chain.DefaultMessageProcessorChain.doProcess(DefaultMessageProcessorChain.java:72)
	at org.mule.processor.chain.AbstractMessageProcessorChain.process(AbstractMessageProcessorChain.java:89)
	at org.mule.processor.AbstractInterceptingMessageProcessor.processNext(AbstractInterceptingMessageProcessor.java:81)
	at org.mule.module.cxf.CxfInboundMessageProcessor.processNext(CxfInboundMessageProcessor.java:328)
	at org.mule.module.cxf.MuleInvoker.invoke(MuleInvoker.java:80)
	at org.apache.cxf.interceptor.ServiceInvokerInterceptor$1.run(ServiceInvokerInterceptor.java:58)
	at java.util.concurrent.Executors$RunnableAdapter.call(Executors.java:441)
	at java.util.concurrent.FutureTask$Sync.innerRun(FutureTask.java:303)
	at java.util.concurrent.FutureTask.run(FutureTask.java:138)
	at org.apache.cxf.workqueue.SynchronousExecutor.execute(SynchronousExecutor.java:37)
	at org.apache.cxf.interceptor.ServiceInvokerInterceptor.handleMessage(ServiceInvokerInterceptor.java:106)
	at org.apache.cxf.phase.PhaseInterceptorChain.doIntercept(PhaseInterceptorChain.java:255)
	at org.apache.cxf.transport.ChainInitiationObserver.onMessage(ChainInitiationObserver.java:113)
	at org.mule.module.cxf.CxfInboundMessageProcessor.sendToDestination(CxfInboundMessageProcessor.java:288)
	at org.mule.module.cxf.CxfInboundMessageProcessor.process(CxfInboundMessageProcessor.java:129)
	at org.mule.module.cxf.config.FlowConfiguringMessageProcessor.process(FlowConfiguringMessageProcessor.java:50)
	at org.mule.processor.chain.DefaultMessageProcessorChain.doProcess(DefaultMessageProcessorChain.java:72)
	at org.mule.processor.chain.AbstractMessageProcessorChain.process(AbstractMessageProcessorChain.java:89)
	at org.mule.processor.AbstractInterceptingMessageProcessor.processNext(AbstractInterceptingMessageProcessor.java:81)
	at org.mule.processor.ExceptionHandlingMessageProcessor.process(ExceptionHandlingMessageProcessor.java:25)
	at org.mule.processor.chain.DefaultMessageProcessorChain.doProcess(DefaultMessageProcessorChain.java:72)
	at org.mule.processor.chain.AbstractMessageProcessorChain.process(AbstractMessageProcessorChain.java:89)
	at org.mule.processor.chain.InterceptingChainLifecycleWrapper.doProcess(InterceptingChainLifecycleWrapper.java:63)
	at org.mule.processor.chain.AbstractMessageProcessorChain.process(AbstractMessageProcessorChain.java:89)
	at org.mule.processor.chain.InterceptingChainLifecycleWrapper.process(InterceptingChainLifecycleWrapper.java:94)
	at org.mule.processor.chain.DefaultMessageProcessorChain.doProcess(DefaultMessageProcessorChain.java:72)
	at org.mule.processor.chain.AbstractMessageProcessorChain.process(AbstractMessageProcessorChain.java:89)
	at org.mule.processor.chain.InterceptingChainLifecycleWrapper.doProcess(InterceptingChainLifecycleWrapper.java:63)
	at org.mule.processor.chain.AbstractMessageProcessorChain.process(AbstractMessageProcessorChain.java:89)
	at org.mule.processor.chain.InterceptingChainLifecycleWrapper.process(InterceptingChainLifecycleWrapper.java:94)
	at org.mule.transport.AbstractMessageReceiver.routeMessage(AbstractMessageReceiver.java:185)
	at org.mule.transport.AbstractMessageReceiver.routeMessage(AbstractMessageReceiver.java:158)
	at org.mule.transport.AbstractMessageReceiver.routeMessage(AbstractMessageReceiver.java:145)
	at org.mule.transport.servlet.MuleReceiverServlet.routeMessage(MuleReceiverServlet.java:238)
	at org.mule.transport.servlet.MuleReceiverServlet.doAllMethods(MuleReceiverServlet.java:225)
	at org.mule.transport.servlet.MuleReceiverServlet.doPost(MuleReceiverServlet.java:175)
	at javax.servlet.http.HttpServlet.service(HttpServlet.java:727)
	at javax.servlet.http.HttpServlet.service(HttpServlet.java:820)
	at org.mortbay.jetty.servlet.ServletHolder.handle(ServletHolder.java:487)
	at org.mortbay.jetty.servlet.ServletHandler.handle(ServletHandler.java:362)
	at org.mortbay.jetty.servlet.SessionHandler.handle(SessionHandler.java:181)
	at org.mortbay.jetty.handler.ContextHandler.handle(ContextHandler.java:729)
	at org.mortbay.jetty.handler.HandlerWrapper.handle(HandlerWrapper.java:152)
	at org.mortbay.jetty.Server.handle(Server.java:324)
	at org.mortbay.jetty.HttpConnection.handleRequest(HttpConnection.java:505)
	at org.mortbay.jetty.HttpConnection$RequestHandler.content(HttpConnection.java:843)
	at org.mortbay.jetty.HttpParser.parseNext(HttpParser.java:729)
	at org.mortbay.jetty.HttpParser.parseAvailable(HttpParser.java:205)
	at org.mortbay.jetty.HttpConnection.handle(HttpConnection.java:380)
	at org.mortbay.jetty.bio.SocketConnector$Connection.run(SocketConnector.java:228)
	at org.mortbay.thread.QueuedThreadPool$PoolThread.run(QueuedThreadPool.java:488)
Caused by: java.io.IOException: Could not send message to Mule.
	at org.mule.module.cxf.transport.MuleUniversalConduit.dispatchMuleMessage(MuleUniversalConduit.java:285)
	at org.mule.module.cxf.transport.MuleUniversalConduit$2.handleMessage(MuleUniversalConduit.java:192)
	... 119 more
Caused by: org.mule.api.transport.DispatchException: Failed to route event via endpoint: DefaultOutboundEndpoint{endpointUri=http://localhost:8082/requestResponseWD310/services/soapservletToSoaphttpUsingJava-teststub/v1, connector=HttpConnector
{
  name=connector.http.mule.default
  lifecycle=start
  this=54861a09
  numberOfConcurrentTransactedReceivers=4
  createMultipleTransactedReceivers=true
  connected=true
  supportedProtocols=[http]
  serviceOverrides=&lt;none&gt;
}
,  name=&apos;endpoint.http.localhost.8082.requestResponseWD310.services.soapservletToSoaphttpUsingJava.teststub.v1&apos;, mep=REQUEST_RESPONSE, properties={}, transactionConfig=Transaction{factory=null, action=NEVER, timeout=0}, deleteUnacceptedMessages=false, initialState=started, responseTimeout=8000, endpointEncoding=UTF-8, disableTransportTransformer=false}. Message payload is of type: PostMethod
	at org.mule.transport.http.HttpClientMessageDispatcher.execute(HttpClientMessageDispatcher.java:152)
	at org.mule.transport.http.HttpClientMessageDispatcher.doSend(HttpClientMessageDispatcher.java:260)
	at org.mule.transport.AbstractMessageDispatcher.process(AbstractMessageDispatcher.java:80)
	at org.mule.transport.AbstractConnector$DispatcherMessageProcessor.process(AbstractConnector.java:2512)
	at org.mule.processor.chain.DefaultMessageProcessorChain.doProcess(DefaultMessageProcessorChain.java:72)
	at org.mule.processor.chain.AbstractMessageProcessorChain.process(AbstractMessageProcessorChain.java:89)
	at org.mule.processor.AbstractInterceptingMessageProcessor.processNext(AbstractInterceptingMessageProcessor.java:81)
	at org.mule.module.cxf.CxfOutboundMessageProcessor.processNext(CxfOutboundMessageProcessor.java:151)
	at org.mule.module.cxf.transport.MuleUniversalConduit.processNext(MuleUniversalConduit.java:350)
	at org.mule.module.cxf.transport.MuleUniversalConduit.dispatchMuleMessage(MuleUniversalConduit.java:250)
	... 120 more
Caused by: java.net.SocketTimeoutException: Read timed out
	at java.net.SocketInputStream.socketRead0(Native Method)
	at java.net.SocketInputStream.read(SocketInputStream.java:129)
	at java.io.BufferedInputStream.fill(BufferedInputStream.java:218)
	at java.io.BufferedInputStream.read(BufferedInputStream.java:237)
	at org.apache.commons.httpclient.HttpParser.readRawLine(HttpParser.java:78)
	at org.apache.commons.httpclient.HttpParser.readLine(HttpParser.java:106)
	at org.apache.commons.httpclient.HttpConnection.readLine(HttpConnection.java:1116)
	at org.apache.commons.httpclient.MultiThreadedHttpConnectionManager$HttpConnectionAdapter.readLine(MultiThreadedHttpConnectionManager.java:1413)
	at org.apache.commons.httpclient.HttpMethodBase.readStatusLine(HttpMethodBase.java:1973)
	at org.apache.commons.httpclient.HttpMethodBase.readResponse(HttpMethodBase.java:1735)
	at org.apache.commons.httpclient.HttpMethodBase.execute(HttpMethodBase.java:1098)
	at org.apache.commons.httpclient.HttpMethodDirector.executeWithRetry(HttpMethodDirector.java:398)
	at org.apache.commons.httpclient.HttpMethodDirector.executeMethod(HttpMethodDirector.java:171)
	at org.apache.commons.httpclient.HttpClient.executeMethod(HttpClient.java:397)
	at org.apache.commons.httpclient.HttpClient.executeMethod(HttpClient.java:346)
	at org.mule.transport.http.HttpClientMessageDispatcher.execute(HttpClientMessageDispatcher.java:145)
	... 129 more
2011-03-30 23:25:06,806 WARN  org.apache.cxf.common.logging.LogUtils - Interceptor for {urn:org.soitoolkit.refapps.sd.sample.wsdl:v1}sampleService has thrown exception, unwinding now
org.apache.cxf.interceptor.Fault: Failed to route event via endpoint: DefaultOutboundEndpoint{endpointUri=http://localhost:8082/requestResponseWD310/services/soapservletToSoaphttpUsingJava-teststub/v1, connector=HttpConnector
{
  name=connector.http.mule.default
  lifecycle=start
  this=54861a09
  numberOfConcurrentTransactedReceivers=4
  createMultipleTransactedReceivers=true
  connected=true
  supportedProtocols=[http]
  serviceOverrides=&lt;none&gt;
}
,  name=&apos;endpoint.http.localhost.8082.requestResponseWD310.services.soapservletToSoaphttpUsingJava.teststub.v1&apos;, mep=REQUEST_RESPONSE, properties={}, transactionConfig=Transaction{factory=null, action=NEVER, timeout=0}, deleteUnacceptedMessages=false, initialState=started, responseTimeout=8000, endpointEncoding=UTF-8, disableTransportTransformer=false}. Message payload is of type: PostMethod
	at org.mule.module.cxf.MuleInvoker.invoke(MuleInvoker.java:85)
	at org.apache.cxf.interceptor.ServiceInvokerInterceptor$1.run(ServiceInvokerInterceptor.java:58)
	at java.util.concurrent.Executors$RunnableAdapter.call(Executors.java:441)
	at java.util.concurrent.FutureTask$Sync.innerRun(FutureTask.java:303)
	at java.util.concurrent.FutureTask.run(FutureTask.java:138)
	at org.apache.cxf.workqueue.SynchronousExecutor.execute(SynchronousExecutor.java:37)
	at org.apache.cxf.interceptor.ServiceInvokerInterceptor.handleMessage(ServiceInvokerInterceptor.java:106)
	at org.apache.cxf.phase.PhaseInterceptorChain.doIntercept(PhaseInterceptorChain.java:255)
	at org.apache.cxf.transport.ChainInitiationObserver.onMessage(ChainInitiationObserver.java:113)
	at org.mule.module.cxf.CxfInboundMessageProcessor.sendToDestination(CxfInboundMessageProcessor.java:288)
	at org.mule.module.cxf.CxfInboundMessageProcessor.process(CxfInboundMessageProcessor.java:129)
	at org.mule.module.cxf.config.FlowConfiguringMessageProcessor.process(FlowConfiguringMessageProcessor.java:50)
	at org.mule.processor.chain.DefaultMessageProcessorChain.doProcess(DefaultMessageProcessorChain.java:72)
	at org.mule.processor.chain.AbstractMessageProcessorChain.process(AbstractMessageProcessorChain.java:89)
	at org.mule.processor.AbstractInterceptingMessageProcessor.processNext(AbstractInterceptingMessageProcessor.java:81)
	at org.mule.processor.ExceptionHandlingMessageProcessor.process(ExceptionHandlingMessageProcessor.java:25)
	at org.mule.processor.chain.DefaultMessageProcessorChain.doProcess(DefaultMessageProcessorChain.java:72)
	at org.mule.processor.chain.AbstractMessageProcessorChain.process(AbstractMessageProcessorChain.java:89)
	at org.mule.processor.chain.InterceptingChainLifecycleWrapper.doProcess(InterceptingChainLifecycleWrapper.java:63)
	at org.mule.processor.chain.AbstractMessageProcessorChain.process(AbstractMessageProcessorChain.java:89)
	at org.mule.processor.chain.InterceptingChainLifecycleWrapper.process(InterceptingChainLifecycleWrapper.java:94)
	at org.mule.processor.chain.DefaultMessageProcessorChain.doProcess(DefaultMessageProcessorChain.java:72)
	at org.mule.processor.chain.AbstractMessageProcessorChain.process(AbstractMessageProcessorChain.java:89)
	at org.mule.processor.chain.InterceptingChainLifecycleWrapper.doProcess(InterceptingChainLifecycleWrapper.java:63)
	at org.mule.processor.chain.AbstractMessageProcessorChain.process(AbstractMessageProcessorChain.java:89)
	at org.mule.processor.chain.InterceptingChainLifecycleWrapper.process(InterceptingChainLifecycleWrapper.java:94)
	at org.mule.transport.AbstractMessageReceiver.routeMessage(AbstractMessageReceiver.java:185)
	at org.mule.transport.AbstractMessageReceiver.routeMessage(AbstractMessageReceiver.java:158)
	at org.mule.transport.AbstractMessageReceiver.routeMessage(AbstractMessageReceiver.java:145)
	at org.mule.transport.servlet.MuleReceiverServlet.routeMessage(MuleReceiverServlet.java:238)
	at org.mule.transport.servlet.MuleReceiverServlet.doAllMethods(MuleReceiverServlet.java:225)
	at org.mule.transport.servlet.MuleReceiverServlet.doPost(MuleReceiverServlet.java:175)
	at javax.servlet.http.HttpServlet.service(HttpServlet.java:727)
	at javax.servlet.http.HttpServlet.service(HttpServlet.java:820)
	at org.mortbay.jetty.servlet.ServletHolder.handle(ServletHolder.java:487)
	at org.mortbay.jetty.servlet.ServletHandler.handle(ServletHandler.java:362)
	at org.mortbay.jetty.servlet.SessionHandler.handle(SessionHandler.java:181)
	at org.mortbay.jetty.handler.ContextHandler.handle(ContextHandler.java:729)
	at org.mortbay.jetty.handler.HandlerWrapper.handle(HandlerWrapper.java:152)
	at org.mortbay.jetty.Server.handle(Server.java:324)
	at org.mortbay.jetty.HttpConnection.handleRequest(HttpConnection.java:505)
	at org.mortbay.jetty.HttpConnection$RequestHandler.content(HttpConnection.java:843)
	at org.mortbay.jetty.HttpParser.parseNext(HttpParser.java:729)
	at org.mortbay.jetty.HttpParser.parseAvailable(HttpParser.java:205)
	at org.mortbay.jetty.HttpConnection.handle(HttpConnection.java:380)
	at org.mortbay.jetty.bio.SocketConnector$Connection.run(SocketConnector.java:228)
	at org.mortbay.thread.QueuedThreadPool$PoolThread.run(QueuedThreadPool.java:488)
Caused by: org.mule.api.routing.CouldNotRouteOutboundMessageException: Failed to route event via endpoint: DefaultOutboundEndpoint{endpointUri=http://localhost:8082/requestResponseWD310/services/soapservletToSoaphttpUsingJava-teststub/v1, connector=HttpConnector
{
  name=connector.http.mule.default
  lifecycle=start
  this=54861a09
  numberOfConcurrentTransactedReceivers=4
  createMultipleTransactedReceivers=true
  connected=true
  supportedProtocols=[http]
  serviceOverrides=&lt;none&gt;
}
,  name=&apos;endpoint.http.localhost.8082.requestResponseWD310.services.soapservletToSoaphttpUsingJava.teststub.v1&apos;, mep=REQUEST_RESPONSE, properties={}, transactionConfig=Transaction{factory=null, action=NEVER, timeout=0}, deleteUnacceptedMessages=false, initialState=started, responseTimeout=8000, endpointEncoding=UTF-8, disableTransportTransformer=false}. Message payload is of type: PostMethod
	at org.mule.routing.outbound.FilteringOutboundRouter.route(FilteringOutboundRouter.java:88)
	at org.mule.routing.outbound.OutboundPassThroughRouter.route(OutboundPassThroughRouter.java:71)
	at org.mule.routing.outbound.AbstractOutboundRouter$1.doInTransaction(AbstractOutboundRouter.java:103)
	at org.mule.routing.outbound.AbstractOutboundRouter$1.doInTransaction(AbstractOutboundRouter.java:100)
	at org.mule.transaction.TransactionTemplate.execute(TransactionTemplate.java:43)
	at org.mule.routing.outbound.AbstractOutboundRouter.process(AbstractOutboundRouter.java:108)
	at org.mule.routing.outbound.DefaultOutboundRouterCollection.process(DefaultOutboundRouterCollection.java:104)
	at org.mule.processor.chain.DefaultMessageProcessorChain.doProcess(DefaultMessageProcessorChain.java:72)
	at org.mule.processor.chain.AbstractMessageProcessorChain.process(AbstractMessageProcessorChain.java:89)
	at org.mule.processor.AbstractInterceptingMessageProcessor.processNext(AbstractInterceptingMessageProcessor.java:81)
	at org.mule.service.processor.ServiceOutboundMessageProcessor.process(ServiceOutboundMessageProcessor.java:71)
	at org.mule.processor.AbstractInterceptingMessageProcessor.processNext(AbstractInterceptingMessageProcessor.java:81)
	at org.mule.service.processor.ServiceInternalMessageProcessor.process(ServiceInternalMessageProcessor.java:57)
	at org.mule.processor.AbstractInterceptingMessageProcessor.processNext(AbstractInterceptingMessageProcessor.java:81)
	at org.mule.processor.AsyncInterceptingMessageProcessor.process(AsyncInterceptingMessageProcessor.java:101)
	at org.mule.processor.chain.DefaultMessageProcessorChain.doProcess(DefaultMessageProcessorChain.java:72)
	at org.mule.processor.chain.AbstractMessageProcessorChain.process(AbstractMessageProcessorChain.java:89)
	at org.mule.processor.AbstractInterceptingMessageProcessor.processNext(AbstractInterceptingMessageProcessor.java:81)
	at org.mule.interceptor.AbstractEnvelopeInterceptor.process(AbstractEnvelopeInterceptor.java:55)
	at org.mule.processor.AbstractInterceptingMessageProcessor.processNext(AbstractInterceptingMessageProcessor.java:81)
	at org.mule.lifecycle.processor.ProcessIfStartedWaitIfSyncPausedMessageProcessor.process(ProcessIfStartedWaitIfSyncPausedMessageProcessor.java:56)
	at org.mule.processor.chain.DefaultMessageProcessorChain.doProcess(DefaultMessageProcessorChain.java:72)
	at org.mule.processor.chain.AbstractMessageProcessorChain.process(AbstractMessageProcessorChain.java:89)
	at org.mule.processor.chain.InterceptingChainLifecycleWrapper.doProcess(InterceptingChainLifecycleWrapper.java:63)
	at org.mule.processor.chain.AbstractMessageProcessorChain.process(AbstractMessageProcessorChain.java:89)
	at org.mule.processor.chain.InterceptingChainLifecycleWrapper.process(InterceptingChainLifecycleWrapper.java:94)
	at org.mule.service.AbstractService$7.process(AbstractService.java:425)
	at org.mule.processor.AbstractInterceptingMessageProcessor.processNext(AbstractInterceptingMessageProcessor.java:81)
	at org.mule.service.ServiceCompositeMessageSource$1.process(ServiceCompositeMessageSource.java:124)
	at org.mule.processor.AbstractInterceptingMessageProcessor.processNext(AbstractInterceptingMessageProcessor.java:81)
	at org.mule.processor.StopFurtherMessageProcessingMessageProcessor.process(StopFurtherMessageProcessingMessageProcessor.java:23)
	at org.mule.processor.chain.DefaultMessageProcessorChain.doProcess(DefaultMessageProcessorChain.java:72)
	at org.mule.processor.chain.AbstractMessageProcessorChain.process(AbstractMessageProcessorChain.java:89)
	at org.mule.processor.chain.InterceptingChainLifecycleWrapper.doProcess(InterceptingChainLifecycleWrapper.java:63)
	at org.mule.processor.chain.AbstractMessageProcessorChain.process(AbstractMessageProcessorChain.java:89)
	at org.mule.processor.chain.InterceptingChainLifecycleWrapper.process(InterceptingChainLifecycleWrapper.java:94)
	at org.mule.source.StartableCompositeMessageSource$InternalMessageProcessor.process(StartableCompositeMessageSource.java:219)
	at org.mule.processor.chain.DefaultMessageProcessorChain.doProcess(DefaultMessageProcessorChain.java:72)
	at org.mule.processor.chain.AbstractMessageProcessorChain.process(AbstractMessageProcessorChain.java:89)
	at org.mule.processor.AbstractInterceptingMessageProcessor.processNext(AbstractInterceptingMessageProcessor.java:81)
	at org.mule.module.cxf.CxfInboundMessageProcessor.processNext(CxfInboundMessageProcessor.java:328)
	at org.mule.module.cxf.MuleInvoker.invoke(MuleInvoker.java:80)
	... 46 more
Caused by: org.mule.api.MessagingException: An exception occurred while invoking message processor &quot;DefaultMessageProcessorChain &apos;(inner iterating chain) of OutboundEndpoint &apos;http://localhost:8082/requestResponseWD310/services/soapservletToSoaphttpUsingJava-teststub/v1&apos; request chain&apos; 
[ 
  org.mule.endpoint.outbound.OutboundEventTimeoutMessageProcessor, 
  org.mule.endpoint.outbound.OutboundSessionHandlerMessageProcessor, 
  org.mule.endpoint.outbound.OutboundEndpointPropertyMessageProcessor, 
  org.mule.endpoint.outbound.OutboundResponsePropertiesMessageProcessor
]&quot; with transaction &quot;Transaction{factory=null, action=NEVER, timeout=0}&quot;.. Message payload is of type: PostMethod
	at org.mule.processor.TransactionalInterceptingMessageProcessor.process(TransactionalInterceptingMessageProcessor.java:63)
	at org.mule.processor.AbstractInterceptingMessageProcessor.processNext(AbstractInterceptingMessageProcessor.java:81)
	at org.mule.processor.AbstractFilteringMessageProcessor.process(AbstractFilteringMessageProcessor.java:41)
	at org.mule.processor.chain.DefaultMessageProcessorChain.doProcess(DefaultMessageProcessorChain.java:72)
	at org.mule.processor.chain.AbstractMessageProcessorChain.process(AbstractMessageProcessorChain.java:89)
	at org.mule.processor.chain.InterceptingChainLifecycleWrapper.doProcess(InterceptingChainLifecycleWrapper.java:63)
	at org.mule.processor.chain.AbstractMessageProcessorChain.process(AbstractMessageProcessorChain.java:89)
	at org.mule.processor.chain.InterceptingChainLifecycleWrapper.process(InterceptingChainLifecycleWrapper.java:94)
	at org.mule.processor.chain.DefaultMessageProcessorChain.doProcess(DefaultMessageProcessorChain.java:72)
	at org.mule.processor.chain.AbstractMessageProcessorChain.process(AbstractMessageProcessorChain.java:89)
	at org.mule.processor.chain.InterceptingChainLifecycleWrapper.doProcess(InterceptingChainLifecycleWrapper.java:63)
	at org.mule.processor.chain.AbstractMessageProcessorChain.process(AbstractMessageProcessorChain.java:89)
	at org.mule.processor.chain.InterceptingChainLifecycleWrapper.process(InterceptingChainLifecycleWrapper.java:94)
	at org.mule.endpoint.DefaultOutboundEndpoint.process(DefaultOutboundEndpoint.java:97)
	at org.mule.routing.outbound.AbstractOutboundRouter.sendRequestEvent(AbstractOutboundRouter.java:462)
	at org.mule.routing.outbound.AbstractOutboundRouter.sendRequest(AbstractOutboundRouter.java:168)
	at org.mule.routing.outbound.FilteringOutboundRouter.route(FilteringOutboundRouter.java:80)
	... 87 more
Caused by: org.mule.api.DefaultMuleException: Could not send message to Mule. (org.apache.cxf.interceptor.Fault)
	at org.mule.module.cxf.CxfOutboundMessageProcessor.process(CxfOutboundMessageProcessor.java:141)
	at org.mule.processor.chain.DefaultMessageProcessorChain.doProcess(DefaultMessageProcessorChain.java:72)
	at org.mule.processor.chain.AbstractMessageProcessorChain.process(AbstractMessageProcessorChain.java:89)
	at org.mule.processor.AbstractInterceptingMessageProcessor.processNext(AbstractInterceptingMessageProcessor.java:81)
	at org.mule.endpoint.outbound.OutboundResponsePropertiesMessageProcessor.process(OutboundResponsePropertiesMessageProcessor.java:39)
	at org.mule.processor.chain.DefaultMessageProcessorChain.doProcess(DefaultMessageProcessorChain.java:72)
	at org.mule.processor.chain.AbstractMessageProcessorChain.process(AbstractMessageProcessorChain.java:89)
	at org.mule.processor.AbstractInterceptingMessageProcessor.processNext(AbstractInterceptingMessageProcessor.java:81)
	at org.mule.processor.TransactionalInterceptingMessageProcessor$1.doInTransaction(TransactionalInterceptingMessageProcessor.java:49)
	at org.mule.processor.TransactionalInterceptingMessageProcessor$1.doInTransaction(TransactionalInterceptingMessageProcessor.java:46)
	at org.mule.transaction.TransactionTemplate.execute(TransactionTemplate.java:110)
	at org.mule.processor.TransactionalInterceptingMessageProcessor.process(TransactionalInterceptingMessageProcessor.java:55)
	... 103 more
Caused by: org.apache.cxf.interceptor.Fault: Could not send message to Mule.
	at org.mule.module.cxf.transport.MuleUniversalConduit$2.handleMessage(MuleUniversalConduit.java:196)
	at org.apache.cxf.phase.PhaseInterceptorChain.doIntercept(PhaseInterceptorChain.java:255)
	at org.apache.cxf.endpoint.ClientImpl.invoke(ClientImpl.java:516)
	at org.apache.cxf.endpoint.ClientImpl.invoke(ClientImpl.java:322)
	at org.mule.module.cxf.CxfOutboundMessageProcessor.doSendWithClient(CxfOutboundMessageProcessor.java:234)
	at org.mule.module.cxf.CxfOutboundMessageProcessor.process(CxfOutboundMessageProcessor.java:127)
	... 114 more
Caused by: java.io.IOException: Could not send message to Mule.
	at org.mule.module.cxf.transport.MuleUniversalConduit.dispatchMuleMessage(MuleUniversalConduit.java:285)
	at org.mule.module.cxf.transport.MuleUniversalConduit$2.handleMessage(MuleUniversalConduit.java:192)
	... 119 more
Caused by: org.mule.api.transport.DispatchException: Failed to route event via endpoint: DefaultOutboundEndpoint{endpointUri=http://localhost:8082/requestResponseWD310/services/soapservletToSoaphttpUsingJava-teststub/v1, connector=HttpConnector
{
  name=connector.http.mule.default
  lifecycle=start
  this=54861a09
  numberOfConcurrentTransactedReceivers=4
  createMultipleTransactedReceivers=true
  connected=true
  supportedProtocols=[http]
  serviceOverrides=&lt;none&gt;
}
,  name=&apos;endpoint.http.localhost.8082.requestResponseWD310.services.soapservletToSoaphttpUsingJava.teststub.v1&apos;, mep=REQUEST_RESPONSE, properties={}, transactionConfig=Transaction{factory=null, action=NEVER, timeout=0}, deleteUnacceptedMessages=false, initialState=started, responseTimeout=8000, endpointEncoding=UTF-8, disableTransportTransformer=false}. Message payload is of type: PostMethod
	at org.mule.transport.http.HttpClientMessageDispatcher.execute(HttpClientMessageDispatcher.java:152)
	at org.mule.transport.http.HttpClientMessageDispatcher.doSend(HttpClientMessageDispatcher.java:260)
	at org.mule.transport.AbstractMessageDispatcher.process(AbstractMessageDispatcher.java:80)
	at org.mule.transport.AbstractConnector$DispatcherMessageProcessor.process(AbstractConnector.java:2512)
	at org.mule.processor.chain.DefaultMessageProcessorChain.doProcess(DefaultMessageProcessorChain.java:72)
	at org.mule.processor.chain.AbstractMessageProcessorChain.process(AbstractMessageProcessorChain.java:89)
	at org.mule.processor.AbstractInterceptingMessageProcessor.processNext(AbstractInterceptingMessageProcessor.java:81)
	at org.mule.module.cxf.CxfOutboundMessageProcessor.processNext(CxfOutboundMessageProcessor.java:151)
	at org.mule.module.cxf.transport.MuleUniversalConduit.processNext(MuleUniversalConduit.java:350)
	at org.mule.module.cxf.transport.MuleUniversalConduit.dispatchMuleMessage(MuleUniversalConduit.java:250)
	... 120 more
Caused by: java.net.SocketTimeoutException: Read timed out
	at java.net.SocketInputStream.socketRead0(Native Method)
	at java.net.SocketInputStream.read(SocketInputStream.java:129)
	at java.io.BufferedInputStream.fill(BufferedInputStream.java:218)
	at java.io.BufferedInputStream.read(BufferedInputStream.java:237)
	at org.apache.commons.httpclient.HttpParser.readRawLine(HttpParser.java:78)
	at org.apache.commons.httpclient.HttpParser.readLine(HttpParser.java:106)
	at org.apache.commons.httpclient.HttpConnection.readLine(HttpConnection.java:1116)
	at org.apache.commons.httpclient.MultiThreadedHttpConnectionManager$HttpConnectionAdapter.readLine(MultiThreadedHttpConnectionManager.java:1413)
	at org.apache.commons.httpclient.HttpMethodBase.readStatusLine(HttpMethodBase.java:1973)
	at org.apache.commons.httpclient.HttpMethodBase.readResponse(HttpMethodBase.java:1735)
	at org.apache.commons.httpclient.HttpMethodBase.execute(HttpMethodBase.java:1098)
	at org.apache.commons.httpclient.HttpMethodDirector.executeWithRetry(HttpMethodDirector.java:398)
	at org.apache.commons.httpclient.HttpMethodDirector.executeMethod(HttpMethodDirector.java:171)
	at org.apache.commons.httpclient.HttpClient.executeMethod(HttpClient.java:397)
	at org.apache.commons.httpclient.HttpClient.executeMethod(HttpClient.java:346)
	at org.mule.transport.http.HttpClientMessageDispatcher.execute(HttpClientMessageDispatcher.java:145)
	... 129 more
2011-03-30 23:25:06,829 INFO  org.soitoolkit.commons.mule.log.EventLogger - soi-toolkit.log
** logEvent-info.start ***********************************************************
IntegrationScenarioId=
ContractId=
LogMessage=resp-out
ServiceImpl=soapservletToSoaphttpUsingJava-service
Host=10.0.1.2 (10.0.1.2)
ComponentId=requestResponseWD310
Endpoint=http://localhost:8082/requestResponseWD310/services/soapservletToSoaphttpUsingJava-teststub/v1
MessageId=2a46a116-5b14-11e0-aa91-895c9007b3b0
BusinessCorrelationId=
BusinessContextId=
ExtraInfo=
Payload=
** logEvent-info.end *************************************************************
2011-03-30 23:25:07,807 WARN  org.apache.cxf.common.logging.LogUtils - Interceptor for {http://soapservlettosoaphttpusingjava.requestresponsewd310.generator.tool.soitoolkit.org/}SoapservletToSoaphttpUsingJavaTestProducerService#{urn:org.soitoolkit.refapps.sd.sample.wsdl:v1}sample has thrown exception, unwinding now
org.apache.cxf.interceptor.Fault: Could not send Message.
	at org.apache.cxf.interceptor.MessageSenderInterceptor$MessageSenderEndingInterceptor.handleMessage(MessageSenderInterceptor.java:64)
	at org.apache.cxf.phase.PhaseInterceptorChain.doIntercept(PhaseInterceptorChain.java:255)
	at org.apache.cxf.phase.PhaseInterceptorChain.resume(PhaseInterceptorChain.java:224)
	at org.mule.module.cxf.CxfInboundMessageProcessor$1.write(CxfInboundMessageProcessor.java:364)
	at org.mule.transport.http.HttpServerConnection.writeResponse(HttpServerConnection.java:315)
	at org.mule.transport.http.HttpMessageReceiver$HttpWorker.run(HttpMessageReceiver.java:164)
	at org.mule.work.WorkerContext.run(WorkerContext.java:309)
	at edu.emory.mathcs.backport.java.util.concurrent.ThreadPoolExecutor.runWorker(ThreadPoolExecutor.java:1061)
	at edu.emory.mathcs.backport.java.util.concurrent.ThreadPoolExecutor$Worker.run(ThreadPoolExecutor.java:575)
	at java.lang.Thread.run(Thread.java:680)
Caused by: java.net.SocketException: Broken pipe
	at java.net.SocketOutputStream.socketWrite0(Native Method)
	at java.net.SocketOutputStream.socketWrite(SocketOutputStream.java:92)
	at java.net.SocketOutputStream.write(SocketOutputStream.java:136)
	at java.io.DataOutputStream.write(DataOutputStream.java:90)
	at org.apache.commons.httpclient.ChunkedOutputStream.flushCache(ChunkedOutputStream.java:99)
	at org.apache.commons.httpclient.ChunkedOutputStream.finish(ChunkedOutputStream.java:143)
	at org.apache.commons.httpclient.ChunkedOutputStream.close(ChunkedOutputStream.java:199)
	at org.mule.module.cxf.support.DelegatingOutputStream.close(DelegatingOutputStream.java:39)
	at org.mule.module.cxf.transport.MuleUniversalDestination$ResponseConduit.close(MuleUniversalDestination.java:81)
	at org.apache.cxf.interceptor.MessageSenderInterceptor$MessageSenderEndingInterceptor.handleMessage(MessageSenderInterceptor.java:62)
	... 9 more
2011-03-30 23:25:07,809 ERROR org.mule.exception.AbstractExceptionListener - Caught exception in Exception Strategy: Broken pipe
java.net.SocketException: Broken pipe
	at java.net.SocketOutputStream.socketWrite0(Native Method)
	at java.net.SocketOutputStream.socketWrite(SocketOutputStream.java:92)
	at java.net.SocketOutputStream.write(SocketOutputStream.java:136)
	at java.io.DataOutputStream.write(DataOutputStream.java:90)
	at org.apache.commons.httpclient.ChunkedOutputStream.flushCache(ChunkedOutputStream.java:99)
	at org.apache.commons.httpclient.ChunkedOutputStream.finish(ChunkedOutputStream.java:143)
	at org.mule.transport.http.HttpServerConnection.writeResponse(HttpServerConnection.java:319)
	at org.mule.transport.http.HttpMessageReceiver$HttpWorker.run(HttpMessageReceiver.java:164)
	at org.mule.work.WorkerContext.run(WorkerContext.java:309)
	at edu.emory.mathcs.backport.java.util.concurrent.ThreadPoolExecutor.runWorker(ThreadPoolExecutor.java:1061)
	at edu.emory.mathcs.backport.java.util.concurrent.ThreadPoolExecutor$Worker.run(ThreadPoolExecutor.java:575)
	at java.lang.Thread.run(Thread.java:680)
2011-03-30 23:25:09,068 INFO  org.mule.DefaultMuleContext    - 
**********************************************************************
* Mule Context shut down normally on: 2011-03-30 23:25               *
* Server was up for: 0 days, 0 hours, 0 mins, 12.85 sec              *
**********************************************************************
Tests run: 3, Failures: 0, Errors: 0, Skipped: 0, Time elapsed: 16.852 sec
Running org.soitoolkit.tool.generator.requestresponsewd310.soaphttptojmsusingjava.SoaphttpToJmsUsingJavaIntegrationTest
2011-03-30 23:25:09,083 INFO  org.soitoolkit.tool.generator.requestresponsewd310.RequestResponseWD310MuleServer - Non servlet URL: http://localhost:8081/requestResponseWD310/services/soaphttpToJmsUsingJava/v1
2011-03-30 23:25:09,084 INFO  org.soitoolkit.commons.mule.test.AbstractTestCase - Setting test timeout to (seconds): 120
2011-03-30 23:25:09,084 INFO  org.soitoolkit.commons.mule.test.AbstractTestCase - Setting test timeout to (seconds): 120
2011-03-30 23:25:09,084 INFO  org.soitoolkit.commons.mule.test.AbstractTestCase - Setting test timeout to (seconds): 120

================================================================================
= Testing: test_ok                                                             =
================================================================================
2011-03-30 23:25:09,090 INFO  org.springframework.beans.factory.xml.XmlBeanDefinitionReader - Loading XML bean definitions from URL [jar:file:/Users/magnuslarsson/.m2/repository/org/mule/modules/mule-module-spring-config/3.1.1/mule-module-spring-config-3.1.1.jar!/mule-spring-config.xml]
2011-03-30 23:25:09,109 INFO  org.springframework.beans.factory.xml.XmlBeanDefinitionReader - Loading XML bean definitions from URL [jar:file:/Users/magnuslarsson/.m2/repository/org/mule/modules/mule-module-spring-config/3.1.1/mule-module-spring-config-3.1.1.jar!/default-mule-config.xml]
2011-03-30 23:25:09,196 INFO  org.springframework.beans.factory.xml.XmlBeanDefinitionReader - Loading XML bean definitions from URL [jar:file:/Users/magnuslarsson/.m2/repository/org/soitoolkit/commons/components/soitoolkit-commons-mule/0.4.1-SNAPSHOT/soitoolkit-commons-mule-0.4.1-SNAPSHOT.jar!/soitoolkit-mule-jms-connector-activemq-embedded.xml]
2011-03-30 23:25:09,327 INFO  org.springframework.beans.factory.xml.XmlBeanDefinitionReader - Loading XML bean definitions from class path resource [soitoolkit-mule-jms-connector-commons.xml]
2011-03-30 23:25:09,405 INFO  org.springframework.beans.factory.xml.XmlBeanDefinitionReader - Loading XML bean definitions from URL [file:/Users/magnuslarsson/Documents/temp/_plugintests/jUnitTests/requestResponseWD310/trunk/requestResponseWD310-services/target/classes/requestResponseWD310-common.xml]
2011-03-30 23:25:09,490 INFO  org.springframework.beans.factory.xml.XmlBeanDefinitionReader - Loading XML bean definitions from URL [file:/Users/magnuslarsson/Documents/temp/_plugintests/jUnitTests/requestResponseWD310/trunk/requestResponseWD310-services/target/classes/services/soaphttpToJmsUsingJava-service.xml]
2011-03-30 23:25:09,580 INFO  org.springframework.beans.factory.xml.XmlBeanDefinitionReader - Loading XML bean definitions from URL [file:/Users/magnuslarsson/Documents/temp/_plugintests/jUnitTests/requestResponseWD310/trunk/requestResponseWD310-services/target/test-classes/teststub-services/soaphttpToJmsUsingJava-teststub-service.xml]
2011-03-30 23:25:09,659 INFO  org.springframework.core.io.support.PropertiesLoaderSupport - Loading properties file from class path resource [requestResponseWD310-security.properties]
2011-03-30 23:25:09,660 INFO  org.springframework.core.io.support.PropertiesLoaderSupport - Loading properties file from class path resource [requestResponseWD310-config.properties]
2011-03-30 23:25:09,660 INFO  org.springframework.core.io.support.PropertiesLoaderSupport - Loading properties file from URL [file:${app.home}/requestResponseWD310/config/requestResponseWD310-security.properties]
2011-03-30 23:25:09,661 WARN  org.springframework.core.io.support.PropertiesLoaderSupport - Could not load properties from URL [file:${app.home}/requestResponseWD310/config/requestResponseWD310-security.properties]: ${app.home}/requestResponseWD310/config/requestResponseWD310-security.properties (No such file or directory)
2011-03-30 23:25:09,661 INFO  org.springframework.core.io.support.PropertiesLoaderSupport - Loading properties file from URL [file:${app.home}/requestResponseWD310/config/requestResponseWD310-config.properties]
2011-03-30 23:25:09,661 WARN  org.springframework.core.io.support.PropertiesLoaderSupport - Could not load properties from URL [file:${app.home}/requestResponseWD310/config/requestResponseWD310-config.properties]: ${app.home}/requestResponseWD310/config/requestResponseWD310-config.properties (No such file or directory)
2011-03-30 23:25:10,007 INFO  org.mule.exception.AbstractExceptionListener - Initialising exception listener: org.soitoolkit.commons.mule.error.ServiceExceptionStrategy@7869cfe0
2011-03-30 23:25:10,054 WARN  org.mule.context.notification.Configuration - The notification listener subscription &quot;ListenerSubscriptionPair [listener=ObjectToStringTransformer{this=3dee2310, name=&apos;objToStr&apos;, ignoreBadInput=false, returnClass=SimpleDataType{type=java.lang.String, mimeType=&apos;text/plain&apos;}, sourceTypes=[SimpleDataType{type=java.lang.Object, mimeType=&apos;*/*&apos;}, SimpleDataType{type=[B, mimeType=&apos;*/*&apos;}, SimpleDataType{type=java.io.InputStream, mimeType=&apos;*/*&apos;}, SimpleDataType{type=org.mule.api.transport.OutputHandler, mimeType=&apos;*/*&apos;}]}, subscription=NULL]&quot; has already been registered
2011-03-30 23:25:10,054 WARN  org.mule.context.notification.Configuration - The notification listener subscription &quot;ListenerSubscriptionPair [listener=CreateSoapFaultIfExceptionTransformer{this=246fee3a, name=&apos;createSoapFaultIfException&apos;, ignoreBadInput=false, returnClass=SimpleDataType{type=java.lang.Object, mimeType=&apos;*/*&apos;}, sourceTypes=[]}, subscription=NULL]&quot; has already been registered
2011-03-30 23:25:10,209 WARN  org.mule.context.notification.Configuration - The notification listener subscription &quot;ListenerSubscriptionPair [listener=JMSMessageToObject{this=16dd6ae7, name=&apos;jmsToStr&apos;, ignoreBadInput=false, returnClass=SimpleDataType{type=java.lang.Object, mimeType=&apos;*/*&apos;}, sourceTypes=[SimpleDataType{type=javax.jms.Message, mimeType=&apos;*/*&apos;}, SimpleDataType{type=javax.jms.TextMessage, mimeType=&apos;*/*&apos;}, SimpleDataType{type=javax.jms.ObjectMessage, mimeType=&apos;*/*&apos;}, SimpleDataType{type=javax.jms.BytesMessage, mimeType=&apos;*/*&apos;}, SimpleDataType{type=javax.jms.MapMessage, mimeType=&apos;*/*&apos;}, SimpleDataType{type=javax.jms.StreamMessage, mimeType=&apos;*/*&apos;}]}, subscription=NULL]&quot; has already been registered
2011-03-30 23:25:10,215 WARN  org.mule.context.notification.Configuration - The notification listener subscription &quot;ListenerSubscriptionPair [listener=SoaphttpToJmsUsingJavaResponseTransformer{this=22956f6b, name=&apos;soaphttpToJmsUsingJavaResponseTransformer&apos;, ignoreBadInput=false, returnClass=SimpleDataType{type=java.lang.Object, mimeType=&apos;*/*&apos;}, sourceTypes=[]}, subscription=NULL]&quot; has already been registered
2011-03-30 23:25:10,240 WARN  org.mule.context.notification.Configuration - The notification listener subscription &quot;ListenerSubscriptionPair [listener=JMSMessageToObject{this=535bab52, name=&apos;jmsToStr&apos;, ignoreBadInput=false, returnClass=SimpleDataType{type=java.lang.Object, mimeType=&apos;*/*&apos;}, sourceTypes=[SimpleDataType{type=javax.jms.Message, mimeType=&apos;*/*&apos;}, SimpleDataType{type=javax.jms.TextMessage, mimeType=&apos;*/*&apos;}, SimpleDataType{type=javax.jms.ObjectMessage, mimeType=&apos;*/*&apos;}, SimpleDataType{type=javax.jms.BytesMessage, mimeType=&apos;*/*&apos;}, SimpleDataType{type=javax.jms.MapMessage, mimeType=&apos;*/*&apos;}, SimpleDataType{type=javax.jms.StreamMessage, mimeType=&apos;*/*&apos;}]}, subscription=NULL]&quot; has already been registered
2011-03-30 23:25:10,241 WARN  org.mule.context.notification.Configuration - The notification listener subscription &quot;ListenerSubscriptionPair [listener=ObjectToJMSMessageTransformer{this=27b4de03, name=&apos;strToJms&apos;, ignoreBadInput=false, returnClass=SimpleDataType{type=javax.jms.Message, mimeType=&apos;*/*&apos;}, sourceTypes=[]}, subscription=NULL]&quot; has already been registered
2011-03-30 23:25:10,263 INFO  org.mule.DefaultMuleContext    - 
**********************************************************************
* Mule ESB and Integration Platform                                  *
* Version: 3.1.1 Build: 21496                                        *
* MuleSoft, Inc.                                                     *
* For more information go to http://www.mulesoft.org                 *
*                                                                    *
* Server started: 2011-03-30 23:25                                   *
* Server ID: requestResponseWD310                                    *
* JDK: 1.6.0_24 (mixed mode)                                         *
* OS encoding: MacRoman, Mule encoding: UTF-8                        *
* OS: Mac OS X (10.6.7, x86_64)                                      *
* Host: MagnusMac-2.local (10.0.1.2)                                 *
* Mode: Development                                                  *
*                                                                    *
* Agents Running:                                                    *
*   JMX Agent                                                        *
**********************************************************************
2011-03-30 23:25:10,271 INFO  org.soitoolkit.commons.mule.test.AbstractJmsTestUtil - Clearing messages on queues: REQUESTRESPONSEWD310.SOAPHTTPTOJMSUSINGJAVA.REQUEST.QUEUE 
2011-03-30 23:25:10,373 INFO  org.soitoolkit.commons.mule.test.AbstractJmsTestUtil - Clearing messages on queues: REQUESTRESPONSEWD310.SOAPHTTPTOJMSUSINGJAVA.RESPONSE.QUEUE 
2011-03-30 23:25:10,474 INFO  org.soitoolkit.commons.mule.test.AbstractJmsTestUtil - Clearing messages on queues: SOITOOLKIT.LOG.ERROR 
2011-03-30 23:25:10,785 INFO  org.soitoolkit.commons.mule.log.EventLogger - soi-toolkit.log
** logEvent-info.start ***********************************************************
IntegrationScenarioId=
ContractId=
LogMessage=req-in
ServiceImpl=soaphttpToJmsUsingJava-service
Host=10.0.1.2 (10.0.1.2)
ComponentId=requestResponseWD310
Endpoint=http://localhost:8081/requestResponseWD310/services/soaphttpToJmsUsingJava/v1
MessageId=316b3d4e-5b14-11e0-aa91-895c9007b3b0
BusinessCorrelationId=
BusinessContextId=
ExtraInfo=
Payload=
** logEvent-info.end *************************************************************
2011-03-30 23:25:10,790 WARN  org.mule.context.notification.Configuration - The notification listener subscription &quot;ListenerSubscriptionPair [listener=SoaphttpToJmsUsingJavaRequestTransformer{this=50c8c3b8, name=&apos;soaphttpToJmsUsingJavaRequestTransformer&apos;, ignoreBadInput=false, returnClass=SimpleDataType{type=java.lang.Object, mimeType=&apos;*/*&apos;}, sourceTypes=[]}, subscription=NULL]&quot; has already been registered
2011-03-30 23:25:10,791 WARN  org.mule.context.notification.Configuration - The notification listener subscription &quot;ListenerSubscriptionPair [listener=ObjectToJMSMessageTransformer{this=2ca98e77, name=&apos;strToJms&apos;, ignoreBadInput=false, returnClass=SimpleDataType{type=javax.jms.Message, mimeType=&apos;*/*&apos;}, sourceTypes=[]}, subscription=NULL]&quot; has already been registered
2011-03-30 23:25:10,809 INFO  org.soitoolkit.commons.mule.log.EventLogger - soi-toolkit.log
** logEvent-info.start ***********************************************************
IntegrationScenarioId=
ContractId=
LogMessage=req-out
ServiceImpl=soaphttpToJmsUsingJava-service
Host=10.0.1.2 (10.0.1.2)
ComponentId=requestResponseWD310
Endpoint=jms://REQUESTRESPONSEWD310.SOAPHTTPTOJMSUSINGJAVA.REQUEST.QUEUE
MessageId=316b3d4e-5b14-11e0-aa91-895c9007b3b0
BusinessCorrelationId=
BusinessContextId=
ExtraInfo=
Payload=
** logEvent-info.end *************************************************************
2011-03-30 23:25:10,860 INFO  org.soitoolkit.tool.generator.requestresponsewd310.soaphttptojmsusingjava.SoaphttpToJmsUsingJavaTestProducer - SoaphttpToJmsUsingJavaTestProducer received the request: msg-0001-req,1234567890
2011-03-30 23:25:10,871 INFO  org.soitoolkit.commons.mule.log.EventLogger - soi-toolkit.log
** logEvent-info.start ***********************************************************
IntegrationScenarioId=
ContractId=
LogMessage=resp-in
ServiceImpl=soaphttpToJmsUsingJava-service
Host=10.0.1.2 (10.0.1.2)
ComponentId=requestResponseWD310
Endpoint=jms://REQUESTRESPONSEWD310.SOAPHTTPTOJMSUSINGJAVA.RESPONSE.QUEUE
MessageId=3179953a-5b14-11e0-aa91-895c9007b3b0
BusinessCorrelationId=
BusinessContextId=
ExtraInfo=
Payload=
** logEvent-info.end *************************************************************
2011-03-30 23:25:10,913 INFO  org.soitoolkit.commons.mule.log.EventLogger - soi-toolkit.log
** logEvent-info.start ***********************************************************
IntegrationScenarioId=
ContractId=
LogMessage=resp-out
ServiceImpl=soaphttpToJmsUsingJava-service
Host=10.0.1.2 (10.0.1.2)
ComponentId=requestResponseWD310
Endpoint=jms://REQUESTRESPONSEWD310.SOAPHTTPTOJMSUSINGJAVA.RESPONSE.QUEUE
MessageId=3179953a-5b14-11e0-aa91-895c9007b3b0
BusinessCorrelationId=
BusinessContextId=
ExtraInfo=
Payload=
** logEvent-info.end *************************************************************

================================================================================
= Testing: test_fault_invalidInput                                             =
================================================================================
2011-03-30 23:25:10,930 INFO  org.soitoolkit.commons.mule.test.AbstractJmsTestUtil - Clearing messages on queues: REQUESTRESPONSEWD310.SOAPHTTPTOJMSUSINGJAVA.REQUEST.QUEUE 
2011-03-30 23:25:11,031 INFO  org.soitoolkit.commons.mule.test.AbstractJmsTestUtil - Clearing messages on queues: REQUESTRESPONSEWD310.SOAPHTTPTOJMSUSINGJAVA.RESPONSE.QUEUE 
2011-03-30 23:25:11,132 INFO  org.soitoolkit.commons.mule.test.AbstractJmsTestUtil - Clearing messages on queues: SOITOOLKIT.LOG.ERROR 
2011-03-30 23:25:11,246 INFO  org.soitoolkit.commons.mule.log.EventLogger - soi-toolkit.log
** logEvent-info.start ***********************************************************
IntegrationScenarioId=
ContractId=
LogMessage=req-in
ServiceImpl=soaphttpToJmsUsingJava-service
Host=10.0.1.2 (10.0.1.2)
ComponentId=requestResponseWD310
Endpoint=http://localhost:8081/requestResponseWD310/services/soaphttpToJmsUsingJava/v1
MessageId=31b369ef-5b14-11e0-aa91-895c9007b3b0
BusinessCorrelationId=
BusinessContextId=
ExtraInfo=
Payload=
** logEvent-info.end *************************************************************
2011-03-30 23:25:11,252 INFO  org.soitoolkit.commons.mule.log.EventLogger - soi-toolkit.log
** logEvent-info.start ***********************************************************
IntegrationScenarioId=
ContractId=
LogMessage=req-out
ServiceImpl=soaphttpToJmsUsingJava-service
Host=10.0.1.2 (10.0.1.2)
ComponentId=requestResponseWD310
Endpoint=jms://REQUESTRESPONSEWD310.SOAPHTTPTOJMSUSINGJAVA.REQUEST.QUEUE
MessageId=31b369ef-5b14-11e0-aa91-895c9007b3b0
BusinessCorrelationId=
BusinessContextId=
ExtraInfo=
Payload=
** logEvent-info.end *************************************************************
2011-03-30 23:25:11,258 INFO  org.soitoolkit.tool.generator.requestresponsewd310.soaphttptojmsusingjava.SoaphttpToJmsUsingJavaTestProducer - SoaphttpToJmsUsingJavaTestProducer received the request: msg-0001-req,-1
2011-03-30 23:25:11,265 INFO  org.soitoolkit.commons.mule.log.EventLogger - soi-toolkit.log
** logEvent-info.start ***********************************************************
IntegrationScenarioId=
ContractId=
LogMessage=resp-in
ServiceImpl=soaphttpToJmsUsingJava-service
Host=10.0.1.2 (10.0.1.2)
ComponentId=requestResponseWD310
Endpoint=jms://REQUESTRESPONSEWD310.SOAPHTTPTOJMSUSINGJAVA.RESPONSE.QUEUE
MessageId=31b6773b-5b14-11e0-aa91-895c9007b3b0
BusinessCorrelationId=
BusinessContextId=
ExtraInfo=
Payload=
** logEvent-info.end *************************************************************
2011-03-30 23:25:11,271 INFO  org.soitoolkit.commons.mule.log.EventLogger - soi-toolkit.log
** logEvent-info.start ***********************************************************
IntegrationScenarioId=
ContractId=
LogMessage=resp-out
ServiceImpl=soaphttpToJmsUsingJava-service
Host=10.0.1.2 (10.0.1.2)
ComponentId=requestResponseWD310
Endpoint=jms://REQUESTRESPONSEWD310.SOAPHTTPTOJMSUSINGJAVA.RESPONSE.QUEUE
MessageId=31b6773b-5b14-11e0-aa91-895c9007b3b0
BusinessCorrelationId=
BusinessContextId=
ExtraInfo=
Payload=
** logEvent-info.end *************************************************************

================================================================================
= Testing: test_fault_timeout                                                  =
================================================================================
2011-03-30 23:25:11,278 INFO  org.soitoolkit.commons.mule.test.AbstractJmsTestUtil - Clearing messages on queues: REQUESTRESPONSEWD310.SOAPHTTPTOJMSUSINGJAVA.REQUEST.QUEUE 
2011-03-30 23:25:11,381 INFO  org.soitoolkit.commons.mule.test.AbstractJmsTestUtil - Clearing messages on queues: REQUESTRESPONSEWD310.SOAPHTTPTOJMSUSINGJAVA.RESPONSE.QUEUE 
2011-03-30 23:25:11,482 INFO  org.soitoolkit.commons.mule.test.AbstractJmsTestUtil - Clearing messages on queues: SOITOOLKIT.LOG.ERROR 
2011-03-30 23:25:11,596 INFO  org.soitoolkit.commons.mule.log.EventLogger - soi-toolkit.log
** logEvent-info.start ***********************************************************
IntegrationScenarioId=
ContractId=
LogMessage=req-in
ServiceImpl=soaphttpToJmsUsingJava-service
Host=10.0.1.2 (10.0.1.2)
ComponentId=requestResponseWD310
Endpoint=http://localhost:8081/requestResponseWD310/services/soaphttpToJmsUsingJava/v1
MessageId=31e8d1e0-5b14-11e0-aa91-895c9007b3b0
BusinessCorrelationId=
BusinessContextId=
ExtraInfo=
Payload=
** logEvent-info.end *************************************************************
2011-03-30 23:25:11,601 INFO  org.soitoolkit.commons.mule.log.EventLogger - soi-toolkit.log
** logEvent-info.start ***********************************************************
IntegrationScenarioId=
ContractId=
LogMessage=req-out
ServiceImpl=soaphttpToJmsUsingJava-service
Host=10.0.1.2 (10.0.1.2)
ComponentId=requestResponseWD310
Endpoint=jms://REQUESTRESPONSEWD310.SOAPHTTPTOJMSUSINGJAVA.REQUEST.QUEUE
MessageId=31e8d1e0-5b14-11e0-aa91-895c9007b3b0
BusinessCorrelationId=
BusinessContextId=
ExtraInfo=
Payload=
** logEvent-info.end *************************************************************
2011-03-30 23:25:11,608 INFO  org.soitoolkit.tool.generator.requestresponsewd310.soaphttptojmsusingjava.SoaphttpToJmsUsingJavaTestProducer - SoaphttpToJmsUsingJavaTestProducer received the request: msg-0001-req,0
2011-03-30 23:25:19,605 WARN  org.apache.cxf.common.logging.LogUtils - Interceptor for {urn:org.soitoolkit.refapps.sd.sample.wsdl:v1}sampleService has thrown exception, unwinding now
org.apache.cxf.interceptor.Fault: Response timed out (8000ms) waiting for message response id &quot;31e8d1e0-5b14-11e0-aa91-895c9007b3b0&quot; or this action was interrupted. Failed to route event via endpoint: null. Message payload is of type: String
	at org.mule.module.cxf.MuleInvoker.invoke(MuleInvoker.java:85)
	at org.apache.cxf.interceptor.ServiceInvokerInterceptor$1.run(ServiceInvokerInterceptor.java:58)
	at java.util.concurrent.Executors$RunnableAdapter.call(Executors.java:441)
	at java.util.concurrent.FutureTask$Sync.innerRun(FutureTask.java:303)
	at java.util.concurrent.FutureTask.run(FutureTask.java:138)
	at org.apache.cxf.workqueue.SynchronousExecutor.execute(SynchronousExecutor.java:37)
	at org.apache.cxf.interceptor.ServiceInvokerInterceptor.handleMessage(ServiceInvokerInterceptor.java:106)
	at org.apache.cxf.phase.PhaseInterceptorChain.doIntercept(PhaseInterceptorChain.java:255)
	at org.apache.cxf.transport.ChainInitiationObserver.onMessage(ChainInitiationObserver.java:113)
	at org.mule.module.cxf.CxfInboundMessageProcessor.sendToDestination(CxfInboundMessageProcessor.java:288)
	at org.mule.module.cxf.CxfInboundMessageProcessor.process(CxfInboundMessageProcessor.java:129)
	at org.mule.module.cxf.config.FlowConfiguringMessageProcessor.process(FlowConfiguringMessageProcessor.java:50)
	at org.mule.processor.chain.DefaultMessageProcessorChain.doProcess(DefaultMessageProcessorChain.java:72)
	at org.mule.processor.chain.AbstractMessageProcessorChain.process(AbstractMessageProcessorChain.java:89)
	at org.mule.processor.AbstractInterceptingMessageProcessor.processNext(AbstractInterceptingMessageProcessor.java:81)
	at org.mule.processor.ExceptionHandlingMessageProcessor.process(ExceptionHandlingMessageProcessor.java:25)
	at org.mule.processor.chain.DefaultMessageProcessorChain.doProcess(DefaultMessageProcessorChain.java:72)
	at org.mule.processor.chain.AbstractMessageProcessorChain.process(AbstractMessageProcessorChain.java:89)
	at org.mule.processor.chain.InterceptingChainLifecycleWrapper.doProcess(InterceptingChainLifecycleWrapper.java:63)
	at org.mule.processor.chain.AbstractMessageProcessorChain.process(AbstractMessageProcessorChain.java:89)
	at org.mule.processor.chain.InterceptingChainLifecycleWrapper.process(InterceptingChainLifecycleWrapper.java:94)
	at org.mule.processor.chain.DefaultMessageProcessorChain.doProcess(DefaultMessageProcessorChain.java:72)
	at org.mule.processor.chain.AbstractMessageProcessorChain.process(AbstractMessageProcessorChain.java:89)
	at org.mule.processor.chain.InterceptingChainLifecycleWrapper.doProcess(InterceptingChainLifecycleWrapper.java:63)
	at org.mule.processor.chain.AbstractMessageProcessorChain.process(AbstractMessageProcessorChain.java:89)
	at org.mule.processor.chain.InterceptingChainLifecycleWrapper.process(InterceptingChainLifecycleWrapper.java:94)
	at org.mule.transport.AbstractMessageReceiver.routeMessage(AbstractMessageReceiver.java:185)
	at org.mule.transport.AbstractMessageReceiver.routeMessage(AbstractMessageReceiver.java:158)
	at org.mule.transport.AbstractMessageReceiver.routeMessage(AbstractMessageReceiver.java:145)
	at org.mule.transport.http.HttpMessageReceiver$HttpWorker.doRequest(HttpMessageReceiver.java:247)
	at org.mule.transport.http.HttpMessageReceiver$HttpWorker.processRequest(HttpMessageReceiver.java:206)
	at org.mule.transport.http.HttpMessageReceiver$HttpWorker.run(HttpMessageReceiver.java:164)
	at org.mule.work.WorkerContext.run(WorkerContext.java:309)
	at edu.emory.mathcs.backport.java.util.concurrent.ThreadPoolExecutor.runWorker(ThreadPoolExecutor.java:1061)
	at edu.emory.mathcs.backport.java.util.concurrent.ThreadPoolExecutor$Worker.run(ThreadPoolExecutor.java:575)
	at java.lang.Thread.run(Thread.java:680)
Caused by: org.mule.api.routing.ResponseTimeoutException: Response timed out (8000ms) waiting for message response id &quot;31e8d1e0-5b14-11e0-aa91-895c9007b3b0&quot; or this action was interrupted. Failed to route event via endpoint: null. Message payload is of type: String
	at org.mule.routing.requestreply.AbstractAsyncRequestReplyRequester.receiveAsyncReply(AbstractAsyncRequestReplyRequester.java:186)
	at org.mule.routing.requestreply.AbstractAsyncRequestReplyRequester.process(AbstractAsyncRequestReplyRequester.java:68)
	at org.mule.processor.AbstractInterceptingMessageProcessor.processNext(AbstractInterceptingMessageProcessor.java:81)
	at org.mule.service.processor.ServiceInternalMessageProcessor.process(ServiceInternalMessageProcessor.java:57)
	at org.mule.processor.AbstractInterceptingMessageProcessor.processNext(AbstractInterceptingMessageProcessor.java:81)
	at org.mule.processor.AsyncInterceptingMessageProcessor.process(AsyncInterceptingMessageProcessor.java:101)
	at org.mule.processor.chain.DefaultMessageProcessorChain.doProcess(DefaultMessageProcessorChain.java:72)
	at org.mule.processor.chain.AbstractMessageProcessorChain.process(AbstractMessageProcessorChain.java:89)
	at org.mule.processor.AbstractInterceptingMessageProcessor.processNext(AbstractInterceptingMessageProcessor.java:81)
	at org.mule.interceptor.AbstractEnvelopeInterceptor.process(AbstractEnvelopeInterceptor.java:55)
	at org.mule.processor.AbstractInterceptingMessageProcessor.processNext(AbstractInterceptingMessageProcessor.java:81)
	at org.mule.lifecycle.processor.ProcessIfStartedWaitIfSyncPausedMessageProcessor.process(ProcessIfStartedWaitIfSyncPausedMessageProcessor.java:56)
	at org.mule.processor.chain.DefaultMessageProcessorChain.doProcess(DefaultMessageProcessorChain.java:72)
	at org.mule.processor.chain.AbstractMessageProcessorChain.process(AbstractMessageProcessorChain.java:89)
	at org.mule.processor.chain.InterceptingChainLifecycleWrapper.doProcess(InterceptingChainLifecycleWrapper.java:63)
	at org.mule.processor.chain.AbstractMessageProcessorChain.process(AbstractMessageProcessorChain.java:89)
	at org.mule.processor.chain.InterceptingChainLifecycleWrapper.process(InterceptingChainLifecycleWrapper.java:94)
	at org.mule.service.AbstractService$7.process(AbstractService.java:425)
	at org.mule.processor.AbstractInterceptingMessageProcessor.processNext(AbstractInterceptingMessageProcessor.java:81)
	at org.mule.service.ServiceCompositeMessageSource$1.process(ServiceCompositeMessageSource.java:124)
	at org.mule.processor.AbstractInterceptingMessageProcessor.processNext(AbstractInterceptingMessageProcessor.java:81)
	at org.mule.processor.StopFurtherMessageProcessingMessageProcessor.process(StopFurtherMessageProcessingMessageProcessor.java:23)
	at org.mule.processor.chain.DefaultMessageProcessorChain.doProcess(DefaultMessageProcessorChain.java:72)
	at org.mule.processor.chain.AbstractMessageProcessorChain.process(AbstractMessageProcessorChain.java:89)
	at org.mule.processor.chain.InterceptingChainLifecycleWrapper.doProcess(InterceptingChainLifecycleWrapper.java:63)
	at org.mule.processor.chain.AbstractMessageProcessorChain.process(AbstractMessageProcessorChain.java:89)
	at org.mule.processor.chain.InterceptingChainLifecycleWrapper.process(InterceptingChainLifecycleWrapper.java:94)
	at org.mule.source.StartableCompositeMessageSource$InternalMessageProcessor.process(StartableCompositeMessageSource.java:219)
	at org.mule.processor.chain.DefaultMessageProcessorChain.doProcess(DefaultMessageProcessorChain.java:72)
	at org.mule.processor.chain.AbstractMessageProcessorChain.process(AbstractMessageProcessorChain.java:89)
	at org.mule.processor.AbstractInterceptingMessageProcessor.processNext(AbstractInterceptingMessageProcessor.java:81)
	at org.mule.module.cxf.CxfInboundMessageProcessor.processNext(CxfInboundMessageProcessor.java:328)
	at org.mule.module.cxf.MuleInvoker.invoke(MuleInvoker.java:80)
	... 35 more
2011-03-30 23:25:19,609 INFO  org.soitoolkit.commons.mule.log.EventLogger - soi-toolkit.log
** logEvent-info.start ***********************************************************
IntegrationScenarioId=
ContractId=
LogMessage=resp-out
ServiceImpl=soaphttpToJmsUsingJava-service
Host=10.0.1.2 (10.0.1.2)
ComponentId=requestResponseWD310
Endpoint=jms://REQUESTRESPONSEWD310.SOAPHTTPTOJMSUSINGJAVA.REQUEST.QUEUE
MessageId=31e8d1e0-5b14-11e0-aa91-895c9007b3b0
BusinessCorrelationId=
BusinessContextId=
ExtraInfo=
Payload=
** logEvent-info.end *************************************************************
2011-03-30 23:25:20,614 INFO  org.soitoolkit.commons.mule.log.EventLogger - soi-toolkit.log
** logEvent-info.start ***********************************************************
IntegrationScenarioId=
ContractId=
LogMessage=resp-in
ServiceImpl=soaphttpToJmsUsingJava-service
Host=10.0.1.2 (10.0.1.2)
ComponentId=requestResponseWD310
Endpoint=jms://REQUESTRESPONSEWD310.SOAPHTTPTOJMSUSINGJAVA.RESPONSE.QUEUE
MessageId=3749029d-5b14-11e0-aa91-895c9007b3b0
BusinessCorrelationId=
BusinessContextId=
ExtraInfo=
Payload=
** logEvent-info.end *************************************************************
2011-03-30 23:25:22,018 INFO  org.mule.DefaultMuleContext    - 
**********************************************************************
* Mule Context shut down normally on: 2011-03-30 23:25               *
* Server was up for: 0 days, 0 hours, 0 mins, 11.991 sec             *
**********************************************************************
Tests run: 3, Failures: 0, Errors: 0, Skipped: 0, Time elapsed: 12.942 sec
Running org.soitoolkit.tool.generator.requestresponsewd310.soaphttptojmsusingjava.SoaphttpToJmsUsingJavaResponseTransformerTest
Tests run: 2, Failures: 0, Errors: 0, Skipped: 0, Time elapsed: 0.018 sec
Running org.soitoolkit.tool.generator.requestresponsewd310.soaphttptoresthttpusingjava.SoaphttpToResthttpUsingJavaIntegrationTest
2011-03-30 23:25:22,046 INFO  org.soitoolkit.tool.generator.requestresponsewd310.RequestResponseWD310MuleServer - Non servlet URL: http://localhost:8081/requestResponseWD310/services/soaphttpToResthttpUsingJava/v1
2011-03-30 23:25:22,046 INFO  org.soitoolkit.commons.mule.test.AbstractTestCase - Setting test timeout to (seconds): 120
2011-03-30 23:25:22,047 INFO  org.soitoolkit.commons.mule.test.AbstractTestCase - Setting test timeout to (seconds): 120
2011-03-30 23:25:22,047 INFO  org.soitoolkit.commons.mule.test.AbstractTestCase - Setting test timeout to (seconds): 120

================================================================================
= Testing: test_ok                                                             =
================================================================================
2011-03-30 23:25:22,053 INFO  org.springframework.beans.factory.xml.XmlBeanDefinitionReader - Loading XML bean definitions from URL [jar:file:/Users/magnuslarsson/.m2/repository/org/mule/modules/mule-module-spring-config/3.1.1/mule-module-spring-config-3.1.1.jar!/mule-spring-config.xml]
2011-03-30 23:25:22,072 INFO  org.springframework.beans.factory.xml.XmlBeanDefinitionReader - Loading XML bean definitions from URL [jar:file:/Users/magnuslarsson/.m2/repository/org/mule/modules/mule-module-spring-config/3.1.1/mule-module-spring-config-3.1.1.jar!/default-mule-config.xml]
2011-03-30 23:25:22,121 INFO  org.springframework.beans.factory.xml.XmlBeanDefinitionReader - Loading XML bean definitions from URL [jar:file:/Users/magnuslarsson/.m2/repository/org/soitoolkit/commons/components/soitoolkit-commons-mule/0.4.1-SNAPSHOT/soitoolkit-commons-mule-0.4.1-SNAPSHOT.jar!/soitoolkit-mule-jms-connector-activemq-embedded.xml]
2011-03-30 23:25:22,213 INFO  org.springframework.beans.factory.xml.XmlBeanDefinitionReader - Loading XML bean definitions from class path resource [soitoolkit-mule-jms-connector-commons.xml]
2011-03-30 23:25:22,282 INFO  org.springframework.beans.factory.xml.XmlBeanDefinitionReader - Loading XML bean definitions from URL [file:/Users/magnuslarsson/Documents/temp/_plugintests/jUnitTests/requestResponseWD310/trunk/requestResponseWD310-services/target/classes/requestResponseWD310-common.xml]
2011-03-30 23:25:22,347 INFO  org.springframework.beans.factory.xml.XmlBeanDefinitionReader - Loading XML bean definitions from URL [file:/Users/magnuslarsson/Documents/temp/_plugintests/jUnitTests/requestResponseWD310/trunk/requestResponseWD310-services/target/classes/services/soaphttpToResthttpUsingJava-service.xml]
2011-03-30 23:25:22,505 INFO  org.springframework.beans.factory.xml.XmlBeanDefinitionReader - Loading XML bean definitions from URL [file:/Users/magnuslarsson/Documents/temp/_plugintests/jUnitTests/requestResponseWD310/trunk/requestResponseWD310-services/target/test-classes/teststub-services/soaphttpToResthttpUsingJava-teststub-service.xml]
2011-03-30 23:25:22,562 INFO  org.springframework.core.io.support.PropertiesLoaderSupport - Loading properties file from class path resource [requestResponseWD310-security.properties]
2011-03-30 23:25:22,563 INFO  org.springframework.core.io.support.PropertiesLoaderSupport - Loading properties file from class path resource [requestResponseWD310-config.properties]
2011-03-30 23:25:22,563 INFO  org.springframework.core.io.support.PropertiesLoaderSupport - Loading properties file from URL [file:${app.home}/requestResponseWD310/config/requestResponseWD310-security.properties]
2011-03-30 23:25:22,564 WARN  org.springframework.core.io.support.PropertiesLoaderSupport - Could not load properties from URL [file:${app.home}/requestResponseWD310/config/requestResponseWD310-security.properties]: ${app.home}/requestResponseWD310/config/requestResponseWD310-security.properties (No such file or directory)
2011-03-30 23:25:22,564 INFO  org.springframework.core.io.support.PropertiesLoaderSupport - Loading properties file from URL [file:${app.home}/requestResponseWD310/config/requestResponseWD310-config.properties]
2011-03-30 23:25:22,564 WARN  org.springframework.core.io.support.PropertiesLoaderSupport - Could not load properties from URL [file:${app.home}/requestResponseWD310/config/requestResponseWD310-config.properties]: ${app.home}/requestResponseWD310/config/requestResponseWD310-config.properties (No such file or directory)
2011-mar-30 23:25:22 com.sun.jersey.server.impl.application.WebApplicationImpl _initiate
INFO: Initiating Jersey application, version &apos;Jersey: 1.3 06/17/2010 04:53 PM&apos;
2011-03-30 23:25:23,644 INFO  org.mule.exception.AbstractExceptionListener - Initialising exception listener: org.soitoolkit.commons.mule.error.ServiceExceptionStrategy@69b42301
2011-03-30 23:25:23,662 WARN  org.mule.context.notification.Configuration - The notification listener subscription &quot;ListenerSubscriptionPair [listener=ObjectToStringTransformer{this=67310bf, name=&apos;objToStr&apos;, ignoreBadInput=false, returnClass=SimpleDataType{type=java.lang.String, mimeType=&apos;text/plain&apos;}, sourceTypes=[SimpleDataType{type=java.lang.Object, mimeType=&apos;*/*&apos;}, SimpleDataType{type=[B, mimeType=&apos;*/*&apos;}, SimpleDataType{type=java.io.InputStream, mimeType=&apos;*/*&apos;}, SimpleDataType{type=org.mule.api.transport.OutputHandler, mimeType=&apos;*/*&apos;}]}, subscription=NULL]&quot; has already been registered
2011-03-30 23:25:23,663 WARN  org.mule.context.notification.Configuration - The notification listener subscription &quot;ListenerSubscriptionPair [listener=CreateSoapFaultIfExceptionTransformer{this=3d246f44, name=&apos;createSoapFaultIfException&apos;, ignoreBadInput=false, returnClass=SimpleDataType{type=java.lang.Object, mimeType=&apos;*/*&apos;}, sourceTypes=[]}, subscription=NULL]&quot; has already been registered
2011-03-30 23:25:23,801 INFO  org.mule.DefaultMuleContext    - 
**********************************************************************
* Mule ESB and Integration Platform                                  *
* Version: 3.1.1 Build: 21496                                        *
* MuleSoft, Inc.                                                     *
* For more information go to http://www.mulesoft.org                 *
*                                                                    *
* Server started: 2011-03-30 23:25                                   *
* Server ID: requestResponseWD310                                    *
* JDK: 1.6.0_24 (mixed mode)                                         *
* OS encoding: MacRoman, Mule encoding: UTF-8                        *
* OS: Mac OS X (10.6.7, x86_64)                                      *
* Host: MagnusMac-2.local (10.0.1.2)                                 *
* Mode: Development                                                  *
*                                                                    *
* Agents Running:                                                    *
*   JMX Agent                                                        *
**********************************************************************
2011-03-30 23:25:23,804 INFO  org.soitoolkit.commons.mule.test.AbstractJmsTestUtil - Clearing messages on queues: SOITOOLKIT.LOG.ERROR 
2011-03-30 23:25:24,050 INFO  org.soitoolkit.commons.mule.log.EventLogger - soi-toolkit.log
** logEvent-info.start ***********************************************************
IntegrationScenarioId=
ContractId=
LogMessage=req-in
ServiceImpl=soaphttpToResthttpUsingJava-service
Host=10.0.1.2 (10.0.1.2)
ComponentId=requestResponseWD310
Endpoint=http://localhost:8081/requestResponseWD310/services/soaphttpToResthttpUsingJava/v1
MessageId=3953edfc-5b14-11e0-aa91-895c9007b3b0
BusinessCorrelationId=
BusinessContextId=
ExtraInfo=
Payload=
** logEvent-info.end *************************************************************
2011-03-30 23:25:24,175 WARN  org.mule.context.notification.Configuration - The notification listener subscription &quot;ListenerSubscriptionPair [listener=SoaphttpToResthttpUsingJavaRequestTransformer{this=28268948, name=&apos;soaphttpToResthttpUsingJavaRequestTransformer&apos;, ignoreBadInput=false, returnClass=SimpleDataType{type=java.lang.Object, mimeType=&apos;*/*&apos;}, sourceTypes=[]}, subscription=NULL]&quot; has already been registered
2011-03-30 23:25:24,176 WARN  org.mule.context.notification.Configuration - The notification listener subscription &quot;ListenerSubscriptionPair [listener=ObjectToStringTransformer{this=500b3f4c, name=&apos;objToStr&apos;, ignoreBadInput=false, returnClass=SimpleDataType{type=java.lang.String, mimeType=&apos;text/plain&apos;}, sourceTypes=[SimpleDataType{type=java.lang.Object, mimeType=&apos;*/*&apos;}, SimpleDataType{type=[B, mimeType=&apos;*/*&apos;}, SimpleDataType{type=java.io.InputStream, mimeType=&apos;*/*&apos;}, SimpleDataType{type=org.mule.api.transport.OutputHandler, mimeType=&apos;*/*&apos;}]}, subscription=NULL]&quot; has already been registered
2011-03-30 23:25:24,176 WARN  org.mule.context.notification.Configuration - The notification listener subscription &quot;ListenerSubscriptionPair [listener=SoaphttpToResthttpUsingJavaResponseTransformer{this=464242a9, name=&apos;soaphttpToResthttpUsingJavaResponseTransformer&apos;, ignoreBadInput=false, returnClass=SimpleDataType{type=java.lang.Object, mimeType=&apos;*/*&apos;}, sourceTypes=[]}, subscription=NULL]&quot; has already been registered
2011-03-30 23:25:24,181 INFO  org.soitoolkit.commons.mule.log.EventLogger - soi-toolkit.log
** logEvent-info.start ***********************************************************
IntegrationScenarioId=
ContractId=
LogMessage=req-out
ServiceImpl=soaphttpToResthttpUsingJava-service
Host=10.0.1.2 (10.0.1.2)
ComponentId=requestResponseWD310
Endpoint=http://localhost:8082/requestResponseWD310/rest-teststub/sample/1234567890
MessageId=3953edfc-5b14-11e0-aa91-895c9007b3b0
BusinessCorrelationId=
BusinessContextId=
ExtraInfo=
Payload=
** logEvent-info.end *************************************************************
2011-03-30 23:25:24,246 INFO  org.soitoolkit.tool.generator.requestresponsewd310.soaphttptoresthttpusingjava.SoaphttpToResthttpUsingJavaTestProducer - SoaphttpToResthttpUsingJavaTestProducer received the request: 1234567890
2011-03-30 23:25:24,261 INFO  org.soitoolkit.commons.mule.log.EventLogger - soi-toolkit.log
** logEvent-info.start ***********************************************************
IntegrationScenarioId=
ContractId=
LogMessage=resp-in
ServiceImpl=soaphttpToResthttpUsingJava-service
Host=10.0.1.2 (10.0.1.2)
ComponentId=requestResponseWD310
Endpoint=http://localhost:8082/requestResponseWD310/rest-teststub/sample/1234567890
MessageId=3974e387-5b14-11e0-aa91-895c9007b3b0
BusinessCorrelationId=
BusinessContextId=
ExtraInfo=
Payload=
** logEvent-info.end *************************************************************
2011-03-30 23:25:24,316 INFO  org.soitoolkit.commons.mule.log.EventLogger - soi-toolkit.log
** logEvent-info.start ***********************************************************
IntegrationScenarioId=
ContractId=
LogMessage=resp-out
ServiceImpl=soaphttpToResthttpUsingJava-service
Host=10.0.1.2 (10.0.1.2)
ComponentId=requestResponseWD310
Endpoint=http://localhost:8082/requestResponseWD310/rest-teststub/sample/1234567890
MessageId=3974e387-5b14-11e0-aa91-895c9007b3b0
BusinessCorrelationId=
BusinessContextId=
ExtraInfo=
Payload=
** logEvent-info.end *************************************************************

================================================================================
= Testing: test_fault_invalidInput                                             =
================================================================================
2011-03-30 23:25:24,333 INFO  org.soitoolkit.commons.mule.test.AbstractJmsTestUtil - Clearing messages on queues: SOITOOLKIT.LOG.ERROR 
2011-03-30 23:25:24,459 INFO  org.soitoolkit.commons.mule.log.EventLogger - soi-toolkit.log
** logEvent-info.start ***********************************************************
IntegrationScenarioId=
ContractId=
LogMessage=req-in
ServiceImpl=soaphttpToResthttpUsingJava-service
Host=10.0.1.2 (10.0.1.2)
ComponentId=requestResponseWD310
Endpoint=http://localhost:8081/requestResponseWD310/services/soaphttpToResthttpUsingJava/v1
MessageId=3992a4b9-5b14-11e0-aa91-895c9007b3b0
BusinessCorrelationId=
BusinessContextId=
ExtraInfo=
Payload=
** logEvent-info.end *************************************************************
2011-03-30 23:25:24,467 INFO  org.soitoolkit.commons.mule.log.EventLogger - soi-toolkit.log
** logEvent-info.start ***********************************************************
IntegrationScenarioId=
ContractId=
LogMessage=req-out
ServiceImpl=soaphttpToResthttpUsingJava-service
Host=10.0.1.2 (10.0.1.2)
ComponentId=requestResponseWD310
Endpoint=http://localhost:8082/requestResponseWD310/rest-teststub/sample/-1
MessageId=3992a4b9-5b14-11e0-aa91-895c9007b3b0
BusinessCorrelationId=
BusinessContextId=
ExtraInfo=
Payload=
** logEvent-info.end *************************************************************
2011-03-30 23:25:24,478 INFO  org.soitoolkit.tool.generator.requestresponsewd310.soaphttptoresthttpusingjava.SoaphttpToResthttpUsingJavaTestProducer - SoaphttpToResthttpUsingJavaTestProducer received the request: -1
2011-mar-30 23:25:24 com.sun.jersey.spi.container.ContainerResponse mapMappableContainerException
ALLVARLIG: The RuntimeException could not be mapped to a response, re-throwing to the HTTP container
java.lang.RuntimeException: Invalid Id: -1
	at org.soitoolkit.tool.generator.requestresponsewd310.soaphttptoresthttpusingjava.SoaphttpToResthttpUsingJavaTestProducer.sample(SoaphttpToResthttpUsingJavaTestProducer.java:37)
	at sun.reflect.NativeMethodAccessorImpl.invoke0(Native Method)
	at sun.reflect.NativeMethodAccessorImpl.invoke(NativeMethodAccessorImpl.java:39)
	at sun.reflect.DelegatingMethodAccessorImpl.invoke(DelegatingMethodAccessorImpl.java:25)
	at java.lang.reflect.Method.invoke(Method.java:597)
	at com.sun.jersey.server.impl.model.method.dispatch.AbstractResourceMethodDispatchProvider$TypeOutInvoker._dispatch(AbstractResourceMethodDispatchProvider.java:165)
	at com.sun.jersey.server.impl.model.method.dispatch.ResourceJavaMethodDispatcher.dispatch(ResourceJavaMethodDispatcher.java:67)
	at com.sun.jersey.server.impl.uri.rules.HttpMethodRule.accept(HttpMethodRule.java:276)
	at com.sun.jersey.server.impl.uri.rules.RightHandPathRule.accept(RightHandPathRule.java:133)
	at com.sun.jersey.server.impl.uri.rules.ResourceClassRule.accept(ResourceClassRule.java:83)
	at com.sun.jersey.server.impl.uri.rules.RightHandPathRule.accept(RightHandPathRule.java:133)
	at com.sun.jersey.server.impl.uri.rules.RootResourceClassesRule.accept(RootResourceClassesRule.java:71)
	at com.sun.jersey.server.impl.application.WebApplicationImpl._handleRequest(WebApplicationImpl.java:1171)
	at com.sun.jersey.server.impl.application.WebApplicationImpl._handleRequest(WebApplicationImpl.java:1103)
	at com.sun.jersey.server.impl.application.WebApplicationImpl.handleRequest(WebApplicationImpl.java:1053)
	at org.mule.module.jersey.JerseyResourcesComponent.doInvoke(JerseyResourcesComponent.java:146)
	at org.mule.component.AbstractComponent.invokeInternal(AbstractComponent.java:120)
	at org.mule.component.AbstractComponent.access$000(AbstractComponent.java:56)
	at org.mule.component.AbstractComponent$1$1.process(AbstractComponent.java:234)
	at org.mule.processor.chain.DefaultMessageProcessorChain.doProcess(DefaultMessageProcessorChain.java:72)
	at org.mule.processor.chain.AbstractMessageProcessorChain.process(AbstractMessageProcessorChain.java:89)
	at org.mule.processor.chain.InterceptingChainLifecycleWrapper.doProcess(InterceptingChainLifecycleWrapper.java:63)
	at org.mule.processor.chain.AbstractMessageProcessorChain.process(AbstractMessageProcessorChain.java:89)
	at org.mule.processor.chain.InterceptingChainLifecycleWrapper.process(InterceptingChainLifecycleWrapper.java:94)
	at org.mule.component.AbstractComponent.process(AbstractComponent.java:154)
	at org.mule.processor.chain.DefaultMessageProcessorChain.doProcess(DefaultMessageProcessorChain.java:72)
	at org.mule.processor.chain.AbstractMessageProcessorChain.process(AbstractMessageProcessorChain.java:89)
	at org.mule.processor.AbstractInterceptingMessageProcessor.processNext(AbstractInterceptingMessageProcessor.java:81)
	at org.mule.interceptor.AbstractEnvelopeInterceptor.process(AbstractEnvelopeInterceptor.java:55)
	at org.mule.processor.AbstractInterceptingMessageProcessor.processNext(AbstractInterceptingMessageProcessor.java:81)
	at org.mule.interceptor.AbstractEnvelopeInterceptor.process(AbstractEnvelopeInterceptor.java:55)
	at org.mule.processor.chain.DefaultMessageProcessorChain.doProcess(DefaultMessageProcessorChain.java:72)
	at org.mule.processor.chain.AbstractMessageProcessorChain.process(AbstractMessageProcessorChain.java:89)
	at org.mule.processor.chain.InterceptingChainLifecycleWrapper.doProcess(InterceptingChainLifecycleWrapper.java:63)
	at org.mule.processor.chain.AbstractMessageProcessorChain.process(AbstractMessageProcessorChain.java:89)
	at org.mule.processor.chain.InterceptingChainLifecycleWrapper.process(InterceptingChainLifecycleWrapper.java:94)
	at org.mule.construct.AbstractFlowConstruct$1$1.process(AbstractFlowConstruct.java:107)
	at org.mule.processor.chain.DefaultMessageProcessorChain.doProcess(DefaultMessageProcessorChain.java:72)
	at org.mule.processor.chain.AbstractMessageProcessorChain.process(AbstractMessageProcessorChain.java:89)
	at org.mule.processor.AbstractInterceptingMessageProcessor.processNext(AbstractInterceptingMessageProcessor.java:81)
	at org.mule.processor.ExceptionHandlingMessageProcessor.process(ExceptionHandlingMessageProcessor.java:25)
	at org.mule.processor.chain.DefaultMessageProcessorChain.doProcess(DefaultMessageProcessorChain.java:72)
	at org.mule.processor.chain.AbstractMessageProcessorChain.process(AbstractMessageProcessorChain.java:89)
	at org.mule.processor.chain.InterceptingChainLifecycleWrapper.doProcess(InterceptingChainLifecycleWrapper.java:63)
	at org.mule.processor.chain.AbstractMessageProcessorChain.process(AbstractMessageProcessorChain.java:89)
	at org.mule.processor.chain.InterceptingChainLifecycleWrapper.process(InterceptingChainLifecycleWrapper.java:94)
	at org.mule.processor.chain.DefaultMessageProcessorChain.doProcess(DefaultMessageProcessorChain.java:72)
	at org.mule.processor.chain.AbstractMessageProcessorChain.process(AbstractMessageProcessorChain.java:89)
	at org.mule.processor.chain.InterceptingChainLifecycleWrapper.doProcess(InterceptingChainLifecycleWrapper.java:63)
	at org.mule.processor.chain.AbstractMessageProcessorChain.process(AbstractMessageProcessorChain.java:89)
	at org.mule.processor.chain.InterceptingChainLifecycleWrapper.process(InterceptingChainLifecycleWrapper.java:94)
	at org.mule.transport.AbstractMessageReceiver.routeMessage(AbstractMessageReceiver.java:185)
	at org.mule.transport.AbstractMessageReceiver.routeMessage(AbstractMessageReceiver.java:158)
	at org.mule.transport.AbstractMessageReceiver.routeMessage(AbstractMessageReceiver.java:145)
	at org.mule.transport.http.HttpMessageReceiver$HttpWorker.doRequest(HttpMessageReceiver.java:247)
	at org.mule.transport.http.HttpMessageReceiver$HttpWorker.processRequest(HttpMessageReceiver.java:206)
	at org.mule.transport.http.HttpMessageReceiver$HttpWorker.run(HttpMessageReceiver.java:164)
	at org.mule.work.WorkerContext.run(WorkerContext.java:309)
	at edu.emory.mathcs.backport.java.util.concurrent.ThreadPoolExecutor.runWorker(ThreadPoolExecutor.java:1061)
	at edu.emory.mathcs.backport.java.util.concurrent.ThreadPoolExecutor$Worker.run(ThreadPoolExecutor.java:575)
	at java.lang.Thread.run(Thread.java:680)
2011-03-30 23:25:24,494 ERROR org.mule.exception.AbstractExceptionListener - 
********************************************************************************
Message               : Failed to invoke JerseyResourcesComponent{soaphttpToResthttpUsingJava-teststub-service.commponent}. Component that caused exception is: JerseyResourcesComponent{soaphttpToResthttpUsingJava-teststub-service.commponent}. Message payload is of type: String
Code                  : MULE_ERROR--2
--------------------------------------------------------------------------------
Exception stack is:
1. Invalid Id: -1 (java.lang.RuntimeException)
  org.soitoolkit.tool.generator.requestresponsewd310.soaphttptoresthttpusingjava.SoaphttpToResthttpUsingJavaTestProducer:37 (null)
2. Failed to invoke JerseyResourcesComponent{soaphttpToResthttpUsingJava-teststub-service.commponent}. Component that caused exception is: JerseyResourcesComponent{soaphttpToResthttpUsingJava-teststub-service.commponent}. Message payload is of type: String (org.mule.component.ComponentException)
  org.mule.component.AbstractComponent:142 (http://www.mulesoft.org/docs/site/current3/apidocs/org/mule/component/ComponentException.html)
--------------------------------------------------------------------------------
Root Exception stack trace:
java.lang.RuntimeException: Invalid Id: -1
	at org.soitoolkit.tool.generator.requestresponsewd310.soaphttptoresthttpusingjava.SoaphttpToResthttpUsingJavaTestProducer.sample(SoaphttpToResthttpUsingJavaTestProducer.java:37)
	at sun.reflect.NativeMethodAccessorImpl.invoke0(Native Method)
	at sun.reflect.NativeMethodAccessorImpl.invoke(NativeMethodAccessorImpl.java:39)
    + 3 more (set debug level logging or &apos;-Dmule.verbose.exceptions=true&apos; for everything)
********************************************************************************

2011-03-30 23:25:24,502 WARN  org.apache.cxf.common.logging.LogUtils - Application {urn:org.soitoolkit.refapps.sd.sample.wsdl:v1}sampleService has thrown exception, unwinding now
org.apache.cxf.interceptor.Fault: Failed to route event via endpoint: org.mule.endpoint.DynamicOutboundEndpoint@39304e60. Message payload is of type: GetMethod
	at org.mule.module.cxf.MuleInvoker.invoke(MuleInvoker.java:118)
	at org.apache.cxf.interceptor.ServiceInvokerInterceptor$1.run(ServiceInvokerInterceptor.java:58)
	at java.util.concurrent.Executors$RunnableAdapter.call(Executors.java:441)
	at java.util.concurrent.FutureTask$Sync.innerRun(FutureTask.java:303)
	at java.util.concurrent.FutureTask.run(FutureTask.java:138)
	at org.apache.cxf.workqueue.SynchronousExecutor.execute(SynchronousExecutor.java:37)
	at org.apache.cxf.interceptor.ServiceInvokerInterceptor.handleMessage(ServiceInvokerInterceptor.java:106)
	at org.apache.cxf.phase.PhaseInterceptorChain.doIntercept(PhaseInterceptorChain.java:255)
	at org.apache.cxf.transport.ChainInitiationObserver.onMessage(ChainInitiationObserver.java:113)
	at org.mule.module.cxf.CxfInboundMessageProcessor.sendToDestination(CxfInboundMessageProcessor.java:288)
	at org.mule.module.cxf.CxfInboundMessageProcessor.process(CxfInboundMessageProcessor.java:129)
	at org.mule.module.cxf.config.FlowConfiguringMessageProcessor.process(FlowConfiguringMessageProcessor.java:50)
	at org.mule.processor.chain.DefaultMessageProcessorChain.doProcess(DefaultMessageProcessorChain.java:72)
	at org.mule.processor.chain.AbstractMessageProcessorChain.process(AbstractMessageProcessorChain.java:89)
	at org.mule.processor.AbstractInterceptingMessageProcessor.processNext(AbstractInterceptingMessageProcessor.java:81)
	at org.mule.processor.ExceptionHandlingMessageProcessor.process(ExceptionHandlingMessageProcessor.java:25)
	at org.mule.processor.chain.DefaultMessageProcessorChain.doProcess(DefaultMessageProcessorChain.java:72)
	at org.mule.processor.chain.AbstractMessageProcessorChain.process(AbstractMessageProcessorChain.java:89)
	at org.mule.processor.chain.InterceptingChainLifecycleWrapper.doProcess(InterceptingChainLifecycleWrapper.java:63)
	at org.mule.processor.chain.AbstractMessageProcessorChain.process(AbstractMessageProcessorChain.java:89)
	at org.mule.processor.chain.InterceptingChainLifecycleWrapper.process(InterceptingChainLifecycleWrapper.java:94)
	at org.mule.processor.chain.DefaultMessageProcessorChain.doProcess(DefaultMessageProcessorChain.java:72)
	at org.mule.processor.chain.AbstractMessageProcessorChain.process(AbstractMessageProcessorChain.java:89)
	at org.mule.processor.chain.InterceptingChainLifecycleWrapper.doProcess(InterceptingChainLifecycleWrapper.java:63)
	at org.mule.processor.chain.AbstractMessageProcessorChain.process(AbstractMessageProcessorChain.java:89)
	at org.mule.processor.chain.InterceptingChainLifecycleWrapper.process(InterceptingChainLifecycleWrapper.java:94)
	at org.mule.transport.AbstractMessageReceiver.routeMessage(AbstractMessageReceiver.java:185)
	at org.mule.transport.AbstractMessageReceiver.routeMessage(AbstractMessageReceiver.java:158)
	at org.mule.transport.AbstractMessageReceiver.routeMessage(AbstractMessageReceiver.java:145)
	at org.mule.transport.http.HttpMessageReceiver$HttpWorker.doRequest(HttpMessageReceiver.java:247)
	at org.mule.transport.http.HttpMessageReceiver$HttpWorker.processRequest(HttpMessageReceiver.java:206)
	at org.mule.transport.http.HttpMessageReceiver$HttpWorker.run(HttpMessageReceiver.java:164)
	at org.mule.work.WorkerContext.run(WorkerContext.java:309)
	at edu.emory.mathcs.backport.java.util.concurrent.ThreadPoolExecutor.runWorker(ThreadPoolExecutor.java:1061)
	at edu.emory.mathcs.backport.java.util.concurrent.ThreadPoolExecutor$Worker.run(ThreadPoolExecutor.java:575)
	at java.lang.Thread.run(Thread.java:680)
Caused by: org.mule.api.transport.DispatchException: Failed to route event via endpoint: org.mule.endpoint.DynamicOutboundEndpoint@39304e60. Message payload is of type: GetMethod
	at org.mule.transport.http.HttpClientMessageDispatcher.doSend(HttpClientMessageDispatcher.java:266)
	at org.mule.transport.AbstractMessageDispatcher.process(AbstractMessageDispatcher.java:80)
	at org.mule.transport.AbstractConnector$DispatcherMessageProcessor.process(AbstractConnector.java:2512)
	at org.mule.processor.chain.DefaultMessageProcessorChain.doProcess(DefaultMessageProcessorChain.java:72)
	at org.mule.processor.chain.AbstractMessageProcessorChain.process(AbstractMessageProcessorChain.java:89)
	at org.mule.processor.AbstractInterceptingMessageProcessor.processNext(AbstractInterceptingMessageProcessor.java:81)
	at org.mule.endpoint.outbound.OutboundResponsePropertiesMessageProcessor.process(OutboundResponsePropertiesMessageProcessor.java:39)
	at org.mule.processor.chain.DefaultMessageProcessorChain.doProcess(DefaultMessageProcessorChain.java:72)
	at org.mule.processor.chain.AbstractMessageProcessorChain.process(AbstractMessageProcessorChain.java:89)
	at org.mule.processor.AbstractInterceptingMessageProcessor.processNext(AbstractInterceptingMessageProcessor.java:81)
	at org.mule.processor.TransactionalInterceptingMessageProcessor$1.doInTransaction(TransactionalInterceptingMessageProcessor.java:49)
	at org.mule.processor.TransactionalInterceptingMessageProcessor$1.doInTransaction(TransactionalInterceptingMessageProcessor.java:46)
	at org.mule.transaction.TransactionTemplate.execute(TransactionTemplate.java:110)
	at org.mule.processor.TransactionalInterceptingMessageProcessor.process(TransactionalInterceptingMessageProcessor.java:55)
	at org.mule.processor.AbstractInterceptingMessageProcessor.processNext(AbstractInterceptingMessageProcessor.java:81)
	at org.mule.processor.AbstractFilteringMessageProcessor.process(AbstractFilteringMessageProcessor.java:41)
	at org.mule.processor.chain.DefaultMessageProcessorChain.doProcess(DefaultMessageProcessorChain.java:72)
	at org.mule.processor.chain.AbstractMessageProcessorChain.process(AbstractMessageProcessorChain.java:89)
	at org.mule.processor.chain.InterceptingChainLifecycleWrapper.doProcess(InterceptingChainLifecycleWrapper.java:63)
	at org.mule.processor.chain.AbstractMessageProcessorChain.process(AbstractMessageProcessorChain.java:89)
	at org.mule.processor.chain.InterceptingChainLifecycleWrapper.process(InterceptingChainLifecycleWrapper.java:94)
	at org.mule.processor.chain.DefaultMessageProcessorChain.doProcess(DefaultMessageProcessorChain.java:72)
	at org.mule.processor.chain.AbstractMessageProcessorChain.process(AbstractMessageProcessorChain.java:89)
	at org.mule.processor.chain.InterceptingChainLifecycleWrapper.doProcess(InterceptingChainLifecycleWrapper.java:63)
	at org.mule.processor.chain.AbstractMessageProcessorChain.process(AbstractMessageProcessorChain.java:89)
	at org.mule.processor.chain.InterceptingChainLifecycleWrapper.process(InterceptingChainLifecycleWrapper.java:94)
	at org.mule.endpoint.DefaultOutboundEndpoint.process(DefaultOutboundEndpoint.java:97)
	at org.mule.endpoint.DynamicURIOutboundEndpoint.process(DynamicURIOutboundEndpoint.java:267)
	at org.mule.endpoint.DynamicOutboundEndpoint.process(DynamicOutboundEndpoint.java:156)
	at org.mule.routing.outbound.AbstractOutboundRouter.sendRequestEvent(AbstractOutboundRouter.java:462)
	at org.mule.routing.outbound.AbstractOutboundRouter.sendRequest(AbstractOutboundRouter.java:168)
	at org.mule.routing.outbound.FilteringOutboundRouter.route(FilteringOutboundRouter.java:80)
	at org.mule.routing.outbound.OutboundPassThroughRouter.route(OutboundPassThroughRouter.java:71)
	at org.mule.routing.outbound.AbstractOutboundRouter$1.doInTransaction(AbstractOutboundRouter.java:103)
	at org.mule.routing.outbound.AbstractOutboundRouter$1.doInTransaction(AbstractOutboundRouter.java:100)
	at org.mule.transaction.TransactionTemplate.execute(TransactionTemplate.java:43)
	at org.mule.routing.outbound.AbstractOutboundRouter.process(AbstractOutboundRouter.java:108)
	at org.mule.routing.outbound.DefaultOutboundRouterCollection.process(DefaultOutboundRouterCollection.java:104)
	at org.mule.processor.chain.DefaultMessageProcessorChain.doProcess(DefaultMessageProcessorChain.java:72)
	at org.mule.processor.chain.AbstractMessageProcessorChain.process(AbstractMessageProcessorChain.java:89)
	at org.mule.processor.AbstractInterceptingMessageProcessor.processNext(AbstractInterceptingMessageProcessor.java:81)
	at org.mule.service.processor.ServiceOutboundMessageProcessor.process(ServiceOutboundMessageProcessor.java:71)
	at org.mule.processor.AbstractInterceptingMessageProcessor.processNext(AbstractInterceptingMessageProcessor.java:81)
	at org.mule.service.processor.ServiceInternalMessageProcessor.process(ServiceInternalMessageProcessor.java:57)
	at org.mule.processor.AbstractInterceptingMessageProcessor.processNext(AbstractInterceptingMessageProcessor.java:81)
	at org.mule.processor.AsyncInterceptingMessageProcessor.process(AsyncInterceptingMessageProcessor.java:101)
	at org.mule.processor.chain.DefaultMessageProcessorChain.doProcess(DefaultMessageProcessorChain.java:72)
	at org.mule.processor.chain.AbstractMessageProcessorChain.process(AbstractMessageProcessorChain.java:89)
	at org.mule.processor.AbstractInterceptingMessageProcessor.processNext(AbstractInterceptingMessageProcessor.java:81)
	at org.mule.interceptor.AbstractEnvelopeInterceptor.process(AbstractEnvelopeInterceptor.java:55)
	at org.mule.processor.AbstractInterceptingMessageProcessor.processNext(AbstractInterceptingMessageProcessor.java:81)
	at org.mule.lifecycle.processor.ProcessIfStartedWaitIfSyncPausedMessageProcessor.process(ProcessIfStartedWaitIfSyncPausedMessageProcessor.java:56)
	at org.mule.processor.chain.DefaultMessageProcessorChain.doProcess(DefaultMessageProcessorChain.java:72)
	at org.mule.processor.chain.AbstractMessageProcessorChain.process(AbstractMessageProcessorChain.java:89)
	at org.mule.processor.chain.InterceptingChainLifecycleWrapper.doProcess(InterceptingChainLifecycleWrapper.java:63)
	at org.mule.processor.chain.AbstractMessageProcessorChain.process(AbstractMessageProcessorChain.java:89)
	at org.mule.processor.chain.InterceptingChainLifecycleWrapper.process(InterceptingChainLifecycleWrapper.java:94)
	at org.mule.service.AbstractService$7.process(AbstractService.java:425)
	at org.mule.processor.AbstractInterceptingMessageProcessor.processNext(AbstractInterceptingMessageProcessor.java:81)
	at org.mule.service.ServiceCompositeMessageSource$1.process(ServiceCompositeMessageSource.java:124)
	at org.mule.processor.AbstractInterceptingMessageProcessor.processNext(AbstractInterceptingMessageProcessor.java:81)
	at org.mule.processor.StopFurtherMessageProcessingMessageProcessor.process(StopFurtherMessageProcessingMessageProcessor.java:23)
	at org.mule.processor.chain.DefaultMessageProcessorChain.doProcess(DefaultMessageProcessorChain.java:72)
	at org.mule.processor.chain.AbstractMessageProcessorChain.process(AbstractMessageProcessorChain.java:89)
	at org.mule.processor.chain.InterceptingChainLifecycleWrapper.doProcess(InterceptingChainLifecycleWrapper.java:63)
	at org.mule.processor.chain.AbstractMessageProcessorChain.process(AbstractMessageProcessorChain.java:89)
	at org.mule.processor.chain.InterceptingChainLifecycleWrapper.process(InterceptingChainLifecycleWrapper.java:94)
	at org.mule.source.StartableCompositeMessageSource$InternalMessageProcessor.process(StartableCompositeMessageSource.java:219)
	at org.mule.processor.chain.DefaultMessageProcessorChain.doProcess(DefaultMessageProcessorChain.java:72)
	at org.mule.processor.chain.AbstractMessageProcessorChain.process(AbstractMessageProcessorChain.java:89)
	at org.mule.processor.AbstractInterceptingMessageProcessor.processNext(AbstractInterceptingMessageProcessor.java:81)
	at org.mule.module.cxf.CxfInboundMessageProcessor.processNext(CxfInboundMessageProcessor.java:328)
	at org.mule.module.cxf.MuleInvoker.invoke(MuleInvoker.java:80)
	... 35 more
Caused by: org.mule.transport.http.HttpResponseException: Internal Server Error, code: 500
	at org.mule.transport.http.HttpClientMessageDispatcher.doSend(HttpClientMessageDispatcher.java:266)
	at org.mule.transport.AbstractMessageDispatcher.process(AbstractMessageDispatcher.java:80)
	at org.mule.transport.AbstractConnector$DispatcherMessageProcessor.process(AbstractConnector.java:2512)
	at org.mule.endpoint.outbound.OutboundResponsePropertiesMessageProcessor.process(OutboundResponsePropertiesMessageProcessor.java:39)
	at org.mule.processor.TransactionalInterceptingMessageProcessor$1.doInTransaction(TransactionalInterceptingMessageProcessor.java:49)
	at org.mule.processor.TransactionalInterceptingMessageProcessor$1.doInTransaction(TransactionalInterceptingMessageProcessor.java:46)
	at org.mule.transaction.TransactionTemplate.execute(TransactionTemplate.java:110)
	at org.mule.processor.TransactionalInterceptingMessageProcessor.process(TransactionalInterceptingMessageProcessor.java:55)
	at org.mule.processor.AbstractFilteringMessageProcessor.process(AbstractFilteringMessageProcessor.java:41)
	at org.mule.endpoint.DefaultOutboundEndpoint.process(DefaultOutboundEndpoint.java:97)
	at org.mule.endpoint.DynamicURIOutboundEndpoint.process(DynamicURIOutboundEndpoint.java:267)
	at org.mule.endpoint.DynamicOutboundEndpoint.process(DynamicOutboundEndpoint.java:156)
	at org.mule.routing.outbound.AbstractOutboundRouter.sendRequestEvent(AbstractOutboundRouter.java:462)
	at org.mule.routing.outbound.AbstractOutboundRouter.sendRequest(AbstractOutboundRouter.java:168)
	at org.mule.routing.outbound.FilteringOutboundRouter.route(FilteringOutboundRouter.java:80)
	at org.mule.routing.outbound.OutboundPassThroughRouter.route(OutboundPassThroughRouter.java:71)
	at org.mule.routing.outbound.AbstractOutboundRouter$1.doInTransaction(AbstractOutboundRouter.java:103)
	at org.mule.routing.outbound.AbstractOutboundRouter$1.doInTransaction(AbstractOutboundRouter.java:100)
	at org.mule.transaction.TransactionTemplate.execute(TransactionTemplate.java:43)
	at org.mule.routing.outbound.AbstractOutboundRouter.process(AbstractOutboundRouter.java:108)
	at org.mule.routing.outbound.DefaultOutboundRouterCollection.process(DefaultOutboundRouterCollection.java:104)
	at org.mule.service.processor.ServiceOutboundMessageProcessor.process(ServiceOutboundMessageProcessor.java:71)
	at org.mule.service.processor.ServiceInternalMessageProcessor.process(ServiceInternalMessageProcessor.java:57)
	at org.mule.processor.AsyncInterceptingMessageProcessor.process(AsyncInterceptingMessageProcessor.java:101)
	at org.mule.interceptor.AbstractEnvelopeInterceptor.process(AbstractEnvelopeInterceptor.java:55)
	at org.mule.lifecycle.processor.ProcessIfStartedWaitIfSyncPausedMessageProcessor.process(ProcessIfStartedWaitIfSyncPausedMessageProcessor.java:56)
	at org.mule.service.AbstractService$7.process(AbstractService.java:425)
	at org.mule.service.ServiceCompositeMessageSource$1.process(ServiceCompositeMessageSource.java:124)
	at org.mule.processor.StopFurtherMessageProcessingMessageProcessor.process(StopFurtherMessageProcessingMessageProcessor.java:23)
	at org.mule.source.StartableCompositeMessageSource$InternalMessageProcessor.process(StartableCompositeMessageSource.java:219)
	at org.mule.module.cxf.CxfInboundMessageProcessor.processNext(CxfInboundMessageProcessor.java:328)
	at org.mule.module.cxf.MuleInvoker.invoke(MuleInvoker.java:80)
	at org.apache.cxf.interceptor.ServiceInvokerInterceptor$1.run(ServiceInvokerInterceptor.java:58)
	at java.util.concurrent.Executors$RunnableAdapter.call(Executors.java:441)
	at java.util.concurrent.FutureTask$Sync.innerRun(FutureTask.java:303)
	at java.util.concurrent.FutureTask.run(FutureTask.java:138)
	at org.apache.cxf.workqueue.SynchronousExecutor.execute(SynchronousExecutor.java:37)
	at org.apache.cxf.interceptor.ServiceInvokerInterceptor.handleMessage(ServiceInvokerInterceptor.java:106)
	at org.apache.cxf.phase.PhaseInterceptorChain.doIntercept(PhaseInterceptorChain.java:255)
	at org.apache.cxf.transport.ChainInitiationObserver.onMessage(ChainInitiationObserver.java:113)
	at org.mule.module.cxf.CxfInboundMessageProcessor.sendToDestination(CxfInboundMessageProcessor.java:288)
	at org.mule.module.cxf.CxfInboundMessageProcessor.process(CxfInboundMessageProcessor.java:129)
	at org.mule.module.cxf.config.FlowConfiguringMessageProcessor.process(FlowConfiguringMessageProcessor.java:50)
	at org.mule.processor.ExceptionHandlingMessageProcessor.process(ExceptionHandlingMessageProcessor.java:25)
	... 10 more
2011-03-30 23:25:24,513 INFO  org.soitoolkit.commons.mule.log.EventLogger - soi-toolkit.log
** logEvent-info.start ***********************************************************
IntegrationScenarioId=
ContractId=
LogMessage=resp-out
ServiceImpl=soaphttpToResthttpUsingJava-service
Host=10.0.1.2 (10.0.1.2)
ComponentId=requestResponseWD310
Endpoint=http://localhost:8082/requestResponseWD310/rest-teststub/sample/-1
MessageId=399a45e5-5b14-11e0-aa91-895c9007b3b0
BusinessCorrelationId=
BusinessContextId=
ExtraInfo=
Payload=
** logEvent-info.end *************************************************************

================================================================================
= Testing: test_fault_timeout                                                  =
================================================================================
2011-03-30 23:25:24,530 INFO  org.soitoolkit.commons.mule.test.AbstractJmsTestUtil - Clearing messages on queues: SOITOOLKIT.LOG.ERROR 
2011-03-30 23:25:24,656 INFO  org.soitoolkit.commons.mule.log.EventLogger - soi-toolkit.log
** logEvent-info.start ***********************************************************
IntegrationScenarioId=
ContractId=
LogMessage=req-in
ServiceImpl=soaphttpToResthttpUsingJava-service
Host=10.0.1.2 (10.0.1.2)
ComponentId=requestResponseWD310
Endpoint=http://localhost:8081/requestResponseWD310/services/soaphttpToResthttpUsingJava/v1
MessageId=39b17767-5b14-11e0-aa91-895c9007b3b0
BusinessCorrelationId=
BusinessContextId=
ExtraInfo=
Payload=
** logEvent-info.end *************************************************************
2011-03-30 23:25:24,664 INFO  org.soitoolkit.commons.mule.log.EventLogger - soi-toolkit.log
** logEvent-info.start ***********************************************************
IntegrationScenarioId=
ContractId=
LogMessage=req-out
ServiceImpl=soaphttpToResthttpUsingJava-service
Host=10.0.1.2 (10.0.1.2)
ComponentId=requestResponseWD310
Endpoint=http://localhost:8082/requestResponseWD310/rest-teststub/sample/0
MessageId=39b17767-5b14-11e0-aa91-895c9007b3b0
BusinessCorrelationId=
BusinessContextId=
ExtraInfo=
Payload=
** logEvent-info.end *************************************************************
2011-03-30 23:25:24,671 INFO  org.soitoolkit.tool.generator.requestresponsewd310.soaphttptoresthttpusingjava.SoaphttpToResthttpUsingJavaTestProducer - SoaphttpToResthttpUsingJavaTestProducer received the request: 0
2011-03-30 23:25:32,669 WARN  org.apache.cxf.common.logging.LogUtils - Interceptor for {urn:org.soitoolkit.refapps.sd.sample.wsdl:v1}sampleService has thrown exception, unwinding now
org.apache.cxf.interceptor.Fault: Failed to route event via endpoint: org.mule.endpoint.DynamicOutboundEndpoint@39304e60. Message payload is of type: GetMethod
	at org.mule.module.cxf.MuleInvoker.invoke(MuleInvoker.java:85)
	at org.apache.cxf.interceptor.ServiceInvokerInterceptor$1.run(ServiceInvokerInterceptor.java:58)
	at java.util.concurrent.Executors$RunnableAdapter.call(Executors.java:441)
	at java.util.concurrent.FutureTask$Sync.innerRun(FutureTask.java:303)
	at java.util.concurrent.FutureTask.run(FutureTask.java:138)
	at org.apache.cxf.workqueue.SynchronousExecutor.execute(SynchronousExecutor.java:37)
	at org.apache.cxf.interceptor.ServiceInvokerInterceptor.handleMessage(ServiceInvokerInterceptor.java:106)
	at org.apache.cxf.phase.PhaseInterceptorChain.doIntercept(PhaseInterceptorChain.java:255)
	at org.apache.cxf.transport.ChainInitiationObserver.onMessage(ChainInitiationObserver.java:113)
	at org.mule.module.cxf.CxfInboundMessageProcessor.sendToDestination(CxfInboundMessageProcessor.java:288)
	at org.mule.module.cxf.CxfInboundMessageProcessor.process(CxfInboundMessageProcessor.java:129)
	at org.mule.module.cxf.config.FlowConfiguringMessageProcessor.process(FlowConfiguringMessageProcessor.java:50)
	at org.mule.processor.chain.DefaultMessageProcessorChain.doProcess(DefaultMessageProcessorChain.java:72)
	at org.mule.processor.chain.AbstractMessageProcessorChain.process(AbstractMessageProcessorChain.java:89)
	at org.mule.processor.AbstractInterceptingMessageProcessor.processNext(AbstractInterceptingMessageProcessor.java:81)
	at org.mule.processor.ExceptionHandlingMessageProcessor.process(ExceptionHandlingMessageProcessor.java:25)
	at org.mule.processor.chain.DefaultMessageProcessorChain.doProcess(DefaultMessageProcessorChain.java:72)
	at org.mule.processor.chain.AbstractMessageProcessorChain.process(AbstractMessageProcessorChain.java:89)
	at org.mule.processor.chain.InterceptingChainLifecycleWrapper.doProcess(InterceptingChainLifecycleWrapper.java:63)
	at org.mule.processor.chain.AbstractMessageProcessorChain.process(AbstractMessageProcessorChain.java:89)
	at org.mule.processor.chain.InterceptingChainLifecycleWrapper.process(InterceptingChainLifecycleWrapper.java:94)
	at org.mule.processor.chain.DefaultMessageProcessorChain.doProcess(DefaultMessageProcessorChain.java:72)
	at org.mule.processor.chain.AbstractMessageProcessorChain.process(AbstractMessageProcessorChain.java:89)
	at org.mule.processor.chain.InterceptingChainLifecycleWrapper.doProcess(InterceptingChainLifecycleWrapper.java:63)
	at org.mule.processor.chain.AbstractMessageProcessorChain.process(AbstractMessageProcessorChain.java:89)
	at org.mule.processor.chain.InterceptingChainLifecycleWrapper.process(InterceptingChainLifecycleWrapper.java:94)
	at org.mule.transport.AbstractMessageReceiver.routeMessage(AbstractMessageReceiver.java:185)
	at org.mule.transport.AbstractMessageReceiver.routeMessage(AbstractMessageReceiver.java:158)
	at org.mule.transport.AbstractMessageReceiver.routeMessage(AbstractMessageReceiver.java:145)
	at org.mule.transport.http.HttpMessageReceiver$HttpWorker.doRequest(HttpMessageReceiver.java:247)
	at org.mule.transport.http.HttpMessageReceiver$HttpWorker.processRequest(HttpMessageReceiver.java:206)
	at org.mule.transport.http.HttpMessageReceiver$HttpWorker.run(HttpMessageReceiver.java:164)
	at org.mule.work.WorkerContext.run(WorkerContext.java:309)
	at edu.emory.mathcs.backport.java.util.concurrent.ThreadPoolExecutor.runWorker(ThreadPoolExecutor.java:1061)
	at edu.emory.mathcs.backport.java.util.concurrent.ThreadPoolExecutor$Worker.run(ThreadPoolExecutor.java:575)
	at java.lang.Thread.run(Thread.java:680)
Caused by: org.mule.api.transport.DispatchException: Failed to route event via endpoint: org.mule.endpoint.DynamicOutboundEndpoint@39304e60. Message payload is of type: GetMethod
	at org.mule.transport.http.HttpClientMessageDispatcher.execute(HttpClientMessageDispatcher.java:152)
	at org.mule.transport.http.HttpClientMessageDispatcher.doSend(HttpClientMessageDispatcher.java:260)
	at org.mule.transport.AbstractMessageDispatcher.process(AbstractMessageDispatcher.java:80)
	at org.mule.transport.AbstractConnector$DispatcherMessageProcessor.process(AbstractConnector.java:2512)
	at org.mule.processor.chain.DefaultMessageProcessorChain.doProcess(DefaultMessageProcessorChain.java:72)
	at org.mule.processor.chain.AbstractMessageProcessorChain.process(AbstractMessageProcessorChain.java:89)
	at org.mule.processor.AbstractInterceptingMessageProcessor.processNext(AbstractInterceptingMessageProcessor.java:81)
	at org.mule.endpoint.outbound.OutboundResponsePropertiesMessageProcessor.process(OutboundResponsePropertiesMessageProcessor.java:39)
	at org.mule.processor.chain.DefaultMessageProcessorChain.doProcess(DefaultMessageProcessorChain.java:72)
	at org.mule.processor.chain.AbstractMessageProcessorChain.process(AbstractMessageProcessorChain.java:89)
	at org.mule.processor.AbstractInterceptingMessageProcessor.processNext(AbstractInterceptingMessageProcessor.java:81)
	at org.mule.processor.TransactionalInterceptingMessageProcessor$1.doInTransaction(TransactionalInterceptingMessageProcessor.java:49)
	at org.mule.processor.TransactionalInterceptingMessageProcessor$1.doInTransaction(TransactionalInterceptingMessageProcessor.java:46)
	at org.mule.transaction.TransactionTemplate.execute(TransactionTemplate.java:110)
	at org.mule.processor.TransactionalInterceptingMessageProcessor.process(TransactionalInterceptingMessageProcessor.java:55)
	at org.mule.processor.AbstractInterceptingMessageProcessor.processNext(AbstractInterceptingMessageProcessor.java:81)
	at org.mule.processor.AbstractFilteringMessageProcessor.process(AbstractFilteringMessageProcessor.java:41)
	at org.mule.processor.chain.DefaultMessageProcessorChain.doProcess(DefaultMessageProcessorChain.java:72)
	at org.mule.processor.chain.AbstractMessageProcessorChain.process(AbstractMessageProcessorChain.java:89)
	at org.mule.processor.chain.InterceptingChainLifecycleWrapper.doProcess(InterceptingChainLifecycleWrapper.java:63)
	at org.mule.processor.chain.AbstractMessageProcessorChain.process(AbstractMessageProcessorChain.java:89)
	at org.mule.processor.chain.InterceptingChainLifecycleWrapper.process(InterceptingChainLifecycleWrapper.java:94)
	at org.mule.processor.chain.DefaultMessageProcessorChain.doProcess(DefaultMessageProcessorChain.java:72)
	at org.mule.processor.chain.AbstractMessageProcessorChain.process(AbstractMessageProcessorChain.java:89)
	at org.mule.processor.chain.InterceptingChainLifecycleWrapper.doProcess(InterceptingChainLifecycleWrapper.java:63)
	at org.mule.processor.chain.AbstractMessageProcessorChain.process(AbstractMessageProcessorChain.java:89)
	at org.mule.processor.chain.InterceptingChainLifecycleWrapper.process(InterceptingChainLifecycleWrapper.java:94)
	at org.mule.endpoint.DefaultOutboundEndpoint.process(DefaultOutboundEndpoint.java:97)
	at org.mule.endpoint.DynamicURIOutboundEndpoint.process(DynamicURIOutboundEndpoint.java:267)
	at org.mule.endpoint.DynamicOutboundEndpoint.process(DynamicOutboundEndpoint.java:156)
	at org.mule.routing.outbound.AbstractOutboundRouter.sendRequestEvent(AbstractOutboundRouter.java:462)
	at org.mule.routing.outbound.AbstractOutboundRouter.sendRequest(AbstractOutboundRouter.java:168)
	at org.mule.routing.outbound.FilteringOutboundRouter.route(FilteringOutboundRouter.java:80)
	at org.mule.routing.outbound.OutboundPassThroughRouter.route(OutboundPassThroughRouter.java:71)
	at org.mule.routing.outbound.AbstractOutboundRouter$1.doInTransaction(AbstractOutboundRouter.java:103)
	at org.mule.routing.outbound.AbstractOutboundRouter$1.doInTransaction(AbstractOutboundRouter.java:100)
	at org.mule.transaction.TransactionTemplate.execute(TransactionTemplate.java:43)
	at org.mule.routing.outbound.AbstractOutboundRouter.process(AbstractOutboundRouter.java:108)
	at org.mule.routing.outbound.DefaultOutboundRouterCollection.process(DefaultOutboundRouterCollection.java:104)
	at org.mule.processor.chain.DefaultMessageProcessorChain.doProcess(DefaultMessageProcessorChain.java:72)
	at org.mule.processor.chain.AbstractMessageProcessorChain.process(AbstractMessageProcessorChain.java:89)
	at org.mule.processor.AbstractInterceptingMessageProcessor.processNext(AbstractInterceptingMessageProcessor.java:81)
	at org.mule.service.processor.ServiceOutboundMessageProcessor.process(ServiceOutboundMessageProcessor.java:71)
	at org.mule.processor.AbstractInterceptingMessageProcessor.processNext(AbstractInterceptingMessageProcessor.java:81)
	at org.mule.service.processor.ServiceInternalMessageProcessor.process(ServiceInternalMessageProcessor.java:57)
	at org.mule.processor.AbstractInterceptingMessageProcessor.processNext(AbstractInterceptingMessageProcessor.java:81)
	at org.mule.processor.AsyncInterceptingMessageProcessor.process(AsyncInterceptingMessageProcessor.java:101)
	at org.mule.processor.chain.DefaultMessageProcessorChain.doProcess(DefaultMessageProcessorChain.java:72)
	at org.mule.processor.chain.AbstractMessageProcessorChain.process(AbstractMessageProcessorChain.java:89)
	at org.mule.processor.AbstractInterceptingMessageProcessor.processNext(AbstractInterceptingMessageProcessor.java:81)
	at org.mule.interceptor.AbstractEnvelopeInterceptor.process(AbstractEnvelopeInterceptor.java:55)
	at org.mule.processor.AbstractInterceptingMessageProcessor.processNext(AbstractInterceptingMessageProcessor.java:81)
	at org.mule.lifecycle.processor.ProcessIfStartedWaitIfSyncPausedMessageProcessor.process(ProcessIfStartedWaitIfSyncPausedMessageProcessor.java:56)
	at org.mule.processor.chain.DefaultMessageProcessorChain.doProcess(DefaultMessageProcessorChain.java:72)
	at org.mule.processor.chain.AbstractMessageProcessorChain.process(AbstractMessageProcessorChain.java:89)
	at org.mule.processor.chain.InterceptingChainLifecycleWrapper.doProcess(InterceptingChainLifecycleWrapper.java:63)
	at org.mule.processor.chain.AbstractMessageProcessorChain.process(AbstractMessageProcessorChain.java:89)
	at org.mule.processor.chain.InterceptingChainLifecycleWrapper.process(InterceptingChainLifecycleWrapper.java:94)
	at org.mule.service.AbstractService$7.process(AbstractService.java:425)
	at org.mule.processor.AbstractInterceptingMessageProcessor.processNext(AbstractInterceptingMessageProcessor.java:81)
	at org.mule.service.ServiceCompositeMessageSource$1.process(ServiceCompositeMessageSource.java:124)
	at org.mule.processor.AbstractInterceptingMessageProcessor.processNext(AbstractInterceptingMessageProcessor.java:81)
	at org.mule.processor.StopFurtherMessageProcessingMessageProcessor.process(StopFurtherMessageProcessingMessageProcessor.java:23)
	at org.mule.processor.chain.DefaultMessageProcessorChain.doProcess(DefaultMessageProcessorChain.java:72)
	at org.mule.processor.chain.AbstractMessageProcessorChain.process(AbstractMessageProcessorChain.java:89)
	at org.mule.processor.chain.InterceptingChainLifecycleWrapper.doProcess(InterceptingChainLifecycleWrapper.java:63)
	at org.mule.processor.chain.AbstractMessageProcessorChain.process(AbstractMessageProcessorChain.java:89)
	at org.mule.processor.chain.InterceptingChainLifecycleWrapper.process(InterceptingChainLifecycleWrapper.java:94)
	at org.mule.source.StartableCompositeMessageSource$InternalMessageProcessor.process(StartableCompositeMessageSource.java:219)
	at org.mule.processor.chain.DefaultMessageProcessorChain.doProcess(DefaultMessageProcessorChain.java:72)
	at org.mule.processor.chain.AbstractMessageProcessorChain.process(AbstractMessageProcessorChain.java:89)
	at org.mule.processor.AbstractInterceptingMessageProcessor.processNext(AbstractInterceptingMessageProcessor.java:81)
	at org.mule.module.cxf.CxfInboundMessageProcessor.processNext(CxfInboundMessageProcessor.java:328)
	at org.mule.module.cxf.MuleInvoker.invoke(MuleInvoker.java:80)
	... 35 more
Caused by: java.net.SocketTimeoutException: Read timed out
	at java.net.SocketInputStream.socketRead0(Native Method)
	at java.net.SocketInputStream.read(SocketInputStream.java:129)
	at java.io.BufferedInputStream.fill(BufferedInputStream.java:218)
	at java.io.BufferedInputStream.read(BufferedInputStream.java:237)
	at org.apache.commons.httpclient.HttpParser.readRawLine(HttpParser.java:78)
	at org.apache.commons.httpclient.HttpParser.readLine(HttpParser.java:106)
	at org.apache.commons.httpclient.HttpConnection.readLine(HttpConnection.java:1116)
	at org.apache.commons.httpclient.MultiThreadedHttpConnectionManager$HttpConnectionAdapter.readLine(MultiThreadedHttpConnectionManager.java:1413)
	at org.apache.commons.httpclient.HttpMethodBase.readStatusLine(HttpMethodBase.java:1973)
	at org.apache.commons.httpclient.HttpMethodBase.readResponse(HttpMethodBase.java:1735)
	at org.apache.commons.httpclient.HttpMethodBase.execute(HttpMethodBase.java:1098)
	at org.apache.commons.httpclient.HttpMethodDirector.executeWithRetry(HttpMethodDirector.java:398)
	at org.apache.commons.httpclient.HttpMethodDirector.executeMethod(HttpMethodDirector.java:171)
	at org.apache.commons.httpclient.HttpClient.executeMethod(HttpClient.java:397)
	at org.apache.commons.httpclient.HttpClient.executeMethod(HttpClient.java:346)
	at org.mule.transport.http.HttpClientMessageDispatcher.execute(HttpClientMessageDispatcher.java:145)
	... 108 more
2011-03-30 23:25:32,676 INFO  org.soitoolkit.commons.mule.log.EventLogger - soi-toolkit.log
** logEvent-info.start ***********************************************************
IntegrationScenarioId=
ContractId=
LogMessage=resp-out
ServiceImpl=soaphttpToResthttpUsingJava-service
Host=10.0.1.2 (10.0.1.2)
ComponentId=requestResponseWD310
Endpoint=http://localhost:8082/requestResponseWD310/rest-teststub/sample/0
MessageId=39b17767-5b14-11e0-aa91-895c9007b3b0
BusinessCorrelationId=
BusinessContextId=
ExtraInfo=
Payload=
** logEvent-info.end *************************************************************
2011-03-30 23:25:33,675 ERROR org.mule.exception.AbstractExceptionListener - Caught exception in Exception Strategy: Broken pipe
java.net.SocketException: Broken pipe
	at java.net.SocketOutputStream.socketWrite0(Native Method)
	at java.net.SocketOutputStream.socketWrite(SocketOutputStream.java:92)
	at java.net.SocketOutputStream.write(SocketOutputStream.java:136)
	at java.io.DataOutputStream.write(DataOutputStream.java:90)
	at org.apache.commons.httpclient.ChunkedOutputStream.flushCache(ChunkedOutputStream.java:99)
	at org.apache.commons.httpclient.ChunkedOutputStream.finish(ChunkedOutputStream.java:143)
	at org.mule.transport.http.HttpServerConnection.writeResponse(HttpServerConnection.java:319)
	at org.mule.transport.http.HttpMessageReceiver$HttpWorker.run(HttpMessageReceiver.java:164)
	at org.mule.work.WorkerContext.run(WorkerContext.java:309)
	at edu.emory.mathcs.backport.java.util.concurrent.ThreadPoolExecutor.runWorker(ThreadPoolExecutor.java:1061)
	at edu.emory.mathcs.backport.java.util.concurrent.ThreadPoolExecutor$Worker.run(ThreadPoolExecutor.java:575)
	at java.lang.Thread.run(Thread.java:680)
2011-03-30 23:25:35,081 INFO  org.mule.DefaultMuleContext    - 
**********************************************************************
* Mule Context shut down normally on: 2011-03-30 23:25               *
* Server was up for: 0 days, 0 hours, 0 mins, 11.436 sec             *
**********************************************************************
Tests run: 3, Failures: 0, Errors: 0, Skipped: 0, Time elapsed: 13.041 sec
Running org.soitoolkit.tool.generator.requestresponsewd310.soapservlettoresthttpusingjava.SoapservletToResthttpUsingJavaIntegrationTest
2011-03-30 23:25:35,087 INFO  org.soitoolkit.tool.generator.requestresponsewd310.RequestResponseWD310MuleServer - Servlet URL: http://localhost:8080/requestResponseWD310/services/soapservletToResthttpUsingJava/v1
2011-03-30 23:25:35,088 INFO  org.soitoolkit.commons.mule.test.AbstractTestCase - Setting test timeout to (seconds): 120
2011-03-30 23:25:35,088 INFO  org.soitoolkit.commons.mule.test.AbstractTestCase - Setting test timeout to (seconds): 120
2011-03-30 23:25:35,088 INFO  org.soitoolkit.commons.mule.test.AbstractTestCase - Setting test timeout to (seconds): 120

================================================================================
= Testing: test_ok                                                             =
================================================================================
2011-03-30 23:25:35,095 INFO  org.springframework.beans.factory.xml.XmlBeanDefinitionReader - Loading XML bean definitions from URL [jar:file:/Users/magnuslarsson/.m2/repository/org/mule/modules/mule-module-spring-config/3.1.1/mule-module-spring-config-3.1.1.jar!/mule-spring-config.xml]
2011-03-30 23:25:35,116 INFO  org.springframework.beans.factory.xml.XmlBeanDefinitionReader - Loading XML bean definitions from URL [jar:file:/Users/magnuslarsson/.m2/repository/org/mule/modules/mule-module-spring-config/3.1.1/mule-module-spring-config-3.1.1.jar!/default-mule-config.xml]
2011-03-30 23:25:35,185 INFO  org.springframework.beans.factory.xml.XmlBeanDefinitionReader - Loading XML bean definitions from URL [jar:file:/Users/magnuslarsson/.m2/repository/org/soitoolkit/commons/components/soitoolkit-commons-mule/0.4.1-SNAPSHOT/soitoolkit-commons-mule-0.4.1-SNAPSHOT.jar!/soitoolkit-mule-jms-connector-activemq-embedded.xml]
2011-03-30 23:25:35,301 INFO  org.springframework.beans.factory.xml.XmlBeanDefinitionReader - Loading XML bean definitions from class path resource [soitoolkit-mule-jms-connector-commons.xml]
2011-03-30 23:25:35,369 INFO  org.springframework.beans.factory.xml.XmlBeanDefinitionReader - Loading XML bean definitions from URL [file:/Users/magnuslarsson/Documents/temp/_plugintests/jUnitTests/requestResponseWD310/trunk/requestResponseWD310-services/target/classes/requestResponseWD310-common.xml]
2011-03-30 23:25:35,434 INFO  org.springframework.beans.factory.xml.XmlBeanDefinitionReader - Loading XML bean definitions from URL [file:/Users/magnuslarsson/Documents/temp/_plugintests/jUnitTests/requestResponseWD310/trunk/requestResponseWD310-services/target/classes/services/soapservletToResthttpUsingJava-service.xml]
2011-03-30 23:25:35,512 INFO  org.springframework.beans.factory.xml.XmlBeanDefinitionReader - Loading XML bean definitions from URL [file:/Users/magnuslarsson/Documents/temp/_plugintests/jUnitTests/requestResponseWD310/trunk/requestResponseWD310-services/target/test-classes/teststub-services/soapservletToResthttpUsingJava-teststub-service.xml]
2011-03-30 23:25:35,569 INFO  org.springframework.core.io.support.PropertiesLoaderSupport - Loading properties file from class path resource [requestResponseWD310-security.properties]
2011-03-30 23:25:35,570 INFO  org.springframework.core.io.support.PropertiesLoaderSupport - Loading properties file from class path resource [requestResponseWD310-config.properties]
2011-03-30 23:25:35,570 INFO  org.springframework.core.io.support.PropertiesLoaderSupport - Loading properties file from URL [file:${app.home}/requestResponseWD310/config/requestResponseWD310-security.properties]
2011-03-30 23:25:35,570 WARN  org.springframework.core.io.support.PropertiesLoaderSupport - Could not load properties from URL [file:${app.home}/requestResponseWD310/config/requestResponseWD310-security.properties]: ${app.home}/requestResponseWD310/config/requestResponseWD310-security.properties (No such file or directory)
2011-03-30 23:25:35,570 INFO  org.springframework.core.io.support.PropertiesLoaderSupport - Loading properties file from URL [file:${app.home}/requestResponseWD310/config/requestResponseWD310-config.properties]
2011-03-30 23:25:35,571 WARN  org.springframework.core.io.support.PropertiesLoaderSupport - Could not load properties from URL [file:${app.home}/requestResponseWD310/config/requestResponseWD310-config.properties]: ${app.home}/requestResponseWD310/config/requestResponseWD310-config.properties (No such file or directory)
2011-mar-30 23:25:35 com.sun.jersey.server.impl.application.WebApplicationImpl _initiate
INFO: Initiating Jersey application, version &apos;Jersey: 1.3 06/17/2010 04:53 PM&apos;
2011-03-30 23:25:35,994 INFO  org.mule.exception.AbstractExceptionListener - Initialising exception listener: org.soitoolkit.commons.mule.error.ServiceExceptionStrategy@490b8a8c
2011-03-30 23:25:36,120 WARN  org.mule.context.notification.Configuration - The notification listener subscription &quot;ListenerSubscriptionPair [listener=ObjectToStringTransformer{this=329cd7cd, name=&apos;objToStr&apos;, ignoreBadInput=false, returnClass=SimpleDataType{type=java.lang.String, mimeType=&apos;text/plain&apos;}, sourceTypes=[SimpleDataType{type=java.lang.Object, mimeType=&apos;*/*&apos;}, SimpleDataType{type=[B, mimeType=&apos;*/*&apos;}, SimpleDataType{type=java.io.InputStream, mimeType=&apos;*/*&apos;}, SimpleDataType{type=org.mule.api.transport.OutputHandler, mimeType=&apos;*/*&apos;}]}, subscription=NULL]&quot; has already been registered
2011-03-30 23:25:36,121 WARN  org.mule.context.notification.Configuration - The notification listener subscription &quot;ListenerSubscriptionPair [listener=CreateSoapFaultIfExceptionTransformer{this=dc8e807, name=&apos;createSoapFaultIfException&apos;, ignoreBadInput=false, returnClass=SimpleDataType{type=java.lang.Object, mimeType=&apos;*/*&apos;}, sourceTypes=[]}, subscription=NULL]&quot; has already been registered
2011-03-30 23:25:36,158 INFO  org.mule.DefaultMuleContext    - 
**********************************************************************
* Mule ESB and Integration Platform                                  *
* Version: 3.1.1 Build: 21496                                        *
* MuleSoft, Inc.                                                     *
* For more information go to http://www.mulesoft.org                 *
*                                                                    *
* Server started: 2011-03-30 23:25                                   *
* Server ID: requestResponseWD310                                    *
* JDK: 1.6.0_24 (mixed mode)                                         *
* OS encoding: MacRoman, Mule encoding: UTF-8                        *
* OS: Mac OS X (10.6.7, x86_64)                                      *
* Host: MagnusMac-2.local (10.0.1.2)                                 *
* Mode: Development                                                  *
*                                                                    *
* Agents Running:                                                    *
*   JMX Agent                                                        *
**********************************************************************
2011-03-30 23:25:36,164 INFO  org.soitoolkit.commons.mule.test.ServletContainerWithMuleReceiverServlet - Mule Receiver Servlet available at: http://localhost:8080/requestResponseWD310/services
2011-03-30 23:25:36,176 INFO  org.soitoolkit.commons.mule.test.AbstractJmsTestUtil - Clearing messages on queues: SOITOOLKIT.LOG.ERROR 
2011-03-30 23:25:36,368 INFO  org.soitoolkit.commons.mule.log.EventLogger - soi-toolkit.log
** logEvent-info.start ***********************************************************
IntegrationScenarioId=
ContractId=
LogMessage=req-in
ServiceImpl=soapservletToResthttpUsingJava-service
Host=10.0.1.2 (10.0.1.2)
ComponentId=requestResponseWD310
Endpoint=http://localhost:8080/services/soapservletToResthttpUsingJava/v1
MessageId=40ab5b2a-5b14-11e0-aa91-895c9007b3b0
BusinessCorrelationId=
BusinessContextId=
ExtraInfo=
Payload=
** logEvent-info.end *************************************************************
2011-03-30 23:25:36,391 WARN  org.mule.context.notification.Configuration - The notification listener subscription &quot;ListenerSubscriptionPair [listener=SoapservletToResthttpUsingJavaRequestTransformer{this=267a1e1c, name=&apos;soapservletToResthttpUsingJavaRequestTransformer&apos;, ignoreBadInput=false, returnClass=SimpleDataType{type=java.lang.Object, mimeType=&apos;*/*&apos;}, sourceTypes=[]}, subscription=NULL]&quot; has already been registered
2011-03-30 23:25:36,391 WARN  org.mule.context.notification.Configuration - The notification listener subscription &quot;ListenerSubscriptionPair [listener=ObjectToStringTransformer{this=45f143f1, name=&apos;objToStr&apos;, ignoreBadInput=false, returnClass=SimpleDataType{type=java.lang.String, mimeType=&apos;text/plain&apos;}, sourceTypes=[SimpleDataType{type=java.lang.Object, mimeType=&apos;*/*&apos;}, SimpleDataType{type=[B, mimeType=&apos;*/*&apos;}, SimpleDataType{type=java.io.InputStream, mimeType=&apos;*/*&apos;}, SimpleDataType{type=org.mule.api.transport.OutputHandler, mimeType=&apos;*/*&apos;}]}, subscription=NULL]&quot; has already been registered
2011-03-30 23:25:36,392 WARN  org.mule.context.notification.Configuration - The notification listener subscription &quot;ListenerSubscriptionPair [listener=SoapservletToResthttpUsingJavaResponseTransformer{this=c3db223, name=&apos;soapservletToResthttpUsingJavaResponseTransformer&apos;, ignoreBadInput=false, returnClass=SimpleDataType{type=java.lang.Object, mimeType=&apos;*/*&apos;}, sourceTypes=[]}, subscription=NULL]&quot; has already been registered
2011-03-30 23:25:36,395 INFO  org.soitoolkit.commons.mule.log.EventLogger - soi-toolkit.log
** logEvent-info.start ***********************************************************
IntegrationScenarioId=
ContractId=
LogMessage=req-out
ServiceImpl=soapservletToResthttpUsingJava-service
Host=10.0.1.2 (10.0.1.2)
ComponentId=requestResponseWD310
Endpoint=http://localhost:8082/requestResponseWD310/rest-teststub/sample/1234567890
MessageId=40ab5b2a-5b14-11e0-aa91-895c9007b3b0
BusinessCorrelationId=
BusinessContextId=
ExtraInfo=
Payload=
** logEvent-info.end *************************************************************
2011-03-30 23:25:36,419 INFO  org.soitoolkit.tool.generator.requestresponsewd310.soapservlettoresthttpusingjava.SoapservletToResthttpUsingJavaTestProducer - SoapservletToResthttpUsingJavaTestProducer received the request: 1234567890
2011-03-30 23:25:36,425 INFO  org.soitoolkit.commons.mule.log.EventLogger - soi-toolkit.log
** logEvent-info.start ***********************************************************
IntegrationScenarioId=
ContractId=
LogMessage=resp-in
ServiceImpl=soapservletToResthttpUsingJava-service
Host=10.0.1.2 (10.0.1.2)
ComponentId=requestResponseWD310
Endpoint=http://localhost:8082/requestResponseWD310/rest-teststub/sample/1234567890
MessageId=40b56d55-5b14-11e0-aa91-895c9007b3b0
BusinessCorrelationId=
BusinessContextId=
ExtraInfo=
Payload=
** logEvent-info.end *************************************************************
2011-03-30 23:25:36,439 INFO  org.soitoolkit.commons.mule.log.EventLogger - soi-toolkit.log
** logEvent-info.start ***********************************************************
IntegrationScenarioId=
ContractId=
LogMessage=resp-out
ServiceImpl=soapservletToResthttpUsingJava-service
Host=10.0.1.2 (10.0.1.2)
ComponentId=requestResponseWD310
Endpoint=http://localhost:8082/requestResponseWD310/rest-teststub/sample/1234567890
MessageId=40b56d55-5b14-11e0-aa91-895c9007b3b0
BusinessCorrelationId=
BusinessContextId=
ExtraInfo=
Payload=
** logEvent-info.end *************************************************************

================================================================================
= Testing: test_fault_invalidInput                                             =
================================================================================
2011-03-30 23:25:36,451 INFO  org.soitoolkit.commons.mule.test.ServletContainerWithMuleReceiverServlet - Mule Receiver Servlet available at: http://localhost:8080/requestResponseWD310/services
2011-03-30 23:25:36,454 INFO  org.soitoolkit.commons.mule.test.AbstractJmsTestUtil - Clearing messages on queues: SOITOOLKIT.LOG.ERROR 
2011-03-30 23:25:36,569 INFO  org.soitoolkit.commons.mule.log.EventLogger - soi-toolkit.log
** logEvent-info.start ***********************************************************
IntegrationScenarioId=
ContractId=
LogMessage=req-in
ServiceImpl=soapservletToResthttpUsingJava-service
Host=10.0.1.2 (10.0.1.2)
ComponentId=requestResponseWD310
Endpoint=http://localhost:8080/services/soapservletToResthttpUsingJava/v1
MessageId=40cb665d-5b14-11e0-aa91-895c9007b3b0
BusinessCorrelationId=
BusinessContextId=
ExtraInfo=
Payload=
** logEvent-info.end *************************************************************
2011-03-30 23:25:36,576 INFO  org.soitoolkit.commons.mule.log.EventLogger - soi-toolkit.log
** logEvent-info.start ***********************************************************
IntegrationScenarioId=
ContractId=
LogMessage=req-out
ServiceImpl=soapservletToResthttpUsingJava-service
Host=10.0.1.2 (10.0.1.2)
ComponentId=requestResponseWD310
Endpoint=http://localhost:8082/requestResponseWD310/rest-teststub/sample/-1
MessageId=40cb665d-5b14-11e0-aa91-895c9007b3b0
BusinessCorrelationId=
BusinessContextId=
ExtraInfo=
Payload=
** logEvent-info.end *************************************************************
2011-03-30 23:25:36,580 INFO  org.soitoolkit.tool.generator.requestresponsewd310.soapservlettoresthttpusingjava.SoapservletToResthttpUsingJavaTestProducer - SoapservletToResthttpUsingJavaTestProducer received the request: -1
2011-mar-30 23:25:36 com.sun.jersey.spi.container.ContainerResponse mapMappableContainerException
ALLVARLIG: The RuntimeException could not be mapped to a response, re-throwing to the HTTP container
java.lang.RuntimeException: Invalid Id: -1
	at org.soitoolkit.tool.generator.requestresponsewd310.soapservlettoresthttpusingjava.SoapservletToResthttpUsingJavaTestProducer.sample(SoapservletToResthttpUsingJavaTestProducer.java:37)
	at sun.reflect.NativeMethodAccessorImpl.invoke0(Native Method)
	at sun.reflect.NativeMethodAccessorImpl.invoke(NativeMethodAccessorImpl.java:39)
	at sun.reflect.DelegatingMethodAccessorImpl.invoke(DelegatingMethodAccessorImpl.java:25)
	at java.lang.reflect.Method.invoke(Method.java:597)
	at com.sun.jersey.server.impl.model.method.dispatch.AbstractResourceMethodDispatchProvider$TypeOutInvoker._dispatch(AbstractResourceMethodDispatchProvider.java:165)
	at com.sun.jersey.server.impl.model.method.dispatch.ResourceJavaMethodDispatcher.dispatch(ResourceJavaMethodDispatcher.java:67)
	at com.sun.jersey.server.impl.uri.rules.HttpMethodRule.accept(HttpMethodRule.java:276)
	at com.sun.jersey.server.impl.uri.rules.RightHandPathRule.accept(RightHandPathRule.java:133)
	at com.sun.jersey.server.impl.uri.rules.ResourceClassRule.accept(ResourceClassRule.java:83)
	at com.sun.jersey.server.impl.uri.rules.RightHandPathRule.accept(RightHandPathRule.java:133)
	at com.sun.jersey.server.impl.uri.rules.RootResourceClassesRule.accept(RootResourceClassesRule.java:71)
	at com.sun.jersey.server.impl.application.WebApplicationImpl._handleRequest(WebApplicationImpl.java:1171)
	at com.sun.jersey.server.impl.application.WebApplicationImpl._handleRequest(WebApplicationImpl.java:1103)
	at com.sun.jersey.server.impl.application.WebApplicationImpl.handleRequest(WebApplicationImpl.java:1053)
	at org.mule.module.jersey.JerseyResourcesComponent.doInvoke(JerseyResourcesComponent.java:146)
	at org.mule.component.AbstractComponent.invokeInternal(AbstractComponent.java:120)
	at org.mule.component.AbstractComponent.access$000(AbstractComponent.java:56)
	at org.mule.component.AbstractComponent$1$1.process(AbstractComponent.java:234)
	at org.mule.processor.chain.DefaultMessageProcessorChain.doProcess(DefaultMessageProcessorChain.java:72)
	at org.mule.processor.chain.AbstractMessageProcessorChain.process(AbstractMessageProcessorChain.java:89)
	at org.mule.processor.chain.InterceptingChainLifecycleWrapper.doProcess(InterceptingChainLifecycleWrapper.java:63)
	at org.mule.processor.chain.AbstractMessageProcessorChain.process(AbstractMessageProcessorChain.java:89)
	at org.mule.processor.chain.InterceptingChainLifecycleWrapper.process(InterceptingChainLifecycleWrapper.java:94)
	at org.mule.component.AbstractComponent.process(AbstractComponent.java:154)
	at org.mule.processor.chain.DefaultMessageProcessorChain.doProcess(DefaultMessageProcessorChain.java:72)
	at org.mule.processor.chain.AbstractMessageProcessorChain.process(AbstractMessageProcessorChain.java:89)
	at org.mule.processor.AbstractInterceptingMessageProcessor.processNext(AbstractInterceptingMessageProcessor.java:81)
	at org.mule.interceptor.AbstractEnvelopeInterceptor.process(AbstractEnvelopeInterceptor.java:55)
	at org.mule.processor.AbstractInterceptingMessageProcessor.processNext(AbstractInterceptingMessageProcessor.java:81)
	at org.mule.interceptor.AbstractEnvelopeInterceptor.process(AbstractEnvelopeInterceptor.java:55)
	at org.mule.processor.chain.DefaultMessageProcessorChain.doProcess(DefaultMessageProcessorChain.java:72)
	at org.mule.processor.chain.AbstractMessageProcessorChain.process(AbstractMessageProcessorChain.java:89)
	at org.mule.processor.chain.InterceptingChainLifecycleWrapper.doProcess(InterceptingChainLifecycleWrapper.java:63)
	at org.mule.processor.chain.AbstractMessageProcessorChain.process(AbstractMessageProcessorChain.java:89)
	at org.mule.processor.chain.InterceptingChainLifecycleWrapper.process(InterceptingChainLifecycleWrapper.java:94)
	at org.mule.construct.AbstractFlowConstruct$1$1.process(AbstractFlowConstruct.java:107)
	at org.mule.processor.chain.DefaultMessageProcessorChain.doProcess(DefaultMessageProcessorChain.java:72)
	at org.mule.processor.chain.AbstractMessageProcessorChain.process(AbstractMessageProcessorChain.java:89)
	at org.mule.processor.AbstractInterceptingMessageProcessor.processNext(AbstractInterceptingMessageProcessor.java:81)
	at org.mule.processor.ExceptionHandlingMessageProcessor.process(ExceptionHandlingMessageProcessor.java:25)
	at org.mule.processor.chain.DefaultMessageProcessorChain.doProcess(DefaultMessageProcessorChain.java:72)
	at org.mule.processor.chain.AbstractMessageProcessorChain.process(AbstractMessageProcessorChain.java:89)
	at org.mule.processor.chain.InterceptingChainLifecycleWrapper.doProcess(InterceptingChainLifecycleWrapper.java:63)
	at org.mule.processor.chain.AbstractMessageProcessorChain.process(AbstractMessageProcessorChain.java:89)
	at org.mule.processor.chain.InterceptingChainLifecycleWrapper.process(InterceptingChainLifecycleWrapper.java:94)
	at org.mule.processor.chain.DefaultMessageProcessorChain.doProcess(DefaultMessageProcessorChain.java:72)
	at org.mule.processor.chain.AbstractMessageProcessorChain.process(AbstractMessageProcessorChain.java:89)
	at org.mule.processor.chain.InterceptingChainLifecycleWrapper.doProcess(InterceptingChainLifecycleWrapper.java:63)
	at org.mule.processor.chain.AbstractMessageProcessorChain.process(AbstractMessageProcessorChain.java:89)
	at org.mule.processor.chain.InterceptingChainLifecycleWrapper.process(InterceptingChainLifecycleWrapper.java:94)
	at org.mule.transport.AbstractMessageReceiver.routeMessage(AbstractMessageReceiver.java:185)
	at org.mule.transport.AbstractMessageReceiver.routeMessage(AbstractMessageReceiver.java:158)
	at org.mule.transport.AbstractMessageReceiver.routeMessage(AbstractMessageReceiver.java:145)
	at org.mule.transport.http.HttpMessageReceiver$HttpWorker.doRequest(HttpMessageReceiver.java:247)
	at org.mule.transport.http.HttpMessageReceiver$HttpWorker.processRequest(HttpMessageReceiver.java:206)
	at org.mule.transport.http.HttpMessageReceiver$HttpWorker.run(HttpMessageReceiver.java:164)
	at org.mule.work.WorkerContext.run(WorkerContext.java:309)
	at edu.emory.mathcs.backport.java.util.concurrent.ThreadPoolExecutor.runWorker(ThreadPoolExecutor.java:1061)
	at edu.emory.mathcs.backport.java.util.concurrent.ThreadPoolExecutor$Worker.run(ThreadPoolExecutor.java:575)
	at java.lang.Thread.run(Thread.java:680)
2011-03-30 23:25:36,584 ERROR org.mule.exception.AbstractExceptionListener - 
********************************************************************************
Message               : Failed to invoke JerseyResourcesComponent{soapservletToResthttpUsingJava-teststub-service.commponent}. Component that caused exception is: JerseyResourcesComponent{soapservletToResthttpUsingJava-teststub-service.commponent}. Message payload is of type: String
Code                  : MULE_ERROR--2
--------------------------------------------------------------------------------
Exception stack is:
1. Invalid Id: -1 (java.lang.RuntimeException)
  org.soitoolkit.tool.generator.requestresponsewd310.soapservlettoresthttpusingjava.SoapservletToResthttpUsingJavaTestProducer:37 (null)
2. Failed to invoke JerseyResourcesComponent{soapservletToResthttpUsingJava-teststub-service.commponent}. Component that caused exception is: JerseyResourcesComponent{soapservletToResthttpUsingJava-teststub-service.commponent}. Message payload is of type: String (org.mule.component.ComponentException)
  org.mule.component.AbstractComponent:142 (http://www.mulesoft.org/docs/site/current3/apidocs/org/mule/component/ComponentException.html)
--------------------------------------------------------------------------------
Root Exception stack trace:
java.lang.RuntimeException: Invalid Id: -1
	at org.soitoolkit.tool.generator.requestresponsewd310.soapservlettoresthttpusingjava.SoapservletToResthttpUsingJavaTestProducer.sample(SoapservletToResthttpUsingJavaTestProducer.java:37)
	at sun.reflect.NativeMethodAccessorImpl.invoke0(Native Method)
	at sun.reflect.NativeMethodAccessorImpl.invoke(NativeMethodAccessorImpl.java:39)
    + 3 more (set debug level logging or &apos;-Dmule.verbose.exceptions=true&apos; for everything)
********************************************************************************

2011-03-30 23:25:36,588 WARN  org.apache.cxf.common.logging.LogUtils - Application {urn:org.soitoolkit.refapps.sd.sample.wsdl:v1}sampleService has thrown exception, unwinding now
org.apache.cxf.interceptor.Fault: Failed to route event via endpoint: org.mule.endpoint.DynamicOutboundEndpoint@6d1a542b. Message payload is of type: GetMethod
	at org.mule.module.cxf.MuleInvoker.invoke(MuleInvoker.java:118)
	at org.apache.cxf.interceptor.ServiceInvokerInterceptor$1.run(ServiceInvokerInterceptor.java:58)
	at java.util.concurrent.Executors$RunnableAdapter.call(Executors.java:441)
	at java.util.concurrent.FutureTask$Sync.innerRun(FutureTask.java:303)
	at java.util.concurrent.FutureTask.run(FutureTask.java:138)
	at org.apache.cxf.workqueue.SynchronousExecutor.execute(SynchronousExecutor.java:37)
	at org.apache.cxf.interceptor.ServiceInvokerInterceptor.handleMessage(ServiceInvokerInterceptor.java:106)
	at org.apache.cxf.phase.PhaseInterceptorChain.doIntercept(PhaseInterceptorChain.java:255)
	at org.apache.cxf.transport.ChainInitiationObserver.onMessage(ChainInitiationObserver.java:113)
	at org.mule.module.cxf.CxfInboundMessageProcessor.sendToDestination(CxfInboundMessageProcessor.java:288)
	at org.mule.module.cxf.CxfInboundMessageProcessor.process(CxfInboundMessageProcessor.java:129)
	at org.mule.module.cxf.config.FlowConfiguringMessageProcessor.process(FlowConfiguringMessageProcessor.java:50)
	at org.mule.processor.chain.DefaultMessageProcessorChain.doProcess(DefaultMessageProcessorChain.java:72)
	at org.mule.processor.chain.AbstractMessageProcessorChain.process(AbstractMessageProcessorChain.java:89)
	at org.mule.processor.AbstractInterceptingMessageProcessor.processNext(AbstractInterceptingMessageProcessor.java:81)
	at org.mule.processor.ExceptionHandlingMessageProcessor.process(ExceptionHandlingMessageProcessor.java:25)
	at org.mule.processor.chain.DefaultMessageProcessorChain.doProcess(DefaultMessageProcessorChain.java:72)
	at org.mule.processor.chain.AbstractMessageProcessorChain.process(AbstractMessageProcessorChain.java:89)
	at org.mule.processor.chain.InterceptingChainLifecycleWrapper.doProcess(InterceptingChainLifecycleWrapper.java:63)
	at org.mule.processor.chain.AbstractMessageProcessorChain.process(AbstractMessageProcessorChain.java:89)
	at org.mule.processor.chain.InterceptingChainLifecycleWrapper.process(InterceptingChainLifecycleWrapper.java:94)
	at org.mule.processor.chain.DefaultMessageProcessorChain.doProcess(DefaultMessageProcessorChain.java:72)
	at org.mule.processor.chain.AbstractMessageProcessorChain.process(AbstractMessageProcessorChain.java:89)
	at org.mule.processor.chain.InterceptingChainLifecycleWrapper.doProcess(InterceptingChainLifecycleWrapper.java:63)
	at org.mule.processor.chain.AbstractMessageProcessorChain.process(AbstractMessageProcessorChain.java:89)
	at org.mule.processor.chain.InterceptingChainLifecycleWrapper.process(InterceptingChainLifecycleWrapper.java:94)
	at org.mule.transport.AbstractMessageReceiver.routeMessage(AbstractMessageReceiver.java:185)
	at org.mule.transport.AbstractMessageReceiver.routeMessage(AbstractMessageReceiver.java:158)
	at org.mule.transport.AbstractMessageReceiver.routeMessage(AbstractMessageReceiver.java:145)
	at org.mule.transport.servlet.MuleReceiverServlet.routeMessage(MuleReceiverServlet.java:238)
	at org.mule.transport.servlet.MuleReceiverServlet.doAllMethods(MuleReceiverServlet.java:225)
	at org.mule.transport.servlet.MuleReceiverServlet.doPost(MuleReceiverServlet.java:175)
	at javax.servlet.http.HttpServlet.service(HttpServlet.java:727)
	at javax.servlet.http.HttpServlet.service(HttpServlet.java:820)
	at org.mortbay.jetty.servlet.ServletHolder.handle(ServletHolder.java:487)
	at org.mortbay.jetty.servlet.ServletHandler.handle(ServletHandler.java:362)
	at org.mortbay.jetty.servlet.SessionHandler.handle(SessionHandler.java:181)
	at org.mortbay.jetty.handler.ContextHandler.handle(ContextHandler.java:729)
	at org.mortbay.jetty.handler.HandlerWrapper.handle(HandlerWrapper.java:152)
	at org.mortbay.jetty.Server.handle(Server.java:324)
	at org.mortbay.jetty.HttpConnection.handleRequest(HttpConnection.java:505)
	at org.mortbay.jetty.HttpConnection$RequestHandler.content(HttpConnection.java:843)
	at org.mortbay.jetty.HttpParser.parseNext(HttpParser.java:729)
	at org.mortbay.jetty.HttpParser.parseAvailable(HttpParser.java:205)
	at org.mortbay.jetty.HttpConnection.handle(HttpConnection.java:380)
	at org.mortbay.jetty.bio.SocketConnector$Connection.run(SocketConnector.java:228)
	at org.mortbay.thread.QueuedThreadPool$PoolThread.run(QueuedThreadPool.java:488)
Caused by: org.mule.api.transport.DispatchException: Failed to route event via endpoint: org.mule.endpoint.DynamicOutboundEndpoint@6d1a542b. Message payload is of type: GetMethod
	at org.mule.transport.http.HttpClientMessageDispatcher.doSend(HttpClientMessageDispatcher.java:266)
	at org.mule.transport.AbstractMessageDispatcher.process(AbstractMessageDispatcher.java:80)
	at org.mule.transport.AbstractConnector$DispatcherMessageProcessor.process(AbstractConnector.java:2512)
	at org.mule.processor.chain.DefaultMessageProcessorChain.doProcess(DefaultMessageProcessorChain.java:72)
	at org.mule.processor.chain.AbstractMessageProcessorChain.process(AbstractMessageProcessorChain.java:89)
	at org.mule.processor.AbstractInterceptingMessageProcessor.processNext(AbstractInterceptingMessageProcessor.java:81)
	at org.mule.endpoint.outbound.OutboundResponsePropertiesMessageProcessor.process(OutboundResponsePropertiesMessageProcessor.java:39)
	at org.mule.processor.chain.DefaultMessageProcessorChain.doProcess(DefaultMessageProcessorChain.java:72)
	at org.mule.processor.chain.AbstractMessageProcessorChain.process(AbstractMessageProcessorChain.java:89)
	at org.mule.processor.AbstractInterceptingMessageProcessor.processNext(AbstractInterceptingMessageProcessor.java:81)
	at org.mule.processor.TransactionalInterceptingMessageProcessor$1.doInTransaction(TransactionalInterceptingMessageProcessor.java:49)
	at org.mule.processor.TransactionalInterceptingMessageProcessor$1.doInTransaction(TransactionalInterceptingMessageProcessor.java:46)
	at org.mule.transaction.TransactionTemplate.execute(TransactionTemplate.java:110)
	at org.mule.processor.TransactionalInterceptingMessageProcessor.process(TransactionalInterceptingMessageProcessor.java:55)
	at org.mule.processor.AbstractInterceptingMessageProcessor.processNext(AbstractInterceptingMessageProcessor.java:81)
	at org.mule.processor.AbstractFilteringMessageProcessor.process(AbstractFilteringMessageProcessor.java:41)
	at org.mule.processor.chain.DefaultMessageProcessorChain.doProcess(DefaultMessageProcessorChain.java:72)
	at org.mule.processor.chain.AbstractMessageProcessorChain.process(AbstractMessageProcessorChain.java:89)
	at org.mule.processor.chain.InterceptingChainLifecycleWrapper.doProcess(InterceptingChainLifecycleWrapper.java:63)
	at org.mule.processor.chain.AbstractMessageProcessorChain.process(AbstractMessageProcessorChain.java:89)
	at org.mule.processor.chain.InterceptingChainLifecycleWrapper.process(InterceptingChainLifecycleWrapper.java:94)
	at org.mule.processor.chain.DefaultMessageProcessorChain.doProcess(DefaultMessageProcessorChain.java:72)
	at org.mule.processor.chain.AbstractMessageProcessorChain.process(AbstractMessageProcessorChain.java:89)
	at org.mule.processor.chain.InterceptingChainLifecycleWrapper.doProcess(InterceptingChainLifecycleWrapper.java:63)
	at org.mule.processor.chain.AbstractMessageProcessorChain.process(AbstractMessageProcessorChain.java:89)
	at org.mule.processor.chain.InterceptingChainLifecycleWrapper.process(InterceptingChainLifecycleWrapper.java:94)
	at org.mule.endpoint.DefaultOutboundEndpoint.process(DefaultOutboundEndpoint.java:97)
	at org.mule.endpoint.DynamicURIOutboundEndpoint.process(DynamicURIOutboundEndpoint.java:267)
	at org.mule.endpoint.DynamicOutboundEndpoint.process(DynamicOutboundEndpoint.java:156)
	at org.mule.routing.outbound.AbstractOutboundRouter.sendRequestEvent(AbstractOutboundRouter.java:462)
	at org.mule.routing.outbound.AbstractOutboundRouter.sendRequest(AbstractOutboundRouter.java:168)
	at org.mule.routing.outbound.FilteringOutboundRouter.route(FilteringOutboundRouter.java:80)
	at org.mule.routing.outbound.OutboundPassThroughRouter.route(OutboundPassThroughRouter.java:71)
	at org.mule.routing.outbound.AbstractOutboundRouter$1.doInTransaction(AbstractOutboundRouter.java:103)
	at org.mule.routing.outbound.AbstractOutboundRouter$1.doInTransaction(AbstractOutboundRouter.java:100)
	at org.mule.transaction.TransactionTemplate.execute(TransactionTemplate.java:43)
	at org.mule.routing.outbound.AbstractOutboundRouter.process(AbstractOutboundRouter.java:108)
	at org.mule.routing.outbound.DefaultOutboundRouterCollection.process(DefaultOutboundRouterCollection.java:104)
	at org.mule.processor.chain.DefaultMessageProcessorChain.doProcess(DefaultMessageProcessorChain.java:72)
	at org.mule.processor.chain.AbstractMessageProcessorChain.process(AbstractMessageProcessorChain.java:89)
	at org.mule.processor.AbstractInterceptingMessageProcessor.processNext(AbstractInterceptingMessageProcessor.java:81)
	at org.mule.service.processor.ServiceOutboundMessageProcessor.process(ServiceOutboundMessageProcessor.java:71)
	at org.mule.processor.AbstractInterceptingMessageProcessor.processNext(AbstractInterceptingMessageProcessor.java:81)
	at org.mule.service.processor.ServiceInternalMessageProcessor.process(ServiceInternalMessageProcessor.java:57)
	at org.mule.processor.AbstractInterceptingMessageProcessor.processNext(AbstractInterceptingMessageProcessor.java:81)
	at org.mule.processor.AsyncInterceptingMessageProcessor.process(AsyncInterceptingMessageProcessor.java:101)
	at org.mule.processor.chain.DefaultMessageProcessorChain.doProcess(DefaultMessageProcessorChain.java:72)
	at org.mule.processor.chain.AbstractMessageProcessorChain.process(AbstractMessageProcessorChain.java:89)
	at org.mule.processor.AbstractInterceptingMessageProcessor.processNext(AbstractInterceptingMessageProcessor.java:81)
	at org.mule.interceptor.AbstractEnvelopeInterceptor.process(AbstractEnvelopeInterceptor.java:55)
	at org.mule.processor.AbstractInterceptingMessageProcessor.processNext(AbstractInterceptingMessageProcessor.java:81)
	at org.mule.lifecycle.processor.ProcessIfStartedWaitIfSyncPausedMessageProcessor.process(ProcessIfStartedWaitIfSyncPausedMessageProcessor.java:56)
	at org.mule.processor.chain.DefaultMessageProcessorChain.doProcess(DefaultMessageProcessorChain.java:72)
	at org.mule.processor.chain.AbstractMessageProcessorChain.process(AbstractMessageProcessorChain.java:89)
	at org.mule.processor.chain.InterceptingChainLifecycleWrapper.doProcess(InterceptingChainLifecycleWrapper.java:63)
	at org.mule.processor.chain.AbstractMessageProcessorChain.process(AbstractMessageProcessorChain.java:89)
	at org.mule.processor.chain.InterceptingChainLifecycleWrapper.process(InterceptingChainLifecycleWrapper.java:94)
	at org.mule.service.AbstractService$7.process(AbstractService.java:425)
	at org.mule.processor.AbstractInterceptingMessageProcessor.processNext(AbstractInterceptingMessageProcessor.java:81)
	at org.mule.service.ServiceCompositeMessageSource$1.process(ServiceCompositeMessageSource.java:124)
	at org.mule.processor.AbstractInterceptingMessageProcessor.processNext(AbstractInterceptingMessageProcessor.java:81)
	at org.mule.processor.StopFurtherMessageProcessingMessageProcessor.process(StopFurtherMessageProcessingMessageProcessor.java:23)
	at org.mule.processor.chain.DefaultMessageProcessorChain.doProcess(DefaultMessageProcessorChain.java:72)
	at org.mule.processor.chain.AbstractMessageProcessorChain.process(AbstractMessageProcessorChain.java:89)
	at org.mule.processor.chain.InterceptingChainLifecycleWrapper.doProcess(InterceptingChainLifecycleWrapper.java:63)
	at org.mule.processor.chain.AbstractMessageProcessorChain.process(AbstractMessageProcessorChain.java:89)
	at org.mule.processor.chain.InterceptingChainLifecycleWrapper.process(InterceptingChainLifecycleWrapper.java:94)
	at org.mule.source.StartableCompositeMessageSource$InternalMessageProcessor.process(StartableCompositeMessageSource.java:219)
	at org.mule.processor.chain.DefaultMessageProcessorChain.doProcess(DefaultMessageProcessorChain.java:72)
	at org.mule.processor.chain.AbstractMessageProcessorChain.process(AbstractMessageProcessorChain.java:89)
	at org.mule.processor.AbstractInterceptingMessageProcessor.processNext(AbstractInterceptingMessageProcessor.java:81)
	at org.mule.module.cxf.CxfInboundMessageProcessor.processNext(CxfInboundMessageProcessor.java:328)
	at org.mule.module.cxf.MuleInvoker.invoke(MuleInvoker.java:80)
	... 46 more
Caused by: org.mule.transport.http.HttpResponseException: Internal Server Error, code: 500
	at org.mule.transport.http.HttpClientMessageDispatcher.doSend(HttpClientMessageDispatcher.java:266)
	at org.mule.transport.AbstractMessageDispatcher.process(AbstractMessageDispatcher.java:80)
	at org.mule.transport.AbstractConnector$DispatcherMessageProcessor.process(AbstractConnector.java:2512)
	at org.mule.endpoint.outbound.OutboundResponsePropertiesMessageProcessor.process(OutboundResponsePropertiesMessageProcessor.java:39)
	at org.mule.processor.TransactionalInterceptingMessageProcessor$1.doInTransaction(TransactionalInterceptingMessageProcessor.java:49)
	at org.mule.processor.TransactionalInterceptingMessageProcessor$1.doInTransaction(TransactionalInterceptingMessageProcessor.java:46)
	at org.mule.transaction.TransactionTemplate.execute(TransactionTemplate.java:110)
	at org.mule.processor.TransactionalInterceptingMessageProcessor.process(TransactionalInterceptingMessageProcessor.java:55)
	at org.mule.processor.AbstractFilteringMessageProcessor.process(AbstractFilteringMessageProcessor.java:41)
	at org.mule.endpoint.DefaultOutboundEndpoint.process(DefaultOutboundEndpoint.java:97)
	at org.mule.endpoint.DynamicURIOutboundEndpoint.process(DynamicURIOutboundEndpoint.java:267)
	at org.mule.endpoint.DynamicOutboundEndpoint.process(DynamicOutboundEndpoint.java:156)
	at org.mule.routing.outbound.AbstractOutboundRouter.sendRequestEvent(AbstractOutboundRouter.java:462)
	at org.mule.routing.outbound.AbstractOutboundRouter.sendRequest(AbstractOutboundRouter.java:168)
	at org.mule.routing.outbound.FilteringOutboundRouter.route(FilteringOutboundRouter.java:80)
	at org.mule.routing.outbound.OutboundPassThroughRouter.route(OutboundPassThroughRouter.java:71)
	at org.mule.routing.outbound.AbstractOutboundRouter$1.doInTransaction(AbstractOutboundRouter.java:103)
	at org.mule.routing.outbound.AbstractOutboundRouter$1.doInTransaction(AbstractOutboundRouter.java:100)
	at org.mule.transaction.TransactionTemplate.execute(TransactionTemplate.java:43)
	at org.mule.routing.outbound.AbstractOutboundRouter.process(AbstractOutboundRouter.java:108)
	at org.mule.routing.outbound.DefaultOutboundRouterCollection.process(DefaultOutboundRouterCollection.java:104)
	at org.mule.service.processor.ServiceOutboundMessageProcessor.process(ServiceOutboundMessageProcessor.java:71)
	at org.mule.service.processor.ServiceInternalMessageProcessor.process(ServiceInternalMessageProcessor.java:57)
	at org.mule.processor.AsyncInterceptingMessageProcessor.process(AsyncInterceptingMessageProcessor.java:101)
	at org.mule.interceptor.AbstractEnvelopeInterceptor.process(AbstractEnvelopeInterceptor.java:55)
	at org.mule.lifecycle.processor.ProcessIfStartedWaitIfSyncPausedMessageProcessor.process(ProcessIfStartedWaitIfSyncPausedMessageProcessor.java:56)
	at org.mule.service.AbstractService$7.process(AbstractService.java:425)
	at org.mule.service.ServiceCompositeMessageSource$1.process(ServiceCompositeMessageSource.java:124)
	at org.mule.processor.StopFurtherMessageProcessingMessageProcessor.process(StopFurtherMessageProcessingMessageProcessor.java:23)
	at org.mule.source.StartableCompositeMessageSource$InternalMessageProcessor.process(StartableCompositeMessageSource.java:219)
	at org.mule.module.cxf.CxfInboundMessageProcessor.processNext(CxfInboundMessageProcessor.java:328)
	at org.mule.module.cxf.MuleInvoker.invoke(MuleInvoker.java:80)
	at org.apache.cxf.interceptor.ServiceInvokerInterceptor$1.run(ServiceInvokerInterceptor.java:58)
	at java.util.concurrent.Executors$RunnableAdapter.call(Executors.java:441)
	at java.util.concurrent.FutureTask$Sync.innerRun(FutureTask.java:303)
	at java.util.concurrent.FutureTask.run(FutureTask.java:138)
	at org.apache.cxf.workqueue.SynchronousExecutor.execute(SynchronousExecutor.java:37)
	at org.apache.cxf.interceptor.ServiceInvokerInterceptor.handleMessage(ServiceInvokerInterceptor.java:106)
	at org.apache.cxf.phase.PhaseInterceptorChain.doIntercept(PhaseInterceptorChain.java:255)
	at org.apache.cxf.transport.ChainInitiationObserver.onMessage(ChainInitiationObserver.java:113)
	at org.mule.module.cxf.CxfInboundMessageProcessor.sendToDestination(CxfInboundMessageProcessor.java:288)
	at org.mule.module.cxf.CxfInboundMessageProcessor.process(CxfInboundMessageProcessor.java:129)
	at org.mule.module.cxf.config.FlowConfiguringMessageProcessor.process(FlowConfiguringMessageProcessor.java:50)
	at org.mule.processor.ExceptionHandlingMessageProcessor.process(ExceptionHandlingMessageProcessor.java:25)
	... 21 more
2011-03-30 23:25:36,595 INFO  org.soitoolkit.commons.mule.log.EventLogger - soi-toolkit.log
** logEvent-info.start ***********************************************************
IntegrationScenarioId=
ContractId=
LogMessage=resp-out
ServiceImpl=soapservletToResthttpUsingJava-service
Host=10.0.1.2 (10.0.1.2)
ComponentId=requestResponseWD310
Endpoint=http://localhost:8082/requestResponseWD310/rest-teststub/sample/-1
MessageId=40ce99b9-5b14-11e0-aa91-895c9007b3b0
BusinessCorrelationId=
BusinessContextId=
ExtraInfo=
Payload=
** logEvent-info.end *************************************************************

================================================================================
= Testing: test_fault_timeout                                                  =
================================================================================
2011-03-30 23:25:36,712 INFO  org.soitoolkit.commons.mule.test.ServletContainerWithMuleReceiverServlet - Mule Receiver Servlet available at: http://localhost:8080/requestResponseWD310/services
2011-03-30 23:25:36,714 INFO  org.soitoolkit.commons.mule.test.AbstractJmsTestUtil - Clearing messages on queues: SOITOOLKIT.LOG.ERROR 
2011-03-30 23:25:36,830 INFO  org.soitoolkit.commons.mule.log.EventLogger - soi-toolkit.log
** logEvent-info.start ***********************************************************
IntegrationScenarioId=
ContractId=
LogMessage=req-in
ServiceImpl=soapservletToResthttpUsingJava-service
Host=10.0.1.2 (10.0.1.2)
ComponentId=requestResponseWD310
Endpoint=http://localhost:8080/services/soapservletToResthttpUsingJava/v1
MessageId=40f338c1-5b14-11e0-aa91-895c9007b3b0
BusinessCorrelationId=
BusinessContextId=
ExtraInfo=
Payload=
** logEvent-info.end *************************************************************
2011-03-30 23:25:36,835 INFO  org.soitoolkit.commons.mule.log.EventLogger - soi-toolkit.log
** logEvent-info.start ***********************************************************
IntegrationScenarioId=
ContractId=
LogMessage=req-out
ServiceImpl=soapservletToResthttpUsingJava-service
Host=10.0.1.2 (10.0.1.2)
ComponentId=requestResponseWD310
Endpoint=http://localhost:8082/requestResponseWD310/rest-teststub/sample/0
MessageId=40f338c1-5b14-11e0-aa91-895c9007b3b0
BusinessCorrelationId=
BusinessContextId=
ExtraInfo=
Payload=
** logEvent-info.end *************************************************************
2011-03-30 23:25:36,840 INFO  org.soitoolkit.tool.generator.requestresponsewd310.soapservlettoresthttpusingjava.SoapservletToResthttpUsingJavaTestProducer - SoapservletToResthttpUsingJavaTestProducer received the request: 0
2011-03-30 23:25:44,839 WARN  org.apache.cxf.common.logging.LogUtils - Interceptor for {urn:org.soitoolkit.refapps.sd.sample.wsdl:v1}sampleService has thrown exception, unwinding now
org.apache.cxf.interceptor.Fault: Failed to route event via endpoint: org.mule.endpoint.DynamicOutboundEndpoint@6d1a542b. Message payload is of type: GetMethod
	at org.mule.module.cxf.MuleInvoker.invoke(MuleInvoker.java:85)
	at org.apache.cxf.interceptor.ServiceInvokerInterceptor$1.run(ServiceInvokerInterceptor.java:58)
	at java.util.concurrent.Executors$RunnableAdapter.call(Executors.java:441)
	at java.util.concurrent.FutureTask$Sync.innerRun(FutureTask.java:303)
	at java.util.concurrent.FutureTask.run(FutureTask.java:138)
	at org.apache.cxf.workqueue.SynchronousExecutor.execute(SynchronousExecutor.java:37)
	at org.apache.cxf.interceptor.ServiceInvokerInterceptor.handleMessage(ServiceInvokerInterceptor.java:106)
	at org.apache.cxf.phase.PhaseInterceptorChain.doIntercept(PhaseInterceptorChain.java:255)
	at org.apache.cxf.transport.ChainInitiationObserver.onMessage(ChainInitiationObserver.java:113)
	at org.mule.module.cxf.CxfInboundMessageProcessor.sendToDestination(CxfInboundMessageProcessor.java:288)
	at org.mule.module.cxf.CxfInboundMessageProcessor.process(CxfInboundMessageProcessor.java:129)
	at org.mule.module.cxf.config.FlowConfiguringMessageProcessor.process(FlowConfiguringMessageProcessor.java:50)
	at org.mule.processor.chain.DefaultMessageProcessorChain.doProcess(DefaultMessageProcessorChain.java:72)
	at org.mule.processor.chain.AbstractMessageProcessorChain.process(AbstractMessageProcessorChain.java:89)
	at org.mule.processor.AbstractInterceptingMessageProcessor.processNext(AbstractInterceptingMessageProcessor.java:81)
	at org.mule.processor.ExceptionHandlingMessageProcessor.process(ExceptionHandlingMessageProcessor.java:25)
	at org.mule.processor.chain.DefaultMessageProcessorChain.doProcess(DefaultMessageProcessorChain.java:72)
	at org.mule.processor.chain.AbstractMessageProcessorChain.process(AbstractMessageProcessorChain.java:89)
	at org.mule.processor.chain.InterceptingChainLifecycleWrapper.doProcess(InterceptingChainLifecycleWrapper.java:63)
	at org.mule.processor.chain.AbstractMessageProcessorChain.process(AbstractMessageProcessorChain.java:89)
	at org.mule.processor.chain.InterceptingChainLifecycleWrapper.process(InterceptingChainLifecycleWrapper.java:94)
	at org.mule.processor.chain.DefaultMessageProcessorChain.doProcess(DefaultMessageProcessorChain.java:72)
	at org.mule.processor.chain.AbstractMessageProcessorChain.process(AbstractMessageProcessorChain.java:89)
	at org.mule.processor.chain.InterceptingChainLifecycleWrapper.doProcess(InterceptingChainLifecycleWrapper.java:63)
	at org.mule.processor.chain.AbstractMessageProcessorChain.process(AbstractMessageProcessorChain.java:89)
	at org.mule.processor.chain.InterceptingChainLifecycleWrapper.process(InterceptingChainLifecycleWrapper.java:94)
	at org.mule.transport.AbstractMessageReceiver.routeMessage(AbstractMessageReceiver.java:185)
	at org.mule.transport.AbstractMessageReceiver.routeMessage(AbstractMessageReceiver.java:158)
	at org.mule.transport.AbstractMessageReceiver.routeMessage(AbstractMessageReceiver.java:145)
	at org.mule.transport.servlet.MuleReceiverServlet.routeMessage(MuleReceiverServlet.java:238)
	at org.mule.transport.servlet.MuleReceiverServlet.doAllMethods(MuleReceiverServlet.java:225)
	at org.mule.transport.servlet.MuleReceiverServlet.doPost(MuleReceiverServlet.java:175)
	at javax.servlet.http.HttpServlet.service(HttpServlet.java:727)
	at javax.servlet.http.HttpServlet.service(HttpServlet.java:820)
	at org.mortbay.jetty.servlet.ServletHolder.handle(ServletHolder.java:487)
	at org.mortbay.jetty.servlet.ServletHandler.handle(ServletHandler.java:362)
	at org.mortbay.jetty.servlet.SessionHandler.handle(SessionHandler.java:181)
	at org.mortbay.jetty.handler.ContextHandler.handle(ContextHandler.java:729)
	at org.mortbay.jetty.handler.HandlerWrapper.handle(HandlerWrapper.java:152)
	at org.mortbay.jetty.Server.handle(Server.java:324)
	at org.mortbay.jetty.HttpConnection.handleRequest(HttpConnection.java:505)
	at org.mortbay.jetty.HttpConnection$RequestHandler.content(HttpConnection.java:843)
	at org.mortbay.jetty.HttpParser.parseNext(HttpParser.java:729)
	at org.mortbay.jetty.HttpParser.parseAvailable(HttpParser.java:205)
	at org.mortbay.jetty.HttpConnection.handle(HttpConnection.java:380)
	at org.mortbay.jetty.bio.SocketConnector$Connection.run(SocketConnector.java:228)
	at org.mortbay.thread.QueuedThreadPool$PoolThread.run(QueuedThreadPool.java:488)
Caused by: org.mule.api.transport.DispatchException: Failed to route event via endpoint: org.mule.endpoint.DynamicOutboundEndpoint@6d1a542b. Message payload is of type: GetMethod
	at org.mule.transport.http.HttpClientMessageDispatcher.execute(HttpClientMessageDispatcher.java:152)
	at org.mule.transport.http.HttpClientMessageDispatcher.doSend(HttpClientMessageDispatcher.java:260)
	at org.mule.transport.AbstractMessageDispatcher.process(AbstractMessageDispatcher.java:80)
	at org.mule.transport.AbstractConnector$DispatcherMessageProcessor.process(AbstractConnector.java:2512)
	at org.mule.processor.chain.DefaultMessageProcessorChain.doProcess(DefaultMessageProcessorChain.java:72)
	at org.mule.processor.chain.AbstractMessageProcessorChain.process(AbstractMessageProcessorChain.java:89)
	at org.mule.processor.AbstractInterceptingMessageProcessor.processNext(AbstractInterceptingMessageProcessor.java:81)
	at org.mule.endpoint.outbound.OutboundResponsePropertiesMessageProcessor.process(OutboundResponsePropertiesMessageProcessor.java:39)
	at org.mule.processor.chain.DefaultMessageProcessorChain.doProcess(DefaultMessageProcessorChain.java:72)
	at org.mule.processor.chain.AbstractMessageProcessorChain.process(AbstractMessageProcessorChain.java:89)
	at org.mule.processor.AbstractInterceptingMessageProcessor.processNext(AbstractInterceptingMessageProcessor.java:81)
	at org.mule.processor.TransactionalInterceptingMessageProcessor$1.doInTransaction(TransactionalInterceptingMessageProcessor.java:49)
	at org.mule.processor.TransactionalInterceptingMessageProcessor$1.doInTransaction(TransactionalInterceptingMessageProcessor.java:46)
	at org.mule.transaction.TransactionTemplate.execute(TransactionTemplate.java:110)
	at org.mule.processor.TransactionalInterceptingMessageProcessor.process(TransactionalInterceptingMessageProcessor.java:55)
	at org.mule.processor.AbstractInterceptingMessageProcessor.processNext(AbstractInterceptingMessageProcessor.java:81)
	at org.mule.processor.AbstractFilteringMessageProcessor.process(AbstractFilteringMessageProcessor.java:41)
	at org.mule.processor.chain.DefaultMessageProcessorChain.doProcess(DefaultMessageProcessorChain.java:72)
	at org.mule.processor.chain.AbstractMessageProcessorChain.process(AbstractMessageProcessorChain.java:89)
	at org.mule.processor.chain.InterceptingChainLifecycleWrapper.doProcess(InterceptingChainLifecycleWrapper.java:63)
	at org.mule.processor.chain.AbstractMessageProcessorChain.process(AbstractMessageProcessorChain.java:89)
	at org.mule.processor.chain.InterceptingChainLifecycleWrapper.process(InterceptingChainLifecycleWrapper.java:94)
	at org.mule.processor.chain.DefaultMessageProcessorChain.doProcess(DefaultMessageProcessorChain.java:72)
	at org.mule.processor.chain.AbstractMessageProcessorChain.process(AbstractMessageProcessorChain.java:89)
	at org.mule.processor.chain.InterceptingChainLifecycleWrapper.doProcess(InterceptingChainLifecycleWrapper.java:63)
	at org.mule.processor.chain.AbstractMessageProcessorChain.process(AbstractMessageProcessorChain.java:89)
	at org.mule.processor.chain.InterceptingChainLifecycleWrapper.process(InterceptingChainLifecycleWrapper.java:94)
	at org.mule.endpoint.DefaultOutboundEndpoint.process(DefaultOutboundEndpoint.java:97)
	at org.mule.endpoint.DynamicURIOutboundEndpoint.process(DynamicURIOutboundEndpoint.java:267)
	at org.mule.endpoint.DynamicOutboundEndpoint.process(DynamicOutboundEndpoint.java:156)
	at org.mule.routing.outbound.AbstractOutboundRouter.sendRequestEvent(AbstractOutboundRouter.java:462)
	at org.mule.routing.outbound.AbstractOutboundRouter.sendRequest(AbstractOutboundRouter.java:168)
	at org.mule.routing.outbound.FilteringOutboundRouter.route(FilteringOutboundRouter.java:80)
	at org.mule.routing.outbound.OutboundPassThroughRouter.route(OutboundPassThroughRouter.java:71)
	at org.mule.routing.outbound.AbstractOutboundRouter$1.doInTransaction(AbstractOutboundRouter.java:103)
	at org.mule.routing.outbound.AbstractOutboundRouter$1.doInTransaction(AbstractOutboundRouter.java:100)
	at org.mule.transaction.TransactionTemplate.execute(TransactionTemplate.java:43)
	at org.mule.routing.outbound.AbstractOutboundRouter.process(AbstractOutboundRouter.java:108)
	at org.mule.routing.outbound.DefaultOutboundRouterCollection.process(DefaultOutboundRouterCollection.java:104)
	at org.mule.processor.chain.DefaultMessageProcessorChain.doProcess(DefaultMessageProcessorChain.java:72)
	at org.mule.processor.chain.AbstractMessageProcessorChain.process(AbstractMessageProcessorChain.java:89)
	at org.mule.processor.AbstractInterceptingMessageProcessor.processNext(AbstractInterceptingMessageProcessor.java:81)
	at org.mule.service.processor.ServiceOutboundMessageProcessor.process(ServiceOutboundMessageProcessor.java:71)
	at org.mule.processor.AbstractInterceptingMessageProcessor.processNext(AbstractInterceptingMessageProcessor.java:81)
	at org.mule.service.processor.ServiceInternalMessageProcessor.process(ServiceInternalMessageProcessor.java:57)
	at org.mule.processor.AbstractInterceptingMessageProcessor.processNext(AbstractInterceptingMessageProcessor.java:81)
	at org.mule.processor.AsyncInterceptingMessageProcessor.process(AsyncInterceptingMessageProcessor.java:101)
	at org.mule.processor.chain.DefaultMessageProcessorChain.doProcess(DefaultMessageProcessorChain.java:72)
	at org.mule.processor.chain.AbstractMessageProcessorChain.process(AbstractMessageProcessorChain.java:89)
	at org.mule.processor.AbstractInterceptingMessageProcessor.processNext(AbstractInterceptingMessageProcessor.java:81)
	at org.mule.interceptor.AbstractEnvelopeInterceptor.process(AbstractEnvelopeInterceptor.java:55)
	at org.mule.processor.AbstractInterceptingMessageProcessor.processNext(AbstractInterceptingMessageProcessor.java:81)
	at org.mule.lifecycle.processor.ProcessIfStartedWaitIfSyncPausedMessageProcessor.process(ProcessIfStartedWaitIfSyncPausedMessageProcessor.java:56)
	at org.mule.processor.chain.DefaultMessageProcessorChain.doProcess(DefaultMessageProcessorChain.java:72)
	at org.mule.processor.chain.AbstractMessageProcessorChain.process(AbstractMessageProcessorChain.java:89)
	at org.mule.processor.chain.InterceptingChainLifecycleWrapper.doProcess(InterceptingChainLifecycleWrapper.java:63)
	at org.mule.processor.chain.AbstractMessageProcessorChain.process(AbstractMessageProcessorChain.java:89)
	at org.mule.processor.chain.InterceptingChainLifecycleWrapper.process(InterceptingChainLifecycleWrapper.java:94)
	at org.mule.service.AbstractService$7.process(AbstractService.java:425)
	at org.mule.processor.AbstractInterceptingMessageProcessor.processNext(AbstractInterceptingMessageProcessor.java:81)
	at org.mule.service.ServiceCompositeMessageSource$1.process(ServiceCompositeMessageSource.java:124)
	at org.mule.processor.AbstractInterceptingMessageProcessor.processNext(AbstractInterceptingMessageProcessor.java:81)
	at org.mule.processor.StopFurtherMessageProcessingMessageProcessor.process(StopFurtherMessageProcessingMessageProcessor.java:23)
	at org.mule.processor.chain.DefaultMessageProcessorChain.doProcess(DefaultMessageProcessorChain.java:72)
	at org.mule.processor.chain.AbstractMessageProcessorChain.process(AbstractMessageProcessorChain.java:89)
	at org.mule.processor.chain.InterceptingChainLifecycleWrapper.doProcess(InterceptingChainLifecycleWrapper.java:63)
	at org.mule.processor.chain.AbstractMessageProcessorChain.process(AbstractMessageProcessorChain.java:89)
	at org.mule.processor.chain.InterceptingChainLifecycleWrapper.process(InterceptingChainLifecycleWrapper.java:94)
	at org.mule.source.StartableCompositeMessageSource$InternalMessageProcessor.process(StartableCompositeMessageSource.java:219)
	at org.mule.processor.chain.DefaultMessageProcessorChain.doProcess(DefaultMessageProcessorChain.java:72)
	at org.mule.processor.chain.AbstractMessageProcessorChain.process(AbstractMessageProcessorChain.java:89)
	at org.mule.processor.AbstractInterceptingMessageProcessor.processNext(AbstractInterceptingMessageProcessor.java:81)
	at org.mule.module.cxf.CxfInboundMessageProcessor.processNext(CxfInboundMessageProcessor.java:328)
	at org.mule.module.cxf.MuleInvoker.invoke(MuleInvoker.java:80)
	... 46 more
Caused by: java.net.SocketTimeoutException: Read timed out
	at java.net.SocketInputStream.socketRead0(Native Method)
	at java.net.SocketInputStream.read(SocketInputStream.java:129)
	at java.io.BufferedInputStream.fill(BufferedInputStream.java:218)
	at java.io.BufferedInputStream.read(BufferedInputStream.java:237)
	at org.apache.commons.httpclient.HttpParser.readRawLine(HttpParser.java:78)
	at org.apache.commons.httpclient.HttpParser.readLine(HttpParser.java:106)
	at org.apache.commons.httpclient.HttpConnection.readLine(HttpConnection.java:1116)
	at org.apache.commons.httpclient.MultiThreadedHttpConnectionManager$HttpConnectionAdapter.readLine(MultiThreadedHttpConnectionManager.java:1413)
	at org.apache.commons.httpclient.HttpMethodBase.readStatusLine(HttpMethodBase.java:1973)
	at org.apache.commons.httpclient.HttpMethodBase.readResponse(HttpMethodBase.java:1735)
	at org.apache.commons.httpclient.HttpMethodBase.execute(HttpMethodBase.java:1098)
	at org.apache.commons.httpclient.HttpMethodDirector.executeWithRetry(HttpMethodDirector.java:398)
	at org.apache.commons.httpclient.HttpMethodDirector.executeMethod(HttpMethodDirector.java:171)
	at org.apache.commons.httpclient.HttpClient.executeMethod(HttpClient.java:397)
	at org.apache.commons.httpclient.HttpClient.executeMethod(HttpClient.java:346)
	at org.mule.transport.http.HttpClientMessageDispatcher.execute(HttpClientMessageDispatcher.java:145)
	... 119 more
2011-03-30 23:25:44,845 INFO  org.soitoolkit.commons.mule.log.EventLogger - soi-toolkit.log
** logEvent-info.start ***********************************************************
IntegrationScenarioId=
ContractId=
LogMessage=resp-out
ServiceImpl=soapservletToResthttpUsingJava-service
Host=10.0.1.2 (10.0.1.2)
ComponentId=requestResponseWD310
Endpoint=http://localhost:8082/requestResponseWD310/rest-teststub/sample/0
MessageId=40f338c1-5b14-11e0-aa91-895c9007b3b0
BusinessCorrelationId=
BusinessContextId=
ExtraInfo=
Payload=
** logEvent-info.end *************************************************************
2011-03-30 23:25:45,842 ERROR org.mule.exception.AbstractExceptionListener - Caught exception in Exception Strategy: Broken pipe
java.net.SocketException: Broken pipe
	at java.net.SocketOutputStream.socketWrite0(Native Method)
	at java.net.SocketOutputStream.socketWrite(SocketOutputStream.java:92)
	at java.net.SocketOutputStream.write(SocketOutputStream.java:136)
	at java.io.DataOutputStream.write(DataOutputStream.java:90)
	at org.apache.commons.httpclient.ChunkedOutputStream.flushCache(ChunkedOutputStream.java:99)
	at org.apache.commons.httpclient.ChunkedOutputStream.finish(ChunkedOutputStream.java:143)
	at org.mule.transport.http.HttpServerConnection.writeResponse(HttpServerConnection.java:319)
	at org.mule.transport.http.HttpMessageReceiver$HttpWorker.run(HttpMessageReceiver.java:164)
	at org.mule.work.WorkerContext.run(WorkerContext.java:309)
	at edu.emory.mathcs.backport.java.util.concurrent.ThreadPoolExecutor.runWorker(ThreadPoolExecutor.java:1061)
	at edu.emory.mathcs.backport.java.util.concurrent.ThreadPoolExecutor$Worker.run(ThreadPoolExecutor.java:575)
	at java.lang.Thread.run(Thread.java:680)
2011-03-30 23:25:47,381 INFO  org.mule.DefaultMuleContext    - 
**********************************************************************
* Mule Context shut down normally on: 2011-03-30 23:25               *
* Server was up for: 0 days, 0 hours, 0 mins, 11.271 sec             *
**********************************************************************
Tests run: 3, Failures: 0, Errors: 0, Skipped: 0, Time elapsed: 12.298 sec
Running org.soitoolkit.tool.generator.requestresponsewd310.soapservlettojmsusingjava.SoapservletToJmsUsingJavaIntegrationTest
2011-03-30 23:25:47,385 INFO  org.soitoolkit.tool.generator.requestresponsewd310.RequestResponseWD310MuleServer - Servlet URL: http://localhost:8080/requestResponseWD310/services/soapservletToJmsUsingJava/v1
2011-03-30 23:25:47,386 INFO  org.soitoolkit.commons.mule.test.AbstractTestCase - Setting test timeout to (seconds): 120
2011-03-30 23:25:47,386 INFO  org.soitoolkit.commons.mule.test.AbstractTestCase - Setting test timeout to (seconds): 120
2011-03-30 23:25:47,387 INFO  org.soitoolkit.commons.mule.test.AbstractTestCase - Setting test timeout to (seconds): 120

================================================================================
= Testing: test_ok                                                             =
================================================================================
2011-03-30 23:25:47,392 INFO  org.springframework.beans.factory.xml.XmlBeanDefinitionReader - Loading XML bean definitions from URL [jar:file:/Users/magnuslarsson/.m2/repository/org/mule/modules/mule-module-spring-config/3.1.1/mule-module-spring-config-3.1.1.jar!/mule-spring-config.xml]
2011-03-30 23:25:47,404 INFO  org.springframework.beans.factory.xml.XmlBeanDefinitionReader - Loading XML bean definitions from URL [jar:file:/Users/magnuslarsson/.m2/repository/org/mule/modules/mule-module-spring-config/3.1.1/mule-module-spring-config-3.1.1.jar!/default-mule-config.xml]
2011-03-30 23:25:47,447 INFO  org.springframework.beans.factory.xml.XmlBeanDefinitionReader - Loading XML bean definitions from URL [jar:file:/Users/magnuslarsson/.m2/repository/org/soitoolkit/commons/components/soitoolkit-commons-mule/0.4.1-SNAPSHOT/soitoolkit-commons-mule-0.4.1-SNAPSHOT.jar!/soitoolkit-mule-jms-connector-activemq-embedded.xml]
2011-03-30 23:25:47,505 INFO  org.springframework.beans.factory.xml.XmlBeanDefinitionReader - Loading XML bean definitions from class path resource [soitoolkit-mule-jms-connector-commons.xml]
2011-03-30 23:25:47,578 INFO  org.springframework.beans.factory.xml.XmlBeanDefinitionReader - Loading XML bean definitions from URL [file:/Users/magnuslarsson/Documents/temp/_plugintests/jUnitTests/requestResponseWD310/trunk/requestResponseWD310-services/target/classes/requestResponseWD310-common.xml]
2011-03-30 23:25:47,637 INFO  org.springframework.beans.factory.xml.XmlBeanDefinitionReader - Loading XML bean definitions from URL [file:/Users/magnuslarsson/Documents/temp/_plugintests/jUnitTests/requestResponseWD310/trunk/requestResponseWD310-services/target/classes/services/soapservletToJmsUsingJava-service.xml]
2011-03-30 23:25:47,729 INFO  org.springframework.beans.factory.xml.XmlBeanDefinitionReader - Loading XML bean definitions from URL [file:/Users/magnuslarsson/Documents/temp/_plugintests/jUnitTests/requestResponseWD310/trunk/requestResponseWD310-services/target/test-classes/teststub-services/soapservletToJmsUsingJava-teststub-service.xml]
2011-03-30 23:25:47,782 INFO  org.springframework.core.io.support.PropertiesLoaderSupport - Loading properties file from class path resource [requestResponseWD310-security.properties]
2011-03-30 23:25:47,782 INFO  org.springframework.core.io.support.PropertiesLoaderSupport - Loading properties file from class path resource [requestResponseWD310-config.properties]
2011-03-30 23:25:47,782 INFO  org.springframework.core.io.support.PropertiesLoaderSupport - Loading properties file from URL [file:${app.home}/requestResponseWD310/config/requestResponseWD310-security.properties]
2011-03-30 23:25:47,783 WARN  org.springframework.core.io.support.PropertiesLoaderSupport - Could not load properties from URL [file:${app.home}/requestResponseWD310/config/requestResponseWD310-security.properties]: ${app.home}/requestResponseWD310/config/requestResponseWD310-security.properties (No such file or directory)
2011-03-30 23:25:47,783 INFO  org.springframework.core.io.support.PropertiesLoaderSupport - Loading properties file from URL [file:${app.home}/requestResponseWD310/config/requestResponseWD310-config.properties]
2011-03-30 23:25:47,783 WARN  org.springframework.core.io.support.PropertiesLoaderSupport - Could not load properties from URL [file:${app.home}/requestResponseWD310/config/requestResponseWD310-config.properties]: ${app.home}/requestResponseWD310/config/requestResponseWD310-config.properties (No such file or directory)
2011-03-30 23:25:48,021 INFO  org.mule.exception.AbstractExceptionListener - Initialising exception listener: org.soitoolkit.commons.mule.error.ServiceExceptionStrategy@51a1f567
2011-03-30 23:25:48,150 WARN  org.mule.context.notification.Configuration - The notification listener subscription &quot;ListenerSubscriptionPair [listener=ObjectToStringTransformer{this=5d593d1, name=&apos;objToStr&apos;, ignoreBadInput=false, returnClass=SimpleDataType{type=java.lang.String, mimeType=&apos;text/plain&apos;}, sourceTypes=[SimpleDataType{type=java.lang.Object, mimeType=&apos;*/*&apos;}, SimpleDataType{type=[B, mimeType=&apos;*/*&apos;}, SimpleDataType{type=java.io.InputStream, mimeType=&apos;*/*&apos;}, SimpleDataType{type=org.mule.api.transport.OutputHandler, mimeType=&apos;*/*&apos;}]}, subscription=NULL]&quot; has already been registered
2011-03-30 23:25:48,151 WARN  org.mule.context.notification.Configuration - The notification listener subscription &quot;ListenerSubscriptionPair [listener=CreateSoapFaultIfExceptionTransformer{this=45f8d1f2, name=&apos;createSoapFaultIfException&apos;, ignoreBadInput=false, returnClass=SimpleDataType{type=java.lang.Object, mimeType=&apos;*/*&apos;}, sourceTypes=[]}, subscription=NULL]&quot; has already been registered
2011-03-30 23:25:48,173 WARN  org.mule.context.notification.Configuration - The notification listener subscription &quot;ListenerSubscriptionPair [listener=JMSMessageToObject{this=2227a04c, name=&apos;jmsToStr&apos;, ignoreBadInput=false, returnClass=SimpleDataType{type=java.lang.Object, mimeType=&apos;*/*&apos;}, sourceTypes=[SimpleDataType{type=javax.jms.Message, mimeType=&apos;*/*&apos;}, SimpleDataType{type=javax.jms.TextMessage, mimeType=&apos;*/*&apos;}, SimpleDataType{type=javax.jms.ObjectMessage, mimeType=&apos;*/*&apos;}, SimpleDataType{type=javax.jms.BytesMessage, mimeType=&apos;*/*&apos;}, SimpleDataType{type=javax.jms.MapMessage, mimeType=&apos;*/*&apos;}, SimpleDataType{type=javax.jms.StreamMessage, mimeType=&apos;*/*&apos;}]}, subscription=NULL]&quot; has already been registered
2011-03-30 23:25:48,174 WARN  org.mule.context.notification.Configuration - The notification listener subscription &quot;ListenerSubscriptionPair [listener=SoapservletToJmsUsingJavaResponseTransformer{this=578cef18, name=&apos;soapservletToJmsUsingJavaResponseTransformer&apos;, ignoreBadInput=false, returnClass=SimpleDataType{type=java.lang.Object, mimeType=&apos;*/*&apos;}, sourceTypes=[]}, subscription=NULL]&quot; has already been registered
2011-03-30 23:25:48,182 WARN  org.mule.context.notification.Configuration - The notification listener subscription &quot;ListenerSubscriptionPair [listener=JMSMessageToObject{this=6dffe34, name=&apos;jmsToStr&apos;, ignoreBadInput=false, returnClass=SimpleDataType{type=java.lang.Object, mimeType=&apos;*/*&apos;}, sourceTypes=[SimpleDataType{type=javax.jms.Message, mimeType=&apos;*/*&apos;}, SimpleDataType{type=javax.jms.TextMessage, mimeType=&apos;*/*&apos;}, SimpleDataType{type=javax.jms.ObjectMessage, mimeType=&apos;*/*&apos;}, SimpleDataType{type=javax.jms.BytesMessage, mimeType=&apos;*/*&apos;}, SimpleDataType{type=javax.jms.MapMessage, mimeType=&apos;*/*&apos;}, SimpleDataType{type=javax.jms.StreamMessage, mimeType=&apos;*/*&apos;}]}, subscription=NULL]&quot; has already been registered
2011-03-30 23:25:48,183 WARN  org.mule.context.notification.Configuration - The notification listener subscription &quot;ListenerSubscriptionPair [listener=ObjectToJMSMessageTransformer{this=6fa053d5, name=&apos;strToJms&apos;, ignoreBadInput=false, returnClass=SimpleDataType{type=javax.jms.Message, mimeType=&apos;*/*&apos;}, sourceTypes=[]}, subscription=NULL]&quot; has already been registered
2011-03-30 23:25:48,199 INFO  org.mule.DefaultMuleContext    - 
**********************************************************************
* Mule ESB and Integration Platform                                  *
* Version: 3.1.1 Build: 21496                                        *
* MuleSoft, Inc.                                                     *
* For more information go to http://www.mulesoft.org                 *
*                                                                    *
* Server started: 2011-03-30 23:25                                   *
* Server ID: requestResponseWD310                                    *
* JDK: 1.6.0_24 (mixed mode)                                         *
* OS encoding: MacRoman, Mule encoding: UTF-8                        *
* OS: Mac OS X (10.6.7, x86_64)                                      *
* Host: MagnusMac-2.local (10.0.1.2)                                 *
* Mode: Development                                                  *
*                                                                    *
* Agents Running:                                                    *
*   JMX Agent                                                        *
**********************************************************************
2011-03-30 23:25:48,204 INFO  org.soitoolkit.commons.mule.test.ServletContainerWithMuleReceiverServlet - Mule Receiver Servlet available at: http://localhost:8080/requestResponseWD310/services
2011-03-30 23:25:48,210 INFO  org.soitoolkit.commons.mule.test.AbstractJmsTestUtil - Clearing messages on queues: REQUESTRESPONSEWD310.SOAPSERVLETTOJMSUSINGJAVA.REQUEST.QUEUE 
2011-03-30 23:25:48,311 INFO  org.soitoolkit.commons.mule.test.AbstractJmsTestUtil - Clearing messages on queues: REQUESTRESPONSEWD310.SOAPSERVLETTOJMSUSINGJAVA.RESPONSE.QUEUE 
2011-03-30 23:25:48,412 INFO  org.soitoolkit.commons.mule.test.AbstractJmsTestUtil - Clearing messages on queues: SOITOOLKIT.LOG.ERROR 
2011-03-30 23:25:48,607 INFO  org.soitoolkit.commons.mule.log.EventLogger - soi-toolkit.log
** logEvent-info.start ***********************************************************
IntegrationScenarioId=
ContractId=
LogMessage=req-in
ServiceImpl=soapservletToJmsUsingJava-service
Host=10.0.1.2 (10.0.1.2)
ComponentId=requestResponseWD310
Endpoint=http://localhost:8080/services/soapservletToJmsUsingJava/v1
MessageId=47f7f1f6-5b14-11e0-aa91-895c9007b3b0
BusinessCorrelationId=
BusinessContextId=
ExtraInfo=
Payload=
** logEvent-info.end *************************************************************
2011-03-30 23:25:48,609 WARN  org.mule.context.notification.Configuration - The notification listener subscription &quot;ListenerSubscriptionPair [listener=SoapservletToJmsUsingJavaRequestTransformer{this=2d8dea20, name=&apos;soapservletToJmsUsingJavaRequestTransformer&apos;, ignoreBadInput=false, returnClass=SimpleDataType{type=java.lang.Object, mimeType=&apos;*/*&apos;}, sourceTypes=[]}, subscription=NULL]&quot; has already been registered
2011-03-30 23:25:48,610 WARN  org.mule.context.notification.Configuration - The notification listener subscription &quot;ListenerSubscriptionPair [listener=ObjectToJMSMessageTransformer{this=4005f23d, name=&apos;strToJms&apos;, ignoreBadInput=false, returnClass=SimpleDataType{type=javax.jms.Message, mimeType=&apos;*/*&apos;}, sourceTypes=[]}, subscription=NULL]&quot; has already been registered
2011-03-30 23:25:48,616 INFO  org.soitoolkit.commons.mule.log.EventLogger - soi-toolkit.log
** logEvent-info.start ***********************************************************
IntegrationScenarioId=
ContractId=
LogMessage=req-out
ServiceImpl=soapservletToJmsUsingJava-service
Host=10.0.1.2 (10.0.1.2)
ComponentId=requestResponseWD310
Endpoint=jms://REQUESTRESPONSEWD310.SOAPSERVLETTOJMSUSINGJAVA.REQUEST.QUEUE
MessageId=47f7f1f6-5b14-11e0-aa91-895c9007b3b0
BusinessCorrelationId=
BusinessContextId=
ExtraInfo=
Payload=
** logEvent-info.end *************************************************************
2011-03-30 23:25:48,628 INFO  org.soitoolkit.tool.generator.requestresponsewd310.soapservlettojmsusingjava.SoapservletToJmsUsingJavaTestProducer - SoapservletToJmsUsingJavaTestProducer received the request: msg-0001-req,1234567890
2011-03-30 23:25:48,638 INFO  org.soitoolkit.commons.mule.log.EventLogger - soi-toolkit.log
** logEvent-info.start ***********************************************************
IntegrationScenarioId=
ContractId=
LogMessage=resp-in
ServiceImpl=soapservletToJmsUsingJava-service
Host=10.0.1.2 (10.0.1.2)
ComponentId=requestResponseWD310
Endpoint=jms://REQUESTRESPONSEWD310.SOAPSERVLETTOJMSUSINGJAVA.RESPONSE.QUEUE
MessageId=47fd2222-5b14-11e0-aa91-895c9007b3b0
BusinessCorrelationId=
BusinessContextId=
ExtraInfo=
Payload=
** logEvent-info.end *************************************************************
2011-03-30 23:25:48,654 INFO  org.soitoolkit.commons.mule.log.EventLogger - soi-toolkit.log
** logEvent-info.start ***********************************************************
IntegrationScenarioId=
ContractId=
LogMessage=resp-out
ServiceImpl=soapservletToJmsUsingJava-service
Host=10.0.1.2 (10.0.1.2)
ComponentId=requestResponseWD310
Endpoint=jms://REQUESTRESPONSEWD310.SOAPSERVLETTOJMSUSINGJAVA.RESPONSE.QUEUE
MessageId=47fd2222-5b14-11e0-aa91-895c9007b3b0
BusinessCorrelationId=
BusinessContextId=
ExtraInfo=
Payload=
** logEvent-info.end *************************************************************

================================================================================
= Testing: test_fault_invalidInput                                             =
================================================================================
2011-03-30 23:25:48,669 INFO  org.soitoolkit.commons.mule.test.ServletContainerWithMuleReceiverServlet - Mule Receiver Servlet available at: http://localhost:8080/requestResponseWD310/services
2011-03-30 23:25:48,676 INFO  org.soitoolkit.commons.mule.test.AbstractJmsTestUtil - Clearing messages on queues: REQUESTRESPONSEWD310.SOAPSERVLETTOJMSUSINGJAVA.REQUEST.QUEUE 
2011-03-30 23:25:48,777 INFO  org.soitoolkit.commons.mule.test.AbstractJmsTestUtil - Clearing messages on queues: REQUESTRESPONSEWD310.SOAPSERVLETTOJMSUSINGJAVA.RESPONSE.QUEUE 
2011-03-30 23:25:48,878 INFO  org.soitoolkit.commons.mule.test.AbstractJmsTestUtil - Clearing messages on queues: SOITOOLKIT.LOG.ERROR 
2011-03-30 23:25:49,010 INFO  org.soitoolkit.commons.mule.log.EventLogger - soi-toolkit.log
** logEvent-info.start ***********************************************************
IntegrationScenarioId=
ContractId=
LogMessage=req-in
ServiceImpl=soapservletToJmsUsingJava-service
Host=10.0.1.2 (10.0.1.2)
ComponentId=requestResponseWD310
Endpoint=http://localhost:8080/services/soapservletToJmsUsingJava/v1
MessageId=4835be5d-5b14-11e0-aa91-895c9007b3b0
BusinessCorrelationId=
BusinessContextId=
ExtraInfo=
Payload=
** logEvent-info.end *************************************************************
2011-03-30 23:25:49,015 INFO  org.soitoolkit.commons.mule.log.EventLogger - soi-toolkit.log
** logEvent-info.start ***********************************************************
IntegrationScenarioId=
ContractId=
LogMessage=req-out
ServiceImpl=soapservletToJmsUsingJava-service
Host=10.0.1.2 (10.0.1.2)
ComponentId=requestResponseWD310
Endpoint=jms://REQUESTRESPONSEWD310.SOAPSERVLETTOJMSUSINGJAVA.REQUEST.QUEUE
MessageId=4835be5d-5b14-11e0-aa91-895c9007b3b0
BusinessCorrelationId=
BusinessContextId=
ExtraInfo=
Payload=
** logEvent-info.end *************************************************************
2011-03-30 23:25:49,019 INFO  org.soitoolkit.tool.generator.requestresponsewd310.soapservlettojmsusingjava.SoapservletToJmsUsingJavaTestProducer - SoapservletToJmsUsingJavaTestProducer received the request: msg-0001-req,-1
2011-03-30 23:25:49,025 INFO  org.soitoolkit.commons.mule.log.EventLogger - soi-toolkit.log
** logEvent-info.start ***********************************************************
IntegrationScenarioId=
ContractId=
LogMessage=resp-in
ServiceImpl=soapservletToJmsUsingJava-service
Host=10.0.1.2 (10.0.1.2)
ComponentId=requestResponseWD310
Endpoint=jms://REQUESTRESPONSEWD310.SOAPSERVLETTOJMSUSINGJAVA.RESPONSE.QUEUE
MessageId=48382f69-5b14-11e0-aa91-895c9007b3b0
BusinessCorrelationId=
BusinessContextId=
ExtraInfo=
Payload=
** logEvent-info.end *************************************************************
2011-03-30 23:25:49,029 INFO  org.soitoolkit.commons.mule.log.EventLogger - soi-toolkit.log
** logEvent-info.start ***********************************************************
IntegrationScenarioId=
ContractId=
LogMessage=resp-out
ServiceImpl=soapservletToJmsUsingJava-service
Host=10.0.1.2 (10.0.1.2)
ComponentId=requestResponseWD310
Endpoint=jms://REQUESTRESPONSEWD310.SOAPSERVLETTOJMSUSINGJAVA.RESPONSE.QUEUE
MessageId=48382f69-5b14-11e0-aa91-895c9007b3b0
BusinessCorrelationId=
BusinessContextId=
ExtraInfo=
Payload=
** logEvent-info.end *************************************************************

================================================================================
= Testing: test_fault_timeout                                                  =
================================================================================
2011-03-30 23:25:49,038 INFO  org.soitoolkit.commons.mule.test.ServletContainerWithMuleReceiverServlet - Mule Receiver Servlet available at: http://localhost:8080/requestResponseWD310/services
2011-03-30 23:25:49,041 INFO  org.soitoolkit.commons.mule.test.AbstractJmsTestUtil - Clearing messages on queues: REQUESTRESPONSEWD310.SOAPSERVLETTOJMSUSINGJAVA.REQUEST.QUEUE 
2011-03-30 23:25:49,142 INFO  org.soitoolkit.commons.mule.test.AbstractJmsTestUtil - Clearing messages on queues: REQUESTRESPONSEWD310.SOAPSERVLETTOJMSUSINGJAVA.RESPONSE.QUEUE 
2011-03-30 23:25:49,242 INFO  org.soitoolkit.commons.mule.test.AbstractJmsTestUtil - Clearing messages on queues: SOITOOLKIT.LOG.ERROR 
2011-03-30 23:25:49,363 INFO  org.soitoolkit.commons.mule.log.EventLogger - soi-toolkit.log
** logEvent-info.start ***********************************************************
IntegrationScenarioId=
ContractId=
LogMessage=req-in
ServiceImpl=soapservletToJmsUsingJava-service
Host=10.0.1.2 (10.0.1.2)
ComponentId=requestResponseWD310
Endpoint=http://localhost:8080/services/soapservletToJmsUsingJava/v1
MessageId=486b9b84-5b14-11e0-aa91-895c9007b3b0
BusinessCorrelationId=
BusinessContextId=
ExtraInfo=
Payload=
** logEvent-info.end *************************************************************
2011-03-30 23:25:49,370 INFO  org.soitoolkit.commons.mule.log.EventLogger - soi-toolkit.log
** logEvent-info.start ***********************************************************
IntegrationScenarioId=
ContractId=
LogMessage=req-out
ServiceImpl=soapservletToJmsUsingJava-service
Host=10.0.1.2 (10.0.1.2)
ComponentId=requestResponseWD310
Endpoint=jms://REQUESTRESPONSEWD310.SOAPSERVLETTOJMSUSINGJAVA.REQUEST.QUEUE
MessageId=486b9b84-5b14-11e0-aa91-895c9007b3b0
BusinessCorrelationId=
BusinessContextId=
ExtraInfo=
Payload=
** logEvent-info.end *************************************************************
2011-03-30 23:25:49,376 INFO  org.soitoolkit.tool.generator.requestresponsewd310.soapservlettojmsusingjava.SoapservletToJmsUsingJavaTestProducer - SoapservletToJmsUsingJavaTestProducer received the request: msg-0001-req,0
2011-03-30 23:25:57,375 WARN  org.apache.cxf.common.logging.LogUtils - Interceptor for {urn:org.soitoolkit.refapps.sd.sample.wsdl:v1}sampleService has thrown exception, unwinding now
org.apache.cxf.interceptor.Fault: Response timed out (8000ms) waiting for message response id &quot;486b9b84-5b14-11e0-aa91-895c9007b3b0&quot; or this action was interrupted. Failed to route event via endpoint: null. Message payload is of type: String
	at org.mule.module.cxf.MuleInvoker.invoke(MuleInvoker.java:85)
	at org.apache.cxf.interceptor.ServiceInvokerInterceptor$1.run(ServiceInvokerInterceptor.java:58)
	at java.util.concurrent.Executors$RunnableAdapter.call(Executors.java:441)
	at java.util.concurrent.FutureTask$Sync.innerRun(FutureTask.java:303)
	at java.util.concurrent.FutureTask.run(FutureTask.java:138)
	at org.apache.cxf.workqueue.SynchronousExecutor.execute(SynchronousExecutor.java:37)
	at org.apache.cxf.interceptor.ServiceInvokerInterceptor.handleMessage(ServiceInvokerInterceptor.java:106)
	at org.apache.cxf.phase.PhaseInterceptorChain.doIntercept(PhaseInterceptorChain.java:255)
	at org.apache.cxf.transport.ChainInitiationObserver.onMessage(ChainInitiationObserver.java:113)
	at org.mule.module.cxf.CxfInboundMessageProcessor.sendToDestination(CxfInboundMessageProcessor.java:288)
	at org.mule.module.cxf.CxfInboundMessageProcessor.process(CxfInboundMessageProcessor.java:129)
	at org.mule.module.cxf.config.FlowConfiguringMessageProcessor.process(FlowConfiguringMessageProcessor.java:50)
	at org.mule.processor.chain.DefaultMessageProcessorChain.doProcess(DefaultMessageProcessorChain.java:72)
	at org.mule.processor.chain.AbstractMessageProcessorChain.process(AbstractMessageProcessorChain.java:89)
	at org.mule.processor.AbstractInterceptingMessageProcessor.processNext(AbstractInterceptingMessageProcessor.java:81)
	at org.mule.processor.ExceptionHandlingMessageProcessor.process(ExceptionHandlingMessageProcessor.java:25)
	at org.mule.processor.chain.DefaultMessageProcessorChain.doProcess(DefaultMessageProcessorChain.java:72)
	at org.mule.processor.chain.AbstractMessageProcessorChain.process(AbstractMessageProcessorChain.java:89)
	at org.mule.processor.chain.InterceptingChainLifecycleWrapper.doProcess(InterceptingChainLifecycleWrapper.java:63)
	at org.mule.processor.chain.AbstractMessageProcessorChain.process(AbstractMessageProcessorChain.java:89)
	at org.mule.processor.chain.InterceptingChainLifecycleWrapper.process(InterceptingChainLifecycleWrapper.java:94)
	at org.mule.processor.chain.DefaultMessageProcessorChain.doProcess(DefaultMessageProcessorChain.java:72)
	at org.mule.processor.chain.AbstractMessageProcessorChain.process(AbstractMessageProcessorChain.java:89)
	at org.mule.processor.chain.InterceptingChainLifecycleWrapper.doProcess(InterceptingChainLifecycleWrapper.java:63)
	at org.mule.processor.chain.AbstractMessageProcessorChain.process(AbstractMessageProcessorChain.java:89)
	at org.mule.processor.chain.InterceptingChainLifecycleWrapper.process(InterceptingChainLifecycleWrapper.java:94)
	at org.mule.transport.AbstractMessageReceiver.routeMessage(AbstractMessageReceiver.java:185)
	at org.mule.transport.AbstractMessageReceiver.routeMessage(AbstractMessageReceiver.java:158)
	at org.mule.transport.AbstractMessageReceiver.routeMessage(AbstractMessageReceiver.java:145)
	at org.mule.transport.servlet.MuleReceiverServlet.routeMessage(MuleReceiverServlet.java:238)
	at org.mule.transport.servlet.MuleReceiverServlet.doAllMethods(MuleReceiverServlet.java:225)
	at org.mule.transport.servlet.MuleReceiverServlet.doPost(MuleReceiverServlet.java:175)
	at javax.servlet.http.HttpServlet.service(HttpServlet.java:727)
	at javax.servlet.http.HttpServlet.service(HttpServlet.java:820)
	at org.mortbay.jetty.servlet.ServletHolder.handle(ServletHolder.java:487)
	at org.mortbay.jetty.servlet.ServletHandler.handle(ServletHandler.java:362)
	at org.mortbay.jetty.servlet.SessionHandler.handle(SessionHandler.java:181)
	at org.mortbay.jetty.handler.ContextHandler.handle(ContextHandler.java:729)
	at org.mortbay.jetty.handler.HandlerWrapper.handle(HandlerWrapper.java:152)
	at org.mortbay.jetty.Server.handle(Server.java:324)
	at org.mortbay.jetty.HttpConnection.handleRequest(HttpConnection.java:505)
	at org.mortbay.jetty.HttpConnection$RequestHandler.content(HttpConnection.java:843)
	at org.mortbay.jetty.HttpParser.parseNext(HttpParser.java:729)
	at org.mortbay.jetty.HttpParser.parseAvailable(HttpParser.java:205)
	at org.mortbay.jetty.HttpConnection.handle(HttpConnection.java:380)
	at org.mortbay.jetty.bio.SocketConnector$Connection.run(SocketConnector.java:228)
	at org.mortbay.thread.QueuedThreadPool$PoolThread.run(QueuedThreadPool.java:488)
Caused by: org.mule.api.routing.ResponseTimeoutException: Response timed out (8000ms) waiting for message response id &quot;486b9b84-5b14-11e0-aa91-895c9007b3b0&quot; or this action was interrupted. Failed to route event via endpoint: null. Message payload is of type: String
	at org.mule.routing.requestreply.AbstractAsyncRequestReplyRequester.receiveAsyncReply(AbstractAsyncRequestReplyRequester.java:186)
	at org.mule.routing.requestreply.AbstractAsyncRequestReplyRequester.process(AbstractAsyncRequestReplyRequester.java:68)
	at org.mule.processor.AbstractInterceptingMessageProcessor.processNext(AbstractInterceptingMessageProcessor.java:81)
	at org.mule.service.processor.ServiceInternalMessageProcessor.process(ServiceInternalMessageProcessor.java:57)
	at org.mule.processor.AbstractInterceptingMessageProcessor.processNext(AbstractInterceptingMessageProcessor.java:81)
	at org.mule.processor.AsyncInterceptingMessageProcessor.process(AsyncInterceptingMessageProcessor.java:101)
	at org.mule.processor.chain.DefaultMessageProcessorChain.doProcess(DefaultMessageProcessorChain.java:72)
	at org.mule.processor.chain.AbstractMessageProcessorChain.process(AbstractMessageProcessorChain.java:89)
	at org.mule.processor.AbstractInterceptingMessageProcessor.processNext(AbstractInterceptingMessageProcessor.java:81)
	at org.mule.interceptor.AbstractEnvelopeInterceptor.process(AbstractEnvelopeInterceptor.java:55)
	at org.mule.processor.AbstractInterceptingMessageProcessor.processNext(AbstractInterceptingMessageProcessor.java:81)
	at org.mule.lifecycle.processor.ProcessIfStartedWaitIfSyncPausedMessageProcessor.process(ProcessIfStartedWaitIfSyncPausedMessageProcessor.java:56)
	at org.mule.processor.chain.DefaultMessageProcessorChain.doProcess(DefaultMessageProcessorChain.java:72)
	at org.mule.processor.chain.AbstractMessageProcessorChain.process(AbstractMessageProcessorChain.java:89)
	at org.mule.processor.chain.InterceptingChainLifecycleWrapper.doProcess(InterceptingChainLifecycleWrapper.java:63)
	at org.mule.processor.chain.AbstractMessageProcessorChain.process(AbstractMessageProcessorChain.java:89)
	at org.mule.processor.chain.InterceptingChainLifecycleWrapper.process(InterceptingChainLifecycleWrapper.java:94)
	at org.mule.service.AbstractService$7.process(AbstractService.java:425)
	at org.mule.processor.AbstractInterceptingMessageProcessor.processNext(AbstractInterceptingMessageProcessor.java:81)
	at org.mule.service.ServiceCompositeMessageSource$1.process(ServiceCompositeMessageSource.java:124)
	at org.mule.processor.AbstractInterceptingMessageProcessor.processNext(AbstractInterceptingMessageProcessor.java:81)
	at org.mule.processor.StopFurtherMessageProcessingMessageProcessor.process(StopFurtherMessageProcessingMessageProcessor.java:23)
	at org.mule.processor.chain.DefaultMessageProcessorChain.doProcess(DefaultMessageProcessorChain.java:72)
	at org.mule.processor.chain.AbstractMessageProcessorChain.process(AbstractMessageProcessorChain.java:89)
	at org.mule.processor.chain.InterceptingChainLifecycleWrapper.doProcess(InterceptingChainLifecycleWrapper.java:63)
	at org.mule.processor.chain.AbstractMessageProcessorChain.process(AbstractMessageProcessorChain.java:89)
	at org.mule.processor.chain.InterceptingChainLifecycleWrapper.process(InterceptingChainLifecycleWrapper.java:94)
	at org.mule.source.StartableCompositeMessageSource$InternalMessageProcessor.process(StartableCompositeMessageSource.java:219)
	at org.mule.processor.chain.DefaultMessageProcessorChain.doProcess(DefaultMessageProcessorChain.java:72)
	at org.mule.processor.chain.AbstractMessageProcessorChain.process(AbstractMessageProcessorChain.java:89)
	at org.mule.processor.AbstractInterceptingMessageProcessor.processNext(AbstractInterceptingMessageProcessor.java:81)
	at org.mule.module.cxf.CxfInboundMessageProcessor.processNext(CxfInboundMessageProcessor.java:328)
	at org.mule.module.cxf.MuleInvoker.invoke(MuleInvoker.java:80)
	... 46 more
2011-03-30 23:25:57,379 INFO  org.soitoolkit.commons.mule.log.EventLogger - soi-toolkit.log
** logEvent-info.start ***********************************************************
IntegrationScenarioId=
ContractId=
LogMessage=resp-out
ServiceImpl=soapservletToJmsUsingJava-service
Host=10.0.1.2 (10.0.1.2)
ComponentId=requestResponseWD310
Endpoint=jms://REQUESTRESPONSEWD310.SOAPSERVLETTOJMSUSINGJAVA.REQUEST.QUEUE
MessageId=486b9b84-5b14-11e0-aa91-895c9007b3b0
BusinessCorrelationId=
BusinessContextId=
ExtraInfo=
Payload=
** logEvent-info.end *************************************************************
2011-03-30 23:25:58,382 INFO  org.soitoolkit.commons.mule.log.EventLogger - soi-toolkit.log
** logEvent-info.start ***********************************************************
IntegrationScenarioId=
ContractId=
LogMessage=resp-in
ServiceImpl=soapservletToJmsUsingJava-service
Host=10.0.1.2 (10.0.1.2)
ComponentId=requestResponseWD310
Endpoint=jms://REQUESTRESPONSEWD310.SOAPSERVLETTOJMSUSINGJAVA.RESPONSE.QUEUE
MessageId=4dcbf353-5b14-11e0-aa91-895c9007b3b0
BusinessCorrelationId=
BusinessContextId=
ExtraInfo=
Payload=
** logEvent-info.end *************************************************************
2011-03-30 23:25:59,801 INFO  org.mule.DefaultMuleContext    - 
**********************************************************************
* Mule Context shut down normally on: 2011-03-30 23:25               *
* Server was up for: 0 days, 0 hours, 0 mins, 11.658 sec             *
**********************************************************************
Tests run: 3, Failures: 0, Errors: 0, Skipped: 0, Time elapsed: 12.42 sec
Running org.soitoolkit.tool.generator.requestresponsewd310.soaphttptojmsusingjava.SoaphttpToJmsUsingJavaRequestTransformerTest
Tests run: 1, Failures: 0, Errors: 0, Skipped: 0, Time elapsed: 0.005 sec
Running org.soitoolkit.tool.generator.requestresponsewd310.soapservlettoresthttpusingjava.SoapservletToResthttpUsingJavaRequestTransformerTest
Tests run: 1, Failures: 0, Errors: 0, Skipped: 0, Time elapsed: 0.004 sec
Running org.soitoolkit.tool.generator.requestresponsewd310.soapservlettosoaphttpusingjava.SoapservletToSoaphttpUsingJavaRequestTransformerTest
Tests run: 1, Failures: 0, Errors: 0, Skipped: 0, Time elapsed: 0.003 sec
Running org.soitoolkit.tool.generator.requestresponsewd310.soaphttptosoaphttpusingjava.SoaphttpToSoaphttpUsingJavaIntegrationTest
2011-03-30 23:25:59,821 INFO  org.soitoolkit.tool.generator.requestresponsewd310.RequestResponseWD310MuleServer - Non servlet URL: http://localhost:8081/requestResponseWD310/services/soaphttpToSoaphttpUsingJava/v1
2011-03-30 23:25:59,821 INFO  org.soitoolkit.commons.mule.test.AbstractTestCase - Setting test timeout to (seconds): 120
2011-03-30 23:25:59,822 INFO  org.soitoolkit.commons.mule.test.AbstractTestCase - Setting test timeout to (seconds): 120
2011-03-30 23:25:59,822 INFO  org.soitoolkit.commons.mule.test.AbstractTestCase - Setting test timeout to (seconds): 120

================================================================================
= Testing: test_ok                                                             =
================================================================================
2011-03-30 23:25:59,829 INFO  org.springframework.beans.factory.xml.XmlBeanDefinitionReader - Loading XML bean definitions from URL [jar:file:/Users/magnuslarsson/.m2/repository/org/mule/modules/mule-module-spring-config/3.1.1/mule-module-spring-config-3.1.1.jar!/mule-spring-config.xml]
2011-03-30 23:25:59,843 INFO  org.springframework.beans.factory.xml.XmlBeanDefinitionReader - Loading XML bean definitions from URL [jar:file:/Users/magnuslarsson/.m2/repository/org/mule/modules/mule-module-spring-config/3.1.1/mule-module-spring-config-3.1.1.jar!/default-mule-config.xml]
2011-03-30 23:25:59,890 INFO  org.springframework.beans.factory.xml.XmlBeanDefinitionReader - Loading XML bean definitions from URL [jar:file:/Users/magnuslarsson/.m2/repository/org/soitoolkit/commons/components/soitoolkit-commons-mule/0.4.1-SNAPSHOT/soitoolkit-commons-mule-0.4.1-SNAPSHOT.jar!/soitoolkit-mule-jms-connector-activemq-embedded.xml]
2011-03-30 23:25:59,955 INFO  org.springframework.beans.factory.xml.XmlBeanDefinitionReader - Loading XML bean definitions from class path resource [soitoolkit-mule-jms-connector-commons.xml]
2011-03-30 23:26:00,005 INFO  org.springframework.beans.factory.xml.XmlBeanDefinitionReader - Loading XML bean definitions from URL [file:/Users/magnuslarsson/Documents/temp/_plugintests/jUnitTests/requestResponseWD310/trunk/requestResponseWD310-services/target/classes/requestResponseWD310-common.xml]
2011-03-30 23:26:00,056 INFO  org.springframework.beans.factory.xml.XmlBeanDefinitionReader - Loading XML bean definitions from URL [file:/Users/magnuslarsson/Documents/temp/_plugintests/jUnitTests/requestResponseWD310/trunk/requestResponseWD310-services/target/classes/services/soaphttpToSoaphttpUsingJava-service.xml]
2011-03-30 23:26:00,097 INFO  org.springframework.beans.factory.xml.XmlBeanDefinitionReader - Loading XML bean definitions from URL [file:/Users/magnuslarsson/Documents/temp/_plugintests/jUnitTests/requestResponseWD310/trunk/requestResponseWD310-services/target/test-classes/teststub-services/soaphttpToSoaphttpUsingJava-teststub-service.xml]
2011-03-30 23:26:00,136 INFO  org.springframework.core.io.support.PropertiesLoaderSupport - Loading properties file from class path resource [requestResponseWD310-security.properties]
2011-03-30 23:26:00,137 INFO  org.springframework.core.io.support.PropertiesLoaderSupport - Loading properties file from class path resource [requestResponseWD310-config.properties]
2011-03-30 23:26:00,137 INFO  org.springframework.core.io.support.PropertiesLoaderSupport - Loading properties file from URL [file:${app.home}/requestResponseWD310/config/requestResponseWD310-security.properties]
2011-03-30 23:26:00,138 WARN  org.springframework.core.io.support.PropertiesLoaderSupport - Could not load properties from URL [file:${app.home}/requestResponseWD310/config/requestResponseWD310-security.properties]: ${app.home}/requestResponseWD310/config/requestResponseWD310-security.properties (No such file or directory)
2011-03-30 23:26:00,138 INFO  org.springframework.core.io.support.PropertiesLoaderSupport - Loading properties file from URL [file:${app.home}/requestResponseWD310/config/requestResponseWD310-config.properties]
2011-03-30 23:26:00,138 WARN  org.springframework.core.io.support.PropertiesLoaderSupport - Could not load properties from URL [file:${app.home}/requestResponseWD310/config/requestResponseWD310-config.properties]: ${app.home}/requestResponseWD310/config/requestResponseWD310-config.properties (No such file or directory)
2011-03-30 23:26:00,488 INFO  org.mule.exception.AbstractExceptionListener - Initialising exception listener: org.soitoolkit.commons.mule.error.ServiceExceptionStrategy@1ae83a99
2011-03-30 23:26:00,502 WARN  org.mule.context.notification.Configuration - The notification listener subscription &quot;ListenerSubscriptionPair [listener=ObjectToStringTransformer{this=7f301d8d, name=&apos;objToStr&apos;, ignoreBadInput=false, returnClass=SimpleDataType{type=java.lang.String, mimeType=&apos;text/plain&apos;}, sourceTypes=[SimpleDataType{type=java.lang.Object, mimeType=&apos;*/*&apos;}, SimpleDataType{type=[B, mimeType=&apos;*/*&apos;}, SimpleDataType{type=java.io.InputStream, mimeType=&apos;*/*&apos;}, SimpleDataType{type=org.mule.api.transport.OutputHandler, mimeType=&apos;*/*&apos;}]}, subscription=NULL]&quot; has already been registered
2011-03-30 23:26:00,502 WARN  org.mule.context.notification.Configuration - The notification listener subscription &quot;ListenerSubscriptionPair [listener=CreateSoapFaultIfExceptionTransformer{this=5af8592, name=&apos;createSoapFaultIfException&apos;, ignoreBadInput=false, returnClass=SimpleDataType{type=java.lang.Object, mimeType=&apos;*/*&apos;}, sourceTypes=[]}, subscription=NULL]&quot; has already been registered
2011-03-30 23:26:00,550 INFO  org.mule.DefaultMuleContext    - 
**********************************************************************
* Mule ESB and Integration Platform                                  *
* Version: 3.1.1 Build: 21496                                        *
* MuleSoft, Inc.                                                     *
* For more information go to http://www.mulesoft.org                 *
*                                                                    *
* Server started: 2011-03-30 23:26                                   *
* Server ID: requestResponseWD310                                    *
* JDK: 1.6.0_24 (mixed mode)                                         *
* OS encoding: MacRoman, Mule encoding: UTF-8                        *
* OS: Mac OS X (10.6.7, x86_64)                                      *
* Host: MagnusMac-2.local (10.0.1.2)                                 *
* Mode: Development                                                  *
*                                                                    *
* Agents Running:                                                    *
*   JMX Agent                                                        *
**********************************************************************
2011-03-30 23:26:00,554 INFO  org.soitoolkit.commons.mule.test.AbstractJmsTestUtil - Clearing messages on queues: SOITOOLKIT.LOG.ERROR 
2011-03-30 23:26:00,715 INFO  org.soitoolkit.commons.mule.log.EventLogger - soi-toolkit.log
** logEvent-info.start ***********************************************************
IntegrationScenarioId=
ContractId=
LogMessage=req-in
ServiceImpl=soaphttpToSoaphttpUsingJava-service
Host=10.0.1.2 (10.0.1.2)
ComponentId=requestResponseWD310
Endpoint=http://localhost:8081/requestResponseWD310/services/soaphttpToSoaphttpUsingJava/v1
MessageId=4f2f05ff-5b14-11e0-aa91-895c9007b3b0
BusinessCorrelationId=
BusinessContextId=
ExtraInfo=
Payload=
** logEvent-info.end *************************************************************
2011-03-30 23:26:00,719 WARN  org.mule.context.notification.Configuration - The notification listener subscription &quot;ListenerSubscriptionPair [listener=SoaphttpToSoaphttpUsingJavaRequestTransformer{this=4e0222ed, name=&apos;soaphttpToSoaphttpUsingJavaRequestTransformer&apos;, ignoreBadInput=false, returnClass=SimpleDataType{type=java.lang.Object, mimeType=&apos;*/*&apos;}, sourceTypes=[]}, subscription=NULL]&quot; has already been registered
2011-03-30 23:26:00,719 WARN  org.mule.context.notification.Configuration - The notification listener subscription &quot;ListenerSubscriptionPair [listener=SoaphttpToSoaphttpUsingJavaResponseTransformer{this=7224ccce, name=&apos;soaphttpToSoaphttpUsingJavaResponseTransformer&apos;, ignoreBadInput=false, returnClass=SimpleDataType{type=java.lang.Object, mimeType=&apos;*/*&apos;}, sourceTypes=[]}, subscription=NULL]&quot; has already been registered
2011-03-30 23:26:00,733 INFO  org.soitoolkit.commons.mule.log.EventLogger - soi-toolkit.log
** logEvent-info.start ***********************************************************
IntegrationScenarioId=
ContractId=
LogMessage=req-out
ServiceImpl=soaphttpToSoaphttpUsingJava-service
Host=10.0.1.2 (10.0.1.2)
ComponentId=requestResponseWD310
Endpoint=http://localhost:8082/requestResponseWD310/services/soaphttpToSoaphttpUsingJava-teststub/v1
MessageId=4f2f05ff-5b14-11e0-aa91-895c9007b3b0
BusinessCorrelationId=
BusinessContextId=
ExtraInfo=
Payload=
** logEvent-info.end *************************************************************
2011-03-30 23:26:00,742 INFO  org.soitoolkit.tool.generator.requestresponsewd310.soaphttptosoaphttpusingjava.SoaphttpToSoaphttpUsingJavaTestProducer - SoaphttpToSoaphttpUsingJavaTestProducer received the request: org.soitoolkit.refapps.sd.sample.schema.v1.Sample@57eaaca
2011-03-30 23:26:00,757 INFO  org.soitoolkit.commons.mule.log.EventLogger - soi-toolkit.log
** logEvent-info.start ***********************************************************
IntegrationScenarioId=
ContractId=
LogMessage=resp-in
ServiceImpl=soaphttpToSoaphttpUsingJava-service
Host=10.0.1.2 (10.0.1.2)
ComponentId=requestResponseWD310
Endpoint=http://localhost:8082/requestResponseWD310/services/soaphttpToSoaphttpUsingJava-teststub/v1
MessageId=4f34ab5a-5b14-11e0-aa91-895c9007b3b0
BusinessCorrelationId=
BusinessContextId=
ExtraInfo=
Payload=
** logEvent-info.end *************************************************************
2011-03-30 23:26:00,761 INFO  org.soitoolkit.commons.mule.log.EventLogger - soi-toolkit.log
** logEvent-info.start ***********************************************************
IntegrationScenarioId=
ContractId=
LogMessage=resp-out
ServiceImpl=soaphttpToSoaphttpUsingJava-service
Host=10.0.1.2 (10.0.1.2)
ComponentId=requestResponseWD310
Endpoint=http://localhost:8082/requestResponseWD310/services/soaphttpToSoaphttpUsingJava-teststub/v1
MessageId=4f34ab5a-5b14-11e0-aa91-895c9007b3b0
BusinessCorrelationId=
BusinessContextId=
ExtraInfo=
Payload=
** logEvent-info.end *************************************************************

================================================================================
= Testing: test_fault_invalidInput                                             =
================================================================================
2011-03-30 23:26:00,770 INFO  org.soitoolkit.commons.mule.test.AbstractJmsTestUtil - Clearing messages on queues: SOITOOLKIT.LOG.ERROR 
2011-03-30 23:26:00,886 INFO  org.soitoolkit.commons.mule.log.EventLogger - soi-toolkit.log
** logEvent-info.start ***********************************************************
IntegrationScenarioId=
ContractId=
LogMessage=req-in
ServiceImpl=soaphttpToSoaphttpUsingJava-service
Host=10.0.1.2 (10.0.1.2)
ComponentId=requestResponseWD310
Endpoint=http://localhost:8081/requestResponseWD310/services/soaphttpToSoaphttpUsingJava/v1
MessageId=4f49e112-5b14-11e0-aa91-895c9007b3b0
BusinessCorrelationId=
BusinessContextId=
ExtraInfo=
Payload=
** logEvent-info.end *************************************************************
2011-03-30 23:26:00,890 INFO  org.soitoolkit.commons.mule.log.EventLogger - soi-toolkit.log
** logEvent-info.start ***********************************************************
IntegrationScenarioId=
ContractId=
LogMessage=req-out
ServiceImpl=soaphttpToSoaphttpUsingJava-service
Host=10.0.1.2 (10.0.1.2)
ComponentId=requestResponseWD310
Endpoint=http://localhost:8082/requestResponseWD310/services/soaphttpToSoaphttpUsingJava-teststub/v1
MessageId=4f49e112-5b14-11e0-aa91-895c9007b3b0
BusinessCorrelationId=
BusinessContextId=
ExtraInfo=
Payload=
** logEvent-info.end *************************************************************
2011-03-30 23:26:00,896 INFO  org.soitoolkit.tool.generator.requestresponsewd310.soaphttptosoaphttpusingjava.SoaphttpToSoaphttpUsingJavaTestProducer - SoaphttpToSoaphttpUsingJavaTestProducer received the request: org.soitoolkit.refapps.sd.sample.schema.v1.Sample@32787e9f
2011-03-30 23:26:00,897 WARN  org.apache.cxf.common.logging.LogUtils - Interceptor for {http://soaphttptosoaphttpusingjava.requestresponsewd310.generator.tool.soitoolkit.org/}SoaphttpToSoaphttpUsingJavaTestProducerService#{urn:org.soitoolkit.refapps.sd.sample.wsdl:v1}sample has thrown exception, unwinding now
org.apache.cxf.interceptor.Fault: Component that caused exception is: DefaultJavaComponent{soaphttpToSoaphttpUsingJava-teststub-service.commponent}. Message payload is of type: Sample
	at org.mule.module.cxf.MuleInvoker.invoke(MuleInvoker.java:85)
	at org.mule.module.cxf.MuleJAXWSInvoker.invoke(MuleJAXWSInvoker.java:47)
	at org.apache.cxf.service.invoker.AbstractInvoker.invoke(AbstractInvoker.java:75)
	at org.apache.cxf.interceptor.ServiceInvokerInterceptor$1.run(ServiceInvokerInterceptor.java:58)
	at java.util.concurrent.Executors$RunnableAdapter.call(Executors.java:441)
	at java.util.concurrent.FutureTask$Sync.innerRun(FutureTask.java:303)
	at java.util.concurrent.FutureTask.run(FutureTask.java:138)
	at org.apache.cxf.workqueue.SynchronousExecutor.execute(SynchronousExecutor.java:37)
	at org.apache.cxf.interceptor.ServiceInvokerInterceptor.handleMessage(ServiceInvokerInterceptor.java:106)
	at org.apache.cxf.phase.PhaseInterceptorChain.doIntercept(PhaseInterceptorChain.java:255)
	at org.apache.cxf.transport.ChainInitiationObserver.onMessage(ChainInitiationObserver.java:113)
	at org.mule.module.cxf.CxfInboundMessageProcessor.sendToDestination(CxfInboundMessageProcessor.java:288)
	at org.mule.module.cxf.CxfInboundMessageProcessor.process(CxfInboundMessageProcessor.java:129)
	at org.mule.processor.chain.DefaultMessageProcessorChain.doProcess(DefaultMessageProcessorChain.java:72)
	at org.mule.processor.chain.AbstractMessageProcessorChain.process(AbstractMessageProcessorChain.java:89)
	at org.mule.processor.AbstractInterceptingMessageProcessor.processNext(AbstractInterceptingMessageProcessor.java:81)
	at org.mule.interceptor.AbstractEnvelopeInterceptor.process(AbstractEnvelopeInterceptor.java:55)
	at org.mule.processor.AbstractInterceptingMessageProcessor.processNext(AbstractInterceptingMessageProcessor.java:81)
	at org.mule.interceptor.AbstractEnvelopeInterceptor.process(AbstractEnvelopeInterceptor.java:55)
	at org.mule.processor.chain.DefaultMessageProcessorChain.doProcess(DefaultMessageProcessorChain.java:72)
	at org.mule.processor.chain.AbstractMessageProcessorChain.process(AbstractMessageProcessorChain.java:89)
	at org.mule.processor.chain.InterceptingChainLifecycleWrapper.doProcess(InterceptingChainLifecycleWrapper.java:63)
	at org.mule.processor.chain.AbstractMessageProcessorChain.process(AbstractMessageProcessorChain.java:89)
	at org.mule.processor.chain.InterceptingChainLifecycleWrapper.process(InterceptingChainLifecycleWrapper.java:94)
	at org.mule.construct.AbstractFlowConstruct$1$1.process(AbstractFlowConstruct.java:107)
	at org.mule.processor.chain.DefaultMessageProcessorChain.doProcess(DefaultMessageProcessorChain.java:72)
	at org.mule.processor.chain.AbstractMessageProcessorChain.process(AbstractMessageProcessorChain.java:89)
	at org.mule.processor.AbstractInterceptingMessageProcessor.processNext(AbstractInterceptingMessageProcessor.java:81)
	at org.mule.processor.ExceptionHandlingMessageProcessor.process(ExceptionHandlingMessageProcessor.java:25)
	at org.mule.processor.chain.DefaultMessageProcessorChain.doProcess(DefaultMessageProcessorChain.java:72)
	at org.mule.processor.chain.AbstractMessageProcessorChain.process(AbstractMessageProcessorChain.java:89)
	at org.mule.processor.chain.InterceptingChainLifecycleWrapper.doProcess(InterceptingChainLifecycleWrapper.java:63)
	at org.mule.processor.chain.AbstractMessageProcessorChain.process(AbstractMessageProcessorChain.java:89)
	at org.mule.processor.chain.InterceptingChainLifecycleWrapper.process(InterceptingChainLifecycleWrapper.java:94)
	at org.mule.processor.chain.DefaultMessageProcessorChain.doProcess(DefaultMessageProcessorChain.java:72)
	at org.mule.processor.chain.AbstractMessageProcessorChain.process(AbstractMessageProcessorChain.java:89)
	at org.mule.processor.chain.InterceptingChainLifecycleWrapper.doProcess(InterceptingChainLifecycleWrapper.java:63)
	at org.mule.processor.chain.AbstractMessageProcessorChain.process(AbstractMessageProcessorChain.java:89)
	at org.mule.processor.chain.InterceptingChainLifecycleWrapper.process(InterceptingChainLifecycleWrapper.java:94)
	at org.mule.transport.AbstractMessageReceiver.routeMessage(AbstractMessageReceiver.java:185)
	at org.mule.transport.AbstractMessageReceiver.routeMessage(AbstractMessageReceiver.java:158)
	at org.mule.transport.AbstractMessageReceiver.routeMessage(AbstractMessageReceiver.java:145)
	at org.mule.transport.http.HttpMessageReceiver$HttpWorker.doRequest(HttpMessageReceiver.java:247)
	at org.mule.transport.http.HttpMessageReceiver$HttpWorker.processRequest(HttpMessageReceiver.java:206)
	at org.mule.transport.http.HttpMessageReceiver$HttpWorker.run(HttpMessageReceiver.java:164)
	at org.mule.work.WorkerContext.run(WorkerContext.java:309)
	at edu.emory.mathcs.backport.java.util.concurrent.ThreadPoolExecutor.runWorker(ThreadPoolExecutor.java:1061)
	at edu.emory.mathcs.backport.java.util.concurrent.ThreadPoolExecutor$Worker.run(ThreadPoolExecutor.java:575)
	at java.lang.Thread.run(Thread.java:680)
Caused by: org.mule.component.ComponentException: Component that caused exception is: DefaultJavaComponent{soaphttpToSoaphttpUsingJava-teststub-service.commponent}. Message payload is of type: Sample
	at org.mule.component.DefaultComponentLifecycleAdapter.invoke(DefaultComponentLifecycleAdapter.java:359)
	at org.mule.component.AbstractJavaComponent.invokeComponentInstance(AbstractJavaComponent.java:86)
	at org.mule.component.AbstractJavaComponent.doInvoke(AbstractJavaComponent.java:77)
	at org.mule.component.AbstractComponent.invokeInternal(AbstractComponent.java:120)
	at org.mule.component.AbstractComponent.access$000(AbstractComponent.java:56)
	at org.mule.component.AbstractComponent$1$1.process(AbstractComponent.java:234)
	at org.mule.processor.chain.DefaultMessageProcessorChain.doProcess(DefaultMessageProcessorChain.java:72)
	at org.mule.processor.chain.AbstractMessageProcessorChain.process(AbstractMessageProcessorChain.java:89)
	at org.mule.processor.chain.InterceptingChainLifecycleWrapper.doProcess(InterceptingChainLifecycleWrapper.java:63)
	at org.mule.processor.chain.AbstractMessageProcessorChain.process(AbstractMessageProcessorChain.java:89)
	at org.mule.processor.chain.InterceptingChainLifecycleWrapper.process(InterceptingChainLifecycleWrapper.java:94)
	at org.mule.component.AbstractComponent.process(AbstractComponent.java:154)
	at org.mule.processor.AbstractInterceptingMessageProcessor.processNext(AbstractInterceptingMessageProcessor.java:81)
	at org.mule.module.cxf.CxfInboundMessageProcessor.processNext(CxfInboundMessageProcessor.java:328)
	at org.mule.module.cxf.MuleInvoker.invoke(MuleInvoker.java:80)
	... 48 more
Caused by: org.soitoolkit.refapps.sd.sample.wsdl.v1.Fault: Invalid Id: -1
	at org.soitoolkit.tool.generator.requestresponsewd310.soaphttptosoaphttpusingjava.SoaphttpToSoaphttpUsingJavaTestProducer.sample(SoaphttpToSoaphttpUsingJavaTestProducer.java:37)
	at sun.reflect.NativeMethodAccessorImpl.invoke0(Native Method)
	at sun.reflect.NativeMethodAccessorImpl.invoke(NativeMethodAccessorImpl.java:39)
	at sun.reflect.DelegatingMethodAccessorImpl.invoke(DelegatingMethodAccessorImpl.java:25)
	at java.lang.reflect.Method.invoke(Method.java:597)
	at org.mule.model.resolvers.AbstractEntryPointResolver.invokeMethod(AbstractEntryPointResolver.java:151)
	at org.mule.model.resolvers.MethodHeaderPropertyEntryPointResolver.invoke(MethodHeaderPropertyEntryPointResolver.java:112)
	at org.mule.model.resolvers.DefaultEntryPointResolverSet.invoke(DefaultEntryPointResolverSet.java:39)
	at org.mule.component.DefaultComponentLifecycleAdapter.invoke(DefaultComponentLifecycleAdapter.java:350)
	... 62 more
2011-03-30 23:26:00,916 WARN  org.apache.cxf.common.logging.LogUtils - Application {urn:org.soitoolkit.refapps.sd.sample.wsdl:v1}sampleService has thrown exception, unwinding now
org.apache.cxf.interceptor.Fault: Invalid status code: 500
	at org.mule.module.cxf.MuleInvoker.invoke(MuleInvoker.java:118)
	at org.apache.cxf.interceptor.ServiceInvokerInterceptor$1.run(ServiceInvokerInterceptor.java:58)
	at java.util.concurrent.Executors$RunnableAdapter.call(Executors.java:441)
	at java.util.concurrent.FutureTask$Sync.innerRun(FutureTask.java:303)
	at java.util.concurrent.FutureTask.run(FutureTask.java:138)
	at org.apache.cxf.workqueue.SynchronousExecutor.execute(SynchronousExecutor.java:37)
	at org.apache.cxf.interceptor.ServiceInvokerInterceptor.handleMessage(ServiceInvokerInterceptor.java:106)
	at org.apache.cxf.phase.PhaseInterceptorChain.doIntercept(PhaseInterceptorChain.java:255)
	at org.apache.cxf.transport.ChainInitiationObserver.onMessage(ChainInitiationObserver.java:113)
	at org.mule.module.cxf.CxfInboundMessageProcessor.sendToDestination(CxfInboundMessageProcessor.java:288)
	at org.mule.module.cxf.CxfInboundMessageProcessor.process(CxfInboundMessageProcessor.java:129)
	at org.mule.module.cxf.config.FlowConfiguringMessageProcessor.process(FlowConfiguringMessageProcessor.java:50)
	at org.mule.processor.chain.DefaultMessageProcessorChain.doProcess(DefaultMessageProcessorChain.java:72)
	at org.mule.processor.chain.AbstractMessageProcessorChain.process(AbstractMessageProcessorChain.java:89)
	at org.mule.processor.AbstractInterceptingMessageProcessor.processNext(AbstractInterceptingMessageProcessor.java:81)
	at org.mule.processor.ExceptionHandlingMessageProcessor.process(ExceptionHandlingMessageProcessor.java:25)
	at org.mule.processor.chain.DefaultMessageProcessorChain.doProcess(DefaultMessageProcessorChain.java:72)
	at org.mule.processor.chain.AbstractMessageProcessorChain.process(AbstractMessageProcessorChain.java:89)
	at org.mule.processor.chain.InterceptingChainLifecycleWrapper.doProcess(InterceptingChainLifecycleWrapper.java:63)
	at org.mule.processor.chain.AbstractMessageProcessorChain.process(AbstractMessageProcessorChain.java:89)
	at org.mule.processor.chain.InterceptingChainLifecycleWrapper.process(InterceptingChainLifecycleWrapper.java:94)
	at org.mule.processor.chain.DefaultMessageProcessorChain.doProcess(DefaultMessageProcessorChain.java:72)
	at org.mule.processor.chain.AbstractMessageProcessorChain.process(AbstractMessageProcessorChain.java:89)
	at org.mule.processor.chain.InterceptingChainLifecycleWrapper.doProcess(InterceptingChainLifecycleWrapper.java:63)
	at org.mule.processor.chain.AbstractMessageProcessorChain.process(AbstractMessageProcessorChain.java:89)
	at org.mule.processor.chain.InterceptingChainLifecycleWrapper.process(InterceptingChainLifecycleWrapper.java:94)
	at org.mule.transport.AbstractMessageReceiver.routeMessage(AbstractMessageReceiver.java:185)
	at org.mule.transport.AbstractMessageReceiver.routeMessage(AbstractMessageReceiver.java:158)
	at org.mule.transport.AbstractMessageReceiver.routeMessage(AbstractMessageReceiver.java:145)
	at org.mule.transport.http.HttpMessageReceiver$HttpWorker.doRequest(HttpMessageReceiver.java:247)
	at org.mule.transport.http.HttpMessageReceiver$HttpWorker.processRequest(HttpMessageReceiver.java:206)
	at org.mule.transport.http.HttpMessageReceiver$HttpWorker.run(HttpMessageReceiver.java:164)
	at org.mule.work.WorkerContext.run(WorkerContext.java:309)
	at edu.emory.mathcs.backport.java.util.concurrent.ThreadPoolExecutor.runWorker(ThreadPoolExecutor.java:1061)
	at edu.emory.mathcs.backport.java.util.concurrent.ThreadPoolExecutor$Worker.run(ThreadPoolExecutor.java:575)
	at java.lang.Thread.run(Thread.java:680)
Caused by: org.apache.commons.httpclient.HttpException: Invalid status code: 500
	at org.mule.module.cxf.CxfOutboundMessageProcessor.buildResponseMessage(CxfOutboundMessageProcessor.java:414)
	at org.mule.module.cxf.CxfOutboundMessageProcessor.doSendWithClient(CxfOutboundMessageProcessor.java:236)
	at org.mule.module.cxf.CxfOutboundMessageProcessor.process(CxfOutboundMessageProcessor.java:127)
	at org.mule.processor.chain.DefaultMessageProcessorChain.doProcess(DefaultMessageProcessorChain.java:72)
	at org.mule.processor.chain.AbstractMessageProcessorChain.process(AbstractMessageProcessorChain.java:89)
	at org.mule.processor.AbstractInterceptingMessageProcessor.processNext(AbstractInterceptingMessageProcessor.java:81)
	at org.mule.endpoint.outbound.OutboundResponsePropertiesMessageProcessor.process(OutboundResponsePropertiesMessageProcessor.java:39)
	at org.mule.processor.chain.DefaultMessageProcessorChain.doProcess(DefaultMessageProcessorChain.java:72)
	at org.mule.processor.chain.AbstractMessageProcessorChain.process(AbstractMessageProcessorChain.java:89)
	at org.mule.processor.AbstractInterceptingMessageProcessor.processNext(AbstractInterceptingMessageProcessor.java:81)
	at org.mule.processor.TransactionalInterceptingMessageProcessor$1.doInTransaction(TransactionalInterceptingMessageProcessor.java:49)
	at org.mule.processor.TransactionalInterceptingMessageProcessor$1.doInTransaction(TransactionalInterceptingMessageProcessor.java:46)
	at org.mule.transaction.TransactionTemplate.execute(TransactionTemplate.java:110)
	at org.mule.processor.TransactionalInterceptingMessageProcessor.process(TransactionalInterceptingMessageProcessor.java:55)
	at org.mule.processor.AbstractInterceptingMessageProcessor.processNext(AbstractInterceptingMessageProcessor.java:81)
	at org.mule.processor.AbstractFilteringMessageProcessor.process(AbstractFilteringMessageProcessor.java:41)
	at org.mule.processor.chain.DefaultMessageProcessorChain.doProcess(DefaultMessageProcessorChain.java:72)
	at org.mule.processor.chain.AbstractMessageProcessorChain.process(AbstractMessageProcessorChain.java:89)
	at org.mule.processor.chain.InterceptingChainLifecycleWrapper.doProcess(InterceptingChainLifecycleWrapper.java:63)
	at org.mule.processor.chain.AbstractMessageProcessorChain.process(AbstractMessageProcessorChain.java:89)
	at org.mule.processor.chain.InterceptingChainLifecycleWrapper.process(InterceptingChainLifecycleWrapper.java:94)
	at org.mule.processor.chain.DefaultMessageProcessorChain.doProcess(DefaultMessageProcessorChain.java:72)
	at org.mule.processor.chain.AbstractMessageProcessorChain.process(AbstractMessageProcessorChain.java:89)
	at org.mule.processor.chain.InterceptingChainLifecycleWrapper.doProcess(InterceptingChainLifecycleWrapper.java:63)
	at org.mule.processor.chain.AbstractMessageProcessorChain.process(AbstractMessageProcessorChain.java:89)
	at org.mule.processor.chain.InterceptingChainLifecycleWrapper.process(InterceptingChainLifecycleWrapper.java:94)
	at org.mule.endpoint.DefaultOutboundEndpoint.process(DefaultOutboundEndpoint.java:97)
	at org.mule.routing.outbound.AbstractOutboundRouter.sendRequestEvent(AbstractOutboundRouter.java:462)
	at org.mule.routing.outbound.AbstractOutboundRouter.sendRequest(AbstractOutboundRouter.java:168)
	at org.mule.routing.outbound.FilteringOutboundRouter.route(FilteringOutboundRouter.java:80)
	at org.mule.routing.outbound.OutboundPassThroughRouter.route(OutboundPassThroughRouter.java:71)
	at org.mule.routing.outbound.AbstractOutboundRouter$1.doInTransaction(AbstractOutboundRouter.java:103)
	at org.mule.routing.outbound.AbstractOutboundRouter$1.doInTransaction(AbstractOutboundRouter.java:100)
	at org.mule.transaction.TransactionTemplate.execute(TransactionTemplate.java:43)
	at org.mule.routing.outbound.AbstractOutboundRouter.process(AbstractOutboundRouter.java:108)
	at org.mule.routing.outbound.DefaultOutboundRouterCollection.process(DefaultOutboundRouterCollection.java:104)
	at org.mule.processor.chain.DefaultMessageProcessorChain.doProcess(DefaultMessageProcessorChain.java:72)
	at org.mule.processor.chain.AbstractMessageProcessorChain.process(AbstractMessageProcessorChain.java:89)
	at org.mule.processor.AbstractInterceptingMessageProcessor.processNext(AbstractInterceptingMessageProcessor.java:81)
	at org.mule.service.processor.ServiceOutboundMessageProcessor.process(ServiceOutboundMessageProcessor.java:71)
	at org.mule.processor.AbstractInterceptingMessageProcessor.processNext(AbstractInterceptingMessageProcessor.java:81)
	at org.mule.service.processor.ServiceInternalMessageProcessor.process(ServiceInternalMessageProcessor.java:57)
	at org.mule.processor.AbstractInterceptingMessageProcessor.processNext(AbstractInterceptingMessageProcessor.java:81)
	at org.mule.processor.AsyncInterceptingMessageProcessor.process(AsyncInterceptingMessageProcessor.java:101)
	at org.mule.processor.chain.DefaultMessageProcessorChain.doProcess(DefaultMessageProcessorChain.java:72)
	at org.mule.processor.chain.AbstractMessageProcessorChain.process(AbstractMessageProcessorChain.java:89)
	at org.mule.processor.AbstractInterceptingMessageProcessor.processNext(AbstractInterceptingMessageProcessor.java:81)
	at org.mule.interceptor.AbstractEnvelopeInterceptor.process(AbstractEnvelopeInterceptor.java:55)
	at org.mule.processor.AbstractInterceptingMessageProcessor.processNext(AbstractInterceptingMessageProcessor.java:81)
	at org.mule.lifecycle.processor.ProcessIfStartedWaitIfSyncPausedMessageProcessor.process(ProcessIfStartedWaitIfSyncPausedMessageProcessor.java:56)
	at org.mule.processor.chain.DefaultMessageProcessorChain.doProcess(DefaultMessageProcessorChain.java:72)
	at org.mule.processor.chain.AbstractMessageProcessorChain.process(AbstractMessageProcessorChain.java:89)
	at org.mule.processor.chain.InterceptingChainLifecycleWrapper.doProcess(InterceptingChainLifecycleWrapper.java:63)
	at org.mule.processor.chain.AbstractMessageProcessorChain.process(AbstractMessageProcessorChain.java:89)
	at org.mule.processor.chain.InterceptingChainLifecycleWrapper.process(InterceptingChainLifecycleWrapper.java:94)
	at org.mule.service.AbstractService$7.process(AbstractService.java:425)
	at org.mule.processor.AbstractInterceptingMessageProcessor.processNext(AbstractInterceptingMessageProcessor.java:81)
	at org.mule.service.ServiceCompositeMessageSource$1.process(ServiceCompositeMessageSource.java:124)
	at org.mule.processor.AbstractInterceptingMessageProcessor.processNext(AbstractInterceptingMessageProcessor.java:81)
	at org.mule.processor.StopFurtherMessageProcessingMessageProcessor.process(StopFurtherMessageProcessingMessageProcessor.java:23)
	at org.mule.processor.chain.DefaultMessageProcessorChain.doProcess(DefaultMessageProcessorChain.java:72)
	at org.mule.processor.chain.AbstractMessageProcessorChain.process(AbstractMessageProcessorChain.java:89)
	at org.mule.processor.chain.InterceptingChainLifecycleWrapper.doProcess(InterceptingChainLifecycleWrapper.java:63)
	at org.mule.processor.chain.AbstractMessageProcessorChain.process(AbstractMessageProcessorChain.java:89)
	at org.mule.processor.chain.InterceptingChainLifecycleWrapper.process(InterceptingChainLifecycleWrapper.java:94)
	at org.mule.source.StartableCompositeMessageSource$InternalMessageProcessor.process(StartableCompositeMessageSource.java:219)
	at org.mule.processor.chain.DefaultMessageProcessorChain.doProcess(DefaultMessageProcessorChain.java:72)
	at org.mule.processor.chain.AbstractMessageProcessorChain.process(AbstractMessageProcessorChain.java:89)
	at org.mule.processor.AbstractInterceptingMessageProcessor.processNext(AbstractInterceptingMessageProcessor.java:81)
	at org.mule.module.cxf.CxfInboundMessageProcessor.processNext(CxfInboundMessageProcessor.java:328)
	at org.mule.module.cxf.MuleInvoker.invoke(MuleInvoker.java:80)
	... 35 more
2011-03-30 23:26:00,920 INFO  org.soitoolkit.commons.mule.log.EventLogger - soi-toolkit.log
** logEvent-info.start ***********************************************************
IntegrationScenarioId=
ContractId=
LogMessage=resp-out
ServiceImpl=soaphttpToSoaphttpUsingJava-service
Host=10.0.1.2 (10.0.1.2)
ComponentId=requestResponseWD310
Endpoint=http://localhost:8082/requestResponseWD310/services/soaphttpToSoaphttpUsingJava-teststub/v1
MessageId=4f4cc74d-5b14-11e0-aa91-895c9007b3b0
BusinessCorrelationId=
BusinessContextId=
ExtraInfo=
Payload=
** logEvent-info.end *************************************************************

================================================================================
= Testing: test_fault_timeout                                                  =
================================================================================
2011-03-30 23:26:00,929 INFO  org.soitoolkit.commons.mule.test.AbstractJmsTestUtil - Clearing messages on queues: SOITOOLKIT.LOG.ERROR 
2011-03-30 23:26:01,046 INFO  org.soitoolkit.commons.mule.log.EventLogger - soi-toolkit.log
** logEvent-info.start ***********************************************************
IntegrationScenarioId=
ContractId=
LogMessage=req-in
ServiceImpl=soaphttpToSoaphttpUsingJava-service
Host=10.0.1.2 (10.0.1.2)
ComponentId=requestResponseWD310
Endpoint=http://localhost:8081/requestResponseWD310/services/soaphttpToSoaphttpUsingJava/v1
MessageId=4f624b25-5b14-11e0-aa91-895c9007b3b0
BusinessCorrelationId=
BusinessContextId=
ExtraInfo=
Payload=
** logEvent-info.end *************************************************************
2011-03-30 23:26:01,051 INFO  org.soitoolkit.commons.mule.log.EventLogger - soi-toolkit.log
** logEvent-info.start ***********************************************************
IntegrationScenarioId=
ContractId=
LogMessage=req-out
ServiceImpl=soaphttpToSoaphttpUsingJava-service
Host=10.0.1.2 (10.0.1.2)
ComponentId=requestResponseWD310
Endpoint=http://localhost:8082/requestResponseWD310/services/soaphttpToSoaphttpUsingJava-teststub/v1
MessageId=4f624b25-5b14-11e0-aa91-895c9007b3b0
BusinessCorrelationId=
BusinessContextId=
ExtraInfo=
Payload=
** logEvent-info.end *************************************************************
2011-03-30 23:26:01,059 INFO  org.soitoolkit.tool.generator.requestresponsewd310.soaphttptosoaphttpusingjava.SoaphttpToSoaphttpUsingJavaTestProducer - SoaphttpToSoaphttpUsingJavaTestProducer received the request: org.soitoolkit.refapps.sd.sample.schema.v1.Sample@3a4dd592
2011-03-30 23:26:09,056 WARN  org.apache.cxf.common.logging.LogUtils - Interceptor for {http://support.cxf.module.mule.org/}ProxyService#{http://support.cxf.module.mule.org/}invoke has thrown exception, unwinding now
org.apache.cxf.interceptor.Fault: Could not send message to Mule.
	at org.mule.module.cxf.transport.MuleUniversalConduit$2.handleMessage(MuleUniversalConduit.java:196)
	at org.apache.cxf.phase.PhaseInterceptorChain.doIntercept(PhaseInterceptorChain.java:255)
	at org.apache.cxf.endpoint.ClientImpl.invoke(ClientImpl.java:516)
	at org.apache.cxf.endpoint.ClientImpl.invoke(ClientImpl.java:322)
	at org.mule.module.cxf.CxfOutboundMessageProcessor.doSendWithClient(CxfOutboundMessageProcessor.java:234)
	at org.mule.module.cxf.CxfOutboundMessageProcessor.process(CxfOutboundMessageProcessor.java:127)
	at org.mule.processor.chain.DefaultMessageProcessorChain.doProcess(DefaultMessageProcessorChain.java:72)
	at org.mule.processor.chain.AbstractMessageProcessorChain.process(AbstractMessageProcessorChain.java:89)
	at org.mule.processor.AbstractInterceptingMessageProcessor.processNext(AbstractInterceptingMessageProcessor.java:81)
	at org.mule.endpoint.outbound.OutboundResponsePropertiesMessageProcessor.process(OutboundResponsePropertiesMessageProcessor.java:39)
	at org.mule.processor.chain.DefaultMessageProcessorChain.doProcess(DefaultMessageProcessorChain.java:72)
	at org.mule.processor.chain.AbstractMessageProcessorChain.process(AbstractMessageProcessorChain.java:89)
	at org.mule.processor.AbstractInterceptingMessageProcessor.processNext(AbstractInterceptingMessageProcessor.java:81)
	at org.mule.processor.TransactionalInterceptingMessageProcessor$1.doInTransaction(TransactionalInterceptingMessageProcessor.java:49)
	at org.mule.processor.TransactionalInterceptingMessageProcessor$1.doInTransaction(TransactionalInterceptingMessageProcessor.java:46)
	at org.mule.transaction.TransactionTemplate.execute(TransactionTemplate.java:110)
	at org.mule.processor.TransactionalInterceptingMessageProcessor.process(TransactionalInterceptingMessageProcessor.java:55)
	at org.mule.processor.AbstractInterceptingMessageProcessor.processNext(AbstractInterceptingMessageProcessor.java:81)
	at org.mule.processor.AbstractFilteringMessageProcessor.process(AbstractFilteringMessageProcessor.java:41)
	at org.mule.processor.chain.DefaultMessageProcessorChain.doProcess(DefaultMessageProcessorChain.java:72)
	at org.mule.processor.chain.AbstractMessageProcessorChain.process(AbstractMessageProcessorChain.java:89)
	at org.mule.processor.chain.InterceptingChainLifecycleWrapper.doProcess(InterceptingChainLifecycleWrapper.java:63)
	at org.mule.processor.chain.AbstractMessageProcessorChain.process(AbstractMessageProcessorChain.java:89)
	at org.mule.processor.chain.InterceptingChainLifecycleWrapper.process(InterceptingChainLifecycleWrapper.java:94)
	at org.mule.processor.chain.DefaultMessageProcessorChain.doProcess(DefaultMessageProcessorChain.java:72)
	at org.mule.processor.chain.AbstractMessageProcessorChain.process(AbstractMessageProcessorChain.java:89)
	at org.mule.processor.chain.InterceptingChainLifecycleWrapper.doProcess(InterceptingChainLifecycleWrapper.java:63)
	at org.mule.processor.chain.AbstractMessageProcessorChain.process(AbstractMessageProcessorChain.java:89)
	at org.mule.processor.chain.InterceptingChainLifecycleWrapper.process(InterceptingChainLifecycleWrapper.java:94)
	at org.mule.endpoint.DefaultOutboundEndpoint.process(DefaultOutboundEndpoint.java:97)
	at org.mule.routing.outbound.AbstractOutboundRouter.sendRequestEvent(AbstractOutboundRouter.java:462)
	at org.mule.routing.outbound.AbstractOutboundRouter.sendRequest(AbstractOutboundRouter.java:168)
	at org.mule.routing.outbound.FilteringOutboundRouter.route(FilteringOutboundRouter.java:80)
	at org.mule.routing.outbound.OutboundPassThroughRouter.route(OutboundPassThroughRouter.java:71)
	at org.mule.routing.outbound.AbstractOutboundRouter$1.doInTransaction(AbstractOutboundRouter.java:103)
	at org.mule.routing.outbound.AbstractOutboundRouter$1.doInTransaction(AbstractOutboundRouter.java:100)
	at org.mule.transaction.TransactionTemplate.execute(TransactionTemplate.java:43)
	at org.mule.routing.outbound.AbstractOutboundRouter.process(AbstractOutboundRouter.java:108)
	at org.mule.routing.outbound.DefaultOutboundRouterCollection.process(DefaultOutboundRouterCollection.java:104)
	at org.mule.processor.chain.DefaultMessageProcessorChain.doProcess(DefaultMessageProcessorChain.java:72)
	at org.mule.processor.chain.AbstractMessageProcessorChain.process(AbstractMessageProcessorChain.java:89)
	at org.mule.processor.AbstractInterceptingMessageProcessor.processNext(AbstractInterceptingMessageProcessor.java:81)
	at org.mule.service.processor.ServiceOutboundMessageProcessor.process(ServiceOutboundMessageProcessor.java:71)
	at org.mule.processor.AbstractInterceptingMessageProcessor.processNext(AbstractInterceptingMessageProcessor.java:81)
	at org.mule.service.processor.ServiceInternalMessageProcessor.process(ServiceInternalMessageProcessor.java:57)
	at org.mule.processor.AbstractInterceptingMessageProcessor.processNext(AbstractInterceptingMessageProcessor.java:81)
	at org.mule.processor.AsyncInterceptingMessageProcessor.process(AsyncInterceptingMessageProcessor.java:101)
	at org.mule.processor.chain.DefaultMessageProcessorChain.doProcess(DefaultMessageProcessorChain.java:72)
	at org.mule.processor.chain.AbstractMessageProcessorChain.process(AbstractMessageProcessorChain.java:89)
	at org.mule.processor.AbstractInterceptingMessageProcessor.processNext(AbstractInterceptingMessageProcessor.java:81)
	at org.mule.interceptor.AbstractEnvelopeInterceptor.process(AbstractEnvelopeInterceptor.java:55)
	at org.mule.processor.AbstractInterceptingMessageProcessor.processNext(AbstractInterceptingMessageProcessor.java:81)
	at org.mule.lifecycle.processor.ProcessIfStartedWaitIfSyncPausedMessageProcessor.process(ProcessIfStartedWaitIfSyncPausedMessageProcessor.java:56)
	at org.mule.processor.chain.DefaultMessageProcessorChain.doProcess(DefaultMessageProcessorChain.java:72)
	at org.mule.processor.chain.AbstractMessageProcessorChain.process(AbstractMessageProcessorChain.java:89)
	at org.mule.processor.chain.InterceptingChainLifecycleWrapper.doProcess(InterceptingChainLifecycleWrapper.java:63)
	at org.mule.processor.chain.AbstractMessageProcessorChain.process(AbstractMessageProcessorChain.java:89)
	at org.mule.processor.chain.InterceptingChainLifecycleWrapper.process(InterceptingChainLifecycleWrapper.java:94)
	at org.mule.service.AbstractService$7.process(AbstractService.java:425)
	at org.mule.processor.AbstractInterceptingMessageProcessor.processNext(AbstractInterceptingMessageProcessor.java:81)
	at org.mule.service.ServiceCompositeMessageSource$1.process(ServiceCompositeMessageSource.java:124)
	at org.mule.processor.AbstractInterceptingMessageProcessor.processNext(AbstractInterceptingMessageProcessor.java:81)
	at org.mule.processor.StopFurtherMessageProcessingMessageProcessor.process(StopFurtherMessageProcessingMessageProcessor.java:23)
	at org.mule.processor.chain.DefaultMessageProcessorChain.doProcess(DefaultMessageProcessorChain.java:72)
	at org.mule.processor.chain.AbstractMessageProcessorChain.process(AbstractMessageProcessorChain.java:89)
	at org.mule.processor.chain.InterceptingChainLifecycleWrapper.doProcess(InterceptingChainLifecycleWrapper.java:63)
	at org.mule.processor.chain.AbstractMessageProcessorChain.process(AbstractMessageProcessorChain.java:89)
	at org.mule.processor.chain.InterceptingChainLifecycleWrapper.process(InterceptingChainLifecycleWrapper.java:94)
	at org.mule.source.StartableCompositeMessageSource$InternalMessageProcessor.process(StartableCompositeMessageSource.java:219)
	at org.mule.processor.chain.DefaultMessageProcessorChain.doProcess(DefaultMessageProcessorChain.java:72)
	at org.mule.processor.chain.AbstractMessageProcessorChain.process(AbstractMessageProcessorChain.java:89)
	at org.mule.processor.AbstractInterceptingMessageProcessor.processNext(AbstractInterceptingMessageProcessor.java:81)
	at org.mule.module.cxf.CxfInboundMessageProcessor.processNext(CxfInboundMessageProcessor.java:328)
	at org.mule.module.cxf.MuleInvoker.invoke(MuleInvoker.java:80)
	at org.apache.cxf.interceptor.ServiceInvokerInterceptor$1.run(ServiceInvokerInterceptor.java:58)
	at java.util.concurrent.Executors$RunnableAdapter.call(Executors.java:441)
	at java.util.concurrent.FutureTask$Sync.innerRun(FutureTask.java:303)
	at java.util.concurrent.FutureTask.run(FutureTask.java:138)
	at org.apache.cxf.workqueue.SynchronousExecutor.execute(SynchronousExecutor.java:37)
	at org.apache.cxf.interceptor.ServiceInvokerInterceptor.handleMessage(ServiceInvokerInterceptor.java:106)
	at org.apache.cxf.phase.PhaseInterceptorChain.doIntercept(PhaseInterceptorChain.java:255)
	at org.apache.cxf.transport.ChainInitiationObserver.onMessage(ChainInitiationObserver.java:113)
	at org.mule.module.cxf.CxfInboundMessageProcessor.sendToDestination(CxfInboundMessageProcessor.java:288)
	at org.mule.module.cxf.CxfInboundMessageProcessor.process(CxfInboundMessageProcessor.java:129)
	at org.mule.module.cxf.config.FlowConfiguringMessageProcessor.process(FlowConfiguringMessageProcessor.java:50)
	at org.mule.processor.chain.DefaultMessageProcessorChain.doProcess(DefaultMessageProcessorChain.java:72)
	at org.mule.processor.chain.AbstractMessageProcessorChain.process(AbstractMessageProcessorChain.java:89)
	at org.mule.processor.AbstractInterceptingMessageProcessor.processNext(AbstractInterceptingMessageProcessor.java:81)
	at org.mule.processor.ExceptionHandlingMessageProcessor.process(ExceptionHandlingMessageProcessor.java:25)
	at org.mule.processor.chain.DefaultMessageProcessorChain.doProcess(DefaultMessageProcessorChain.java:72)
	at org.mule.processor.chain.AbstractMessageProcessorChain.process(AbstractMessageProcessorChain.java:89)
	at org.mule.processor.chain.InterceptingChainLifecycleWrapper.doProcess(InterceptingChainLifecycleWrapper.java:63)
	at org.mule.processor.chain.AbstractMessageProcessorChain.process(AbstractMessageProcessorChain.java:89)
	at org.mule.processor.chain.InterceptingChainLifecycleWrapper.process(InterceptingChainLifecycleWrapper.java:94)
	at org.mule.processor.chain.DefaultMessageProcessorChain.doProcess(DefaultMessageProcessorChain.java:72)
	at org.mule.processor.chain.AbstractMessageProcessorChain.process(AbstractMessageProcessorChain.java:89)
	at org.mule.processor.chain.InterceptingChainLifecycleWrapper.doProcess(InterceptingChainLifecycleWrapper.java:63)
	at org.mule.processor.chain.AbstractMessageProcessorChain.process(AbstractMessageProcessorChain.java:89)
	at org.mule.processor.chain.InterceptingChainLifecycleWrapper.process(InterceptingChainLifecycleWrapper.java:94)
	at org.mule.transport.AbstractMessageReceiver.routeMessage(AbstractMessageReceiver.java:185)
	at org.mule.transport.AbstractMessageReceiver.routeMessage(AbstractMessageReceiver.java:158)
	at org.mule.transport.AbstractMessageReceiver.routeMessage(AbstractMessageReceiver.java:145)
	at org.mule.transport.http.HttpMessageReceiver$HttpWorker.doRequest(HttpMessageReceiver.java:247)
	at org.mule.transport.http.HttpMessageReceiver$HttpWorker.processRequest(HttpMessageReceiver.java:206)
	at org.mule.transport.http.HttpMessageReceiver$HttpWorker.run(HttpMessageReceiver.java:164)
	at org.mule.work.WorkerContext.run(WorkerContext.java:309)
	at edu.emory.mathcs.backport.java.util.concurrent.ThreadPoolExecutor.runWorker(ThreadPoolExecutor.java:1061)
	at edu.emory.mathcs.backport.java.util.concurrent.ThreadPoolExecutor$Worker.run(ThreadPoolExecutor.java:575)
	at java.lang.Thread.run(Thread.java:680)
Caused by: java.io.IOException: Could not send message to Mule.
	at org.mule.module.cxf.transport.MuleUniversalConduit.dispatchMuleMessage(MuleUniversalConduit.java:285)
	at org.mule.module.cxf.transport.MuleUniversalConduit$2.handleMessage(MuleUniversalConduit.java:192)
	... 108 more
Caused by: org.mule.api.transport.DispatchException: Failed to route event via endpoint: DefaultOutboundEndpoint{endpointUri=http://localhost:8082/requestResponseWD310/services/soaphttpToSoaphttpUsingJava-teststub/v1, connector=HttpConnector
{
  name=connector.http.mule.default
  lifecycle=start
  this=1435f58a
  numberOfConcurrentTransactedReceivers=4
  createMultipleTransactedReceivers=true
  connected=true
  supportedProtocols=[http]
  serviceOverrides=&lt;none&gt;
}
,  name=&apos;endpoint.http.localhost.8082.requestResponseWD310.services.soaphttpToSoaphttpUsingJava.teststub.v1&apos;, mep=REQUEST_RESPONSE, properties={}, transactionConfig=Transaction{factory=null, action=NEVER, timeout=0}, deleteUnacceptedMessages=false, initialState=started, responseTimeout=8000, endpointEncoding=UTF-8, disableTransportTransformer=false}. Message payload is of type: PostMethod
	at org.mule.transport.http.HttpClientMessageDispatcher.execute(HttpClientMessageDispatcher.java:152)
	at org.mule.transport.http.HttpClientMessageDispatcher.doSend(HttpClientMessageDispatcher.java:260)
	at org.mule.transport.AbstractMessageDispatcher.process(AbstractMessageDispatcher.java:80)
	at org.mule.transport.AbstractConnector$DispatcherMessageProcessor.process(AbstractConnector.java:2512)
	at org.mule.processor.chain.DefaultMessageProcessorChain.doProcess(DefaultMessageProcessorChain.java:72)
	at org.mule.processor.chain.AbstractMessageProcessorChain.process(AbstractMessageProcessorChain.java:89)
	at org.mule.processor.AbstractInterceptingMessageProcessor.processNext(AbstractInterceptingMessageProcessor.java:81)
	at org.mule.module.cxf.CxfOutboundMessageProcessor.processNext(CxfOutboundMessageProcessor.java:151)
	at org.mule.module.cxf.transport.MuleUniversalConduit.processNext(MuleUniversalConduit.java:350)
	at org.mule.module.cxf.transport.MuleUniversalConduit.dispatchMuleMessage(MuleUniversalConduit.java:250)
	... 109 more
Caused by: java.net.SocketTimeoutException: Read timed out
	at java.net.SocketInputStream.socketRead0(Native Method)
	at java.net.SocketInputStream.read(SocketInputStream.java:129)
	at java.io.BufferedInputStream.fill(BufferedInputStream.java:218)
	at java.io.BufferedInputStream.read(BufferedInputStream.java:237)
	at org.apache.commons.httpclient.HttpParser.readRawLine(HttpParser.java:78)
	at org.apache.commons.httpclient.HttpParser.readLine(HttpParser.java:106)
	at org.apache.commons.httpclient.HttpConnection.readLine(HttpConnection.java:1116)
	at org.apache.commons.httpclient.MultiThreadedHttpConnectionManager$HttpConnectionAdapter.readLine(MultiThreadedHttpConnectionManager.java:1413)
	at org.apache.commons.httpclient.HttpMethodBase.readStatusLine(HttpMethodBase.java:1973)
	at org.apache.commons.httpclient.HttpMethodBase.readResponse(HttpMethodBase.java:1735)
	at org.apache.commons.httpclient.HttpMethodBase.execute(HttpMethodBase.java:1098)
	at org.apache.commons.httpclient.HttpMethodDirector.executeWithRetry(HttpMethodDirector.java:398)
	at org.apache.commons.httpclient.HttpMethodDirector.executeMethod(HttpMethodDirector.java:171)
	at org.apache.commons.httpclient.HttpClient.executeMethod(HttpClient.java:397)
	at org.apache.commons.httpclient.HttpClient.executeMethod(HttpClient.java:346)
	at org.mule.transport.http.HttpClientMessageDispatcher.execute(HttpClientMessageDispatcher.java:145)
	... 118 more
2011-03-30 23:26:09,062 WARN  org.apache.cxf.common.logging.LogUtils - Interceptor for {urn:org.soitoolkit.refapps.sd.sample.wsdl:v1}sampleService has thrown exception, unwinding now
org.apache.cxf.interceptor.Fault: Failed to route event via endpoint: DefaultOutboundEndpoint{endpointUri=http://localhost:8082/requestResponseWD310/services/soaphttpToSoaphttpUsingJava-teststub/v1, connector=HttpConnector
{
  name=connector.http.mule.default
  lifecycle=start
  this=1435f58a
  numberOfConcurrentTransactedReceivers=4
  createMultipleTransactedReceivers=true
  connected=true
  supportedProtocols=[http]
  serviceOverrides=&lt;none&gt;
}
,  name=&apos;endpoint.http.localhost.8082.requestResponseWD310.services.soaphttpToSoaphttpUsingJava.teststub.v1&apos;, mep=REQUEST_RESPONSE, properties={}, transactionConfig=Transaction{factory=null, action=NEVER, timeout=0}, deleteUnacceptedMessages=false, initialState=started, responseTimeout=8000, endpointEncoding=UTF-8, disableTransportTransformer=false}. Message payload is of type: PostMethod
	at org.mule.module.cxf.MuleInvoker.invoke(MuleInvoker.java:85)
	at org.apache.cxf.interceptor.ServiceInvokerInterceptor$1.run(ServiceInvokerInterceptor.java:58)
	at java.util.concurrent.Executors$RunnableAdapter.call(Executors.java:441)
	at java.util.concurrent.FutureTask$Sync.innerRun(FutureTask.java:303)
	at java.util.concurrent.FutureTask.run(FutureTask.java:138)
	at org.apache.cxf.workqueue.SynchronousExecutor.execute(SynchronousExecutor.java:37)
	at org.apache.cxf.interceptor.ServiceInvokerInterceptor.handleMessage(ServiceInvokerInterceptor.java:106)
	at org.apache.cxf.phase.PhaseInterceptorChain.doIntercept(PhaseInterceptorChain.java:255)
	at org.apache.cxf.transport.ChainInitiationObserver.onMessage(ChainInitiationObserver.java:113)
	at org.mule.module.cxf.CxfInboundMessageProcessor.sendToDestination(CxfInboundMessageProcessor.java:288)
	at org.mule.module.cxf.CxfInboundMessageProcessor.process(CxfInboundMessageProcessor.java:129)
	at org.mule.module.cxf.config.FlowConfiguringMessageProcessor.process(FlowConfiguringMessageProcessor.java:50)
	at org.mule.processor.chain.DefaultMessageProcessorChain.doProcess(DefaultMessageProcessorChain.java:72)
	at org.mule.processor.chain.AbstractMessageProcessorChain.process(AbstractMessageProcessorChain.java:89)
	at org.mule.processor.AbstractInterceptingMessageProcessor.processNext(AbstractInterceptingMessageProcessor.java:81)
	at org.mule.processor.ExceptionHandlingMessageProcessor.process(ExceptionHandlingMessageProcessor.java:25)
	at org.mule.processor.chain.DefaultMessageProcessorChain.doProcess(DefaultMessageProcessorChain.java:72)
	at org.mule.processor.chain.AbstractMessageProcessorChain.process(AbstractMessageProcessorChain.java:89)
	at org.mule.processor.chain.InterceptingChainLifecycleWrapper.doProcess(InterceptingChainLifecycleWrapper.java:63)
	at org.mule.processor.chain.AbstractMessageProcessorChain.process(AbstractMessageProcessorChain.java:89)
	at org.mule.processor.chain.InterceptingChainLifecycleWrapper.process(InterceptingChainLifecycleWrapper.java:94)
	at org.mule.processor.chain.DefaultMessageProcessorChain.doProcess(DefaultMessageProcessorChain.java:72)
	at org.mule.processor.chain.AbstractMessageProcessorChain.process(AbstractMessageProcessorChain.java:89)
	at org.mule.processor.chain.InterceptingChainLifecycleWrapper.doProcess(InterceptingChainLifecycleWrapper.java:63)
	at org.mule.processor.chain.AbstractMessageProcessorChain.process(AbstractMessageProcessorChain.java:89)
	at org.mule.processor.chain.InterceptingChainLifecycleWrapper.process(InterceptingChainLifecycleWrapper.java:94)
	at org.mule.transport.AbstractMessageReceiver.routeMessage(AbstractMessageReceiver.java:185)
	at org.mule.transport.AbstractMessageReceiver.routeMessage(AbstractMessageReceiver.java:158)
	at org.mule.transport.AbstractMessageReceiver.routeMessage(AbstractMessageReceiver.java:145)
	at org.mule.transport.http.HttpMessageReceiver$HttpWorker.doRequest(HttpMessageReceiver.java:247)
	at org.mule.transport.http.HttpMessageReceiver$HttpWorker.processRequest(HttpMessageReceiver.java:206)
	at org.mule.transport.http.HttpMessageReceiver$HttpWorker.run(HttpMessageReceiver.java:164)
	at org.mule.work.WorkerContext.run(WorkerContext.java:309)
	at edu.emory.mathcs.backport.java.util.concurrent.ThreadPoolExecutor.runWorker(ThreadPoolExecutor.java:1061)
	at edu.emory.mathcs.backport.java.util.concurrent.ThreadPoolExecutor$Worker.run(ThreadPoolExecutor.java:575)
	at java.lang.Thread.run(Thread.java:680)
Caused by: org.mule.api.routing.CouldNotRouteOutboundMessageException: Failed to route event via endpoint: DefaultOutboundEndpoint{endpointUri=http://localhost:8082/requestResponseWD310/services/soaphttpToSoaphttpUsingJava-teststub/v1, connector=HttpConnector
{
  name=connector.http.mule.default
  lifecycle=start
  this=1435f58a
  numberOfConcurrentTransactedReceivers=4
  createMultipleTransactedReceivers=true
  connected=true
  supportedProtocols=[http]
  serviceOverrides=&lt;none&gt;
}
,  name=&apos;endpoint.http.localhost.8082.requestResponseWD310.services.soaphttpToSoaphttpUsingJava.teststub.v1&apos;, mep=REQUEST_RESPONSE, properties={}, transactionConfig=Transaction{factory=null, action=NEVER, timeout=0}, deleteUnacceptedMessages=false, initialState=started, responseTimeout=8000, endpointEncoding=UTF-8, disableTransportTransformer=false}. Message payload is of type: PostMethod
	at org.mule.routing.outbound.FilteringOutboundRouter.route(FilteringOutboundRouter.java:88)
	at org.mule.routing.outbound.OutboundPassThroughRouter.route(OutboundPassThroughRouter.java:71)
	at org.mule.routing.outbound.AbstractOutboundRouter$1.doInTransaction(AbstractOutboundRouter.java:103)
	at org.mule.routing.outbound.AbstractOutboundRouter$1.doInTransaction(AbstractOutboundRouter.java:100)
	at org.mule.transaction.TransactionTemplate.execute(TransactionTemplate.java:43)
	at org.mule.routing.outbound.AbstractOutboundRouter.process(AbstractOutboundRouter.java:108)
	at org.mule.routing.outbound.DefaultOutboundRouterCollection.process(DefaultOutboundRouterCollection.java:104)
	at org.mule.processor.chain.DefaultMessageProcessorChain.doProcess(DefaultMessageProcessorChain.java:72)
	at org.mule.processor.chain.AbstractMessageProcessorChain.process(AbstractMessageProcessorChain.java:89)
	at org.mule.processor.AbstractInterceptingMessageProcessor.processNext(AbstractInterceptingMessageProcessor.java:81)
	at org.mule.service.processor.ServiceOutboundMessageProcessor.process(ServiceOutboundMessageProcessor.java:71)
	at org.mule.processor.AbstractInterceptingMessageProcessor.processNext(AbstractInterceptingMessageProcessor.java:81)
	at org.mule.service.processor.ServiceInternalMessageProcessor.process(ServiceInternalMessageProcessor.java:57)
	at org.mule.processor.AbstractInterceptingMessageProcessor.processNext(AbstractInterceptingMessageProcessor.java:81)
	at org.mule.processor.AsyncInterceptingMessageProcessor.process(AsyncInterceptingMessageProcessor.java:101)
	at org.mule.processor.chain.DefaultMessageProcessorChain.doProcess(DefaultMessageProcessorChain.java:72)
	at org.mule.processor.chain.AbstractMessageProcessorChain.process(AbstractMessageProcessorChain.java:89)
	at org.mule.processor.AbstractInterceptingMessageProcessor.processNext(AbstractInterceptingMessageProcessor.java:81)
	at org.mule.interceptor.AbstractEnvelopeInterceptor.process(AbstractEnvelopeInterceptor.java:55)
	at org.mule.processor.AbstractInterceptingMessageProcessor.processNext(AbstractInterceptingMessageProcessor.java:81)
	at org.mule.lifecycle.processor.ProcessIfStartedWaitIfSyncPausedMessageProcessor.process(ProcessIfStartedWaitIfSyncPausedMessageProcessor.java:56)
	at org.mule.processor.chain.DefaultMessageProcessorChain.doProcess(DefaultMessageProcessorChain.java:72)
	at org.mule.processor.chain.AbstractMessageProcessorChain.process(AbstractMessageProcessorChain.java:89)
	at org.mule.processor.chain.InterceptingChainLifecycleWrapper.doProcess(InterceptingChainLifecycleWrapper.java:63)
	at org.mule.processor.chain.AbstractMessageProcessorChain.process(AbstractMessageProcessorChain.java:89)
	at org.mule.processor.chain.InterceptingChainLifecycleWrapper.process(InterceptingChainLifecycleWrapper.java:94)
	at org.mule.service.AbstractService$7.process(AbstractService.java:425)
	at org.mule.processor.AbstractInterceptingMessageProcessor.processNext(AbstractInterceptingMessageProcessor.java:81)
	at org.mule.service.ServiceCompositeMessageSource$1.process(ServiceCompositeMessageSource.java:124)
	at org.mule.processor.AbstractInterceptingMessageProcessor.processNext(AbstractInterceptingMessageProcessor.java:81)
	at org.mule.processor.StopFurtherMessageProcessingMessageProcessor.process(StopFurtherMessageProcessingMessageProcessor.java:23)
	at org.mule.processor.chain.DefaultMessageProcessorChain.doProcess(DefaultMessageProcessorChain.java:72)
	at org.mule.processor.chain.AbstractMessageProcessorChain.process(AbstractMessageProcessorChain.java:89)
	at org.mule.processor.chain.InterceptingChainLifecycleWrapper.doProcess(InterceptingChainLifecycleWrapper.java:63)
	at org.mule.processor.chain.AbstractMessageProcessorChain.process(AbstractMessageProcessorChain.java:89)
	at org.mule.processor.chain.InterceptingChainLifecycleWrapper.process(InterceptingChainLifecycleWrapper.java:94)
	at org.mule.source.StartableCompositeMessageSource$InternalMessageProcessor.process(StartableCompositeMessageSource.java:219)
	at org.mule.processor.chain.DefaultMessageProcessorChain.doProcess(DefaultMessageProcessorChain.java:72)
	at org.mule.processor.chain.AbstractMessageProcessorChain.process(AbstractMessageProcessorChain.java:89)
	at org.mule.processor.AbstractInterceptingMessageProcessor.processNext(AbstractInterceptingMessageProcessor.java:81)
	at org.mule.module.cxf.CxfInboundMessageProcessor.processNext(CxfInboundMessageProcessor.java:328)
	at org.mule.module.cxf.MuleInvoker.invoke(MuleInvoker.java:80)
	... 35 more
Caused by: org.mule.api.MessagingException: An exception occurred while invoking message processor &quot;DefaultMessageProcessorChain &apos;(inner iterating chain) of OutboundEndpoint &apos;http://localhost:8082/requestResponseWD310/services/soaphttpToSoaphttpUsingJava-teststub/v1&apos; request chain&apos; 
[ 
  org.mule.endpoint.outbound.OutboundEventTimeoutMessageProcessor, 
  org.mule.endpoint.outbound.OutboundSessionHandlerMessageProcessor, 
  org.mule.endpoint.outbound.OutboundEndpointPropertyMessageProcessor, 
  org.mule.endpoint.outbound.OutboundResponsePropertiesMessageProcessor
]&quot; with transaction &quot;Transaction{factory=null, action=NEVER, timeout=0}&quot;.. Message payload is of type: PostMethod
	at org.mule.processor.TransactionalInterceptingMessageProcessor.process(TransactionalInterceptingMessageProcessor.java:63)
	at org.mule.processor.AbstractInterceptingMessageProcessor.processNext(AbstractInterceptingMessageProcessor.java:81)
	at org.mule.processor.AbstractFilteringMessageProcessor.process(AbstractFilteringMessageProcessor.java:41)
	at org.mule.processor.chain.DefaultMessageProcessorChain.doProcess(DefaultMessageProcessorChain.java:72)
	at org.mule.processor.chain.AbstractMessageProcessorChain.process(AbstractMessageProcessorChain.java:89)
	at org.mule.processor.chain.InterceptingChainLifecycleWrapper.doProcess(InterceptingChainLifecycleWrapper.java:63)
	at org.mule.processor.chain.AbstractMessageProcessorChain.process(AbstractMessageProcessorChain.java:89)
	at org.mule.processor.chain.InterceptingChainLifecycleWrapper.process(InterceptingChainLifecycleWrapper.java:94)
	at org.mule.processor.chain.DefaultMessageProcessorChain.doProcess(DefaultMessageProcessorChain.java:72)
	at org.mule.processor.chain.AbstractMessageProcessorChain.process(AbstractMessageProcessorChain.java:89)
	at org.mule.processor.chain.InterceptingChainLifecycleWrapper.doProcess(InterceptingChainLifecycleWrapper.java:63)
	at org.mule.processor.chain.AbstractMessageProcessorChain.process(AbstractMessageProcessorChain.java:89)
	at org.mule.processor.chain.InterceptingChainLifecycleWrapper.process(InterceptingChainLifecycleWrapper.java:94)
	at org.mule.endpoint.DefaultOutboundEndpoint.process(DefaultOutboundEndpoint.java:97)
	at org.mule.routing.outbound.AbstractOutboundRouter.sendRequestEvent(AbstractOutboundRouter.java:462)
	at org.mule.routing.outbound.AbstractOutboundRouter.sendRequest(AbstractOutboundRouter.java:168)
	at org.mule.routing.outbound.FilteringOutboundRouter.route(FilteringOutboundRouter.java:80)
	... 76 more
Caused by: org.mule.api.DefaultMuleException: Could not send message to Mule. (org.apache.cxf.interceptor.Fault)
	at org.mule.module.cxf.CxfOutboundMessageProcessor.process(CxfOutboundMessageProcessor.java:141)
	at org.mule.processor.chain.DefaultMessageProcessorChain.doProcess(DefaultMessageProcessorChain.java:72)
	at org.mule.processor.chain.AbstractMessageProcessorChain.process(AbstractMessageProcessorChain.java:89)
	at org.mule.processor.AbstractInterceptingMessageProcessor.processNext(AbstractInterceptingMessageProcessor.java:81)
	at org.mule.endpoint.outbound.OutboundResponsePropertiesMessageProcessor.process(OutboundResponsePropertiesMessageProcessor.java:39)
	at org.mule.processor.chain.DefaultMessageProcessorChain.doProcess(DefaultMessageProcessorChain.java:72)
	at org.mule.processor.chain.AbstractMessageProcessorChain.process(AbstractMessageProcessorChain.java:89)
	at org.mule.processor.AbstractInterceptingMessageProcessor.processNext(AbstractInterceptingMessageProcessor.java:81)
	at org.mule.processor.TransactionalInterceptingMessageProcessor$1.doInTransaction(TransactionalInterceptingMessageProcessor.java:49)
	at org.mule.processor.TransactionalInterceptingMessageProcessor$1.doInTransaction(TransactionalInterceptingMessageProcessor.java:46)
	at org.mule.transaction.TransactionTemplate.execute(TransactionTemplate.java:110)
	at org.mule.processor.TransactionalInterceptingMessageProcessor.process(TransactionalInterceptingMessageProcessor.java:55)
	... 92 more
Caused by: org.apache.cxf.interceptor.Fault: Could not send message to Mule.
	at org.mule.module.cxf.transport.MuleUniversalConduit$2.handleMessage(MuleUniversalConduit.java:196)
	at org.apache.cxf.phase.PhaseInterceptorChain.doIntercept(PhaseInterceptorChain.java:255)
	at org.apache.cxf.endpoint.ClientImpl.invoke(ClientImpl.java:516)
	at org.apache.cxf.endpoint.ClientImpl.invoke(ClientImpl.java:322)
	at org.mule.module.cxf.CxfOutboundMessageProcessor.doSendWithClient(CxfOutboundMessageProcessor.java:234)
	at org.mule.module.cxf.CxfOutboundMessageProcessor.process(CxfOutboundMessageProcessor.java:127)
	... 103 more
Caused by: java.io.IOException: Could not send message to Mule.
	at org.mule.module.cxf.transport.MuleUniversalConduit.dispatchMuleMessage(MuleUniversalConduit.java:285)
	at org.mule.module.cxf.transport.MuleUniversalConduit$2.handleMessage(MuleUniversalConduit.java:192)
	... 108 more
Caused by: org.mule.api.transport.DispatchException: Failed to route event via endpoint: DefaultOutboundEndpoint{endpointUri=http://localhost:8082/requestResponseWD310/services/soaphttpToSoaphttpUsingJava-teststub/v1, connector=HttpConnector
{
  name=connector.http.mule.default
  lifecycle=start
  this=1435f58a
  numberOfConcurrentTransactedReceivers=4
  createMultipleTransactedReceivers=true
  connected=true
  supportedProtocols=[http]
  serviceOverrides=&lt;none&gt;
}
,  name=&apos;endpoint.http.localhost.8082.requestResponseWD310.services.soaphttpToSoaphttpUsingJava.teststub.v1&apos;, mep=REQUEST_RESPONSE, properties={}, transactionConfig=Transaction{factory=null, action=NEVER, timeout=0}, deleteUnacceptedMessages=false, initialState=started, responseTimeout=8000, endpointEncoding=UTF-8, disableTransportTransformer=false}. Message payload is of type: PostMethod
	at org.mule.transport.http.HttpClientMessageDispatcher.execute(HttpClientMessageDispatcher.java:152)
	at org.mule.transport.http.HttpClientMessageDispatcher.doSend(HttpClientMessageDispatcher.java:260)
	at org.mule.transport.AbstractMessageDispatcher.process(AbstractMessageDispatcher.java:80)
	at org.mule.transport.AbstractConnector$DispatcherMessageProcessor.process(AbstractConnector.java:2512)
	at org.mule.processor.chain.DefaultMessageProcessorChain.doProcess(DefaultMessageProcessorChain.java:72)
	at org.mule.processor.chain.AbstractMessageProcessorChain.process(AbstractMessageProcessorChain.java:89)
	at org.mule.processor.AbstractInterceptingMessageProcessor.processNext(AbstractInterceptingMessageProcessor.java:81)
	at org.mule.module.cxf.CxfOutboundMessageProcessor.processNext(CxfOutboundMessageProcessor.java:151)
	at org.mule.module.cxf.transport.MuleUniversalConduit.processNext(MuleUniversalConduit.java:350)
	at org.mule.module.cxf.transport.MuleUniversalConduit.dispatchMuleMessage(MuleUniversalConduit.java:250)
	... 109 more
Caused by: java.net.SocketTimeoutException: Read timed out
	at java.net.SocketInputStream.socketRead0(Native Method)
	at java.net.SocketInputStream.read(SocketInputStream.java:129)
	at java.io.BufferedInputStream.fill(BufferedInputStream.java:218)
	at java.io.BufferedInputStream.read(BufferedInputStream.java:237)
	at org.apache.commons.httpclient.HttpParser.readRawLine(HttpParser.java:78)
	at org.apache.commons.httpclient.HttpParser.readLine(HttpParser.java:106)
	at org.apache.commons.httpclient.HttpConnection.readLine(HttpConnection.java:1116)
	at org.apache.commons.httpclient.MultiThreadedHttpConnectionManager$HttpConnectionAdapter.readLine(MultiThreadedHttpConnectionManager.java:1413)
	at org.apache.commons.httpclient.HttpMethodBase.readStatusLine(HttpMethodBase.java:1973)
	at org.apache.commons.httpclient.HttpMethodBase.readResponse(HttpMethodBase.java:1735)
	at org.apache.commons.httpclient.HttpMethodBase.execute(HttpMethodBase.java:1098)
	at org.apache.commons.httpclient.HttpMethodDirector.executeWithRetry(HttpMethodDirector.java:398)
	at org.apache.commons.httpclient.HttpMethodDirector.executeMethod(HttpMethodDirector.java:171)
	at org.apache.commons.httpclient.HttpClient.executeMethod(HttpClient.java:397)
	at org.apache.commons.httpclient.HttpClient.executeMethod(HttpClient.java:346)
	at org.mule.transport.http.HttpClientMessageDispatcher.execute(HttpClientMessageDispatcher.java:145)
	... 118 more
2011-03-30 23:26:09,069 INFO  org.soitoolkit.commons.mule.log.EventLogger - soi-toolkit.log
** logEvent-info.start ***********************************************************
IntegrationScenarioId=
ContractId=
LogMessage=resp-out
ServiceImpl=soaphttpToSoaphttpUsingJava-service
Host=10.0.1.2 (10.0.1.2)
ComponentId=requestResponseWD310
Endpoint=http://localhost:8082/requestResponseWD310/services/soaphttpToSoaphttpUsingJava-teststub/v1
MessageId=4f624b25-5b14-11e0-aa91-895c9007b3b0
BusinessCorrelationId=
BusinessContextId=
ExtraInfo=
Payload=
** logEvent-info.end *************************************************************
2011-03-30 23:26:10,061 WARN  org.apache.cxf.common.logging.LogUtils - Interceptor for {http://soaphttptosoaphttpusingjava.requestresponsewd310.generator.tool.soitoolkit.org/}SoaphttpToSoaphttpUsingJavaTestProducerService#{urn:org.soitoolkit.refapps.sd.sample.wsdl:v1}sample has thrown exception, unwinding now
org.apache.cxf.interceptor.Fault: Could not send Message.
	at org.apache.cxf.interceptor.MessageSenderInterceptor$MessageSenderEndingInterceptor.handleMessage(MessageSenderInterceptor.java:64)
	at org.apache.cxf.phase.PhaseInterceptorChain.doIntercept(PhaseInterceptorChain.java:255)
	at org.apache.cxf.phase.PhaseInterceptorChain.resume(PhaseInterceptorChain.java:224)
	at org.mule.module.cxf.CxfInboundMessageProcessor$1.write(CxfInboundMessageProcessor.java:364)
	at org.mule.transport.http.HttpServerConnection.writeResponse(HttpServerConnection.java:315)
	at org.mule.transport.http.HttpMessageReceiver$HttpWorker.run(HttpMessageReceiver.java:164)
	at org.mule.work.WorkerContext.run(WorkerContext.java:309)
	at edu.emory.mathcs.backport.java.util.concurrent.ThreadPoolExecutor.runWorker(ThreadPoolExecutor.java:1061)
	at edu.emory.mathcs.backport.java.util.concurrent.ThreadPoolExecutor$Worker.run(ThreadPoolExecutor.java:575)
	at java.lang.Thread.run(Thread.java:680)
Caused by: java.net.SocketException: Broken pipe
	at java.net.SocketOutputStream.socketWrite0(Native Method)
	at java.net.SocketOutputStream.socketWrite(SocketOutputStream.java:92)
	at java.net.SocketOutputStream.write(SocketOutputStream.java:136)
	at java.io.DataOutputStream.write(DataOutputStream.java:90)
	at org.apache.commons.httpclient.ChunkedOutputStream.flushCache(ChunkedOutputStream.java:99)
	at org.apache.commons.httpclient.ChunkedOutputStream.finish(ChunkedOutputStream.java:143)
	at org.apache.commons.httpclient.ChunkedOutputStream.close(ChunkedOutputStream.java:199)
	at org.mule.module.cxf.support.DelegatingOutputStream.close(DelegatingOutputStream.java:39)
	at org.mule.module.cxf.transport.MuleUniversalDestination$ResponseConduit.close(MuleUniversalDestination.java:81)
	at org.apache.cxf.interceptor.MessageSenderInterceptor$MessageSenderEndingInterceptor.handleMessage(MessageSenderInterceptor.java:62)
	... 9 more
2011-03-30 23:26:10,062 ERROR org.mule.exception.AbstractExceptionListener - Caught exception in Exception Strategy: Broken pipe
java.net.SocketException: Broken pipe
	at java.net.SocketOutputStream.socketWrite0(Native Method)
	at java.net.SocketOutputStream.socketWrite(SocketOutputStream.java:92)
	at java.net.SocketOutputStream.write(SocketOutputStream.java:136)
	at java.io.DataOutputStream.write(DataOutputStream.java:90)
	at org.apache.commons.httpclient.ChunkedOutputStream.flushCache(ChunkedOutputStream.java:99)
	at org.apache.commons.httpclient.ChunkedOutputStream.finish(ChunkedOutputStream.java:143)
	at org.mule.transport.http.HttpServerConnection.writeResponse(HttpServerConnection.java:319)
	at org.mule.transport.http.HttpMessageReceiver$HttpWorker.run(HttpMessageReceiver.java:164)
	at org.mule.work.WorkerContext.run(WorkerContext.java:309)
	at edu.emory.mathcs.backport.java.util.concurrent.ThreadPoolExecutor.runWorker(ThreadPoolExecutor.java:1061)
	at edu.emory.mathcs.backport.java.util.concurrent.ThreadPoolExecutor$Worker.run(ThreadPoolExecutor.java:575)
	at java.lang.Thread.run(Thread.java:680)
2011-03-30 23:26:11,319 INFO  org.mule.DefaultMuleContext    - 
**********************************************************************
* Mule Context shut down normally on: 2011-03-30 23:26               *
* Server was up for: 0 days, 0 hours, 0 mins, 10.830 sec             *
**********************************************************************
Tests run: 3, Failures: 0, Errors: 0, Skipped: 0, Time elapsed: 11.503 sec
Running org.soitoolkit.tool.generator.requestresponsewd310.soaphttptosoaphttpusingjava.SoaphttpToSoaphttpUsingJavaRequestTransformerTest
Tests run: 1, Failures: 0, Errors: 0, Skipped: 0, Time elapsed: 0.003 sec
Running org.soitoolkit.tool.generator.requestresponsewd310.soaphttptosoaphttpusingjava.SoaphttpToSoaphttpUsingJavaResponseTransformerTest
Tests run: 1, Failures: 0, Errors: 0, Skipped: 0, Time elapsed: 0.003 sec
Running org.soitoolkit.tool.generator.requestresponsewd310.soapservlettoresthttpusingjava.SoapservletToResthttpUsingJavaResponseTransformerTest
Tests run: 1, Failures: 0, Errors: 0, Skipped: 0, Time elapsed: 0.004 sec
Running org.soitoolkit.tool.generator.requestresponsewd310.soaphttptoresthttpusingjava.SoaphttpToResthttpUsingJavaRequestTransformerTest
Tests run: 1, Failures: 0, Errors: 0, Skipped: 0, Time elapsed: 0.003 sec
Running org.soitoolkit.tool.generator.requestresponsewd310.soapservlettojmsusingjava.SoapservletToJmsUsingJavaResponseTransformerTest
Tests run: 2, Failures: 0, Errors: 0, Skipped: 0, Time elapsed: 0.006 sec
Running org.soitoolkit.tool.generator.requestresponsewd310.soaphttptoresthttpusingjava.SoaphttpToResthttpUsingJavaResponseTransformerTest
Tests run: 1, Failures: 0, Errors: 0, Skipped: 0, Time elapsed: 0.005 sec
Running org.soitoolkit.tool.generator.requestresponsewd310.soapservlettojmsusingjava.SoapservletToJmsUsingJavaRequestTransformerTest
Tests run: 1, Failures: 0, Errors: 0, Skipped: 0, Time elapsed: 0.006 sec
Running org.soitoolkit.tool.generator.requestresponsewd310.soapservlettosoaphttpusingjava.SoapservletToSoaphttpUsingJavaResponseTransformerTest
Tests run: 1, Failures: 0, Errors: 0, Skipped: 0, Time elapsed: 0.004 sec

Results :

Tests run: 32, Failures: 0, Errors: 0, Skipped: 0

[INFO] [jar:jar {execution: default-jar}]
[INFO] Building jar: /Users/magnuslarsson/Documents/temp/_plugintests/jUnitTests/requestResponseWD310/trunk/requestResponseWD310-services/target/requestResponseWD310-services-1.0-SNAPSHOT.jar
[INFO] [jar:test-jar {execution: default}]
[INFO] Building jar: /Users/magnuslarsson/Documents/temp/_plugintests/jUnitTests/requestResponseWD310/trunk/requestResponseWD310-services/target/requestResponseWD310-services-1.0-SNAPSHOT-tests.jar
[INFO] [source:jar-no-fork {execution: attach-sources}]
[INFO] Building jar: /Users/magnuslarsson/Documents/temp/_plugintests/jUnitTests/requestResponseWD310/trunk/requestResponseWD310-services/target/requestResponseWD310-services-1.0-SNAPSHOT-sources.jar
[INFO] [install:install {execution: default-install}]
[INFO] Installing /Users/magnuslarsson/Documents/temp/_plugintests/jUnitTests/requestResponseWD310/trunk/requestResponseWD310-services/target/requestResponseWD310-services-1.0-SNAPSHOT.jar to /Users/magnuslarsson/.m2/repository/org/soitoolkit/tool/generator/requestResponseWD310-services/1.0-SNAPSHOT/requestResponseWD310-services-1.0-SNAPSHOT.jar
[INFO] Installing /Users/magnuslarsson/Documents/temp/_plugintests/jUnitTests/requestResponseWD310/trunk/requestResponseWD310-services/target/requestResponseWD310-services-1.0-SNAPSHOT-tests.jar to /Users/magnuslarsson/.m2/repository/org/soitoolkit/tool/generator/requestResponseWD310-services/1.0-SNAPSHOT/requestResponseWD310-services-1.0-SNAPSHOT-tests.jar
[INFO] Installing /Users/magnuslarsson/Documents/temp/_plugintests/jUnitTests/requestResponseWD310/trunk/requestResponseWD310-services/target/requestResponseWD310-services-1.0-SNAPSHOT-sources.jar to /Users/magnuslarsson/.m2/repository/org/soitoolkit/tool/generator/requestResponseWD310-services/1.0-SNAPSHOT/requestResponseWD310-services-1.0-SNAPSHOT-sources.jar
[INFO] ------------------------------------------------------------------------
[INFO] Building requestResponseWD310-web
[INFO]    task-segment: [install]
[INFO] ------------------------------------------------------------------------
[INFO] [enforcer:enforce {execution: enforce-maven}]
[INFO] [properties:write-project-properties {execution: default}]
[INFO] [resources:resources {execution: default-resources}]
[INFO] Using &apos;UTF-8&apos; encoding to copy filtered resources.
[INFO] skip non existing resourceDirectory /Users/magnuslarsson/Documents/temp/_plugintests/jUnitTests/requestResponseWD310/trunk/requestResponseWD310-web/src/main/resources
[INFO] [compiler:compile {execution: default-compile}]
[INFO] No sources to compile
[INFO] [resources:testResources {execution: default-testResources}]
[INFO] Using &apos;UTF-8&apos; encoding to copy filtered resources.
[INFO] skip non existing resourceDirectory /Users/magnuslarsson/Documents/temp/_plugintests/jUnitTests/requestResponseWD310/trunk/requestResponseWD310-web/src/test/resources
[INFO] [compiler:testCompile {execution: default-testCompile}]
[INFO] No sources to compile
[INFO] [surefire:test {execution: default-test}]
[INFO] No tests to run.
[INFO] Surefire report directory: /Users/magnuslarsson/Documents/temp/_plugintests/jUnitTests/requestResponseWD310/trunk/requestResponseWD310-web/target/surefire-reports

-------------------------------------------------------
 T E S T S
-------------------------------------------------------
There are no tests to run.

Results :

Tests run: 0, Failures: 0, Errors: 0, Skipped: 0

[INFO] [war:war {execution: default-war}]
[INFO] Packaging webapp
[INFO] Assembling webapp [requestResponseWD310-web] in [/Users/magnuslarsson/Documents/temp/_plugintests/jUnitTests/requestResponseWD310/trunk/requestResponseWD310-web/target/requestResponseWD310-web-1.0-SNAPSHOT]
[INFO] Processing war project
[INFO] Copying webapp resources [/Users/magnuslarsson/Documents/temp/_plugintests/jUnitTests/requestResponseWD310/trunk/requestResponseWD310-web/src/main/webapp]
[INFO] Webapp assembled in [1981 msecs]
[INFO] Building war: /Users/magnuslarsson/Documents/temp/_plugintests/jUnitTests/requestResponseWD310/trunk/requestResponseWD310-web/target/requestResponseWD310-web-1.0-SNAPSHOT.war
[INFO] WEB-INF/web.xml already added, skipping
[INFO] [jar:test-jar {execution: default}]
[WARNING] JAR will be empty - no content was marked for inclusion!
[INFO] Building jar: /Users/magnuslarsson/Documents/temp/_plugintests/jUnitTests/requestResponseWD310/trunk/requestResponseWD310-web/target/requestResponseWD310-web-1.0-SNAPSHOT-tests.jar
[INFO] [source:jar-no-fork {execution: attach-sources}]
[INFO] No sources in project. Archive not created.
[INFO] [install:install {execution: default-install}]
[INFO] Installing /Users/magnuslarsson/Documents/temp/_plugintests/jUnitTests/requestResponseWD310/trunk/requestResponseWD310-web/target/requestResponseWD310-web-1.0-SNAPSHOT.war to /Users/magnuslarsson/.m2/repository/org/soitoolkit/tool/generator/requestResponseWD310-web/1.0-SNAPSHOT/requestResponseWD310-web-1.0-SNAPSHOT.war
[INFO] Installing /Users/magnuslarsson/Documents/temp/_plugintests/jUnitTests/requestResponseWD310/trunk/requestResponseWD310-web/target/requestResponseWD310-web-1.0-SNAPSHOT-tests.jar to /Users/magnuslarsson/.m2/repository/org/soitoolkit/tool/generator/requestResponseWD310-web/1.0-SNAPSHOT/requestResponseWD310-web-1.0-SNAPSHOT-tests.jar
[INFO] ------------------------------------------------------------------------
[INFO] Building requestResponseWD310-teststub-web
[INFO]    task-segment: [install]
[INFO] ------------------------------------------------------------------------
[INFO] [enforcer:enforce {execution: enforce-maven}]
[INFO] [properties:write-project-properties {execution: default}]
[INFO] [resources:resources {execution: default-resources}]
[INFO] Using &apos;UTF-8&apos; encoding to copy filtered resources.
[INFO] skip non existing resourceDirectory /Users/magnuslarsson/Documents/temp/_plugintests/jUnitTests/requestResponseWD310/trunk/requestResponseWD310-teststub-web/src/main/resources
[INFO] [compiler:compile {execution: default-compile}]
[INFO] No sources to compile
[INFO] [resources:testResources {execution: default-testResources}]
[INFO] Using &apos;UTF-8&apos; encoding to copy filtered resources.
[INFO] skip non existing resourceDirectory /Users/magnuslarsson/Documents/temp/_plugintests/jUnitTests/requestResponseWD310/trunk/requestResponseWD310-teststub-web/src/test/resources
[INFO] [compiler:testCompile {execution: default-testCompile}]
[INFO] No sources to compile
[INFO] [surefire:test {execution: default-test}]
[INFO] No tests to run.
[INFO] Surefire report directory: /Users/magnuslarsson/Documents/temp/_plugintests/jUnitTests/requestResponseWD310/trunk/requestResponseWD310-teststub-web/target/surefire-reports

-------------------------------------------------------
 T E S T S
-------------------------------------------------------
There are no tests to run.

Results :

Tests run: 0, Failures: 0, Errors: 0, Skipped: 0

[INFO] [war:war {execution: default-war}]
[INFO] Packaging webapp
[INFO] Assembling webapp [requestResponseWD310-teststub-web] in [/Users/magnuslarsson/Documents/temp/_plugintests/jUnitTests/requestResponseWD310/trunk/requestResponseWD310-teststub-web/target/requestResponseWD310-teststub-web-1.0-SNAPSHOT]
[INFO] Processing war project
[INFO] Copying webapp resources [/Users/magnuslarsson/Documents/temp/_plugintests/jUnitTests/requestResponseWD310/trunk/requestResponseWD310-teststub-web/src/main/webapp]
[INFO] Webapp assembled in [1382 msecs]
[INFO] Building war: /Users/magnuslarsson/Documents/temp/_plugintests/jUnitTests/requestResponseWD310/trunk/requestResponseWD310-teststub-web/target/requestResponseWD310-teststub-web-1.0-SNAPSHOT.war
[INFO] WEB-INF/web.xml already added, skipping
[INFO] [jar:test-jar {execution: default}]
[WARNING] JAR will be empty - no content was marked for inclusion!
[INFO] Building jar: /Users/magnuslarsson/Documents/temp/_plugintests/jUnitTests/requestResponseWD310/trunk/requestResponseWD310-teststub-web/target/requestResponseWD310-teststub-web-1.0-SNAPSHOT-tests.jar
[INFO] [source:jar-no-fork {execution: attach-sources}]
[INFO] No sources in project. Archive not created.
[INFO] [install:install {execution: default-install}]
[INFO] Installing /Users/magnuslarsson/Documents/temp/_plugintests/jUnitTests/requestResponseWD310/trunk/requestResponseWD310-teststub-web/target/requestResponseWD310-teststub-web-1.0-SNAPSHOT.war to /Users/magnuslarsson/.m2/repository/org/soitoolkit/tool/generator/requestResponseWD310-teststub-web/1.0-SNAPSHOT/requestResponseWD310-teststub-web-1.0-SNAPSHOT.war
[INFO] Installing /Users/magnuslarsson/Documents/temp/_plugintests/jUnitTests/requestResponseWD310/trunk/requestResponseWD310-teststub-web/target/requestResponseWD310-teststub-web-1.0-SNAPSHOT-tests.jar to /Users/magnuslarsson/.m2/repository/org/soitoolkit/tool/generator/requestResponseWD310-teststub-web/1.0-SNAPSHOT/requestResponseWD310-teststub-web-1.0-SNAPSHOT-tests.jar
[INFO] 
[INFO] 
[INFO] ------------------------------------------------------------------------
[INFO] Reactor Summary:
[INFO] ------------------------------------------------------------------------
[INFO] requestResponseWD310 .................................. SUCCESS [2.699s]
[INFO] requestResponseWD310-services ......................... SUCCESS [1:26.227s]
[INFO] requestResponseWD310-web .............................. SUCCESS [10.835s]
[INFO] requestResponseWD310-teststub-web ..................... SUCCESS [8.219s]
[INFO] ------------------------------------------------------------------------
[INFO] ------------------------------------------------------------------------
[INFO] BUILD SUCCESSFUL
[INFO] ------------------------------------------------------------------------
[INFO] Total time: 1 minute 48 seconds
[INFO] Finished at: Wed Mar 30 23:26:31 CEST 2011
[INFO] Final Memory: 62M/123M
[INFO] ------------------------------------------------------------------------
[INFO] Scanning for projects...
[INFO] Reactor build order: 
[INFO]   requestResponseWD310
[INFO]   requestResponseWD310-services
[INFO]   requestResponseWD310-web
[INFO]   requestResponseWD310-teststub-web
[INFO] Searching repository for plugin with prefix: &apos;surefire-report&apos;.
[INFO] ------------------------------------------------------------------------
[INFO] Building requestResponseWD310
[INFO]    task-segment: [eclipse:m2eclipse, surefire-report:report]
[INFO] ------------------------------------------------------------------------
[INFO] Preparing eclipse:m2eclipse
[INFO] [enforcer:enforce {execution: enforce-maven}]
[INFO] [properties:write-project-properties {execution: default}]
[INFO] [eclipse:m2eclipse {execution: default-cli}]
[INFO] Not running eclipse plugin goal for pom project
[INFO] Preparing surefire-report:report
[INFO] [enforcer:enforce {execution: enforce-maven}]
[INFO] [properties:write-project-properties {execution: default}]
[INFO] [surefire-report:report {execution: default-cli}]
[WARNING] Unable to locate Test Source XRef to link to - DISABLED
[INFO] ------------------------------------------------------------------------
[INFO] Building requestResponseWD310-services
[INFO]    task-segment: [eclipse:m2eclipse, surefire-report:report]
[INFO] ------------------------------------------------------------------------
[INFO] Preparing eclipse:m2eclipse
[INFO] [enforcer:enforce {execution: enforce-maven}]
[INFO] [properties:write-project-properties {execution: default}]
[INFO] [eclipse:m2eclipse {execution: default-cli}]
[INFO] Using Eclipse Workspace: null
[INFO] Wrote settings to /Users/magnuslarsson/Documents/temp/_plugintests/jUnitTests/requestResponseWD310/trunk/requestResponseWD310-services/.settings/org.eclipse.jdt.core.prefs
[INFO] File /Users/magnuslarsson/Documents/temp/_plugintests/jUnitTests/requestResponseWD310/trunk/requestResponseWD310-services/.project already exists.
       Additional settings will be preserved, run mvn eclipse:clean if you want old settings to be removed.
[INFO] Wrote Eclipse project for &quot;requestResponseWD310-services&quot; to /Users/magnuslarsson/Documents/temp/_plugintests/jUnitTests/requestResponseWD310/trunk/requestResponseWD310-services.
[INFO] 
[INFO] Preparing surefire-report:report
[INFO] [enforcer:enforce {execution: enforce-maven}]
[INFO] [properties:write-project-properties {execution: default}]
[INFO] [resources:resources {execution: default-resources}]
[INFO] Using &apos;UTF-8&apos; encoding to copy filtered resources.
[INFO] Copying 8 resources
[INFO] [compiler:compile {execution: default-compile}]
[INFO] Nothing to compile - all classes are up to date
[INFO] [resources:testResources {execution: default-testResources}]
[INFO] Using &apos;UTF-8&apos; encoding to copy filtered resources.
[INFO] Copying 36 resources
[INFO] Copying 4 resources
[INFO] [compiler:testCompile {execution: default-testCompile}]
[INFO] Nothing to compile - all classes are up to date
[INFO] [surefire:test {execution: default-test}]
[INFO] Tests are skipped.
[INFO] [surefire-report:report {execution: default-cli}]
[WARNING] Unable to locate Test Source XRef to link to - DISABLED
[INFO] ------------------------------------------------------------------------
[INFO] Building requestResponseWD310-web
[INFO]    task-segment: [eclipse:m2eclipse, surefire-report:report]
[INFO] ------------------------------------------------------------------------
[INFO] Preparing eclipse:m2eclipse
[INFO] [enforcer:enforce {execution: enforce-maven}]
[INFO] [properties:write-project-properties {execution: default}]
[INFO] [eclipse:m2eclipse {execution: default-cli}]
[INFO] Using Eclipse Workspace: null
[INFO] Wrote settings to /Users/magnuslarsson/Documents/temp/_plugintests/jUnitTests/requestResponseWD310/trunk/requestResponseWD310-web/.settings/org.eclipse.jdt.core.prefs
[INFO] Wrote Eclipse project for &quot;requestResponseWD310-web&quot; to /Users/magnuslarsson/Documents/temp/_plugintests/jUnitTests/requestResponseWD310/trunk/requestResponseWD310-web.
[INFO] 
[INFO] Preparing surefire-report:report
[INFO] [enforcer:enforce {execution: enforce-maven}]
[INFO] [properties:write-project-properties {execution: default}]
[INFO] [resources:resources {execution: default-resources}]
[INFO] Using &apos;UTF-8&apos; encoding to copy filtered resources.
[INFO] skip non existing resourceDirectory /Users/magnuslarsson/Documents/temp/_plugintests/jUnitTests/requestResponseWD310/trunk/requestResponseWD310-web/src/main/resources
[INFO] [compiler:compile {execution: default-compile}]
[INFO] No sources to compile
[INFO] [resources:testResources {execution: default-testResources}]
[INFO] Using &apos;UTF-8&apos; encoding to copy filtered resources.
[INFO] skip non existing resourceDirectory /Users/magnuslarsson/Documents/temp/_plugintests/jUnitTests/requestResponseWD310/trunk/requestResponseWD310-web/src/test/resources
[INFO] [compiler:testCompile {execution: default-testCompile}]
[INFO] No sources to compile
[INFO] [surefire:test {execution: default-test}]
[INFO] Tests are skipped.
[INFO] [surefire-report:report {execution: default-cli}]
[WARNING] Unable to locate Test Source XRef to link to - DISABLED
[INFO] ------------------------------------------------------------------------
[INFO] Building requestResponseWD310-teststub-web
[INFO]    task-segment: [eclipse:m2eclipse, surefire-report:report]
[INFO] ------------------------------------------------------------------------
[INFO] Preparing eclipse:m2eclipse
[INFO] [enforcer:enforce {execution: enforce-maven}]
[INFO] [properties:write-project-properties {execution: default}]
[INFO] [eclipse:m2eclipse {execution: default-cli}]
[INFO] Using Eclipse Workspace: null
[INFO] Wrote settings to /Users/magnuslarsson/Documents/temp/_plugintests/jUnitTests/requestResponseWD310/trunk/requestResponseWD310-teststub-web/.settings/org.eclipse.jdt.core.prefs
[INFO] Wrote Eclipse project for &quot;requestResponseWD310-teststub-web&quot; to /Users/magnuslarsson/Documents/temp/_plugintests/jUnitTests/requestResponseWD310/trunk/requestResponseWD310-teststub-web.
[INFO] 
[INFO] Preparing surefire-report:report
[INFO] [enforcer:enforce {execution: enforce-maven}]
[INFO] [properties:write-project-properties {execution: default}]
[INFO] [resources:resources {execution: default-resources}]
[INFO] Using &apos;UTF-8&apos; encoding to copy filtered resources.
[INFO] skip non existing resourceDirectory /Users/magnuslarsson/Documents/temp/_plugintests/jUnitTests/requestResponseWD310/trunk/requestResponseWD310-teststub-web/src/main/resources
[INFO] [compiler:compile {execution: default-compile}]
[INFO] No sources to compile
[INFO] [resources:testResources {execution: default-testResources}]
[INFO] Using &apos;UTF-8&apos; encoding to copy filtered resources.
[INFO] skip non existing resourceDirectory /Users/magnuslarsson/Documents/temp/_plugintests/jUnitTests/requestResponseWD310/trunk/requestResponseWD310-teststub-web/src/test/resources
[INFO] [compiler:testCompile {execution: default-testCompile}]
[INFO] No sources to compile
[INFO] [surefire:test {execution: default-test}]
[INFO] Tests are skipped.
[INFO] [surefire-report:report {execution: default-cli}]
[WARNING] Unable to locate Test Source XRef to link to - DISABLED
[INFO] 
[INFO] 
[INFO] ------------------------------------------------------------------------
[INFO] Reactor Summary:
[INFO] ------------------------------------------------------------------------
[INFO] requestResponseWD310 .................................. SUCCESS [3.026s]
[INFO] requestResponseWD310-services ......................... SUCCESS [3.443s]
[INFO] requestResponseWD310-web .............................. SUCCESS [0.328s]
[INFO] requestResponseWD310-teststub-web ..................... SUCCESS [0.272s]
[INFO] ------------------------------------------------------------------------
[INFO] ------------------------------------------------------------------------
[INFO] BUILD SUCCESSFUL
[INFO] ------------------------------------------------------------------------
[INFO] Total time: 8 seconds
[INFO] Finished at: Wed Mar 30 23:26:41 CEST 2011
[INFO] Final Memory: 51M/105M
[INFO] ------------------------------------------------------------------------
[INFO] Scanning for projects...
[INFO] Reactor build order: 
[INFO]   requestResponseWD310
[INFO]   requestResponseWD310-services
[INFO]   requestResponseWD310-web
[INFO]   requestResponseWD310-teststub-web
[INFO] ------------------------------------------------------------------------
[INFO] Building requestResponseWD310
[INFO]    task-segment: [clean]
[INFO] ------------------------------------------------------------------------
[INFO] [clean:clean {execution: default-clean}]
[INFO] Deleting /Users/magnuslarsson/Documents/temp/_plugintests/jUnitTests/requestResponseWD310/trunk/target
[INFO] ------------------------------------------------------------------------
[INFO] Building requestResponseWD310-services
[INFO]    task-segment: [clean]
[INFO] ------------------------------------------------------------------------
[INFO] [clean:clean {execution: default-clean}]
[INFO] Deleting /Users/magnuslarsson/Documents/temp/_plugintests/jUnitTests/requestResponseWD310/trunk/requestResponseWD310-services/target
[INFO] ------------------------------------------------------------------------
[INFO] Building requestResponseWD310-web
[INFO]    task-segment: [clean]
[INFO] ------------------------------------------------------------------------
[INFO] [clean:clean {execution: default-clean}]
[INFO] Deleting /Users/magnuslarsson/Documents/temp/_plugintests/jUnitTests/requestResponseWD310/trunk/requestResponseWD310-web/target
[INFO] ------------------------------------------------------------------------
[INFO] Building requestResponseWD310-teststub-web
[INFO]    task-segment: [clean]
[INFO] ------------------------------------------------------------------------
[INFO] [clean:clean {execution: default-clean}]
[INFO] Deleting /Users/magnuslarsson/Documents/temp/_plugintests/jUnitTests/requestResponseWD310/trunk/requestResponseWD310-teststub-web/target
[INFO] 
[INFO] 
[INFO] ------------------------------------------------------------------------
[INFO] Reactor Summary:
[INFO] ------------------------------------------------------------------------
[INFO] requestResponseWD310 .................................. SUCCESS [0.647s]
[INFO] requestResponseWD310-services ......................... SUCCESS [0.031s]
[INFO] requestResponseWD310-web .............................. SUCCESS [0.036s]
[INFO] requestResponseWD310-teststub-web ..................... SUCCESS [0.034s]
[INFO] ------------------------------------------------------------------------
[INFO] ------------------------------------------------------------------------
[INFO] BUILD SUCCESSFUL
[INFO] ------------------------------------------------------------------------
[INFO] Total time: 1 second
[INFO] Finished at: Wed Mar 30 23:26:43 CEST 2011
[INFO] Final Memory: 8M/81M
[INFO] ------------------------------------------------------------------------
INFO: Generate files from templateFolder: /templates/integrationComponent/newProject
INFO: Created directory: /Users/magnuslarsson/Documents/temp/_plugintests/jUnitTests/Request-Response-WD-Tests-310/branches
INFO: Created directory: /Users/magnuslarsson/Documents/temp/_plugintests/jUnitTests/Request-Response-WD-Tests-310/tags
WARN: NO TEMPLATE FOUND FOR trunk/pom.xml.gt
WARN: Couldn&apos;t generate code for template trunk/pom.xml.gt, skipping it
WARN: NO TEMPLATE FOUND FOR trunk/__serviceProjectFilepath__/pom.xml.gt
WARN: Couldn&apos;t generate code for template trunk/__serviceProjectFilepath__/pom.xml.gt, skipping it
INFO: Created directory: /Users/magnuslarsson/Documents/temp/_plugintests/jUnitTests/Request-Response-WD-Tests-310/trunk/Request-Response-WD-Tests-310-services/src/main/java/org/soitoolkit/tool/generatortests/requestresponsewdtests310
WARN: NO TEMPLATE FOUND FOR trunk/__serviceProjectFilepath__/src/main/resources/__artifactId__-common.xml.gt
WARN: Couldn&apos;t generate code for template trunk/__serviceProjectFilepath__/src/main/resources/__artifactId__-common.xml.gt, skipping it
WARN: NO TEMPLATE FOUND FOR trunk/__serviceProjectFilepath__/src/main/resources/__artifactId__-config.xml.gt
WARN: Couldn&apos;t generate code for template trunk/__serviceProjectFilepath__/src/main/resources/__artifactId__-config.xml.gt, skipping it
INFO: Created directory: /Users/magnuslarsson/Documents/temp/_plugintests/jUnitTests/Request-Response-WD-Tests-310/trunk/Request-Response-WD-Tests-310-services/src/main/resources/services
WARN: NO TEMPLATE FOUND FOR trunk/__serviceProjectFilepath__/src/test/java/__javaPackageFilepath__/__capitalizedJavaArtifactId__MuleServer.java.gt
WARN: Couldn&apos;t generate code for template trunk/__serviceProjectFilepath__/src/test/java/__javaPackageFilepath__/__capitalizedJavaArtifactId__MuleServer.java.gt, skipping it
WARN: NO TEMPLATE FOUND FOR trunk/__serviceProjectFilepath__/src/test/resources/__artifactId__-teststubs-and-services-config.xml.gt
WARN: Couldn&apos;t generate code for template trunk/__serviceProjectFilepath__/src/test/resources/__artifactId__-teststubs-and-services-config.xml.gt, skipping it
WARN: NO TEMPLATE FOUND FOR trunk/__serviceProjectFilepath__/src/test/resources/__artifactId__-teststubs-only-config.xml.gt
WARN: Couldn&apos;t generate code for template trunk/__serviceProjectFilepath__/src/test/resources/__artifactId__-teststubs-only-config.xml.gt, skipping it
INFO: Created directory: /Users/magnuslarsson/Documents/temp/_plugintests/jUnitTests/Request-Response-WD-Tests-310/trunk/Request-Response-WD-Tests-310-services/src/test/resources/testfiles
INFO: Created directory: /Users/magnuslarsson/Documents/temp/_plugintests/jUnitTests/Request-Response-WD-Tests-310/trunk/Request-Response-WD-Tests-310-services/src/test/resources/teststub-services
WARN: NO TEMPLATE FOUND FOR trunk/__serviceProjectFilepath__/src/environment/log4j.dtd.gt
WARN: Couldn&apos;t generate code for template trunk/__serviceProjectFilepath__/src/environment/log4j.dtd.gt, skipping it
WARN: NO TEMPLATE FOUND FOR trunk/__serviceProjectFilepath__/src/environment/log4j.xml.gt
WARN: Couldn&apos;t generate code for template trunk/__serviceProjectFilepath__/src/environment/log4j.xml.gt, skipping it
WARN: NO TEMPLATE FOUND FOR trunk/__serviceProjectFilepath__/src/environment/__securityPropertyFile__.properties.gt
WARN: Couldn&apos;t generate code for template trunk/__serviceProjectFilepath__/src/environment/__securityPropertyFile__.properties.gt, skipping it
WARN: NO TEMPLATE FOUND FOR trunk/__serviceProjectFilepath__/src/environment/__configPropertyFile__.properties.gt
WARN: Couldn&apos;t generate code for template trunk/__serviceProjectFilepath__/src/environment/__configPropertyFile__.properties.gt, skipping it
WARN: NO TEMPLATE FOUND FOR trunk/__webProjectFilepath__/pom.xml.gt
WARN: Couldn&apos;t generate code for template trunk/__webProjectFilepath__/pom.xml.gt, skipping it
WARN: NO TEMPLATE FOUND FOR trunk/__webProjectFilepath__/src/main/webapp/META-INF/MANIFEST.MF.gt
WARN: Couldn&apos;t generate code for template trunk/__webProjectFilepath__/src/main/webapp/META-INF/MANIFEST.MF.gt, skipping it
WARN: NO TEMPLATE FOUND FOR trunk/__webProjectFilepath__/src/main/webapp/WEB-INF/web.xml.gt
WARN: Couldn&apos;t generate code for template trunk/__webProjectFilepath__/src/main/webapp/WEB-INF/web.xml.gt, skipping it
INFO: Created directory: /Users/magnuslarsson/Documents/temp/_plugintests/jUnitTests/Request-Response-WD-Tests-310/trunk/Request-Response-WD-Tests-310-web/src/main/webapp/WEB-INF/classes
INFO: Created directory: /Users/magnuslarsson/Documents/temp/_plugintests/jUnitTests/Request-Response-WD-Tests-310/trunk/Request-Response-WD-Tests-310-web/src/main/webapp/WEB-INF/lib
WARN: NO TEMPLATE FOUND FOR trunk/__webProjectFilepath__/src/main/webapp/index.jsp.gt
WARN: Couldn&apos;t generate code for template trunk/__webProjectFilepath__/src/main/webapp/index.jsp.gt, skipping it
WARN: NO TEMPLATE FOUND FOR trunk/__teststubWebProjectFilepath__/pom.xml.gt
WARN: Couldn&apos;t generate code for template trunk/__teststubWebProjectFilepath__/pom.xml.gt, skipping it
WARN: NO TEMPLATE FOUND FOR trunk/__teststubWebProjectFilepath__/src/main/webapp/META-INF/MANIFEST.MF.gt
WARN: Couldn&apos;t generate code for template trunk/__teststubWebProjectFilepath__/src/main/webapp/META-INF/MANIFEST.MF.gt, skipping it
WARN: NO TEMPLATE FOUND FOR trunk/__teststubWebProjectFilepath__/src/main/webapp/WEB-INF/web.xml.gt
WARN: Couldn&apos;t generate code for template trunk/__teststubWebProjectFilepath__/src/main/webapp/WEB-INF/web.xml.gt, skipping it
INFO: Created directory: /Users/magnuslarsson/Documents/temp/_plugintests/jUnitTests/Request-Response-WD-Tests-310/trunk/Request-Response-WD-Tests-310-teststub-web/src/main/webapp/WEB-INF/classes
INFO: Created directory: /Users/magnuslarsson/Documents/temp/_plugintests/jUnitTests/Request-Response-WD-Tests-310/trunk/Request-Response-WD-Tests-310-teststub-web/src/main/webapp/WEB-INF/lib
WARN: NO TEMPLATE FOUND FOR trunk/__teststubWebProjectFilepath__/src/main/webapp/index.jsp.gt
WARN: Couldn&apos;t generate code for template trunk/__teststubWebProjectFilepath__/src/main/webapp/index.jsp.gt, skipping it
</system-out>
    <system-err>### New model-class: org.soitoolkit.tools.generator.model.impl.DefaultModelImpl
### New model-class: org.soitoolkit.tools.generator.model.impl.DefaultModelImpl
### New model-class: org.soitoolkit.tools.generator.model.impl.DefaultModelImpl
### A BRAND NEW REQUEST-RESPONSE-SERVICE IS ON ITS WAY..., INB: SOAPHTTP, OUTB: SOAPHTTP, TRANSFORMER: JAVA
Appending to property file: /Users/magnuslarsson/Documents/temp/_plugintests/jUnitTests/requestResponseSA310/trunk/requestResponseSA310-services/src/environment/requestResponseSA310-config.properties
Appending to property file: /Users/magnuslarsson/Documents/temp/_plugintests/jUnitTests/requestResponseSA310/trunk/requestResponseSA310-services/src/environment/requestResponseSA310-security.properties
Overwrite file: /Users/magnuslarsson/Documents/temp/_plugintests/jUnitTests/requestResponseSA310/trunk/requestResponseSA310-services/pom.xml
Overwrite file: /Users/magnuslarsson/Documents/temp/_plugintests/jUnitTests/requestResponseSA310/trunk/requestResponseSA310-services/pom.xml
Overwrite file: /Users/magnuslarsson/Documents/temp/_plugintests/jUnitTests/requestResponseSA310/trunk/requestResponseSA310-services/pom.xml
Overwrite file: /Users/magnuslarsson/Documents/temp/_plugintests/jUnitTests/requestResponseSA310/trunk/requestResponseSA310-services/pom.xml
### New model-class: org.soitoolkit.tools.generator.model.impl.DefaultModelImpl
### New model-class: org.soitoolkit.tools.generator.model.impl.DefaultModelImpl
### A BRAND NEW REQUEST-RESPONSE-SERVICE IS ON ITS WAY..., INB: SOAPHTTP, OUTB: RESTHTTP, TRANSFORMER: JAVA
Appending to property file: /Users/magnuslarsson/Documents/temp/_plugintests/jUnitTests/requestResponseSA310/trunk/requestResponseSA310-services/src/environment/requestResponseSA310-config.properties
Appending to property file: /Users/magnuslarsson/Documents/temp/_plugintests/jUnitTests/requestResponseSA310/trunk/requestResponseSA310-services/src/environment/requestResponseSA310-security.properties
### Fragment already exists, bail out!!!
### Fragment already exists, bail out!!!
### Fragment already exists, bail out!!!
### Fragment already exists, bail out!!!
### New model-class: org.soitoolkit.tools.generator.model.impl.DefaultModelImpl
### New model-class: org.soitoolkit.tools.generator.model.impl.DefaultModelImpl
### A BRAND NEW REQUEST-RESPONSE-SERVICE IS ON ITS WAY..., INB: SOAPHTTP, OUTB: JMS, TRANSFORMER: JAVA
Appending to property file: /Users/magnuslarsson/Documents/temp/_plugintests/jUnitTests/requestResponseSA310/trunk/requestResponseSA310-services/src/environment/requestResponseSA310-config.properties
Appending to property file: /Users/magnuslarsson/Documents/temp/_plugintests/jUnitTests/requestResponseSA310/trunk/requestResponseSA310-services/src/environment/requestResponseSA310-security.properties
### Fragment already exists, bail out!!!
### Fragment already exists, bail out!!!
### Fragment already exists, bail out!!!
### Fragment already exists, bail out!!!
### ThreadedStreamReader terminates for type: 
### ThreadedStreamReader terminates for type: 
### ThreadedStreamReader terminates for type: 
### ThreadedStreamReader terminates for type: 
### ThreadedStreamReader terminates for type: 
### ThreadedStreamReader terminates for type: 
### New model-class: org.soitoolkit.tools.generator.model.impl.DefaultModelImpl
### New model-class: org.soitoolkit.tools.generator.model.impl.DefaultModelImpl
### New model-class: org.soitoolkit.tools.generator.model.impl.DefaultModelImpl
### A BRAND NEW REQUEST-RESPONSE-SERVICE IS ON ITS WAY..., INB: SOAPHTTP, OUTB: SOAPHTTP, TRANSFORMER: JAVA
Appending to property file: /Users/magnuslarsson/Documents/temp/_plugintests/jUnitTests/Request-Response-SA-Tests-310/trunk/Request-Response-SA-Tests-310-services/src/environment/Request-Response-SA-Tests-310-config.properties
Appending to property file: /Users/magnuslarsson/Documents/temp/_plugintests/jUnitTests/Request-Response-SA-Tests-310/trunk/Request-Response-SA-Tests-310-services/src/environment/Request-Response-SA-Tests-310-security.properties
Overwrite file: /Users/magnuslarsson/Documents/temp/_plugintests/jUnitTests/Request-Response-SA-Tests-310/trunk/Request-Response-SA-Tests-310-services/pom.xml
Overwrite file: /Users/magnuslarsson/Documents/temp/_plugintests/jUnitTests/Request-Response-SA-Tests-310/trunk/Request-Response-SA-Tests-310-services/pom.xml
Overwrite file: /Users/magnuslarsson/Documents/temp/_plugintests/jUnitTests/Request-Response-SA-Tests-310/trunk/Request-Response-SA-Tests-310-services/pom.xml
Overwrite file: /Users/magnuslarsson/Documents/temp/_plugintests/jUnitTests/Request-Response-SA-Tests-310/trunk/Request-Response-SA-Tests-310-services/pom.xml
### New model-class: org.soitoolkit.tools.generator.model.impl.DefaultModelImpl
### New model-class: org.soitoolkit.tools.generator.model.impl.DefaultModelImpl
### A BRAND NEW REQUEST-RESPONSE-SERVICE IS ON ITS WAY..., INB: SOAPHTTP, OUTB: RESTHTTP, TRANSFORMER: JAVA
Appending to property file: /Users/magnuslarsson/Documents/temp/_plugintests/jUnitTests/Request-Response-SA-Tests-310/trunk/Request-Response-SA-Tests-310-services/src/environment/Request-Response-SA-Tests-310-config.properties
Appending to property file: /Users/magnuslarsson/Documents/temp/_plugintests/jUnitTests/Request-Response-SA-Tests-310/trunk/Request-Response-SA-Tests-310-services/src/environment/Request-Response-SA-Tests-310-security.properties
### Fragment already exists, bail out!!!
### Fragment already exists, bail out!!!
### Fragment already exists, bail out!!!
### Fragment already exists, bail out!!!
### New model-class: org.soitoolkit.tools.generator.model.impl.DefaultModelImpl
### New model-class: org.soitoolkit.tools.generator.model.impl.DefaultModelImpl
### A BRAND NEW REQUEST-RESPONSE-SERVICE IS ON ITS WAY..., INB: SOAPHTTP, OUTB: JMS, TRANSFORMER: JAVA
Appending to property file: /Users/magnuslarsson/Documents/temp/_plugintests/jUnitTests/Request-Response-SA-Tests-310/trunk/Request-Response-SA-Tests-310-services/src/environment/Request-Response-SA-Tests-310-config.properties
Appending to property file: /Users/magnuslarsson/Documents/temp/_plugintests/jUnitTests/Request-Response-SA-Tests-310/trunk/Request-Response-SA-Tests-310-services/src/environment/Request-Response-SA-Tests-310-security.properties
### Fragment already exists, bail out!!!
### Fragment already exists, bail out!!!
### Fragment already exists, bail out!!!
### Fragment already exists, bail out!!!
### ThreadedStreamReader terminates for type: 
### ThreadedStreamReader terminates for type: 
### ThreadedStreamReader terminates for type: 
### ThreadedStreamReader terminates for type: 
### ThreadedStreamReader terminates for type: 
### ThreadedStreamReader terminates for type: 
### New model-class: org.soitoolkit.tools.generator.model.impl.DefaultModelImpl
### New model-class: org.soitoolkit.tools.generator.model.impl.DefaultModelImpl
### New model-class: org.soitoolkit.tools.generator.model.impl.DefaultModelImpl
### A BRAND NEW REQUEST-RESPONSE-SERVICE IS ON ITS WAY..., INB: SOAPHTTP, OUTB: SOAPHTTP, TRANSFORMER: JAVA
Appending to property file: /Users/magnuslarsson/Documents/temp/_plugintests/jUnitTests/requestResponseWD310/trunk/requestResponseWD310-services/src/environment/requestResponseWD310-config.properties
Appending to property file: /Users/magnuslarsson/Documents/temp/_plugintests/jUnitTests/requestResponseWD310/trunk/requestResponseWD310-services/src/environment/requestResponseWD310-security.properties
Overwrite file: /Users/magnuslarsson/Documents/temp/_plugintests/jUnitTests/requestResponseWD310/trunk/requestResponseWD310-services/pom.xml
Overwrite file: /Users/magnuslarsson/Documents/temp/_plugintests/jUnitTests/requestResponseWD310/trunk/requestResponseWD310-services/pom.xml
Overwrite file: /Users/magnuslarsson/Documents/temp/_plugintests/jUnitTests/requestResponseWD310/trunk/requestResponseWD310-services/pom.xml
Overwrite file: /Users/magnuslarsson/Documents/temp/_plugintests/jUnitTests/requestResponseWD310/trunk/requestResponseWD310-services/pom.xml
### New model-class: org.soitoolkit.tools.generator.model.impl.DefaultModelImpl
### New model-class: org.soitoolkit.tools.generator.model.impl.DefaultModelImpl
### A BRAND NEW REQUEST-RESPONSE-SERVICE IS ON ITS WAY..., INB: SOAPHTTP, OUTB: RESTHTTP, TRANSFORMER: JAVA
Appending to property file: /Users/magnuslarsson/Documents/temp/_plugintests/jUnitTests/requestResponseWD310/trunk/requestResponseWD310-services/src/environment/requestResponseWD310-config.properties
Appending to property file: /Users/magnuslarsson/Documents/temp/_plugintests/jUnitTests/requestResponseWD310/trunk/requestResponseWD310-services/src/environment/requestResponseWD310-security.properties
### Fragment already exists, bail out!!!
### Fragment already exists, bail out!!!
### Fragment already exists, bail out!!!
### Fragment already exists, bail out!!!
### New model-class: org.soitoolkit.tools.generator.model.impl.DefaultModelImpl
### New model-class: org.soitoolkit.tools.generator.model.impl.DefaultModelImpl
### A BRAND NEW REQUEST-RESPONSE-SERVICE IS ON ITS WAY..., INB: SOAPHTTP, OUTB: JMS, TRANSFORMER: JAVA
Appending to property file: /Users/magnuslarsson/Documents/temp/_plugintests/jUnitTests/requestResponseWD310/trunk/requestResponseWD310-services/src/environment/requestResponseWD310-config.properties
Appending to property file: /Users/magnuslarsson/Documents/temp/_plugintests/jUnitTests/requestResponseWD310/trunk/requestResponseWD310-services/src/environment/requestResponseWD310-security.properties
### Fragment already exists, bail out!!!
### Fragment already exists, bail out!!!
### Fragment already exists, bail out!!!
### Fragment already exists, bail out!!!
### New model-class: org.soitoolkit.tools.generator.model.impl.DefaultModelImpl
### New model-class: org.soitoolkit.tools.generator.model.impl.DefaultModelImpl
### A BRAND NEW REQUEST-RESPONSE-SERVICE IS ON ITS WAY..., INB: SOAPSERVLET, OUTB: SOAPHTTP, TRANSFORMER: JAVA
Appending to property file: /Users/magnuslarsson/Documents/temp/_plugintests/jUnitTests/requestResponseWD310/trunk/requestResponseWD310-services/src/environment/requestResponseWD310-config.properties
Appending to property file: /Users/magnuslarsson/Documents/temp/_plugintests/jUnitTests/requestResponseWD310/trunk/requestResponseWD310-services/src/environment/requestResponseWD310-security.properties
### Fragment already exists, bail out!!!
### Fragment already exists, bail out!!!
### Fragment already exists, bail out!!!
### Fragment already exists, bail out!!!
### New model-class: org.soitoolkit.tools.generator.model.impl.DefaultModelImpl
### New model-class: org.soitoolkit.tools.generator.model.impl.DefaultModelImpl
### A BRAND NEW REQUEST-RESPONSE-SERVICE IS ON ITS WAY..., INB: SOAPSERVLET, OUTB: RESTHTTP, TRANSFORMER: JAVA
Appending to property file: /Users/magnuslarsson/Documents/temp/_plugintests/jUnitTests/requestResponseWD310/trunk/requestResponseWD310-services/src/environment/requestResponseWD310-config.properties
Appending to property file: /Users/magnuslarsson/Documents/temp/_plugintests/jUnitTests/requestResponseWD310/trunk/requestResponseWD310-services/src/environment/requestResponseWD310-security.properties
### Fragment already exists, bail out!!!
### Fragment already exists, bail out!!!
### Fragment already exists, bail out!!!
### Fragment already exists, bail out!!!
### New model-class: org.soitoolkit.tools.generator.model.impl.DefaultModelImpl
### New model-class: org.soitoolkit.tools.generator.model.impl.DefaultModelImpl
### A BRAND NEW REQUEST-RESPONSE-SERVICE IS ON ITS WAY..., INB: SOAPSERVLET, OUTB: JMS, TRANSFORMER: JAVA
Appending to property file: /Users/magnuslarsson/Documents/temp/_plugintests/jUnitTests/requestResponseWD310/trunk/requestResponseWD310-services/src/environment/requestResponseWD310-config.properties
Appending to property file: /Users/magnuslarsson/Documents/temp/_plugintests/jUnitTests/requestResponseWD310/trunk/requestResponseWD310-services/src/environment/requestResponseWD310-security.properties
### Fragment already exists, bail out!!!
### Fragment already exists, bail out!!!
### Fragment already exists, bail out!!!
### Fragment already exists, bail out!!!
### ThreadedStreamReader terminates for type: 
### ThreadedStreamReader terminates for type: 
### ThreadedStreamReader terminates for type: 
### ThreadedStreamReader terminates for type: 
### ThreadedStreamReader terminates for type: 
### ThreadedStreamReader terminates for type: 
### New model-class: org.soitoolkit.tools.generator.model.impl.DefaultModelImpl
</system-err>
  </testcase>
</testsuite>